LogMessageTime:2014/11/16 20:03:18
LogMessageType:Error
LogMessageContent:初始化IC卡读写器失败，请检查连接是否正确。返回码：
LogMessageTime:2014/11/16 20:03:21
LogMessageType:Error
LogMessageContent:初始化温度计设备失败！
LogMessageTime:2014/11/16 20:06:21
LogMessageType:Error
LogMessageContent:初始化IC卡读写器失败，请检查连接是否正确。返回码：
LogMessageTime:2014/11/16 20:06:22
LogMessageType:Error
LogMessageContent:初始化温度计设备失败！
LogMessageTime:2014/11/16 20:09:47
LogMessageType:Error
LogMessageContent:初始化IC卡读写器失败，请检查连接是否正确。返回码：
LogMessageTime:2014/11/16 20:09:49
LogMessageType:Error
LogMessageContent:初始化温度计设备失败！
LogMessageTime:2014/11/16 20:10:47
LogMessageType:Error
LogMessageContent:初始化IC卡读写器失败，请检查连接是否正确。返回码：
LogMessageTime:2014/11/16 20:10:48
LogMessageType:Error
LogMessageContent:初始化温度计设备失败！
LogMessageTime:2014/11/16 21:15:22
LogMessageType:Error
LogMessageContent:初始化IC卡读写器失败，请检查连接是否正确。返回码：
LogMessageTime:2014/11/16 21:15:29
LogMessageType:Error
LogMessageContent:初始化温度计设备失败！
LogMessageTime:2014/11/16 21:16:37
LogMessageType:Success
LogMessageContent:上传考勤记录成功！
LogMessageTime:2014/11/16 21:16:41
LogMessageType:Error
LogMessageContent:初始化IC卡读写器失败，请检查连接是否正确。返回码：
LogMessageTime:2014/11/16 21:16:43
LogMessageType:Error
LogMessageContent:初始化温度计设备失败！
LogMessageTime:2014/11/16 21:24:53
LogMessageType:Error
LogMessageContent:初始化IC卡读写器失败，请检查连接是否正确。返回码：
LogMessageTime:2014/11/16 21:24:57
LogMessageType:Error
LogMessageContent:初始化温度计设备失败！
LogMessageTime:2014/11/16 21:29:09
LogMessageType:Success
LogMessageContent:上传考勤记录成功！
LogMessageTime:2014/11/16 21:41:21
LogMessageType:Error
LogMessageContent:初始化IC卡读写器失败，请检查连接是否正确。返回码：
LogMessageTime:2014/11/16 21:41:25
LogMessageType:Error
LogMessageContent:初始化温度计设备失败！
LogMessageTime:2014/11/16 21:45:38
LogMessageType:Error
LogMessageContent:初始化IC卡读写器失败，请检查连接是否正确。返回码：
LogMessageTime:2014/11/16 21:45:43
LogMessageType:Error
LogMessageContent:初始化温度计设备失败！
LogMessageTime:2014/11/16 21:52:55
LogMessageType:Error
LogMessageContent:初始化IC卡读写器失败，请检查连接是否正确。返回码：
LogMessageTime:2014/11/16 21:52:57
LogMessageType:Error
LogMessageContent:初始化温度计设备失败！
