LogMessageTime:2014/11/14 19:48:57
LogMessageType:Error
LogMessageContent:升级程序发生异常！UpdateApplication:调用的目标发生了异常。
LogMessageTime:2014/11/14 19:49:02
LogMessageType:Success
LogMessageContent:上传考勤记录成功！
LogMessageTime:2014/11/14 19:49:23
LogMessageType:Error
LogMessageContent:获取公告发生异常！DownloadGroupInfo:调用的目标发生了异常。
LogMessageTime:2014/11/14 19:49:44
LogMessageType:Error
LogMessageContent:获取学生数据发生异常！DownloadStudentInfo:调用的目标发生了异常。
LogMessageTime:2014/11/14 19:50:07
LogMessageType:Error
LogMessageContent:获取家长数据发生异常！DownloadParentInfo:调用的目标发生了异常。
LogMessageTime:2014/11/14 19:50:42
LogMessageType:Error
LogMessageContent:获取IC卡数据发生异常！DownloadCardInfo:调用的目标发生了异常。
LogMessageTime:2014/11/14 19:50:49
LogMessageType:Error
LogMessageContent:初始化IC卡读写器失败，请检查连接是否正确。返回码：
LogMessageTime:2014/11/14 19:51:12
LogMessageType:Error
LogMessageContent:初始化温度计设备失败！
LogMessageTime:2014/11/14 19:59:58
LogMessageType:Error
LogMessageContent:升级程序发生异常！UpdateApplication:调用的目标发生了异常。
LogMessageTime:2014/11/14 20:00:01
LogMessageType:Success
LogMessageContent:上传考勤记录成功！
LogMessageTime:2014/11/14 20:00:22
LogMessageType:Error
LogMessageContent:获取公告发生异常！DownloadGroupInfo:调用的目标发生了异常。
LogMessageTime:2014/11/14 20:00:43
LogMessageType:Error
LogMessageContent:获取学生数据发生异常！DownloadStudentInfo:调用的目标发生了异常。
LogMessageTime:2014/11/14 20:01:06
LogMessageType:Error
LogMessageContent:获取家长数据发生异常！DownloadParentInfo:调用的目标发生了异常。
LogMessageTime:2014/11/14 20:01:29
LogMessageType:Error
LogMessageContent:获取IC卡数据发生异常！DownloadCardInfo:调用的目标发生了异常。
LogMessageTime:2014/11/14 20:01:37
LogMessageType:Error
LogMessageContent:初始化IC卡读写器失败，请检查连接是否正确。返回码：
LogMessageTime:2014/11/14 20:01:40
LogMessageType:Error
LogMessageContent:初始化温度计设备失败！
LogMessageTime:2014/11/14 20:13:31
LogMessageType:Error
LogMessageContent:获取机构数据发生异常！DownloadGroupInfo:调用的目标发生了异常。
LogMessageTime:2014/11/14 20:16:00
LogMessageType:Error
LogMessageContent:升级程序发生异常！UpdateApplication:调用的目标发生了异常。
LogMessageTime:2014/11/14 20:17:07
LogMessageType:Success
LogMessageContent:上传考勤记录成功！
LogMessageTime:2014/11/14 20:17:44
LogMessageType:Error
LogMessageContent:获取机构数据发生异常！DownloadGroupInfo:调用的目标发生了异常。
LogMessageTime:2014/11/14 20:18:51
LogMessageType:Error
LogMessageContent:获取公告发生异常！DownloadGroupInfo:调用的目标发生了异常。
LogMessageTime:2014/11/14 20:19:41
LogMessageType:Error
LogMessageContent:获取学生数据发生异常！DownloadStudentInfo:调用的目标发生了异常。
LogMessageTime:2014/11/14 20:21:32
LogMessageType:Error
LogMessageContent:获取家长数据发生异常！DownloadParentInfo:调用的目标发生了异常。
LogMessageTime:2014/11/14 20:25:00
LogMessageType:Error
LogMessageContent:升级程序发生异常！UpdateApplication:调用的目标发生了异常。
LogMessageTime:2014/11/14 23:27:12
LogMessageType:Error
LogMessageContent:初始化IC卡读写器失败，请检查连接是否正确。返回码：
LogMessageTime:2014/11/14 23:27:21
LogMessageType:Error
LogMessageContent:初始化温度计设备失败！
LogMessageTime:2014/11/14 23:43:23
LogMessageType:Error
LogMessageContent:初始化IC卡读写器失败，请检查连接是否正确。返回码：
LogMessageTime:2014/11/14 23:43:26
LogMessageType:Error
LogMessageContent:初始化温度计设备失败！
LogMessageTime:2014/11/14 23:50:10
LogMessageType:Error
LogMessageContent:初始化IC卡读写器失败，请检查连接是否正确。返回码：
LogMessageTime:2014/11/14 23:50:13
LogMessageType:Error
LogMessageContent:初始化温度计设备失败！
LogMessageTime:2014/11/14 23:55:26
LogMessageType:Error
LogMessageContent:初始化IC卡读写器失败，请检查连接是否正确。返回码：
LogMessageTime:2014/11/14 23:55:28
LogMessageType:Error
LogMessageContent:初始化温度计设备失败！
