LogMessageTime:2014/11/30 12:10:12
LogMessageType:Error
LogMessageContent:初始化IC卡读写器失败，请检查连接是否正确。返回码：
LogMessageTime:2014/11/30 12:10:25
LogMessageType:Error
LogMessageContent:初始化温度计设备失败！
LogMessageTime:2014/11/30 15:37:40
LogMessageType:Error
LogMessageContent:初始化IC卡读写器失败，请检查连接是否正确。返回码：
LogMessageTime:2014/11/30 15:37:42
LogMessageType:Error
LogMessageContent:初始化温度计设备失败！
LogMessageTime:2014/11/30 16:05:37
LogMessageType:Error
LogMessageContent:初始化IC卡读写器失败，请检查连接是否正确。返回码：
LogMessageTime:2014/11/30 16:05:39
LogMessageType:Error
LogMessageContent:初始化温度计设备失败！
LogMessageTime:2014/11/30 16:09:55
LogMessageType:Error
LogMessageContent:初始化IC卡读写器失败，请检查连接是否正确。返回码：
LogMessageTime:2014/11/30 16:10:01
LogMessageType:Error
LogMessageContent:初始化温度计设备失败！
LogMessageTime:2014/11/30 16:10:44
LogMessageType:Success
LogMessageContent:上传考勤记录成功！
LogMessageTime:2014/11/30 16:10:45
LogMessageType:Error
LogMessageContent:初始化温度计设备失败！
LogMessageTime:2014/11/30 16:12:02
LogMessageType:Success
LogMessageContent:上传考勤记录成功！
LogMessageTime:2014/11/30 16:12:04
LogMessageType:Error
LogMessageContent:初始化温度计设备失败！
LogMessageTime:2014/11/30 16:35:39
LogMessageType:Success
LogMessageContent:上传考勤记录成功！
LogMessageTime:2014/11/30 16:35:41
LogMessageType:Error
LogMessageContent:初始化温度计设备失败！
LogMessageTime:2014/11/30 17:03:00
LogMessageType:Error
LogMessageContent:初始化IC卡读写器失败，请检查连接是否正确。返回码：
LogMessageTime:2014/11/30 17:03:02
LogMessageType:Error
LogMessageContent:初始化温度计设备失败！
LogMessageTime:2014/11/30 17:06:09
LogMessageType:Success
LogMessageContent:上传考勤记录成功！
LogMessageTime:2014/11/30 17:06:11
LogMessageType:Error
LogMessageContent:初始化温度计设备失败！
LogMessageTime:2014/11/30 17:08:58
LogMessageType:Success
LogMessageContent:上传考勤记录成功！
LogMessageTime:2014/11/30 17:08:59
LogMessageType:Error
LogMessageContent:初始化温度计设备失败！
LogMessageTime:2014/11/30 17:31:44
LogMessageType:Success
LogMessageContent:上传考勤记录成功！
LogMessageTime:2014/11/30 17:31:46
LogMessageType:Error
LogMessageContent:初始化温度计设备失败！
LogMessageTime:2014/11/30 19:50:06
LogMessageType:Error
LogMessageContent:初始化IC卡读写器失败，请检查连接是否正确。返回码：
LogMessageTime:2014/11/30 19:50:08
LogMessageType:Error
LogMessageContent:初始化温度计设备失败！
LogMessageTime:2014/11/30 19:58:59
LogMessageType:Error
LogMessageContent:初始化IC卡读写器失败，请检查连接是否正确。返回码：
LogMessageTime:2014/11/30 19:59:02
LogMessageType:Error
LogMessageContent:初始化温度计设备失败！
LogMessageTime:2014/11/30 20:10:15
LogMessageType:Success
LogMessageContent:上传考勤记录成功！
LogMessageTime:2014/11/30 20:10:18
LogMessageType:Error
LogMessageContent:初始化温度计设备失败！
LogMessageTime:2014/11/30 21:10:13
LogMessageType:Error
LogMessageContent:初始化IC卡读写器失败，请检查连接是否正确。返回码：
LogMessageTime:2014/11/30 21:10:15
LogMessageType:Information
LogMessageContent:3
LogMessageTime:2014/11/30 21:11:50
LogMessageType:Error
LogMessageContent:初始化IC卡读写器失败，请检查连接是否正确。返回码：
LogMessageTime:2014/11/30 21:11:52
LogMessageType:Information
LogMessageContent:3
LogMessageTime:2014/11/30 21:12:35
LogMessageType:Success
LogMessageContent:上传考勤记录成功！
LogMessageTime:2014/11/30 21:12:37
LogMessageType:Information
LogMessageContent:3
LogMessageTime:2014/11/30 21:14:10
LogMessageType:Error
LogMessageContent:初始化IC卡读写器失败，请检查连接是否正确。返回码：
LogMessageTime:2014/11/30 21:14:12
LogMessageType:Information
LogMessageContent:3
LogMessageTime:2014/11/30 21:16:27
LogMessageType:Error
LogMessageContent:初始化IC卡读写器失败，请检查连接是否正确。返回码：
LogMessageTime:2014/11/30 21:16:29
LogMessageType:Information
LogMessageContent:3
LogMessageTime:2014/11/30 21:17:41
LogMessageType:Error
LogMessageContent:初始化IC卡读写器失败，请检查连接是否正确。返回码：
LogMessageTime:2014/11/30 21:17:54
LogMessageType:Information
LogMessageContent:3
LogMessageTime:2014/11/30 21:18:54
LogMessageType:Information
LogMessageContent:6
LogMessageTime:2014/11/30 21:19:01
LogMessageType:Information
LogMessageContent:3
LogMessageTime:2014/11/30 21:24:07
LogMessageType:Error
LogMessageContent:初始化IC卡读写器失败，请检查连接是否正确。返回码：
LogMessageTime:2014/11/30 21:24:09
LogMessageType:Information
LogMessageContent:6
LogMessageTime:2014/11/30 21:24:15
LogMessageType:Information
LogMessageContent:3
LogMessageTime:2014/11/30 21:50:26
LogMessageType:Error
LogMessageContent:初始化IC卡读写器失败，请检查连接是否正确。返回码：
LogMessageTime:2014/11/30 21:54:27
LogMessageType:Success
LogMessageContent:上传考勤记录成功！
LogMessageTime:2014/11/30 22:02:39
LogMessageType:Error
LogMessageContent:初始化温度计设备失败！
