LogMessageTime:2014/12/1 0:56:01
LogMessageType:Error
LogMessageContent:初始化IC卡读写器失败，请检查连接是否正确。返回码：
LogMessageTime:2014/12/1 0:56:13
LogMessageType:Error
LogMessageContent:初始化温度计设备失败！
LogMessageTime:2014/12/1 1:05:43
LogMessageType:Error
LogMessageContent:初始化IC卡读写器失败，请检查连接是否正确。返回码：
LogMessageTime:2014/12/1 1:05:46
LogMessageType:Error
LogMessageContent:初始化温度计设备失败！
LogMessageTime:2014/12/1 20:31:52
LogMessageType:Error
LogMessageContent:无法连接到远程服务器
LogMessageTime:2014/12/1 20:32:14
LogMessageType:Error
LogMessageContent:升级程序发生异常！UpdateApplication:调用的目标发生了异常。
LogMessageTime:2014/12/1 20:32:19
LogMessageType:Success
LogMessageContent:上传考勤记录成功！
LogMessageTime:2014/12/1 20:33:07
LogMessageType:Error
LogMessageContent:无法连接到远程服务器
LogMessageTime:2014/12/1 20:33:29
LogMessageType:Error
LogMessageContent:升级程序发生异常！UpdateApplication:调用的目标发生了异常。
LogMessageTime:2014/12/1 20:38:27
LogMessageType:Success
LogMessageContent:上传考勤记录成功！
LogMessageTime:2014/12/1 20:38:47
LogMessageType:Error
LogMessageContent:获取公告发生异常！DownloadGroupInfo:调用的目标发生了异常。
LogMessageTime:2014/12/1 20:39:09
LogMessageType:Error
LogMessageContent:获取学生数据发生异常！DownloadStudentInfo:调用的目标发生了异常。
LogMessageTime:2014/12/1 20:40:38
LogMessageType:Error
LogMessageContent:无法连接到远程服务器
LogMessageTime:2014/12/1 20:41:04
LogMessageType:Error
LogMessageContent:升级程序发生异常！UpdateApplication:调用的目标发生了异常。
LogMessageTime:2014/12/1 20:43:43
LogMessageType:Error
LogMessageContent:无法连接到远程服务器
LogMessageTime:2014/12/1 20:44:07
LogMessageType:Error
LogMessageContent:升级程序发生异常！UpdateApplication:调用的目标发生了异常。
LogMessageTime:2014/12/1 20:44:32
LogMessageType:Success
LogMessageContent:上传考勤记录成功！
LogMessageTime:2014/12/1 20:44:52
LogMessageType:Error
LogMessageContent:获取公告发生异常！DownloadGroupInfo:调用的目标发生了异常。
LogMessageTime:2014/12/1 20:45:14
LogMessageType:Error
LogMessageContent:获取学生数据发生异常！DownloadStudentInfo:调用的目标发生了异常。
LogMessageTime:2014/12/1 20:45:37
LogMessageType:Error
LogMessageContent:获取家长数据发生异常！DownloadParentInfo:调用的目标发生了异常。
LogMessageTime:2014/12/1 20:46:40
LogMessageType:Error
LogMessageContent:获取IC卡数据发生异常！DownloadCardInfo:调用的目标发生了异常。
LogMessageTime:2014/12/1 20:46:41
LogMessageType:Error
LogMessageContent:初始化IC卡读写器失败，请检查连接是否正确。返回码：
LogMessageTime:2014/12/1 20:46:45
LogMessageType:Error
LogMessageContent:初始化温度计设备失败！
LogMessageTime:2014/12/1 20:48:52
LogMessageType:Error
LogMessageContent:无法连接到远程服务器
LogMessageTime:2014/12/1 20:49:14
LogMessageType:Error
LogMessageContent:升级程序发生异常！UpdateApplication:调用的目标发生了异常。
LogMessageTime:2014/12/1 20:54:06
LogMessageType:Success
LogMessageContent:上传考勤记录成功！
LogMessageTime:2014/12/1 20:54:27
LogMessageType:Error
LogMessageContent:获取公告发生异常！DownloadGroupInfo:调用的目标发生了异常。
LogMessageTime:2014/12/1 20:54:48
LogMessageType:Error
LogMessageContent:获取学生数据发生异常！DownloadStudentInfo:调用的目标发生了异常。
LogMessageTime:2014/12/1 20:58:30
LogMessageType:Success
LogMessageContent:上传考勤记录成功！
LogMessageTime:2014/12/1 20:58:47
LogMessageType:Error
LogMessageContent:获取家长数据发生异常！DownloadParentInfo:调用的目标发生了异常。
LogMessageTime:2014/12/1 21:25:44
LogMessageType:Error
LogMessageContent:无法连接到远程服务器
LogMessageTime:2014/12/1 21:26:05
LogMessageType:Error
LogMessageContent:升级程序发生异常！UpdateApplication:调用的目标发生了异常。
LogMessageTime:2014/12/1 21:26:09
LogMessageType:Success
LogMessageContent:上传考勤记录成功！
LogMessageTime:2014/12/1 21:26:29
LogMessageType:Error
LogMessageContent:获取公告发生异常！DownloadGroupInfo:调用的目标发生了异常。
LogMessageTime:2014/12/1 21:26:50
LogMessageType:Error
LogMessageContent:获取学生数据发生异常！DownloadStudentInfo:调用的目标发生了异常。
LogMessageTime:2014/12/1 21:28:30
LogMessageType:Error
LogMessageContent:获取家长数据发生异常！DownloadParentInfo:调用的目标发生了异常。
LogMessageTime:2014/12/1 21:28:53
LogMessageType:Error
LogMessageContent:获取IC卡数据发生异常！DownloadCardInfo:调用的目标发生了异常。
LogMessageTime:2014/12/1 21:28:55
LogMessageType:Error
LogMessageContent:初始化IC卡读写器失败，请检查连接是否正确。返回码：
LogMessageTime:2014/12/1 21:28:58
LogMessageType:Error
LogMessageContent:初始化温度计设备失败！
LogMessageTime:2014/12/1 21:34:28
LogMessageType:Success
LogMessageContent:上传考勤记录成功！
LogMessageTime:2014/12/1 21:38:48
LogMessageType:Success
LogMessageContent:上传考勤记录成功！
LogMessageTime:2014/12/1 21:51:18
LogMessageType:Error
LogMessageContent:无法连接到远程服务器
LogMessageTime:2014/12/1 21:51:39
LogMessageType:Error
LogMessageContent:升级程序发生异常！UpdateApplication:调用的目标发生了异常。
