LogMessageTime:2014/11/15 0:01:07
LogMessageType:Error
LogMessageContent:初始化IC卡读写器失败，请检查连接是否正确。返回码：
LogMessageTime:2014/11/15 0:01:11
LogMessageType:Error
LogMessageContent:初始化温度计设备失败！
LogMessageTime:2014/11/15 0:08:36
LogMessageType:Error
LogMessageContent:初始化IC卡读写器失败，请检查连接是否正确。返回码：
LogMessageTime:2014/11/15 0:08:45
LogMessageType:Error
LogMessageContent:初始化温度计设备失败！
LogMessageTime:2014/11/15 0:26:35
LogMessageType:Error
LogMessageContent:初始化IC卡读写器失败，请检查连接是否正确。返回码：
LogMessageTime:2014/11/15 0:26:38
LogMessageType:Error
LogMessageContent:初始化温度计设备失败！
LogMessageTime:2014/11/15 1:02:18
LogMessageType:Error
LogMessageContent:初始化IC卡读写器失败，请检查连接是否正确。返回码：
LogMessageTime:2014/11/15 1:02:26
LogMessageType:Error
LogMessageContent:初始化温度计设备失败！
LogMessageTime:2014/11/15 1:06:14
LogMessageType:Error
LogMessageContent:初始化IC卡读写器失败，请检查连接是否正确。返回码：
LogMessageTime:2014/11/15 1:06:26
LogMessageType:Error
LogMessageContent:初始化温度计设备失败！
LogMessageTime:2014/11/15 1:11:01
LogMessageType:Error
LogMessageContent:初始化IC卡读写器失败，请检查连接是否正确。返回码：
LogMessageTime:2014/11/15 1:11:05
LogMessageType:Error
LogMessageContent:初始化温度计设备失败！
LogMessageTime:2014/11/15 1:44:23
LogMessageType:Error
LogMessageContent:初始化IC卡读写器失败，请检查连接是否正确。返回码：
LogMessageTime:2014/11/15 1:44:25
LogMessageType:Error
LogMessageContent:初始化温度计设备失败！
LogMessageTime:2014/11/15 1:46:21
LogMessageType:Error
LogMessageContent:初始化IC卡读写器失败，请检查连接是否正确。返回码：
LogMessageTime:2014/11/15 1:46:24
LogMessageType:Error
LogMessageContent:初始化温度计设备失败！
LogMessageTime:2014/11/15 1:50:23
LogMessageType:Error
LogMessageContent:初始化IC卡读写器失败，请检查连接是否正确。返回码：
LogMessageTime:2014/11/15 1:50:26
LogMessageType:Error
LogMessageContent:初始化温度计设备失败！
LogMessageTime:2014/11/15 1:55:25
LogMessageType:Error
LogMessageContent:初始化IC卡读写器失败，请检查连接是否正确。返回码：
LogMessageTime:2014/11/15 1:55:28
LogMessageType:Error
LogMessageContent:初始化温度计设备失败！
LogMessageTime:2014/11/15 2:07:33
LogMessageType:Success
LogMessageContent:上传考勤记录成功！
LogMessageTime:2014/11/15 3:08:37
LogMessageType:Success
LogMessageContent:上传考勤记录成功！
LogMessageTime:2014/11/15 4:57:23
LogMessageType:Success
LogMessageContent:上传考勤记录成功！
LogMessageTime:2014/11/15 6:46:16
LogMessageType:Success
LogMessageContent:上传考勤记录成功！
LogMessageTime:2014/11/15 8:16:58
LogMessageType:Success
LogMessageContent:上传考勤记录成功！
LogMessageTime:2014/11/15 9:56:52
LogMessageType:Success
LogMessageContent:上传考勤记录成功！
LogMessageTime:2014/11/15 11:37:53
LogMessageType:Success
LogMessageContent:上传考勤记录成功！
