LogMessageTime:2014/10/1 16:23:15
LogMessageType:Error
LogMessageContent:初始化IC卡读写器失败，请检查连接是否正确。返回码：
LogMessageTime:2014/10/1 16:23:17
LogMessageType:Error
LogMessageContent:初始化温度计设备失败！
LogMessageTime:2014/10/1 16:24:43
LogMessageType:Error
LogMessageContent:初始化IC卡读写器失败，请检查连接是否正确。返回码：
LogMessageTime:2014/10/1 16:24:46
LogMessageType:Error
LogMessageContent:初始化温度计设备失败！
LogMessageTime:2014/10/1 16:27:00
LogMessageType:Error
LogMessageContent:初始化IC卡读写器失败，请检查连接是否正确。返回码：
LogMessageTime:2014/10/1 16:31:22
LogMessageType:Success
LogMessageContent:上传考勤记录成功！
LogMessageTime:2014/10/1 16:31:36
LogMessageType:Success
LogMessageContent:上传考勤记录成功！
LogMessageTime:2014/10/1 17:32:30
LogMessageType:Success
LogMessageContent:上传考勤记录成功！
LogMessageTime:2014/10/1 20:31:55
LogMessageType:Success
LogMessageContent:上传考勤记录成功！
LogMessageTime:2014/10/1 21:07:10
LogMessageType:Success
LogMessageContent:上传考勤记录成功！
