LogMessageTime:2014/8/19 19:52:24
LogMessageType:Unknown
LogMessageContent:Before
LogMessageTime:2014/8/19 19:52:24
LogMessageType:Unknown
LogMessageContent:1
LogMessageTime:2014/8/19 19:52:24
LogMessageType:Unknown
LogMessageContent:2
LogMessageTime:2014/8/19 19:52:24
LogMessageType:Unknown
LogMessageContent:3
LogMessageTime:2014/8/19 19:52:24
LogMessageType:Unknown
LogMessageContent:4
LogMessageTime:2014/8/19 19:52:24
LogMessageType:Unknown
LogMessageContent:5
LogMessageTime:2014/8/19 19:52:24
LogMessageType:Unknown
LogMessageContent:6
LogMessageTime:2014/8/19 19:52:24
LogMessageType:Unknown
LogMessageContent:End
