LogMessageTime:2014/9/13 0:27:31
LogMessageType:Unknown
LogMessageContent:Before
LogMessageTime:2014/9/13 0:27:31
LogMessageType:Unknown
LogMessageContent:1
LogMessageTime:2014/9/13 0:27:31
LogMessageType:Unknown
LogMessageContent:2
LogMessageTime:2014/9/13 0:27:31
LogMessageType:Unknown
LogMessageContent:3
LogMessageTime:2014/9/13 0:27:31
LogMessageType:Unknown
LogMessageContent:4
LogMessageTime:2014/9/13 0:27:31
LogMessageType:Unknown
LogMessageContent:5
LogMessageTime:2014/9/13 0:27:31
LogMessageType:Unknown
LogMessageContent:6
LogMessageTime:2014/9/13 0:27:31
LogMessageType:Unknown
LogMessageContent:After
LogMessageTime:2014/9/13 0:38:05
LogMessageType:Unknown
LogMessageContent:Before
LogMessageTime:2014/9/13 0:38:05
LogMessageType:Unknown
LogMessageContent:1
LogMessageTime:2014/9/13 0:38:05
LogMessageType:Unknown
LogMessageContent:2
LogMessageTime:2014/9/13 0:38:05
LogMessageType:Unknown
LogMessageContent:3
LogMessageTime:2014/9/13 0:38:05
LogMessageType:Unknown
LogMessageContent:4
LogMessageTime:2014/9/13 0:38:05
LogMessageType:Unknown
LogMessageContent:5
LogMessageTime:2014/9/13 0:38:05
LogMessageType:Unknown
LogMessageContent:6
LogMessageTime:2014/9/13 0:38:05
LogMessageType:Unknown
LogMessageContent:After
LogMessageTime:2014/9/13 0:41:15
LogMessageType:Unknown
LogMessageContent:Before
LogMessageTime:2014/9/13 0:41:15
LogMessageType:Unknown
LogMessageContent:1
LogMessageTime:2014/9/13 0:41:15
LogMessageType:Unknown
LogMessageContent:2
LogMessageTime:2014/9/13 0:41:15
LogMessageType:Unknown
LogMessageContent:3
LogMessageTime:2014/9/13 0:41:15
LogMessageType:Unknown
LogMessageContent:4
LogMessageTime:2014/9/13 0:41:15
LogMessageType:Unknown
LogMessageContent:5
LogMessageTime:2014/9/13 0:41:15
LogMessageType:Unknown
LogMessageContent:6
LogMessageTime:2014/9/13 0:41:15
LogMessageType:Unknown
LogMessageContent:After
LogMessageTime:2014/9/13 0:41:25
LogMessageType:Unknown
LogMessageContent:Before
LogMessageTime:2014/9/13 0:41:25
LogMessageType:Unknown
LogMessageContent:1
LogMessageTime:2014/9/13 0:41:25
LogMessageType:Unknown
LogMessageContent:2
LogMessageTime:2014/9/13 0:41:25
LogMessageType:Unknown
LogMessageContent:3
LogMessageTime:2014/9/13 0:41:25
LogMessageType:Unknown
LogMessageContent:4
LogMessageTime:2014/9/13 0:41:25
LogMessageType:Unknown
LogMessageContent:5
LogMessageTime:2014/9/13 0:41:25
LogMessageType:Unknown
LogMessageContent:6
LogMessageTime:2014/9/13 0:41:25
LogMessageType:Unknown
LogMessageContent:After
LogMessageTime:2014/9/13 1:12:14
LogMessageType:Unknown
LogMessageContent:Before
LogMessageTime:2014/9/13 1:12:14
LogMessageType:Unknown
LogMessageContent:1
LogMessageTime:2014/9/13 1:12:14
LogMessageType:Unknown
LogMessageContent:2
LogMessageTime:2014/9/13 1:12:14
LogMessageType:Unknown
LogMessageContent:3
LogMessageTime:2014/9/13 1:12:14
LogMessageType:Unknown
LogMessageContent:4
LogMessageTime:2014/9/13 1:12:14
LogMessageType:Unknown
LogMessageContent:5
LogMessageTime:2014/9/13 1:12:14
LogMessageType:Unknown
LogMessageContent:6
LogMessageTime:2014/9/13 1:12:14
LogMessageType:Unknown
LogMessageContent:After
LogMessageTime:2014/9/13 1:12:57
LogMessageType:Unknown
LogMessageContent:Before
LogMessageTime:2014/9/13 1:12:57
LogMessageType:Unknown
LogMessageContent:1
LogMessageTime:2014/9/13 1:12:57
LogMessageType:Unknown
LogMessageContent:2
LogMessageTime:2014/9/13 1:12:57
LogMessageType:Unknown
LogMessageContent:3
LogMessageTime:2014/9/13 1:12:57
LogMessageType:Unknown
LogMessageContent:4
LogMessageTime:2014/9/13 1:12:57
LogMessageType:Unknown
LogMessageContent:5
LogMessageTime:2014/9/13 1:12:57
LogMessageType:Unknown
LogMessageContent:6
LogMessageTime:2014/9/13 1:12:57
LogMessageType:Unknown
LogMessageContent:After
LogMessageTime:2014/9/13 2:27:40
LogMessageType:Error
LogMessageContent:初始化温度计设备失败！
LogMessageTime:2014/9/13 2:27:56
LogMessageType:Error
LogMessageContent:初始化温度计设备失败！
LogMessageTime:2014/9/13 2:28:21
LogMessageType:Error
LogMessageContent:初始化温度计设备失败！
LogMessageTime:2014/9/13 2:28:45
LogMessageType:Error
LogMessageContent:初始化温度计设备失败！
LogMessageTime:2014/9/13 2:30:21
LogMessageType:Error
LogMessageContent:初始化温度计设备失败！
LogMessageTime:2014/9/13 2:30:47
LogMessageType:Error
LogMessageContent:初始化温度计设备失败！
LogMessageTime:2014/9/13 2:31:39
LogMessageType:Error
LogMessageContent:初始化温度计设备失败！
