LogMessageTime:2014/8/21 0:01:56
LogMessageType:Success
LogMessageContent:上传考勤记录成功！
LogMessageTime:2014/8/21 0:02:10
LogMessageType:Unknown
LogMessageContent:Before
LogMessageTime:2014/8/21 0:02:10
LogMessageType:Unknown
LogMessageContent:1
LogMessageTime:2014/8/21 0:02:10
LogMessageType:Unknown
LogMessageContent:2
LogMessageTime:2014/8/21 0:02:10
LogMessageType:Unknown
LogMessageContent:3
LogMessageTime:2014/8/21 0:02:10
LogMessageType:Unknown
LogMessageContent:4
LogMessageTime:2014/8/21 0:02:10
LogMessageType:Unknown
LogMessageContent:5
LogMessageTime:2014/8/21 0:02:10
LogMessageType:Unknown
LogMessageContent:6
LogMessageTime:2014/8/21 0:02:10
LogMessageType:Unknown
LogMessageContent:After
LogMessageTime:2014/8/21 0:02:10
LogMessageType:Unknown
LogMessageContent:Before
LogMessageTime:2014/8/21 0:02:10
LogMessageType:Unknown
LogMessageContent:1
LogMessageTime:2014/8/21 0:02:10
LogMessageType:Unknown
LogMessageContent:2
LogMessageTime:2014/8/21 0:02:10
LogMessageType:Unknown
LogMessageContent:3
LogMessageTime:2014/8/21 0:02:10
LogMessageType:Unknown
LogMessageContent:4
LogMessageTime:2014/8/21 0:02:10
LogMessageType:Unknown
LogMessageContent:5
LogMessageTime:2014/8/21 0:02:10
LogMessageType:Unknown
LogMessageContent:6
LogMessageTime:2014/8/21 0:02:10
LogMessageType:Unknown
LogMessageContent:After
LogMessageTime:2014/8/21 0:02:11
LogMessageType:Unknown
LogMessageContent:Before
LogMessageTime:2014/8/21 0:02:11
LogMessageType:Unknown
LogMessageContent:1
LogMessageTime:2014/8/21 0:02:11
LogMessageType:Unknown
LogMessageContent:2
LogMessageTime:2014/8/21 0:02:11
LogMessageType:Unknown
LogMessageContent:3
LogMessageTime:2014/8/21 0:02:11
LogMessageType:Unknown
LogMessageContent:4
LogMessageTime:2014/8/21 0:02:11
LogMessageType:Unknown
LogMessageContent:5
LogMessageTime:2014/8/21 0:02:11
LogMessageType:Unknown
LogMessageContent:6
LogMessageTime:2014/8/21 0:02:11
LogMessageType:Unknown
LogMessageContent:After
LogMessageTime:2014/8/21 0:02:11
LogMessageType:Unknown
LogMessageContent:Before
LogMessageTime:2014/8/21 0:02:11
LogMessageType:Unknown
LogMessageContent:1
LogMessageTime:2014/8/21 0:02:11
LogMessageType:Unknown
LogMessageContent:2
LogMessageTime:2014/8/21 0:02:11
LogMessageType:Unknown
LogMessageContent:3
LogMessageTime:2014/8/21 0:02:11
LogMessageType:Unknown
LogMessageContent:4
LogMessageTime:2014/8/21 0:02:11
LogMessageType:Unknown
LogMessageContent:5
LogMessageTime:2014/8/21 0:02:11
LogMessageType:Unknown
LogMessageContent:6
LogMessageTime:2014/8/21 0:02:11
LogMessageType:Unknown
LogMessageContent:After
LogMessageTime:2014/8/21 0:02:12
LogMessageType:Unknown
LogMessageContent:Before
LogMessageTime:2014/8/21 0:02:12
LogMessageType:Unknown
LogMessageContent:1
LogMessageTime:2014/8/21 0:02:12
LogMessageType:Unknown
LogMessageContent:2
LogMessageTime:2014/8/21 0:02:12
LogMessageType:Unknown
LogMessageContent:3
LogMessageTime:2014/8/21 0:02:12
LogMessageType:Unknown
LogMessageContent:4
LogMessageTime:2014/8/21 0:02:12
LogMessageType:Unknown
LogMessageContent:5
LogMessageTime:2014/8/21 0:02:12
LogMessageType:Unknown
LogMessageContent:6
LogMessageTime:2014/8/21 0:02:12
LogMessageType:Unknown
LogMessageContent:After
LogMessageTime:2014/8/21 0:02:12
LogMessageType:Unknown
LogMessageContent:Before
LogMessageTime:2014/8/21 0:02:12
LogMessageType:Unknown
LogMessageContent:1
LogMessageTime:2014/8/21 0:02:12
LogMessageType:Unknown
LogMessageContent:2
LogMessageTime:2014/8/21 0:02:12
LogMessageType:Unknown
LogMessageContent:3
LogMessageTime:2014/8/21 0:02:12
LogMessageType:Unknown
LogMessageContent:4
LogMessageTime:2014/8/21 0:02:12
LogMessageType:Unknown
LogMessageContent:5
LogMessageTime:2014/8/21 0:02:12
LogMessageType:Unknown
LogMessageContent:6
LogMessageTime:2014/8/21 0:02:12
LogMessageType:Unknown
LogMessageContent:After
LogMessageTime:2014/8/21 0:02:13
LogMessageType:Unknown
LogMessageContent:Before
LogMessageTime:2014/8/21 0:02:13
LogMessageType:Unknown
LogMessageContent:1
LogMessageTime:2014/8/21 0:02:13
LogMessageType:Unknown
LogMessageContent:2
LogMessageTime:2014/8/21 0:02:13
LogMessageType:Unknown
LogMessageContent:3
LogMessageTime:2014/8/21 0:02:13
LogMessageType:Unknown
LogMessageContent:4
LogMessageTime:2014/8/21 0:02:13
LogMessageType:Unknown
LogMessageContent:5
LogMessageTime:2014/8/21 0:02:13
LogMessageType:Unknown
LogMessageContent:6
LogMessageTime:2014/8/21 0:02:13
LogMessageType:Unknown
LogMessageContent:After
LogMessageTime:2014/8/21 0:02:13
LogMessageType:Unknown
LogMessageContent:Before
LogMessageTime:2014/8/21 0:02:13
LogMessageType:Unknown
LogMessageContent:1
LogMessageTime:2014/8/21 0:02:13
LogMessageType:Unknown
LogMessageContent:2
LogMessageTime:2014/8/21 0:02:13
LogMessageType:Unknown
LogMessageContent:3
LogMessageTime:2014/8/21 0:02:13
LogMessageType:Unknown
LogMessageContent:4
LogMessageTime:2014/8/21 0:02:13
LogMessageType:Unknown
LogMessageContent:5
LogMessageTime:2014/8/21 0:02:13
LogMessageType:Unknown
LogMessageContent:6
LogMessageTime:2014/8/21 0:02:13
LogMessageType:Unknown
LogMessageContent:After
LogMessageTime:2014/8/21 0:02:14
LogMessageType:Unknown
LogMessageContent:Before
LogMessageTime:2014/8/21 0:02:14
LogMessageType:Unknown
LogMessageContent:1
LogMessageTime:2014/8/21 0:02:14
LogMessageType:Unknown
LogMessageContent:2
LogMessageTime:2014/8/21 0:02:14
LogMessageType:Unknown
LogMessageContent:3
LogMessageTime:2014/8/21 0:02:14
LogMessageType:Unknown
LogMessageContent:4
LogMessageTime:2014/8/21 0:02:14
LogMessageType:Unknown
LogMessageContent:5
LogMessageTime:2014/8/21 0:02:14
LogMessageType:Unknown
LogMessageContent:6
LogMessageTime:2014/8/21 0:02:14
LogMessageType:Unknown
LogMessageContent:After
LogMessageTime:2014/8/21 0:02:14
LogMessageType:Unknown
LogMessageContent:Before
LogMessageTime:2014/8/21 0:02:14
LogMessageType:Unknown
LogMessageContent:1
LogMessageTime:2014/8/21 0:02:14
LogMessageType:Unknown
LogMessageContent:2
LogMessageTime:2014/8/21 0:02:14
LogMessageType:Unknown
LogMessageContent:3
LogMessageTime:2014/8/21 0:02:14
LogMessageType:Unknown
LogMessageContent:4
LogMessageTime:2014/8/21 0:02:14
LogMessageType:Unknown
LogMessageContent:5
LogMessageTime:2014/8/21 0:02:14
LogMessageType:Unknown
LogMessageContent:6
LogMessageTime:2014/8/21 0:02:14
LogMessageType:Unknown
LogMessageContent:After
LogMessageTime:2014/8/21 0:02:14
LogMessageType:Unknown
LogMessageContent:Before
LogMessageTime:2014/8/21 0:02:14
LogMessageType:Unknown
LogMessageContent:1
LogMessageTime:2014/8/21 0:02:14
LogMessageType:Unknown
LogMessageContent:2
LogMessageTime:2014/8/21 0:02:14
LogMessageType:Unknown
LogMessageContent:3
LogMessageTime:2014/8/21 0:02:14
LogMessageType:Unknown
LogMessageContent:4
LogMessageTime:2014/8/21 0:02:14
LogMessageType:Unknown
LogMessageContent:5
LogMessageTime:2014/8/21 0:02:14
LogMessageType:Unknown
LogMessageContent:6
LogMessageTime:2014/8/21 0:02:14
LogMessageType:Unknown
LogMessageContent:After
LogMessageTime:2014/8/21 0:02:15
LogMessageType:Unknown
LogMessageContent:Before
LogMessageTime:2014/8/21 0:02:15
LogMessageType:Unknown
LogMessageContent:1
LogMessageTime:2014/8/21 0:02:15
LogMessageType:Unknown
LogMessageContent:2
LogMessageTime:2014/8/21 0:02:15
LogMessageType:Unknown
LogMessageContent:3
LogMessageTime:2014/8/21 0:02:15
LogMessageType:Unknown
LogMessageContent:4
LogMessageTime:2014/8/21 0:02:15
LogMessageType:Unknown
LogMessageContent:5
LogMessageTime:2014/8/21 0:02:15
LogMessageType:Unknown
LogMessageContent:6
LogMessageTime:2014/8/21 0:02:15
LogMessageType:Unknown
LogMessageContent:After
LogMessageTime:2014/8/21 0:02:15
LogMessageType:Unknown
LogMessageContent:Before
LogMessageTime:2014/8/21 0:02:15
LogMessageType:Unknown
LogMessageContent:1
LogMessageTime:2014/8/21 0:02:15
LogMessageType:Unknown
LogMessageContent:2
LogMessageTime:2014/8/21 0:02:15
LogMessageType:Unknown
LogMessageContent:3
LogMessageTime:2014/8/21 0:02:15
LogMessageType:Unknown
LogMessageContent:4
LogMessageTime:2014/8/21 0:02:15
LogMessageType:Unknown
LogMessageContent:5
LogMessageTime:2014/8/21 0:02:15
LogMessageType:Unknown
LogMessageContent:6
LogMessageTime:2014/8/21 0:02:15
LogMessageType:Unknown
LogMessageContent:After
LogMessageTime:2014/8/21 0:02:16
LogMessageType:Unknown
LogMessageContent:Before
LogMessageTime:2014/8/21 0:02:16
LogMessageType:Unknown
LogMessageContent:1
LogMessageTime:2014/8/21 0:02:16
LogMessageType:Unknown
LogMessageContent:2
LogMessageTime:2014/8/21 0:02:16
LogMessageType:Unknown
LogMessageContent:3
LogMessageTime:2014/8/21 0:02:16
LogMessageType:Unknown
LogMessageContent:4
LogMessageTime:2014/8/21 0:02:16
LogMessageType:Unknown
LogMessageContent:5
LogMessageTime:2014/8/21 0:02:16
LogMessageType:Unknown
LogMessageContent:6
LogMessageTime:2014/8/21 0:02:16
LogMessageType:Unknown
LogMessageContent:After
LogMessageTime:2014/8/21 0:02:16
LogMessageType:Unknown
LogMessageContent:Before
LogMessageTime:2014/8/21 0:02:16
LogMessageType:Unknown
LogMessageContent:1
LogMessageTime:2014/8/21 0:02:16
LogMessageType:Unknown
LogMessageContent:2
LogMessageTime:2014/8/21 0:02:16
LogMessageType:Unknown
LogMessageContent:3
LogMessageTime:2014/8/21 0:02:16
LogMessageType:Unknown
LogMessageContent:4
LogMessageTime:2014/8/21 0:02:16
LogMessageType:Unknown
LogMessageContent:5
LogMessageTime:2014/8/21 0:02:16
LogMessageType:Unknown
LogMessageContent:6
LogMessageTime:2014/8/21 0:02:16
LogMessageType:Unknown
LogMessageContent:After
LogMessageTime:2014/8/21 0:02:17
LogMessageType:Unknown
LogMessageContent:Before
LogMessageTime:2014/8/21 0:02:17
LogMessageType:Unknown
LogMessageContent:1
LogMessageTime:2014/8/21 0:02:17
LogMessageType:Unknown
LogMessageContent:2
LogMessageTime:2014/8/21 0:02:17
LogMessageType:Unknown
LogMessageContent:3
LogMessageTime:2014/8/21 0:02:17
LogMessageType:Unknown
LogMessageContent:4
LogMessageTime:2014/8/21 0:02:17
LogMessageType:Unknown
LogMessageContent:5
LogMessageTime:2014/8/21 0:02:17
LogMessageType:Unknown
LogMessageContent:6
LogMessageTime:2014/8/21 0:02:17
LogMessageType:Unknown
LogMessageContent:After
LogMessageTime:2014/8/21 0:02:17
LogMessageType:Unknown
LogMessageContent:Before
LogMessageTime:2014/8/21 0:02:17
LogMessageType:Unknown
LogMessageContent:1
LogMessageTime:2014/8/21 0:02:17
LogMessageType:Unknown
LogMessageContent:2
LogMessageTime:2014/8/21 0:02:17
LogMessageType:Unknown
LogMessageContent:3
LogMessageTime:2014/8/21 0:02:17
LogMessageType:Unknown
LogMessageContent:4
LogMessageTime:2014/8/21 0:02:17
LogMessageType:Unknown
LogMessageContent:5
LogMessageTime:2014/8/21 0:02:17
LogMessageType:Unknown
LogMessageContent:6
LogMessageTime:2014/8/21 0:02:17
LogMessageType:Unknown
LogMessageContent:After
LogMessageTime:2014/8/21 0:02:18
LogMessageType:Unknown
LogMessageContent:Before
LogMessageTime:2014/8/21 0:02:18
LogMessageType:Unknown
LogMessageContent:1
LogMessageTime:2014/8/21 0:02:18
LogMessageType:Unknown
LogMessageContent:2
LogMessageTime:2014/8/21 0:02:18
LogMessageType:Unknown
LogMessageContent:3
LogMessageTime:2014/8/21 0:02:18
LogMessageType:Unknown
LogMessageContent:4
LogMessageTime:2014/8/21 0:02:18
LogMessageType:Unknown
LogMessageContent:5
LogMessageTime:2014/8/21 0:02:18
LogMessageType:Unknown
LogMessageContent:6
LogMessageTime:2014/8/21 0:02:18
LogMessageType:Unknown
LogMessageContent:After
LogMessageTime:2014/8/21 0:02:18
LogMessageType:Unknown
LogMessageContent:Before
LogMessageTime:2014/8/21 0:02:18
LogMessageType:Unknown
LogMessageContent:1
LogMessageTime:2014/8/21 0:02:18
LogMessageType:Unknown
LogMessageContent:2
LogMessageTime:2014/8/21 0:02:18
LogMessageType:Unknown
LogMessageContent:3
LogMessageTime:2014/8/21 0:02:18
LogMessageType:Unknown
LogMessageContent:4
LogMessageTime:2014/8/21 0:02:18
LogMessageType:Unknown
LogMessageContent:5
LogMessageTime:2014/8/21 0:02:18
LogMessageType:Unknown
LogMessageContent:6
LogMessageTime:2014/8/21 0:02:18
LogMessageType:Unknown
LogMessageContent:After
LogMessageTime:2014/8/21 0:02:19
LogMessageType:Unknown
LogMessageContent:Before
LogMessageTime:2014/8/21 0:02:19
LogMessageType:Unknown
LogMessageContent:1
LogMessageTime:2014/8/21 0:02:19
LogMessageType:Unknown
LogMessageContent:2
LogMessageTime:2014/8/21 0:02:19
LogMessageType:Unknown
LogMessageContent:3
LogMessageTime:2014/8/21 0:02:19
LogMessageType:Unknown
LogMessageContent:4
LogMessageTime:2014/8/21 0:02:19
LogMessageType:Unknown
LogMessageContent:5
LogMessageTime:2014/8/21 0:02:19
LogMessageType:Unknown
LogMessageContent:6
LogMessageTime:2014/8/21 0:02:19
LogMessageType:Unknown
LogMessageContent:After
LogMessageTime:2014/8/21 0:02:20
LogMessageType:Unknown
LogMessageContent:Before
LogMessageTime:2014/8/21 0:02:20
LogMessageType:Unknown
LogMessageContent:1
LogMessageTime:2014/8/21 0:02:20
LogMessageType:Unknown
LogMessageContent:2
LogMessageTime:2014/8/21 0:02:20
LogMessageType:Unknown
LogMessageContent:3
LogMessageTime:2014/8/21 0:02:20
LogMessageType:Unknown
LogMessageContent:4
LogMessageTime:2014/8/21 0:02:20
LogMessageType:Unknown
LogMessageContent:5
LogMessageTime:2014/8/21 0:02:20
LogMessageType:Unknown
LogMessageContent:6
LogMessageTime:2014/8/21 0:02:20
LogMessageType:Unknown
LogMessageContent:After
LogMessageTime:2014/8/21 0:02:21
LogMessageType:Unknown
LogMessageContent:Before
LogMessageTime:2014/8/21 0:02:21
LogMessageType:Unknown
LogMessageContent:1
LogMessageTime:2014/8/21 0:02:21
LogMessageType:Unknown
LogMessageContent:2
LogMessageTime:2014/8/21 0:02:21
LogMessageType:Unknown
LogMessageContent:3
LogMessageTime:2014/8/21 0:02:21
LogMessageType:Unknown
LogMessageContent:4
LogMessageTime:2014/8/21 0:02:21
LogMessageType:Unknown
LogMessageContent:5
LogMessageTime:2014/8/21 0:02:21
LogMessageType:Unknown
LogMessageContent:6
LogMessageTime:2014/8/21 0:02:21
LogMessageType:Unknown
LogMessageContent:After
LogMessageTime:2014/8/21 0:02:21
LogMessageType:Unknown
LogMessageContent:Before
LogMessageTime:2014/8/21 0:02:21
LogMessageType:Unknown
LogMessageContent:1
LogMessageTime:2014/8/21 0:02:21
LogMessageType:Unknown
LogMessageContent:2
LogMessageTime:2014/8/21 0:02:21
LogMessageType:Unknown
LogMessageContent:3
LogMessageTime:2014/8/21 0:02:21
LogMessageType:Unknown
LogMessageContent:4
LogMessageTime:2014/8/21 0:02:21
LogMessageType:Unknown
LogMessageContent:5
LogMessageTime:2014/8/21 0:02:21
LogMessageType:Unknown
LogMessageContent:6
LogMessageTime:2014/8/21 0:02:21
LogMessageType:Unknown
LogMessageContent:After
LogMessageTime:2014/8/21 0:02:22
LogMessageType:Unknown
LogMessageContent:Before
LogMessageTime:2014/8/21 0:02:22
LogMessageType:Unknown
LogMessageContent:1
LogMessageTime:2014/8/21 0:02:22
LogMessageType:Unknown
LogMessageContent:2
LogMessageTime:2014/8/21 0:02:22
LogMessageType:Unknown
LogMessageContent:3
LogMessageTime:2014/8/21 0:02:22
LogMessageType:Unknown
LogMessageContent:4
LogMessageTime:2014/8/21 0:02:22
LogMessageType:Unknown
LogMessageContent:5
LogMessageTime:2014/8/21 0:02:22
LogMessageType:Unknown
LogMessageContent:6
LogMessageTime:2014/8/21 0:02:22
LogMessageType:Unknown
LogMessageContent:After
LogMessageTime:2014/8/21 0:02:30
LogMessageType:Unknown
LogMessageContent:Before
LogMessageTime:2014/8/21 0:02:30
LogMessageType:Unknown
LogMessageContent:1
LogMessageTime:2014/8/21 0:02:30
LogMessageType:Unknown
LogMessageContent:2
LogMessageTime:2014/8/21 0:02:30
LogMessageType:Unknown
LogMessageContent:3
LogMessageTime:2014/8/21 0:02:30
LogMessageType:Unknown
LogMessageContent:4
LogMessageTime:2014/8/21 0:02:30
LogMessageType:Unknown
LogMessageContent:5
LogMessageTime:2014/8/21 0:02:30
LogMessageType:Unknown
LogMessageContent:6
LogMessageTime:2014/8/21 0:02:30
LogMessageType:Unknown
LogMessageContent:After
LogMessageTime:2014/8/21 0:02:30
LogMessageType:Unknown
LogMessageContent:Before
LogMessageTime:2014/8/21 0:02:30
LogMessageType:Unknown
LogMessageContent:1
LogMessageTime:2014/8/21 0:02:30
LogMessageType:Unknown
LogMessageContent:2
LogMessageTime:2014/8/21 0:02:30
LogMessageType:Unknown
LogMessageContent:3
LogMessageTime:2014/8/21 0:02:30
LogMessageType:Unknown
LogMessageContent:4
LogMessageTime:2014/8/21 0:02:30
LogMessageType:Unknown
LogMessageContent:5
LogMessageTime:2014/8/21 0:02:30
LogMessageType:Unknown
LogMessageContent:6
LogMessageTime:2014/8/21 0:02:30
LogMessageType:Unknown
LogMessageContent:After
LogMessageTime:2014/8/21 0:02:31
LogMessageType:Unknown
LogMessageContent:Before
LogMessageTime:2014/8/21 0:02:31
LogMessageType:Unknown
LogMessageContent:1
LogMessageTime:2014/8/21 0:02:31
LogMessageType:Unknown
LogMessageContent:2
LogMessageTime:2014/8/21 0:02:31
LogMessageType:Unknown
LogMessageContent:3
LogMessageTime:2014/8/21 0:02:31
LogMessageType:Unknown
LogMessageContent:4
LogMessageTime:2014/8/21 0:02:31
LogMessageType:Unknown
LogMessageContent:5
LogMessageTime:2014/8/21 0:02:31
LogMessageType:Unknown
LogMessageContent:6
LogMessageTime:2014/8/21 0:02:31
LogMessageType:Unknown
LogMessageContent:After
LogMessageTime:2014/8/21 0:02:31
LogMessageType:Unknown
LogMessageContent:Before
LogMessageTime:2014/8/21 0:02:31
LogMessageType:Unknown
LogMessageContent:1
LogMessageTime:2014/8/21 0:02:31
LogMessageType:Unknown
LogMessageContent:2
LogMessageTime:2014/8/21 0:02:31
LogMessageType:Unknown
LogMessageContent:3
LogMessageTime:2014/8/21 0:02:31
LogMessageType:Unknown
LogMessageContent:4
LogMessageTime:2014/8/21 0:02:31
LogMessageType:Unknown
LogMessageContent:5
LogMessageTime:2014/8/21 0:02:31
LogMessageType:Unknown
LogMessageContent:6
LogMessageTime:2014/8/21 0:02:31
LogMessageType:Unknown
LogMessageContent:After
LogMessageTime:2014/8/21 0:02:32
LogMessageType:Unknown
LogMessageContent:Before
LogMessageTime:2014/8/21 0:02:32
LogMessageType:Unknown
LogMessageContent:1
LogMessageTime:2014/8/21 0:02:32
LogMessageType:Unknown
LogMessageContent:2
LogMessageTime:2014/8/21 0:02:32
LogMessageType:Unknown
LogMessageContent:3
LogMessageTime:2014/8/21 0:02:32
LogMessageType:Unknown
LogMessageContent:4
LogMessageTime:2014/8/21 0:02:32
LogMessageType:Unknown
LogMessageContent:5
LogMessageTime:2014/8/21 0:02:32
LogMessageType:Unknown
LogMessageContent:6
LogMessageTime:2014/8/21 0:02:32
LogMessageType:Unknown
LogMessageContent:After
LogMessageTime:2014/8/21 0:02:33
LogMessageType:Unknown
LogMessageContent:Before
LogMessageTime:2014/8/21 0:02:33
LogMessageType:Unknown
LogMessageContent:1
LogMessageTime:2014/8/21 0:02:33
LogMessageType:Unknown
LogMessageContent:2
LogMessageTime:2014/8/21 0:02:33
LogMessageType:Unknown
LogMessageContent:3
LogMessageTime:2014/8/21 0:02:33
LogMessageType:Unknown
LogMessageContent:4
LogMessageTime:2014/8/21 0:02:33
LogMessageType:Unknown
LogMessageContent:5
LogMessageTime:2014/8/21 0:02:33
LogMessageType:Unknown
LogMessageContent:6
LogMessageTime:2014/8/21 0:02:33
LogMessageType:Unknown
LogMessageContent:After
LogMessageTime:2014/8/21 0:02:33
LogMessageType:Unknown
LogMessageContent:Before
LogMessageTime:2014/8/21 0:02:33
LogMessageType:Unknown
LogMessageContent:1
LogMessageTime:2014/8/21 0:02:33
LogMessageType:Unknown
LogMessageContent:2
LogMessageTime:2014/8/21 0:02:33
LogMessageType:Unknown
LogMessageContent:3
LogMessageTime:2014/8/21 0:02:33
LogMessageType:Unknown
LogMessageContent:4
LogMessageTime:2014/8/21 0:02:33
LogMessageType:Unknown
LogMessageContent:5
LogMessageTime:2014/8/21 0:02:33
LogMessageType:Unknown
LogMessageContent:6
LogMessageTime:2014/8/21 0:02:33
LogMessageType:Unknown
LogMessageContent:After
LogMessageTime:2014/8/21 0:02:33
LogMessageType:Unknown
LogMessageContent:Before
LogMessageTime:2014/8/21 0:02:33
LogMessageType:Unknown
LogMessageContent:1
LogMessageTime:2014/8/21 0:02:33
LogMessageType:Unknown
LogMessageContent:2
LogMessageTime:2014/8/21 0:02:33
LogMessageType:Unknown
LogMessageContent:3
LogMessageTime:2014/8/21 0:02:33
LogMessageType:Unknown
LogMessageContent:4
LogMessageTime:2014/8/21 0:02:33
LogMessageType:Unknown
LogMessageContent:5
LogMessageTime:2014/8/21 0:02:33
LogMessageType:Unknown
LogMessageContent:6
LogMessageTime:2014/8/21 0:02:33
LogMessageType:Unknown
LogMessageContent:After
LogMessageTime:2014/8/21 0:02:34
LogMessageType:Unknown
LogMessageContent:Before
LogMessageTime:2014/8/21 0:02:34
LogMessageType:Unknown
LogMessageContent:1
LogMessageTime:2014/8/21 0:02:34
LogMessageType:Unknown
LogMessageContent:2
LogMessageTime:2014/8/21 0:02:34
LogMessageType:Unknown
LogMessageContent:3
LogMessageTime:2014/8/21 0:02:34
LogMessageType:Unknown
LogMessageContent:4
LogMessageTime:2014/8/21 0:02:34
LogMessageType:Unknown
LogMessageContent:5
LogMessageTime:2014/8/21 0:02:34
LogMessageType:Unknown
LogMessageContent:6
LogMessageTime:2014/8/21 0:02:34
LogMessageType:Unknown
LogMessageContent:After
LogMessageTime:2014/8/21 0:02:35
LogMessageType:Unknown
LogMessageContent:Before
LogMessageTime:2014/8/21 0:02:35
LogMessageType:Unknown
LogMessageContent:1
LogMessageTime:2014/8/21 0:02:35
LogMessageType:Unknown
LogMessageContent:2
LogMessageTime:2014/8/21 0:02:35
LogMessageType:Unknown
LogMessageContent:3
LogMessageTime:2014/8/21 0:02:35
LogMessageType:Unknown
LogMessageContent:4
LogMessageTime:2014/8/21 0:02:35
LogMessageType:Unknown
LogMessageContent:5
LogMessageTime:2014/8/21 0:02:35
LogMessageType:Unknown
LogMessageContent:6
LogMessageTime:2014/8/21 0:02:35
LogMessageType:Unknown
LogMessageContent:After
LogMessageTime:2014/8/21 0:02:35
LogMessageType:Unknown
LogMessageContent:Before
LogMessageTime:2014/8/21 0:02:35
LogMessageType:Unknown
LogMessageContent:1
LogMessageTime:2014/8/21 0:02:35
LogMessageType:Unknown
LogMessageContent:2
LogMessageTime:2014/8/21 0:02:35
LogMessageType:Unknown
LogMessageContent:3
LogMessageTime:2014/8/21 0:02:35
LogMessageType:Unknown
LogMessageContent:4
LogMessageTime:2014/8/21 0:02:35
LogMessageType:Unknown
LogMessageContent:5
LogMessageTime:2014/8/21 0:02:35
LogMessageType:Unknown
LogMessageContent:6
LogMessageTime:2014/8/21 0:02:35
LogMessageType:Unknown
LogMessageContent:After
LogMessageTime:2014/8/21 0:02:36
LogMessageType:Unknown
LogMessageContent:Before
LogMessageTime:2014/8/21 0:02:36
LogMessageType:Unknown
LogMessageContent:1
LogMessageTime:2014/8/21 0:02:36
LogMessageType:Unknown
LogMessageContent:2
LogMessageTime:2014/8/21 0:02:36
LogMessageType:Unknown
LogMessageContent:3
LogMessageTime:2014/8/21 0:02:36
LogMessageType:Unknown
LogMessageContent:4
LogMessageTime:2014/8/21 0:02:36
LogMessageType:Unknown
LogMessageContent:5
LogMessageTime:2014/8/21 0:02:36
LogMessageType:Unknown
LogMessageContent:6
LogMessageTime:2014/8/21 0:02:36
LogMessageType:Unknown
LogMessageContent:After
LogMessageTime:2014/8/21 0:02:36
LogMessageType:Unknown
LogMessageContent:Before
LogMessageTime:2014/8/21 0:02:36
LogMessageType:Unknown
LogMessageContent:1
LogMessageTime:2014/8/21 0:02:36
LogMessageType:Unknown
LogMessageContent:2
LogMessageTime:2014/8/21 0:02:36
LogMessageType:Unknown
LogMessageContent:3
LogMessageTime:2014/8/21 0:02:36
LogMessageType:Unknown
LogMessageContent:4
LogMessageTime:2014/8/21 0:02:36
LogMessageType:Unknown
LogMessageContent:5
LogMessageTime:2014/8/21 0:02:36
LogMessageType:Unknown
LogMessageContent:6
LogMessageTime:2014/8/21 0:02:36
LogMessageType:Unknown
LogMessageContent:After
LogMessageTime:2014/8/21 0:02:36
LogMessageType:Unknown
LogMessageContent:Before
LogMessageTime:2014/8/21 0:02:36
LogMessageType:Unknown
LogMessageContent:1
LogMessageTime:2014/8/21 0:02:36
LogMessageType:Unknown
LogMessageContent:2
LogMessageTime:2014/8/21 0:02:36
LogMessageType:Unknown
LogMessageContent:3
LogMessageTime:2014/8/21 0:02:36
LogMessageType:Unknown
LogMessageContent:4
LogMessageTime:2014/8/21 0:02:36
LogMessageType:Unknown
LogMessageContent:5
LogMessageTime:2014/8/21 0:02:36
LogMessageType:Unknown
LogMessageContent:6
LogMessageTime:2014/8/21 0:02:36
LogMessageType:Unknown
LogMessageContent:After
LogMessageTime:2014/8/21 0:02:37
LogMessageType:Unknown
LogMessageContent:Before
LogMessageTime:2014/8/21 0:02:37
LogMessageType:Unknown
LogMessageContent:1
LogMessageTime:2014/8/21 0:02:37
LogMessageType:Unknown
LogMessageContent:2
LogMessageTime:2014/8/21 0:02:37
LogMessageType:Unknown
LogMessageContent:3
LogMessageTime:2014/8/21 0:02:37
LogMessageType:Unknown
LogMessageContent:4
LogMessageTime:2014/8/21 0:02:37
LogMessageType:Unknown
LogMessageContent:5
LogMessageTime:2014/8/21 0:02:37
LogMessageType:Unknown
LogMessageContent:6
LogMessageTime:2014/8/21 0:02:37
LogMessageType:Unknown
LogMessageContent:After
LogMessageTime:2014/8/21 0:02:37
LogMessageType:Unknown
LogMessageContent:Before
LogMessageTime:2014/8/21 0:02:37
LogMessageType:Unknown
LogMessageContent:1
LogMessageTime:2014/8/21 0:02:37
LogMessageType:Unknown
LogMessageContent:2
LogMessageTime:2014/8/21 0:02:37
LogMessageType:Unknown
LogMessageContent:3
LogMessageTime:2014/8/21 0:02:37
LogMessageType:Unknown
LogMessageContent:4
LogMessageTime:2014/8/21 0:02:37
LogMessageType:Unknown
LogMessageContent:5
LogMessageTime:2014/8/21 0:02:37
LogMessageType:Unknown
LogMessageContent:6
LogMessageTime:2014/8/21 0:02:37
LogMessageType:Unknown
LogMessageContent:After
LogMessageTime:2014/8/21 0:02:51
LogMessageType:Unknown
LogMessageContent:Before
LogMessageTime:2014/8/21 0:02:51
LogMessageType:Unknown
LogMessageContent:1
LogMessageTime:2014/8/21 0:02:51
LogMessageType:Unknown
LogMessageContent:2
LogMessageTime:2014/8/21 0:02:51
LogMessageType:Unknown
LogMessageContent:3
LogMessageTime:2014/8/21 0:02:51
LogMessageType:Unknown
LogMessageContent:4
LogMessageTime:2014/8/21 0:02:51
LogMessageType:Unknown
LogMessageContent:5
LogMessageTime:2014/8/21 0:02:51
LogMessageType:Unknown
LogMessageContent:6
LogMessageTime:2014/8/21 0:02:51
LogMessageType:Unknown
LogMessageContent:After
LogMessageTime:2014/8/21 0:02:52
LogMessageType:Unknown
LogMessageContent:Before
LogMessageTime:2014/8/21 0:02:52
LogMessageType:Unknown
LogMessageContent:1
LogMessageTime:2014/8/21 0:02:52
LogMessageType:Unknown
LogMessageContent:2
LogMessageTime:2014/8/21 0:02:52
LogMessageType:Unknown
LogMessageContent:3
LogMessageTime:2014/8/21 0:02:52
LogMessageType:Unknown
LogMessageContent:4
LogMessageTime:2014/8/21 0:02:52
LogMessageType:Unknown
LogMessageContent:5
LogMessageTime:2014/8/21 0:02:52
LogMessageType:Unknown
LogMessageContent:6
LogMessageTime:2014/8/21 0:02:52
LogMessageType:Unknown
LogMessageContent:After
LogMessageTime:2014/8/21 0:02:52
LogMessageType:Unknown
LogMessageContent:Before
LogMessageTime:2014/8/21 0:02:52
LogMessageType:Unknown
LogMessageContent:1
LogMessageTime:2014/8/21 0:02:52
LogMessageType:Unknown
LogMessageContent:2
LogMessageTime:2014/8/21 0:02:52
LogMessageType:Unknown
LogMessageContent:3
LogMessageTime:2014/8/21 0:02:52
LogMessageType:Unknown
LogMessageContent:4
LogMessageTime:2014/8/21 0:02:52
LogMessageType:Unknown
LogMessageContent:5
LogMessageTime:2014/8/21 0:02:52
LogMessageType:Unknown
LogMessageContent:6
LogMessageTime:2014/8/21 0:02:52
LogMessageType:Unknown
LogMessageContent:After
LogMessageTime:2014/8/21 0:02:53
LogMessageType:Unknown
LogMessageContent:Before
LogMessageTime:2014/8/21 0:02:53
LogMessageType:Unknown
LogMessageContent:1
LogMessageTime:2014/8/21 0:02:53
LogMessageType:Unknown
LogMessageContent:2
LogMessageTime:2014/8/21 0:02:53
LogMessageType:Unknown
LogMessageContent:3
LogMessageTime:2014/8/21 0:02:53
LogMessageType:Unknown
LogMessageContent:4
LogMessageTime:2014/8/21 0:02:53
LogMessageType:Unknown
LogMessageContent:5
LogMessageTime:2014/8/21 0:02:53
LogMessageType:Unknown
LogMessageContent:6
LogMessageTime:2014/8/21 0:02:53
LogMessageType:Unknown
LogMessageContent:After
LogMessageTime:2014/8/21 0:02:53
LogMessageType:Unknown
LogMessageContent:Before
LogMessageTime:2014/8/21 0:02:53
LogMessageType:Unknown
LogMessageContent:1
LogMessageTime:2014/8/21 0:02:53
LogMessageType:Unknown
LogMessageContent:2
LogMessageTime:2014/8/21 0:02:53
LogMessageType:Unknown
LogMessageContent:3
LogMessageTime:2014/8/21 0:02:53
LogMessageType:Unknown
LogMessageContent:4
LogMessageTime:2014/8/21 0:02:53
LogMessageType:Unknown
LogMessageContent:5
LogMessageTime:2014/8/21 0:02:53
LogMessageType:Unknown
LogMessageContent:6
LogMessageTime:2014/8/21 0:02:53
LogMessageType:Unknown
LogMessageContent:After
LogMessageTime:2014/8/21 0:02:54
LogMessageType:Unknown
LogMessageContent:Before
LogMessageTime:2014/8/21 0:02:54
LogMessageType:Unknown
LogMessageContent:1
LogMessageTime:2014/8/21 0:02:54
LogMessageType:Unknown
LogMessageContent:2
LogMessageTime:2014/8/21 0:02:54
LogMessageType:Unknown
LogMessageContent:3
LogMessageTime:2014/8/21 0:02:54
LogMessageType:Unknown
LogMessageContent:4
LogMessageTime:2014/8/21 0:02:54
LogMessageType:Unknown
LogMessageContent:5
LogMessageTime:2014/8/21 0:02:54
LogMessageType:Unknown
LogMessageContent:6
LogMessageTime:2014/8/21 0:02:54
LogMessageType:Unknown
LogMessageContent:After
LogMessageTime:2014/8/21 0:02:54
LogMessageType:Unknown
LogMessageContent:Before
LogMessageTime:2014/8/21 0:02:54
LogMessageType:Unknown
LogMessageContent:1
LogMessageTime:2014/8/21 0:02:54
LogMessageType:Unknown
LogMessageContent:2
LogMessageTime:2014/8/21 0:02:54
LogMessageType:Unknown
LogMessageContent:3
LogMessageTime:2014/8/21 0:02:54
LogMessageType:Unknown
LogMessageContent:4
LogMessageTime:2014/8/21 0:02:54
LogMessageType:Unknown
LogMessageContent:5
LogMessageTime:2014/8/21 0:02:54
LogMessageType:Unknown
LogMessageContent:6
LogMessageTime:2014/8/21 0:02:54
LogMessageType:Unknown
LogMessageContent:After
LogMessageTime:2014/8/21 0:02:55
LogMessageType:Unknown
LogMessageContent:Before
LogMessageTime:2014/8/21 0:02:55
LogMessageType:Unknown
LogMessageContent:1
LogMessageTime:2014/8/21 0:02:55
LogMessageType:Unknown
LogMessageContent:2
LogMessageTime:2014/8/21 0:02:55
LogMessageType:Unknown
LogMessageContent:3
LogMessageTime:2014/8/21 0:02:55
LogMessageType:Unknown
LogMessageContent:4
LogMessageTime:2014/8/21 0:02:55
LogMessageType:Unknown
LogMessageContent:5
LogMessageTime:2014/8/21 0:02:55
LogMessageType:Unknown
LogMessageContent:6
LogMessageTime:2014/8/21 0:02:55
LogMessageType:Unknown
LogMessageContent:After
LogMessageTime:2014/8/21 0:02:55
LogMessageType:Unknown
LogMessageContent:Before
LogMessageTime:2014/8/21 0:02:55
LogMessageType:Unknown
LogMessageContent:1
LogMessageTime:2014/8/21 0:02:55
LogMessageType:Unknown
LogMessageContent:2
LogMessageTime:2014/8/21 0:02:55
LogMessageType:Unknown
LogMessageContent:3
LogMessageTime:2014/8/21 0:02:55
LogMessageType:Unknown
LogMessageContent:4
LogMessageTime:2014/8/21 0:02:55
LogMessageType:Unknown
LogMessageContent:5
LogMessageTime:2014/8/21 0:02:55
LogMessageType:Unknown
LogMessageContent:6
LogMessageTime:2014/8/21 0:02:55
LogMessageType:Unknown
LogMessageContent:After
LogMessageTime:2014/8/21 0:02:55
LogMessageType:Unknown
LogMessageContent:Before
LogMessageTime:2014/8/21 0:02:55
LogMessageType:Unknown
LogMessageContent:1
LogMessageTime:2014/8/21 0:02:55
LogMessageType:Unknown
LogMessageContent:2
LogMessageTime:2014/8/21 0:02:55
LogMessageType:Unknown
LogMessageContent:3
LogMessageTime:2014/8/21 0:02:55
LogMessageType:Unknown
LogMessageContent:4
LogMessageTime:2014/8/21 0:02:55
LogMessageType:Unknown
LogMessageContent:5
LogMessageTime:2014/8/21 0:02:55
LogMessageType:Unknown
LogMessageContent:6
LogMessageTime:2014/8/21 0:02:55
LogMessageType:Unknown
LogMessageContent:After
LogMessageTime:2014/8/21 0:02:56
LogMessageType:Unknown
LogMessageContent:Before
LogMessageTime:2014/8/21 0:02:56
LogMessageType:Unknown
LogMessageContent:1
LogMessageTime:2014/8/21 0:02:56
LogMessageType:Unknown
LogMessageContent:2
LogMessageTime:2014/8/21 0:02:56
LogMessageType:Unknown
LogMessageContent:3
LogMessageTime:2014/8/21 0:02:56
LogMessageType:Unknown
LogMessageContent:4
LogMessageTime:2014/8/21 0:02:56
LogMessageType:Unknown
LogMessageContent:5
LogMessageTime:2014/8/21 0:02:56
LogMessageType:Unknown
LogMessageContent:6
LogMessageTime:2014/8/21 0:02:56
LogMessageType:Unknown
LogMessageContent:After
LogMessageTime:2014/8/21 0:02:56
LogMessageType:Unknown
LogMessageContent:Before
LogMessageTime:2014/8/21 0:02:56
LogMessageType:Unknown
LogMessageContent:1
LogMessageTime:2014/8/21 0:02:56
LogMessageType:Unknown
LogMessageContent:2
LogMessageTime:2014/8/21 0:02:56
LogMessageType:Unknown
LogMessageContent:3
LogMessageTime:2014/8/21 0:02:56
LogMessageType:Unknown
LogMessageContent:4
LogMessageTime:2014/8/21 0:02:56
LogMessageType:Unknown
LogMessageContent:5
LogMessageTime:2014/8/21 0:02:56
LogMessageType:Unknown
LogMessageContent:6
LogMessageTime:2014/8/21 0:02:56
LogMessageType:Unknown
LogMessageContent:After
LogMessageTime:2014/8/21 0:02:57
LogMessageType:Unknown
LogMessageContent:Before
LogMessageTime:2014/8/21 0:02:57
LogMessageType:Unknown
LogMessageContent:1
LogMessageTime:2014/8/21 0:02:57
LogMessageType:Unknown
LogMessageContent:2
LogMessageTime:2014/8/21 0:02:57
LogMessageType:Unknown
LogMessageContent:3
LogMessageTime:2014/8/21 0:02:57
LogMessageType:Unknown
LogMessageContent:4
LogMessageTime:2014/8/21 0:02:57
LogMessageType:Unknown
LogMessageContent:5
LogMessageTime:2014/8/21 0:02:57
LogMessageType:Unknown
LogMessageContent:6
LogMessageTime:2014/8/21 0:02:57
LogMessageType:Unknown
LogMessageContent:After
LogMessageTime:2014/8/21 0:02:57
LogMessageType:Unknown
LogMessageContent:Before
LogMessageTime:2014/8/21 0:02:57
LogMessageType:Unknown
LogMessageContent:1
LogMessageTime:2014/8/21 0:02:57
LogMessageType:Unknown
LogMessageContent:2
LogMessageTime:2014/8/21 0:02:57
LogMessageType:Unknown
LogMessageContent:3
LogMessageTime:2014/8/21 0:02:57
LogMessageType:Unknown
LogMessageContent:4
LogMessageTime:2014/8/21 0:02:57
LogMessageType:Unknown
LogMessageContent:5
LogMessageTime:2014/8/21 0:02:57
LogMessageType:Unknown
LogMessageContent:6
LogMessageTime:2014/8/21 0:02:57
LogMessageType:Unknown
LogMessageContent:After
LogMessageTime:2014/8/21 0:02:58
LogMessageType:Unknown
LogMessageContent:Before
LogMessageTime:2014/8/21 0:02:58
LogMessageType:Unknown
LogMessageContent:1
LogMessageTime:2014/8/21 0:02:58
LogMessageType:Unknown
LogMessageContent:2
LogMessageTime:2014/8/21 0:02:58
LogMessageType:Unknown
LogMessageContent:3
LogMessageTime:2014/8/21 0:02:58
LogMessageType:Unknown
LogMessageContent:4
LogMessageTime:2014/8/21 0:02:58
LogMessageType:Unknown
LogMessageContent:5
LogMessageTime:2014/8/21 0:02:58
LogMessageType:Unknown
LogMessageContent:6
LogMessageTime:2014/8/21 0:02:58
LogMessageType:Unknown
LogMessageContent:After
LogMessageTime:2014/8/21 0:02:58
LogMessageType:Unknown
LogMessageContent:Before
LogMessageTime:2014/8/21 0:02:58
LogMessageType:Unknown
LogMessageContent:1
LogMessageTime:2014/8/21 0:02:58
LogMessageType:Unknown
LogMessageContent:2
LogMessageTime:2014/8/21 0:02:58
LogMessageType:Unknown
LogMessageContent:3
LogMessageTime:2014/8/21 0:02:58
LogMessageType:Unknown
LogMessageContent:4
LogMessageTime:2014/8/21 0:02:58
LogMessageType:Unknown
LogMessageContent:5
LogMessageTime:2014/8/21 0:02:58
LogMessageType:Unknown
LogMessageContent:6
LogMessageTime:2014/8/21 0:02:58
LogMessageType:Unknown
LogMessageContent:After
LogMessageTime:2014/8/21 0:02:58
LogMessageType:Unknown
LogMessageContent:Before
LogMessageTime:2014/8/21 0:02:58
LogMessageType:Unknown
LogMessageContent:1
LogMessageTime:2014/8/21 0:02:58
LogMessageType:Unknown
LogMessageContent:2
LogMessageTime:2014/8/21 0:02:58
LogMessageType:Unknown
LogMessageContent:3
LogMessageTime:2014/8/21 0:02:58
LogMessageType:Unknown
LogMessageContent:4
LogMessageTime:2014/8/21 0:02:58
LogMessageType:Unknown
LogMessageContent:5
LogMessageTime:2014/8/21 0:02:58
LogMessageType:Unknown
LogMessageContent:6
LogMessageTime:2014/8/21 0:02:58
LogMessageType:Unknown
LogMessageContent:After
LogMessageTime:2014/8/21 0:02:59
LogMessageType:Unknown
LogMessageContent:Before
LogMessageTime:2014/8/21 0:02:59
LogMessageType:Unknown
LogMessageContent:1
LogMessageTime:2014/8/21 0:02:59
LogMessageType:Unknown
LogMessageContent:2
LogMessageTime:2014/8/21 0:02:59
LogMessageType:Unknown
LogMessageContent:3
LogMessageTime:2014/8/21 0:02:59
LogMessageType:Unknown
LogMessageContent:4
LogMessageTime:2014/8/21 0:02:59
LogMessageType:Unknown
LogMessageContent:5
LogMessageTime:2014/8/21 0:02:59
LogMessageType:Unknown
LogMessageContent:6
LogMessageTime:2014/8/21 0:02:59
LogMessageType:Unknown
LogMessageContent:After
LogMessageTime:2014/8/21 0:02:59
LogMessageType:Unknown
LogMessageContent:Before
LogMessageTime:2014/8/21 0:02:59
LogMessageType:Unknown
LogMessageContent:1
LogMessageTime:2014/8/21 0:02:59
LogMessageType:Unknown
LogMessageContent:2
LogMessageTime:2014/8/21 0:02:59
LogMessageType:Unknown
LogMessageContent:3
LogMessageTime:2014/8/21 0:02:59
LogMessageType:Unknown
LogMessageContent:4
LogMessageTime:2014/8/21 0:02:59
LogMessageType:Unknown
LogMessageContent:5
LogMessageTime:2014/8/21 0:02:59
LogMessageType:Unknown
LogMessageContent:6
LogMessageTime:2014/8/21 0:02:59
LogMessageType:Unknown
LogMessageContent:After
LogMessageTime:2014/8/21 0:03:00
LogMessageType:Unknown
LogMessageContent:Before
LogMessageTime:2014/8/21 0:03:00
LogMessageType:Unknown
LogMessageContent:1
LogMessageTime:2014/8/21 0:03:00
LogMessageType:Unknown
LogMessageContent:2
LogMessageTime:2014/8/21 0:03:00
LogMessageType:Unknown
LogMessageContent:3
LogMessageTime:2014/8/21 0:03:00
LogMessageType:Unknown
LogMessageContent:4
LogMessageTime:2014/8/21 0:03:00
LogMessageType:Unknown
LogMessageContent:5
LogMessageTime:2014/8/21 0:03:00
LogMessageType:Unknown
LogMessageContent:6
LogMessageTime:2014/8/21 0:03:00
LogMessageType:Unknown
LogMessageContent:After
LogMessageTime:2014/8/21 0:03:00
LogMessageType:Unknown
LogMessageContent:Before
LogMessageTime:2014/8/21 0:03:00
LogMessageType:Unknown
LogMessageContent:1
LogMessageTime:2014/8/21 0:03:00
LogMessageType:Unknown
LogMessageContent:2
LogMessageTime:2014/8/21 0:03:00
LogMessageType:Unknown
LogMessageContent:3
LogMessageTime:2014/8/21 0:03:00
LogMessageType:Unknown
LogMessageContent:4
LogMessageTime:2014/8/21 0:03:00
LogMessageType:Unknown
LogMessageContent:5
LogMessageTime:2014/8/21 0:03:00
LogMessageType:Unknown
LogMessageContent:6
LogMessageTime:2014/8/21 0:03:00
LogMessageType:Unknown
LogMessageContent:After
LogMessageTime:2014/8/21 0:03:01
LogMessageType:Unknown
LogMessageContent:Before
LogMessageTime:2014/8/21 0:03:01
LogMessageType:Unknown
LogMessageContent:1
LogMessageTime:2014/8/21 0:03:01
LogMessageType:Unknown
LogMessageContent:2
LogMessageTime:2014/8/21 0:03:01
LogMessageType:Unknown
LogMessageContent:3
LogMessageTime:2014/8/21 0:03:01
LogMessageType:Unknown
LogMessageContent:4
LogMessageTime:2014/8/21 0:03:01
LogMessageType:Unknown
LogMessageContent:5
LogMessageTime:2014/8/21 0:03:01
LogMessageType:Unknown
LogMessageContent:6
LogMessageTime:2014/8/21 0:03:01
LogMessageType:Unknown
LogMessageContent:After
LogMessageTime:2014/8/21 0:03:01
LogMessageType:Unknown
LogMessageContent:Before
LogMessageTime:2014/8/21 0:03:01
LogMessageType:Unknown
LogMessageContent:1
LogMessageTime:2014/8/21 0:03:01
LogMessageType:Unknown
LogMessageContent:2
LogMessageTime:2014/8/21 0:03:01
LogMessageType:Unknown
LogMessageContent:3
LogMessageTime:2014/8/21 0:03:01
LogMessageType:Unknown
LogMessageContent:4
LogMessageTime:2014/8/21 0:03:01
LogMessageType:Unknown
LogMessageContent:5
LogMessageTime:2014/8/21 0:03:01
LogMessageType:Unknown
LogMessageContent:6
LogMessageTime:2014/8/21 0:03:01
LogMessageType:Unknown
LogMessageContent:After
LogMessageTime:2014/8/21 0:03:02
LogMessageType:Unknown
LogMessageContent:Before
LogMessageTime:2014/8/21 0:03:02
LogMessageType:Unknown
LogMessageContent:1
LogMessageTime:2014/8/21 0:03:02
LogMessageType:Unknown
LogMessageContent:2
LogMessageTime:2014/8/21 0:03:02
LogMessageType:Unknown
LogMessageContent:3
LogMessageTime:2014/8/21 0:03:02
LogMessageType:Unknown
LogMessageContent:4
LogMessageTime:2014/8/21 0:03:02
LogMessageType:Unknown
LogMessageContent:5
LogMessageTime:2014/8/21 0:03:02
LogMessageType:Unknown
LogMessageContent:6
LogMessageTime:2014/8/21 0:03:02
LogMessageType:Unknown
LogMessageContent:After
LogMessageTime:2014/8/21 0:03:02
LogMessageType:Unknown
LogMessageContent:Before
LogMessageTime:2014/8/21 0:03:02
LogMessageType:Unknown
LogMessageContent:1
LogMessageTime:2014/8/21 0:03:02
LogMessageType:Unknown
LogMessageContent:2
LogMessageTime:2014/8/21 0:03:02
LogMessageType:Unknown
LogMessageContent:3
LogMessageTime:2014/8/21 0:03:02
LogMessageType:Unknown
LogMessageContent:4
LogMessageTime:2014/8/21 0:03:02
LogMessageType:Unknown
LogMessageContent:5
LogMessageTime:2014/8/21 0:03:02
LogMessageType:Unknown
LogMessageContent:6
LogMessageTime:2014/8/21 0:03:02
LogMessageType:Unknown
LogMessageContent:After
LogMessageTime:2014/8/21 0:03:03
LogMessageType:Unknown
LogMessageContent:Before
LogMessageTime:2014/8/21 0:03:03
LogMessageType:Unknown
LogMessageContent:1
LogMessageTime:2014/8/21 0:03:03
LogMessageType:Unknown
LogMessageContent:2
LogMessageTime:2014/8/21 0:03:03
LogMessageType:Unknown
LogMessageContent:3
LogMessageTime:2014/8/21 0:03:03
LogMessageType:Unknown
LogMessageContent:4
LogMessageTime:2014/8/21 0:03:03
LogMessageType:Unknown
LogMessageContent:5
LogMessageTime:2014/8/21 0:03:03
LogMessageType:Unknown
LogMessageContent:6
LogMessageTime:2014/8/21 0:03:03
LogMessageType:Unknown
LogMessageContent:After
LogMessageTime:2014/8/21 0:03:03
LogMessageType:Unknown
LogMessageContent:Before
LogMessageTime:2014/8/21 0:03:03
LogMessageType:Unknown
LogMessageContent:1
LogMessageTime:2014/8/21 0:03:03
LogMessageType:Unknown
LogMessageContent:2
LogMessageTime:2014/8/21 0:03:03
LogMessageType:Unknown
LogMessageContent:3
LogMessageTime:2014/8/21 0:03:03
LogMessageType:Unknown
LogMessageContent:4
LogMessageTime:2014/8/21 0:03:03
LogMessageType:Unknown
LogMessageContent:5
LogMessageTime:2014/8/21 0:03:03
LogMessageType:Unknown
LogMessageContent:6
LogMessageTime:2014/8/21 0:03:03
LogMessageType:Unknown
LogMessageContent:After
LogMessageTime:2014/8/21 0:03:04
LogMessageType:Unknown
LogMessageContent:Before
LogMessageTime:2014/8/21 0:03:04
LogMessageType:Unknown
LogMessageContent:1
LogMessageTime:2014/8/21 0:03:04
LogMessageType:Unknown
LogMessageContent:2
LogMessageTime:2014/8/21 0:03:04
LogMessageType:Unknown
LogMessageContent:3
LogMessageTime:2014/8/21 0:03:04
LogMessageType:Unknown
LogMessageContent:4
LogMessageTime:2014/8/21 0:03:04
LogMessageType:Unknown
LogMessageContent:5
LogMessageTime:2014/8/21 0:03:04
LogMessageType:Unknown
LogMessageContent:6
LogMessageTime:2014/8/21 0:03:04
LogMessageType:Unknown
LogMessageContent:After
LogMessageTime:2014/8/21 0:03:04
LogMessageType:Unknown
LogMessageContent:Before
LogMessageTime:2014/8/21 0:03:04
LogMessageType:Unknown
LogMessageContent:1
LogMessageTime:2014/8/21 0:03:04
LogMessageType:Unknown
LogMessageContent:2
LogMessageTime:2014/8/21 0:03:04
LogMessageType:Unknown
LogMessageContent:3
LogMessageTime:2014/8/21 0:03:04
LogMessageType:Unknown
LogMessageContent:4
LogMessageTime:2014/8/21 0:03:04
LogMessageType:Unknown
LogMessageContent:5
LogMessageTime:2014/8/21 0:03:04
LogMessageType:Unknown
LogMessageContent:6
LogMessageTime:2014/8/21 0:03:04
LogMessageType:Unknown
LogMessageContent:After
LogMessageTime:2014/8/21 0:03:04
LogMessageType:Unknown
LogMessageContent:Before
LogMessageTime:2014/8/21 0:03:04
LogMessageType:Unknown
LogMessageContent:1
LogMessageTime:2014/8/21 0:03:04
LogMessageType:Unknown
LogMessageContent:2
LogMessageTime:2014/8/21 0:03:04
LogMessageType:Unknown
LogMessageContent:3
LogMessageTime:2014/8/21 0:03:04
LogMessageType:Unknown
LogMessageContent:4
LogMessageTime:2014/8/21 0:03:04
LogMessageType:Unknown
LogMessageContent:5
LogMessageTime:2014/8/21 0:03:04
LogMessageType:Unknown
LogMessageContent:6
LogMessageTime:2014/8/21 0:03:04
LogMessageType:Unknown
LogMessageContent:After
LogMessageTime:2014/8/21 0:03:05
LogMessageType:Unknown
LogMessageContent:Before
LogMessageTime:2014/8/21 0:03:05
LogMessageType:Unknown
LogMessageContent:1
LogMessageTime:2014/8/21 0:03:05
LogMessageType:Unknown
LogMessageContent:2
LogMessageTime:2014/8/21 0:03:05
LogMessageType:Unknown
LogMessageContent:3
LogMessageTime:2014/8/21 0:03:05
LogMessageType:Unknown
LogMessageContent:4
LogMessageTime:2014/8/21 0:03:05
LogMessageType:Unknown
LogMessageContent:5
LogMessageTime:2014/8/21 0:03:05
LogMessageType:Unknown
LogMessageContent:6
LogMessageTime:2014/8/21 0:03:05
LogMessageType:Unknown
LogMessageContent:After
LogMessageTime:2014/8/21 0:03:05
LogMessageType:Unknown
LogMessageContent:Before
LogMessageTime:2014/8/21 0:03:05
LogMessageType:Unknown
LogMessageContent:1
LogMessageTime:2014/8/21 0:03:05
LogMessageType:Unknown
LogMessageContent:2
LogMessageTime:2014/8/21 0:03:05
LogMessageType:Unknown
LogMessageContent:3
LogMessageTime:2014/8/21 0:03:05
LogMessageType:Unknown
LogMessageContent:4
LogMessageTime:2014/8/21 0:03:05
LogMessageType:Unknown
LogMessageContent:5
LogMessageTime:2014/8/21 0:03:05
LogMessageType:Unknown
LogMessageContent:6
LogMessageTime:2014/8/21 0:03:05
LogMessageType:Unknown
LogMessageContent:After
LogMessageTime:2014/8/21 0:03:06
LogMessageType:Unknown
LogMessageContent:Before
LogMessageTime:2014/8/21 0:03:06
LogMessageType:Unknown
LogMessageContent:1
LogMessageTime:2014/8/21 0:03:06
LogMessageType:Unknown
LogMessageContent:2
LogMessageTime:2014/8/21 0:03:06
LogMessageType:Unknown
LogMessageContent:3
LogMessageTime:2014/8/21 0:03:06
LogMessageType:Unknown
LogMessageContent:4
LogMessageTime:2014/8/21 0:03:06
LogMessageType:Unknown
LogMessageContent:5
LogMessageTime:2014/8/21 0:03:06
LogMessageType:Unknown
LogMessageContent:6
LogMessageTime:2014/8/21 0:03:06
LogMessageType:Unknown
LogMessageContent:After
LogMessageTime:2014/8/21 0:03:06
LogMessageType:Unknown
LogMessageContent:Before
LogMessageTime:2014/8/21 0:03:06
LogMessageType:Unknown
LogMessageContent:1
LogMessageTime:2014/8/21 0:03:06
LogMessageType:Unknown
LogMessageContent:2
LogMessageTime:2014/8/21 0:03:06
LogMessageType:Unknown
LogMessageContent:3
LogMessageTime:2014/8/21 0:03:06
LogMessageType:Unknown
LogMessageContent:4
LogMessageTime:2014/8/21 0:03:06
LogMessageType:Unknown
LogMessageContent:5
LogMessageTime:2014/8/21 0:03:06
LogMessageType:Unknown
LogMessageContent:6
LogMessageTime:2014/8/21 0:03:06
LogMessageType:Unknown
LogMessageContent:After
LogMessageTime:2014/8/21 0:03:07
LogMessageType:Unknown
LogMessageContent:Before
LogMessageTime:2014/8/21 0:03:07
LogMessageType:Unknown
LogMessageContent:1
LogMessageTime:2014/8/21 0:03:07
LogMessageType:Unknown
LogMessageContent:2
LogMessageTime:2014/8/21 0:03:07
LogMessageType:Unknown
LogMessageContent:3
LogMessageTime:2014/8/21 0:03:07
LogMessageType:Unknown
LogMessageContent:4
LogMessageTime:2014/8/21 0:03:07
LogMessageType:Unknown
LogMessageContent:5
LogMessageTime:2014/8/21 0:03:07
LogMessageType:Unknown
LogMessageContent:6
LogMessageTime:2014/8/21 0:03:07
LogMessageType:Unknown
LogMessageContent:After
LogMessageTime:2014/8/21 0:03:07
LogMessageType:Unknown
LogMessageContent:Before
LogMessageTime:2014/8/21 0:03:07
LogMessageType:Unknown
LogMessageContent:1
LogMessageTime:2014/8/21 0:03:07
LogMessageType:Unknown
LogMessageContent:2
LogMessageTime:2014/8/21 0:03:07
LogMessageType:Unknown
LogMessageContent:3
LogMessageTime:2014/8/21 0:03:07
LogMessageType:Unknown
LogMessageContent:4
LogMessageTime:2014/8/21 0:03:07
LogMessageType:Unknown
LogMessageContent:5
LogMessageTime:2014/8/21 0:03:07
LogMessageType:Unknown
LogMessageContent:6
LogMessageTime:2014/8/21 0:03:07
LogMessageType:Unknown
LogMessageContent:After
LogMessageTime:2014/8/21 0:03:08
LogMessageType:Unknown
LogMessageContent:Before
LogMessageTime:2014/8/21 0:03:08
LogMessageType:Unknown
LogMessageContent:1
LogMessageTime:2014/8/21 0:03:08
LogMessageType:Unknown
LogMessageContent:2
LogMessageTime:2014/8/21 0:03:08
LogMessageType:Unknown
LogMessageContent:3
LogMessageTime:2014/8/21 0:03:08
LogMessageType:Unknown
LogMessageContent:4
LogMessageTime:2014/8/21 0:03:08
LogMessageType:Unknown
LogMessageContent:5
LogMessageTime:2014/8/21 0:03:08
LogMessageType:Unknown
LogMessageContent:6
LogMessageTime:2014/8/21 0:03:08
LogMessageType:Unknown
LogMessageContent:After
LogMessageTime:2014/8/21 0:05:15
LogMessageType:Error
LogMessageContent:UploadDataAll-->请求通道在 00:01:00 以后尝试发送超时。增加传递给请求调用的超时值，或者增加绑定上的 SendTimeout 值。分配给此操作的时间可能已经是更长超时的一部分。
LogMessageTime:2014/8/21 0:05:54
LogMessageType:Error
LogMessageContent:上传考勤记录失败！
LogMessageTime:2014/8/21 0:08:55
LogMessageType:Warning
LogMessageContent:未连网，请先联网！
LogMessageTime:2014/8/21 0:09:01
LogMessageType:Unknown
LogMessageContent:Before
LogMessageTime:2014/8/21 0:09:01
LogMessageType:Unknown
LogMessageContent:1
LogMessageTime:2014/8/21 0:09:01
LogMessageType:Unknown
LogMessageContent:2
LogMessageTime:2014/8/21 0:09:01
LogMessageType:Unknown
LogMessageContent:3
LogMessageTime:2014/8/21 0:09:01
LogMessageType:Unknown
LogMessageContent:4
LogMessageTime:2014/8/21 0:09:01
LogMessageType:Unknown
LogMessageContent:5
LogMessageTime:2014/8/21 0:09:01
LogMessageType:Unknown
LogMessageContent:6
LogMessageTime:2014/8/21 0:09:01
LogMessageType:Unknown
LogMessageContent:After
LogMessageTime:2014/8/21 0:09:01
LogMessageType:Unknown
LogMessageContent:Before
LogMessageTime:2014/8/21 0:09:01
LogMessageType:Unknown
LogMessageContent:1
LogMessageTime:2014/8/21 0:09:01
LogMessageType:Unknown
LogMessageContent:2
LogMessageTime:2014/8/21 0:09:01
LogMessageType:Unknown
LogMessageContent:3
LogMessageTime:2014/8/21 0:09:01
LogMessageType:Unknown
LogMessageContent:4
LogMessageTime:2014/8/21 0:09:01
LogMessageType:Unknown
LogMessageContent:5
LogMessageTime:2014/8/21 0:09:01
LogMessageType:Unknown
LogMessageContent:6
LogMessageTime:2014/8/21 0:09:01
LogMessageType:Unknown
LogMessageContent:After
LogMessageTime:2014/8/21 0:09:01
LogMessageType:Unknown
LogMessageContent:Before
LogMessageTime:2014/8/21 0:09:01
LogMessageType:Unknown
LogMessageContent:1
LogMessageTime:2014/8/21 0:09:01
LogMessageType:Unknown
LogMessageContent:2
LogMessageTime:2014/8/21 0:09:01
LogMessageType:Unknown
LogMessageContent:3
LogMessageTime:2014/8/21 0:09:01
LogMessageType:Unknown
LogMessageContent:4
LogMessageTime:2014/8/21 0:09:01
LogMessageType:Unknown
LogMessageContent:5
LogMessageTime:2014/8/21 0:09:01
LogMessageType:Unknown
LogMessageContent:6
LogMessageTime:2014/8/21 0:09:01
LogMessageType:Unknown
LogMessageContent:After
LogMessageTime:2014/8/21 0:09:02
LogMessageType:Unknown
LogMessageContent:Before
LogMessageTime:2014/8/21 0:09:02
LogMessageType:Unknown
LogMessageContent:1
LogMessageTime:2014/8/21 0:09:02
LogMessageType:Unknown
LogMessageContent:2
LogMessageTime:2014/8/21 0:09:02
LogMessageType:Unknown
LogMessageContent:3
LogMessageTime:2014/8/21 0:09:02
LogMessageType:Unknown
LogMessageContent:4
LogMessageTime:2014/8/21 0:09:02
LogMessageType:Unknown
LogMessageContent:5
LogMessageTime:2014/8/21 0:09:02
LogMessageType:Unknown
LogMessageContent:6
LogMessageTime:2014/8/21 0:09:02
LogMessageType:Unknown
LogMessageContent:After
LogMessageTime:2014/8/21 0:09:02
LogMessageType:Unknown
LogMessageContent:Before
LogMessageTime:2014/8/21 0:09:02
LogMessageType:Unknown
LogMessageContent:1
LogMessageTime:2014/8/21 0:09:02
LogMessageType:Unknown
LogMessageContent:2
LogMessageTime:2014/8/21 0:09:02
LogMessageType:Unknown
LogMessageContent:3
LogMessageTime:2014/8/21 0:09:02
LogMessageType:Unknown
LogMessageContent:4
LogMessageTime:2014/8/21 0:09:02
LogMessageType:Unknown
LogMessageContent:5
LogMessageTime:2014/8/21 0:09:02
LogMessageType:Unknown
LogMessageContent:6
LogMessageTime:2014/8/21 0:09:02
LogMessageType:Unknown
LogMessageContent:After
LogMessageTime:2014/8/21 0:09:03
LogMessageType:Unknown
LogMessageContent:Before
LogMessageTime:2014/8/21 0:09:03
LogMessageType:Unknown
LogMessageContent:1
LogMessageTime:2014/8/21 0:09:03
LogMessageType:Unknown
LogMessageContent:2
LogMessageTime:2014/8/21 0:09:03
LogMessageType:Unknown
LogMessageContent:3
LogMessageTime:2014/8/21 0:09:03
LogMessageType:Unknown
LogMessageContent:4
LogMessageTime:2014/8/21 0:09:03
LogMessageType:Unknown
LogMessageContent:5
LogMessageTime:2014/8/21 0:09:03
LogMessageType:Unknown
LogMessageContent:6
LogMessageTime:2014/8/21 0:09:03
LogMessageType:Unknown
LogMessageContent:After
LogMessageTime:2014/8/21 0:09:03
LogMessageType:Unknown
LogMessageContent:Before
LogMessageTime:2014/8/21 0:09:03
LogMessageType:Unknown
LogMessageContent:1
LogMessageTime:2014/8/21 0:09:03
LogMessageType:Unknown
LogMessageContent:2
LogMessageTime:2014/8/21 0:09:03
LogMessageType:Unknown
LogMessageContent:3
LogMessageTime:2014/8/21 0:09:03
LogMessageType:Unknown
LogMessageContent:4
LogMessageTime:2014/8/21 0:09:03
LogMessageType:Unknown
LogMessageContent:5
LogMessageTime:2014/8/21 0:09:03
LogMessageType:Unknown
LogMessageContent:6
LogMessageTime:2014/8/21 0:09:03
LogMessageType:Unknown
LogMessageContent:After
LogMessageTime:2014/8/21 0:09:04
LogMessageType:Unknown
LogMessageContent:Before
LogMessageTime:2014/8/21 0:09:04
LogMessageType:Unknown
LogMessageContent:1
LogMessageTime:2014/8/21 0:09:04
LogMessageType:Unknown
LogMessageContent:2
LogMessageTime:2014/8/21 0:09:04
LogMessageType:Unknown
LogMessageContent:3
LogMessageTime:2014/8/21 0:09:04
LogMessageType:Unknown
LogMessageContent:4
LogMessageTime:2014/8/21 0:09:04
LogMessageType:Unknown
LogMessageContent:5
LogMessageTime:2014/8/21 0:09:04
LogMessageType:Unknown
LogMessageContent:6
LogMessageTime:2014/8/21 0:09:04
LogMessageType:Unknown
LogMessageContent:After
LogMessageTime:2014/8/21 0:09:04
LogMessageType:Unknown
LogMessageContent:Before
LogMessageTime:2014/8/21 0:09:04
LogMessageType:Unknown
LogMessageContent:1
LogMessageTime:2014/8/21 0:09:04
LogMessageType:Unknown
LogMessageContent:2
LogMessageTime:2014/8/21 0:09:04
LogMessageType:Unknown
LogMessageContent:3
LogMessageTime:2014/8/21 0:09:04
LogMessageType:Unknown
LogMessageContent:4
LogMessageTime:2014/8/21 0:09:04
LogMessageType:Unknown
LogMessageContent:5
LogMessageTime:2014/8/21 0:09:04
LogMessageType:Unknown
LogMessageContent:6
LogMessageTime:2014/8/21 0:09:04
LogMessageType:Unknown
LogMessageContent:After
LogMessageTime:2014/8/21 0:09:04
LogMessageType:Unknown
LogMessageContent:Before
LogMessageTime:2014/8/21 0:09:05
LogMessageType:Unknown
LogMessageContent:1
LogMessageTime:2014/8/21 0:09:05
LogMessageType:Unknown
LogMessageContent:2
LogMessageTime:2014/8/21 0:09:05
LogMessageType:Unknown
LogMessageContent:3
LogMessageTime:2014/8/21 0:09:05
LogMessageType:Unknown
LogMessageContent:4
LogMessageTime:2014/8/21 0:09:05
LogMessageType:Unknown
LogMessageContent:5
LogMessageTime:2014/8/21 0:09:05
LogMessageType:Unknown
LogMessageContent:6
LogMessageTime:2014/8/21 0:09:05
LogMessageType:Unknown
LogMessageContent:After
LogMessageTime:2014/8/21 0:09:05
LogMessageType:Unknown
LogMessageContent:Before
LogMessageTime:2014/8/21 0:09:05
LogMessageType:Unknown
LogMessageContent:1
LogMessageTime:2014/8/21 0:09:05
LogMessageType:Unknown
LogMessageContent:2
LogMessageTime:2014/8/21 0:09:05
LogMessageType:Unknown
LogMessageContent:3
LogMessageTime:2014/8/21 0:09:05
LogMessageType:Unknown
LogMessageContent:4
LogMessageTime:2014/8/21 0:09:05
LogMessageType:Unknown
LogMessageContent:5
LogMessageTime:2014/8/21 0:09:05
LogMessageType:Unknown
LogMessageContent:6
LogMessageTime:2014/8/21 0:09:05
LogMessageType:Unknown
LogMessageContent:After
LogMessageTime:2014/8/21 0:09:06
LogMessageType:Unknown
LogMessageContent:Before
LogMessageTime:2014/8/21 0:09:06
LogMessageType:Unknown
LogMessageContent:1
LogMessageTime:2014/8/21 0:09:06
LogMessageType:Unknown
LogMessageContent:2
LogMessageTime:2014/8/21 0:09:06
LogMessageType:Unknown
LogMessageContent:3
LogMessageTime:2014/8/21 0:09:06
LogMessageType:Unknown
LogMessageContent:4
LogMessageTime:2014/8/21 0:09:06
LogMessageType:Unknown
LogMessageContent:5
LogMessageTime:2014/8/21 0:09:06
LogMessageType:Unknown
LogMessageContent:6
LogMessageTime:2014/8/21 0:09:06
LogMessageType:Unknown
LogMessageContent:After
LogMessageTime:2014/8/21 0:09:06
LogMessageType:Unknown
LogMessageContent:Before
LogMessageTime:2014/8/21 0:09:06
LogMessageType:Unknown
LogMessageContent:1
LogMessageTime:2014/8/21 0:09:06
LogMessageType:Unknown
LogMessageContent:2
LogMessageTime:2014/8/21 0:09:06
LogMessageType:Unknown
LogMessageContent:3
LogMessageTime:2014/8/21 0:09:06
LogMessageType:Unknown
LogMessageContent:4
LogMessageTime:2014/8/21 0:09:06
LogMessageType:Unknown
LogMessageContent:5
LogMessageTime:2014/8/21 0:09:06
LogMessageType:Unknown
LogMessageContent:6
LogMessageTime:2014/8/21 0:09:06
LogMessageType:Unknown
LogMessageContent:After
LogMessageTime:2014/8/21 0:09:07
LogMessageType:Unknown
LogMessageContent:Before
LogMessageTime:2014/8/21 0:09:07
LogMessageType:Unknown
LogMessageContent:1
LogMessageTime:2014/8/21 0:09:07
LogMessageType:Unknown
LogMessageContent:2
LogMessageTime:2014/8/21 0:09:07
LogMessageType:Unknown
LogMessageContent:3
LogMessageTime:2014/8/21 0:09:07
LogMessageType:Unknown
LogMessageContent:4
LogMessageTime:2014/8/21 0:09:07
LogMessageType:Unknown
LogMessageContent:5
LogMessageTime:2014/8/21 0:09:07
LogMessageType:Unknown
LogMessageContent:6
LogMessageTime:2014/8/21 0:09:07
LogMessageType:Unknown
LogMessageContent:After
LogMessageTime:2014/8/21 0:09:07
LogMessageType:Unknown
LogMessageContent:Before
LogMessageTime:2014/8/21 0:09:07
LogMessageType:Unknown
LogMessageContent:1
LogMessageTime:2014/8/21 0:09:07
LogMessageType:Unknown
LogMessageContent:2
LogMessageTime:2014/8/21 0:09:07
LogMessageType:Unknown
LogMessageContent:3
LogMessageTime:2014/8/21 0:09:07
LogMessageType:Unknown
LogMessageContent:4
LogMessageTime:2014/8/21 0:09:07
LogMessageType:Unknown
LogMessageContent:5
LogMessageTime:2014/8/21 0:09:07
LogMessageType:Unknown
LogMessageContent:6
LogMessageTime:2014/8/21 0:09:07
LogMessageType:Unknown
LogMessageContent:After
LogMessageTime:2014/8/21 0:09:08
LogMessageType:Unknown
LogMessageContent:Before
LogMessageTime:2014/8/21 0:09:08
LogMessageType:Unknown
LogMessageContent:1
LogMessageTime:2014/8/21 0:09:08
LogMessageType:Unknown
LogMessageContent:2
LogMessageTime:2014/8/21 0:09:08
LogMessageType:Unknown
LogMessageContent:3
LogMessageTime:2014/8/21 0:09:08
LogMessageType:Unknown
LogMessageContent:4
LogMessageTime:2014/8/21 0:09:08
LogMessageType:Unknown
LogMessageContent:5
LogMessageTime:2014/8/21 0:09:08
LogMessageType:Unknown
LogMessageContent:6
LogMessageTime:2014/8/21 0:09:08
LogMessageType:Unknown
LogMessageContent:After
LogMessageTime:2014/8/21 0:09:09
LogMessageType:Unknown
LogMessageContent:Before
LogMessageTime:2014/8/21 0:09:09
LogMessageType:Unknown
LogMessageContent:1
LogMessageTime:2014/8/21 0:09:09
LogMessageType:Unknown
LogMessageContent:2
LogMessageTime:2014/8/21 0:09:09
LogMessageType:Unknown
LogMessageContent:3
LogMessageTime:2014/8/21 0:09:09
LogMessageType:Unknown
LogMessageContent:4
LogMessageTime:2014/8/21 0:09:09
LogMessageType:Unknown
LogMessageContent:5
LogMessageTime:2014/8/21 0:09:09
LogMessageType:Unknown
LogMessageContent:6
LogMessageTime:2014/8/21 0:09:09
LogMessageType:Unknown
LogMessageContent:After
LogMessageTime:2014/8/21 0:09:10
LogMessageType:Unknown
LogMessageContent:Before
LogMessageTime:2014/8/21 0:09:10
LogMessageType:Unknown
LogMessageContent:1
LogMessageTime:2014/8/21 0:09:10
LogMessageType:Unknown
LogMessageContent:2
LogMessageTime:2014/8/21 0:09:10
LogMessageType:Unknown
LogMessageContent:3
LogMessageTime:2014/8/21 0:09:10
LogMessageType:Unknown
LogMessageContent:4
LogMessageTime:2014/8/21 0:09:10
LogMessageType:Unknown
LogMessageContent:5
LogMessageTime:2014/8/21 0:09:10
LogMessageType:Unknown
LogMessageContent:6
LogMessageTime:2014/8/21 0:09:10
LogMessageType:Unknown
LogMessageContent:After
LogMessageTime:2014/8/21 0:09:10
LogMessageType:Unknown
LogMessageContent:Before
LogMessageTime:2014/8/21 0:09:10
LogMessageType:Unknown
LogMessageContent:1
LogMessageTime:2014/8/21 0:09:10
LogMessageType:Unknown
LogMessageContent:2
LogMessageTime:2014/8/21 0:09:10
LogMessageType:Unknown
LogMessageContent:3
LogMessageTime:2014/8/21 0:09:10
LogMessageType:Unknown
LogMessageContent:4
LogMessageTime:2014/8/21 0:09:10
LogMessageType:Unknown
LogMessageContent:5
LogMessageTime:2014/8/21 0:09:10
LogMessageType:Unknown
LogMessageContent:6
LogMessageTime:2014/8/21 0:09:10
LogMessageType:Unknown
LogMessageContent:After
LogMessageTime:2014/8/21 0:09:11
LogMessageType:Unknown
LogMessageContent:Before
LogMessageTime:2014/8/21 0:09:11
LogMessageType:Unknown
LogMessageContent:1
LogMessageTime:2014/8/21 0:09:11
LogMessageType:Unknown
LogMessageContent:2
LogMessageTime:2014/8/21 0:09:11
LogMessageType:Unknown
LogMessageContent:3
LogMessageTime:2014/8/21 0:09:11
LogMessageType:Unknown
LogMessageContent:4
LogMessageTime:2014/8/21 0:09:11
LogMessageType:Unknown
LogMessageContent:5
LogMessageTime:2014/8/21 0:09:11
LogMessageType:Unknown
LogMessageContent:6
LogMessageTime:2014/8/21 0:09:11
LogMessageType:Unknown
LogMessageContent:After
LogMessageTime:2014/8/21 0:09:12
LogMessageType:Unknown
LogMessageContent:Before
LogMessageTime:2014/8/21 0:09:12
LogMessageType:Unknown
LogMessageContent:1
LogMessageTime:2014/8/21 0:09:12
LogMessageType:Unknown
LogMessageContent:2
LogMessageTime:2014/8/21 0:09:12
LogMessageType:Unknown
LogMessageContent:3
LogMessageTime:2014/8/21 0:09:12
LogMessageType:Unknown
LogMessageContent:4
LogMessageTime:2014/8/21 0:09:12
LogMessageType:Unknown
LogMessageContent:5
LogMessageTime:2014/8/21 0:09:12
LogMessageType:Unknown
LogMessageContent:6
LogMessageTime:2014/8/21 0:09:12
LogMessageType:Unknown
LogMessageContent:After
LogMessageTime:2014/8/21 0:09:12
LogMessageType:Unknown
LogMessageContent:Before
LogMessageTime:2014/8/21 0:09:12
LogMessageType:Unknown
LogMessageContent:1
LogMessageTime:2014/8/21 0:09:12
LogMessageType:Unknown
LogMessageContent:2
LogMessageTime:2014/8/21 0:09:12
LogMessageType:Unknown
LogMessageContent:3
LogMessageTime:2014/8/21 0:09:12
LogMessageType:Unknown
LogMessageContent:4
LogMessageTime:2014/8/21 0:09:12
LogMessageType:Unknown
LogMessageContent:5
LogMessageTime:2014/8/21 0:09:12
LogMessageType:Unknown
LogMessageContent:6
LogMessageTime:2014/8/21 0:09:12
LogMessageType:Unknown
LogMessageContent:After
LogMessageTime:2014/8/21 0:09:14
LogMessageType:Unknown
LogMessageContent:Before
LogMessageTime:2014/8/21 0:09:14
LogMessageType:Unknown
LogMessageContent:1
LogMessageTime:2014/8/21 0:09:14
LogMessageType:Unknown
LogMessageContent:2
LogMessageTime:2014/8/21 0:09:14
LogMessageType:Unknown
LogMessageContent:3
LogMessageTime:2014/8/21 0:09:14
LogMessageType:Unknown
LogMessageContent:4
LogMessageTime:2014/8/21 0:09:14
LogMessageType:Unknown
LogMessageContent:5
LogMessageTime:2014/8/21 0:09:14
LogMessageType:Unknown
LogMessageContent:6
LogMessageTime:2014/8/21 0:09:14
LogMessageType:Unknown
LogMessageContent:After
LogMessageTime:2014/8/21 0:09:14
LogMessageType:Unknown
LogMessageContent:Before
LogMessageTime:2014/8/21 0:09:14
LogMessageType:Unknown
LogMessageContent:1
LogMessageTime:2014/8/21 0:09:14
LogMessageType:Unknown
LogMessageContent:2
LogMessageTime:2014/8/21 0:09:14
LogMessageType:Unknown
LogMessageContent:3
LogMessageTime:2014/8/21 0:09:14
LogMessageType:Unknown
LogMessageContent:4
LogMessageTime:2014/8/21 0:09:14
LogMessageType:Unknown
LogMessageContent:5
LogMessageTime:2014/8/21 0:09:14
LogMessageType:Unknown
LogMessageContent:6
LogMessageTime:2014/8/21 0:09:14
LogMessageType:Unknown
LogMessageContent:After
LogMessageTime:2014/8/21 0:09:46
LogMessageType:Success
LogMessageContent:上传考勤记录成功！
LogMessageTime:2014/8/21 0:58:57
LogMessageType:Success
LogMessageContent:上传考勤记录成功！
