LogMessageTime:2014/8/24 10:11:44
LogMessageType:Error
LogMessageContent:初始化IC卡读写器失败，请检查连接是否正确。返回码：-32
LogMessageTime:2014/8/24 10:12:20
LogMessageType:Error
LogMessageContent:初始化温度计设备失败！
LogMessageTime:2014/8/24 11:03:33
LogMessageType:Success
LogMessageContent:上传考勤记录成功！
LogMessageTime:2014/8/24 11:03:43
LogMessageType:Error
LogMessageContent:初始化IC卡读写器失败，请检查连接是否正确。返回码：-32
LogMessageTime:2014/8/24 11:07:12
LogMessageType:Success
LogMessageContent:上传考勤记录成功！
LogMessageTime:2014/8/24 11:07:13
LogMessageType:Error
LogMessageContent:初始化IC卡读写器失败，请检查连接是否正确。返回码：-32
LogMessageTime:2014/8/24 11:19:24
LogMessageType:Success
LogMessageContent:上传考勤记录成功！
LogMessageTime:2014/8/24 11:19:24
LogMessageType:Error
LogMessageContent:初始化IC卡读写器失败，请检查连接是否正确。返回码：-32
LogMessageTime:2014/8/24 11:28:27
LogMessageType:Error
LogMessageContent:初始化IC卡读写器失败，请检查连接是否正确。返回码：-32
LogMessageTime:2014/8/24 11:29:00
LogMessageType:Error
LogMessageContent:初始化温度计设备失败！
LogMessageTime:2014/8/24 11:30:13
LogMessageType:Error
LogMessageContent:初始化IC卡读写器失败，请检查连接是否正确。返回码：-32
LogMessageTime:2014/8/24 11:33:52
LogMessageType:Error
LogMessageContent:初始化IC卡读写器失败，请检查连接是否正确。返回码：-32
LogMessageTime:2014/8/24 11:33:54
LogMessageType:Error
LogMessageContent:初始化温度计设备失败！
LogMessageTime:2014/8/24 11:35:51
LogMessageType:Error
LogMessageContent:初始化IC卡读写器失败，请检查连接是否正确。返回码：-32
LogMessageTime:2014/8/24 11:36:39
LogMessageType:Error
LogMessageContent:初始化温度计设备失败！
LogMessageTime:2014/8/24 13:01:16
LogMessageType:Error
LogMessageContent:初始化IC卡读写器失败，请检查连接是否正确。返回码：-32
LogMessageTime:2014/8/24 13:01:18
LogMessageType:Error
LogMessageContent:初始化温度计设备失败！
LogMessageTime:2014/8/24 13:01:27
LogMessageType:Error
LogMessageContent:初始化IC卡读写器失败，请检查连接是否正确。返回码：-32
LogMessageTime:2014/8/24 13:01:38
LogMessageType:Error
LogMessageContent:初始化温度计设备失败！
LogMessageTime:2014/8/24 13:04:14
LogMessageType:Error
LogMessageContent:初始化IC卡读写器失败，请检查连接是否正确。返回码：-32
LogMessageTime:2014/8/24 13:04:21
LogMessageType:Error
LogMessageContent:初始化温度计设备失败！
LogMessageTime:2014/8/24 13:05:06
LogMessageType:Error
LogMessageContent:初始化IC卡读写器失败，请检查连接是否正确。返回码：-32
LogMessageTime:2014/8/24 13:05:08
LogMessageType:Error
LogMessageContent:初始化温度计设备失败！
LogMessageTime:2014/8/24 13:09:13
LogMessageType:Error
LogMessageContent:初始化IC卡读写器失败，请检查连接是否正确。返回码：-32
LogMessageTime:2014/8/24 13:12:34
LogMessageType:Error
LogMessageContent:初始化IC卡读写器失败，请检查连接是否正确。返回码：-32
LogMessageTime:2014/8/24 13:12:39
LogMessageType:Error
LogMessageContent:初始化温度计设备失败！
LogMessageTime:2014/8/24 13:12:53
LogMessageType:Error
LogMessageContent:初始化IC卡读写器失败，请检查连接是否正确。返回码：-32
LogMessageTime:2014/8/24 13:12:55
LogMessageType:Error
LogMessageContent:初始化温度计设备失败！
LogMessageTime:2014/8/24 13:15:34
LogMessageType:Error
LogMessageContent:初始化IC卡读写器失败，请检查连接是否正确。返回码：-32
LogMessageTime:2014/8/24 13:15:36
LogMessageType:Error
LogMessageContent:初始化温度计设备失败！
LogMessageTime:2014/8/24 13:15:59
LogMessageType:Error
LogMessageContent:初始化IC卡读写器失败，请检查连接是否正确。返回码：-32
LogMessageTime:2014/8/24 13:16:06
LogMessageType:Error
LogMessageContent:初始化温度计设备失败！
LogMessageTime:2014/8/24 13:16:46
LogMessageType:Error
LogMessageContent:初始化IC卡读写器失败，请检查连接是否正确。返回码：-32
LogMessageTime:2014/8/24 13:16:53
LogMessageType:Error
LogMessageContent:初始化温度计设备失败！
LogMessageTime:2014/8/24 13:18:40
LogMessageType:Success
LogMessageContent:上传考勤记录成功！
LogMessageTime:2014/8/24 13:18:42
LogMessageType:Error
LogMessageContent:初始化IC卡读写器失败，请检查连接是否正确。返回码：-32
LogMessageTime:2014/8/24 13:18:43
LogMessageType:Error
LogMessageContent:初始化温度计设备失败！
LogMessageTime:2014/8/24 13:22:59
LogMessageType:Error
LogMessageContent:初始化IC卡读写器失败，请检查连接是否正确。返回码：-32
LogMessageTime:2014/8/24 13:23:02
LogMessageType:Error
LogMessageContent:初始化温度计设备失败！
LogMessageTime:2014/8/24 13:23:43
LogMessageType:Error
LogMessageContent:初始化IC卡读写器失败，请检查连接是否正确。返回码：-32
LogMessageTime:2014/8/24 13:23:44
LogMessageType:Error
LogMessageContent:初始化温度计设备失败！
LogMessageTime:2014/8/24 13:29:02
LogMessageType:Error
LogMessageContent:初始化IC卡读写器失败，请检查连接是否正确。返回码：-32
LogMessageTime:2014/8/24 13:29:04
LogMessageType:Error
LogMessageContent:初始化温度计设备失败！
