LogMessageTime:2015-06-08 0:04:54
LogMessageType:Error
LogMessageContent:ggg_webserviceManager0:04
LogMessageTime:2015-06-08 0:04:54
LogMessageType:Success
LogMessageContent:上传考勤记录成功！
LogMessageTime:2015-06-08 0:04:55
LogMessageType:Error
LogMessageContent:ggg_InitDevices0:04
LogMessageTime:2015-06-08 0:05:02
LogMessageType:Error
LogMessageContent:初始化温度计设备失败！
LogMessageTime:2015-06-08 0:05:03
LogMessageType:Error
LogMessageContent:ggg_InitDevices0:05
LogMessageTime:2015-06-08 0:05:28
LogMessageType:Unknown
LogMessageContent:Before
LogMessageTime:2015-06-08 0:05:28
LogMessageType:Unknown
LogMessageContent:1
LogMessageTime:2015-06-08 0:05:28
LogMessageType:Unknown
LogMessageContent:2
LogMessageTime:2015-06-08 0:05:28
LogMessageType:Unknown
LogMessageContent:3
LogMessageTime:2015-06-08 0:05:28
LogMessageType:Unknown
LogMessageContent:4
LogMessageTime:2015-06-08 0:05:28
LogMessageType:Unknown
LogMessageContent:5
LogMessageTime:2015-06-08 0:05:28
LogMessageType:Unknown
LogMessageContent:6
