LogMessageTime:2015-05-17 0:17:55
LogMessageType:Error
LogMessageContent:ggg_webserviceManager0:17
LogMessageTime:2015-05-17 0:17:56
LogMessageType:Success
LogMessageContent:上传考勤记录成功！
LogMessageTime:2015-05-17 0:17:56
LogMessageType:Error
LogMessageContent:ggg_InitDevices0:17
LogMessageTime:2015-05-17 0:32:51
LogMessageType:Error
LogMessageContent:ggg_webserviceManager0:32
LogMessageTime:2015-05-17 0:32:52
LogMessageType:Success
LogMessageContent:上传考勤记录成功！
LogMessageTime:2015-05-17 0:32:53
LogMessageType:Error
LogMessageContent:ggg_InitDevices0:32
LogMessageTime:2015-05-17 0:37:16
LogMessageType:Error
LogMessageContent:ggg_webserviceManager0:37
LogMessageTime:2015-05-17 0:37:17
LogMessageType:Success
LogMessageContent:上传考勤记录成功！
LogMessageTime:2015-05-17 0:37:17
LogMessageType:Error
LogMessageContent:ggg_InitDevices0:37
LogMessageTime:2015-05-17 0:38:25
LogMessageType:Error
LogMessageContent:ggg_webserviceManager0:38
LogMessageTime:2015-05-17 0:38:26
LogMessageType:Success
LogMessageContent:上传考勤记录成功！
LogMessageTime:2015-05-17 0:38:26
LogMessageType:Error
LogMessageContent:ggg_InitDevices0:38
LogMessageTime:2015-05-17 15:35:08
LogMessageType:Error
LogMessageContent:ggg_webserviceManager15:35
LogMessageTime:2015-05-17 15:35:09
LogMessageType:Success
LogMessageContent:上传考勤记录成功！
LogMessageTime:2015-05-17 15:35:09
LogMessageType:Error
LogMessageContent:ggg_InitDevices15:35
LogMessageTime:2015-05-17 15:37:21
LogMessageType:Error
LogMessageContent:ggg_webserviceManager15:37
LogMessageTime:2015-05-17 15:37:22
LogMessageType:Success
LogMessageContent:上传考勤记录成功！
LogMessageTime:2015-05-17 15:37:22
LogMessageType:Error
LogMessageContent:ggg_InitDevices15:37
LogMessageTime:2015-05-17 15:37:23
LogMessageType:Error
LogMessageContent:初始化温度计设备失败！
LogMessageTime:2015-05-17 15:37:23
LogMessageType:Error
LogMessageContent:ggg_InitDevices15:37
LogMessageTime:2015-05-17 15:37:58
LogMessageType:Unknown
LogMessageContent:Before
LogMessageTime:2015-05-17 15:38:02
LogMessageType:Unknown
LogMessageContent:Before
LogMessageTime:2015-05-17 15:38:03
LogMessageType:Unknown
LogMessageContent:Before
LogMessageTime:2015-05-17 15:38:04
LogMessageType:Unknown
LogMessageContent:Before
LogMessageTime:2015-05-17 15:38:05
LogMessageType:Unknown
LogMessageContent:Before
LogMessageTime:2015-05-17 15:38:06
LogMessageType:Unknown
LogMessageContent:Before
LogMessageTime:2015-05-17 15:38:07
LogMessageType:Unknown
LogMessageContent:Before
LogMessageTime:2015-05-17 15:38:08
LogMessageType:Unknown
LogMessageContent:Before
LogMessageTime:2015-05-17 15:38:10
LogMessageType:Unknown
LogMessageContent:Before
LogMessageTime:2015-05-17 15:38:11
LogMessageType:Unknown
LogMessageContent:Before
LogMessageTime:2015-05-17 15:38:12
LogMessageType:Unknown
LogMessageContent:Before
LogMessageTime:2015-05-17 15:38:13
LogMessageType:Unknown
LogMessageContent:Before
LogMessageTime:2015-05-17 15:38:14
LogMessageType:Unknown
LogMessageContent:Before
LogMessageTime:2015-05-17 15:38:15
LogMessageType:Unknown
LogMessageContent:Before
LogMessageTime:2015-05-17 15:38:16
LogMessageType:Unknown
LogMessageContent:Before
LogMessageTime:2015-05-17 15:38:17
LogMessageType:Unknown
LogMessageContent:Before
LogMessageTime:2015-05-17 15:38:19
LogMessageType:Unknown
LogMessageContent:Before
LogMessageTime:2015-05-17 15:38:20
LogMessageType:Unknown
LogMessageContent:Before
LogMessageTime:2015-05-17 15:38:21
LogMessageType:Unknown
LogMessageContent:Before
LogMessageTime:2015-05-17 15:38:22
LogMessageType:Unknown
LogMessageContent:Before
LogMessageTime:2015-05-17 15:38:23
LogMessageType:Unknown
LogMessageContent:Before
LogMessageTime:2015-05-17 15:38:24
LogMessageType:Unknown
LogMessageContent:Before
LogMessageTime:2015-05-17 15:38:25
LogMessageType:Unknown
LogMessageContent:Before
LogMessageTime:2015-05-17 15:38:26
LogMessageType:Unknown
LogMessageContent:Before
LogMessageTime:2015-05-17 15:38:27
LogMessageType:Unknown
LogMessageContent:Before
LogMessageTime:2015-05-17 15:38:29
LogMessageType:Unknown
LogMessageContent:Before
LogMessageTime:2015-05-17 15:38:30
LogMessageType:Unknown
LogMessageContent:Before
LogMessageTime:2015-05-17 15:38:31
LogMessageType:Unknown
LogMessageContent:Before
LogMessageTime:2015-05-17 15:38:32
LogMessageType:Unknown
LogMessageContent:Before
LogMessageTime:2015-05-17 15:38:33
LogMessageType:Unknown
LogMessageContent:Before
LogMessageTime:2015-05-17 15:38:34
LogMessageType:Unknown
LogMessageContent:Before
LogMessageTime:2015-05-17 15:38:35
LogMessageType:Unknown
LogMessageContent:Before
LogMessageTime:2015-05-17 15:38:36
LogMessageType:Unknown
LogMessageContent:Before
LogMessageTime:2015-05-17 15:38:37
LogMessageType:Unknown
LogMessageContent:Before
LogMessageTime:2015-05-17 15:38:38
LogMessageType:Unknown
LogMessageContent:Before
LogMessageTime:2015-05-17 15:38:40
LogMessageType:Unknown
LogMessageContent:Before
LogMessageTime:2015-05-17 15:38:41
LogMessageType:Unknown
LogMessageContent:Before
LogMessageTime:2015-05-17 15:38:42
LogMessageType:Unknown
LogMessageContent:Before
LogMessageTime:2015-05-17 15:38:43
LogMessageType:Unknown
LogMessageContent:Before
LogMessageTime:2015-05-17 15:38:45
LogMessageType:Unknown
LogMessageContent:Before
LogMessageTime:2015-05-17 15:38:46
LogMessageType:Unknown
LogMessageContent:Before
LogMessageTime:2015-05-17 15:38:47
LogMessageType:Unknown
LogMessageContent:Before
LogMessageTime:2015-05-17 15:38:48
LogMessageType:Unknown
LogMessageContent:Before
LogMessageTime:2015-05-17 15:38:49
LogMessageType:Unknown
LogMessageContent:Before
LogMessageTime:2015-05-17 15:38:50
LogMessageType:Unknown
LogMessageContent:Before
LogMessageTime:2015-05-17 15:38:51
LogMessageType:Unknown
LogMessageContent:Before
LogMessageTime:2015-05-17 15:38:53
LogMessageType:Unknown
LogMessageContent:Before
LogMessageTime:2015-05-17 15:38:54
LogMessageType:Unknown
LogMessageContent:Before
LogMessageTime:2015-05-17 15:38:55
LogMessageType:Unknown
LogMessageContent:Before
LogMessageTime:2015-05-17 15:38:56
LogMessageType:Unknown
LogMessageContent:Before
LogMessageTime:2015-05-17 15:38:57
LogMessageType:Unknown
LogMessageContent:Before
LogMessageTime:2015-05-17 15:38:59
LogMessageType:Unknown
LogMessageContent:Before
LogMessageTime:2015-05-17 15:39:00
LogMessageType:Unknown
LogMessageContent:Before
LogMessageTime:2015-05-17 15:39:01
LogMessageType:Unknown
LogMessageContent:Before
LogMessageTime:2015-05-17 15:39:02
LogMessageType:Unknown
LogMessageContent:Before
LogMessageTime:2015-05-17 15:39:03
LogMessageType:Unknown
LogMessageContent:Before
LogMessageTime:2015-05-17 15:39:05
LogMessageType:Unknown
LogMessageContent:Before
LogMessageTime:2015-05-17 15:39:06
LogMessageType:Unknown
LogMessageContent:Before
LogMessageTime:2015-05-17 15:39:07
LogMessageType:Unknown
LogMessageContent:Before
LogMessageTime:2015-05-17 15:39:08
LogMessageType:Unknown
LogMessageContent:Before
LogMessageTime:2015-05-17 15:39:09
LogMessageType:Unknown
LogMessageContent:Before
LogMessageTime:2015-05-17 15:39:10
LogMessageType:Unknown
LogMessageContent:Before
LogMessageTime:2015-05-17 15:39:12
LogMessageType:Unknown
LogMessageContent:Before
LogMessageTime:2015-05-17 15:39:13
LogMessageType:Unknown
LogMessageContent:Before
LogMessageTime:2015-05-17 15:39:14
LogMessageType:Unknown
LogMessageContent:Before
LogMessageTime:2015-05-17 15:39:15
LogMessageType:Unknown
LogMessageContent:Before
LogMessageTime:2015-05-17 15:39:16
LogMessageType:Unknown
LogMessageContent:Before
LogMessageTime:2015-05-17 15:39:17
LogMessageType:Unknown
LogMessageContent:Before
LogMessageTime:2015-05-17 15:39:19
LogMessageType:Unknown
LogMessageContent:Before
LogMessageTime:2015-05-17 15:39:20
LogMessageType:Unknown
LogMessageContent:Before
LogMessageTime:2015-05-17 15:39:21
LogMessageType:Unknown
LogMessageContent:Before
LogMessageTime:2015-05-17 15:39:22
LogMessageType:Unknown
LogMessageContent:Before
LogMessageTime:2015-05-17 15:39:23
LogMessageType:Unknown
LogMessageContent:Before
LogMessageTime:2015-05-17 15:39:25
LogMessageType:Unknown
LogMessageContent:Before
LogMessageTime:2015-05-17 15:39:26
LogMessageType:Unknown
LogMessageContent:Before
LogMessageTime:2015-05-17 15:39:27
LogMessageType:Unknown
LogMessageContent:Before
LogMessageTime:2015-05-17 15:39:28
LogMessageType:Unknown
LogMessageContent:Before
LogMessageTime:2015-05-17 15:39:29
LogMessageType:Unknown
LogMessageContent:Before
LogMessageTime:2015-05-17 15:39:31
LogMessageType:Unknown
LogMessageContent:Before
LogMessageTime:2015-05-17 15:39:32
LogMessageType:Unknown
LogMessageContent:Before
LogMessageTime:2015-05-17 15:39:33
LogMessageType:Unknown
LogMessageContent:Before
LogMessageTime:2015-05-17 15:39:34
LogMessageType:Unknown
LogMessageContent:Before
LogMessageTime:2015-05-17 15:39:35
LogMessageType:Unknown
LogMessageContent:Before
LogMessageTime:2015-05-17 15:39:37
LogMessageType:Unknown
LogMessageContent:Before
LogMessageTime:2015-05-17 15:39:38
LogMessageType:Unknown
LogMessageContent:Before
LogMessageTime:2015-05-17 15:39:39
LogMessageType:Unknown
LogMessageContent:Before
LogMessageTime:2015-05-17 15:39:40
LogMessageType:Unknown
LogMessageContent:Before
LogMessageTime:2015-05-17 15:39:41
LogMessageType:Unknown
LogMessageContent:Before
LogMessageTime:2015-05-17 15:39:42
LogMessageType:Unknown
LogMessageContent:Before
LogMessageTime:2015-05-17 15:39:43
LogMessageType:Unknown
LogMessageContent:Before
LogMessageTime:2015-05-17 15:39:45
LogMessageType:Unknown
LogMessageContent:Before
LogMessageTime:2015-05-17 15:39:46
LogMessageType:Unknown
LogMessageContent:Before
LogMessageTime:2015-05-17 15:39:47
LogMessageType:Unknown
LogMessageContent:Before
LogMessageTime:2015-05-17 15:39:48
LogMessageType:Unknown
LogMessageContent:Before
LogMessageTime:2015-05-17 15:39:49
LogMessageType:Unknown
LogMessageContent:Before
LogMessageTime:2015-05-17 15:39:50
LogMessageType:Unknown
LogMessageContent:Before
LogMessageTime:2015-05-17 15:39:51
LogMessageType:Unknown
LogMessageContent:Before
LogMessageTime:2015-05-17 15:39:52
LogMessageType:Unknown
LogMessageContent:Before
LogMessageTime:2015-05-17 15:39:53
LogMessageType:Unknown
LogMessageContent:Before
LogMessageTime:2015-05-17 15:39:54
LogMessageType:Unknown
LogMessageContent:Before
LogMessageTime:2015-05-17 15:39:56
LogMessageType:Unknown
LogMessageContent:Before
LogMessageTime:2015-05-17 15:39:57
LogMessageType:Unknown
LogMessageContent:Before
LogMessageTime:2015-05-17 15:39:58
LogMessageType:Unknown
LogMessageContent:Before
LogMessageTime:2015-05-17 15:39:59
LogMessageType:Unknown
LogMessageContent:Before
LogMessageTime:2015-05-17 15:40:00
LogMessageType:Unknown
LogMessageContent:Before
LogMessageTime:2015-05-17 15:40:01
LogMessageType:Unknown
LogMessageContent:Before
LogMessageTime:2015-05-17 15:40:02
LogMessageType:Unknown
LogMessageContent:Before
LogMessageTime:2015-05-17 15:40:04
LogMessageType:Unknown
LogMessageContent:Before
LogMessageTime:2015-05-17 15:40:05
LogMessageType:Unknown
LogMessageContent:Before
LogMessageTime:2015-05-17 15:40:06
LogMessageType:Unknown
LogMessageContent:Before
LogMessageTime:2015-05-17 15:40:07
LogMessageType:Unknown
LogMessageContent:Before
LogMessageTime:2015-05-17 15:40:08
LogMessageType:Unknown
LogMessageContent:Before
LogMessageTime:2015-05-17 15:40:09
LogMessageType:Unknown
LogMessageContent:Before
LogMessageTime:2015-05-17 15:40:11
LogMessageType:Unknown
LogMessageContent:Before
LogMessageTime:2015-05-17 15:40:12
LogMessageType:Unknown
LogMessageContent:Before
LogMessageTime:2015-05-17 15:40:13
LogMessageType:Unknown
LogMessageContent:Before
LogMessageTime:2015-05-17 15:40:15
LogMessageType:Unknown
LogMessageContent:Before
LogMessageTime:2015-05-17 15:40:17
LogMessageType:Unknown
LogMessageContent:Before
LogMessageTime:2015-05-17 15:40:19
LogMessageType:Unknown
LogMessageContent:Before
LogMessageTime:2015-05-17 15:40:20
LogMessageType:Unknown
LogMessageContent:Before
LogMessageTime:2015-05-17 15:40:21
LogMessageType:Unknown
LogMessageContent:Before
LogMessageTime:2015-05-17 15:40:23
LogMessageType:Unknown
LogMessageContent:Before
LogMessageTime:2015-05-17 15:40:24
LogMessageType:Unknown
LogMessageContent:Before
LogMessageTime:2015-05-17 15:40:25
LogMessageType:Unknown
LogMessageContent:Before
LogMessageTime:2015-05-17 15:40:26
LogMessageType:Unknown
LogMessageContent:Before
LogMessageTime:2015-05-17 15:40:28
LogMessageType:Unknown
LogMessageContent:Before
LogMessageTime:2015-05-17 15:40:30
LogMessageType:Unknown
LogMessageContent:Before
LogMessageTime:2015-05-17 15:40:31
LogMessageType:Unknown
LogMessageContent:Before
LogMessageTime:2015-05-17 15:40:32
LogMessageType:Unknown
LogMessageContent:Before
LogMessageTime:2015-05-17 15:40:33
LogMessageType:Unknown
LogMessageContent:Before
LogMessageTime:2015-05-17 15:40:35
LogMessageType:Unknown
LogMessageContent:Before
LogMessageTime:2015-05-17 15:40:36
LogMessageType:Unknown
LogMessageContent:Before
LogMessageTime:2015-05-17 15:40:37
LogMessageType:Unknown
LogMessageContent:Before
LogMessageTime:2015-05-17 15:40:39
LogMessageType:Unknown
LogMessageContent:Before
LogMessageTime:2015-05-17 15:40:40
LogMessageType:Unknown
LogMessageContent:Before
LogMessageTime:2015-05-17 15:40:41
LogMessageType:Unknown
LogMessageContent:Before
LogMessageTime:2015-05-17 15:40:43
LogMessageType:Unknown
LogMessageContent:Before
LogMessageTime:2015-05-17 15:40:44
LogMessageType:Unknown
LogMessageContent:Before
LogMessageTime:2015-05-17 15:40:46
LogMessageType:Unknown
LogMessageContent:Before
LogMessageTime:2015-05-17 15:40:47
LogMessageType:Unknown
LogMessageContent:Before
LogMessageTime:2015-05-17 15:40:48
LogMessageType:Unknown
LogMessageContent:Before
LogMessageTime:2015-05-17 15:40:49
LogMessageType:Unknown
LogMessageContent:Before
LogMessageTime:2015-05-17 15:40:51
LogMessageType:Unknown
LogMessageContent:Before
LogMessageTime:2015-05-17 15:40:52
LogMessageType:Unknown
LogMessageContent:Before
LogMessageTime:2015-05-17 15:40:53
LogMessageType:Unknown
LogMessageContent:Before
LogMessageTime:2015-05-17 15:40:54
LogMessageType:Unknown
LogMessageContent:Before
LogMessageTime:2015-05-17 15:40:55
LogMessageType:Unknown
LogMessageContent:Before
LogMessageTime:2015-05-17 15:40:57
LogMessageType:Unknown
LogMessageContent:Before
LogMessageTime:2015-05-17 15:40:58
LogMessageType:Unknown
LogMessageContent:Before
LogMessageTime:2015-05-17 15:40:59
LogMessageType:Unknown
LogMessageContent:Before
LogMessageTime:2015-05-17 15:41:00
LogMessageType:Unknown
LogMessageContent:Before
LogMessageTime:2015-05-17 15:41:02
LogMessageType:Unknown
LogMessageContent:Before
LogMessageTime:2015-05-17 15:41:03
LogMessageType:Unknown
LogMessageContent:Before
LogMessageTime:2015-05-17 15:41:04
LogMessageType:Unknown
LogMessageContent:Before
LogMessageTime:2015-05-17 15:41:05
LogMessageType:Unknown
LogMessageContent:Before
LogMessageTime:2015-05-17 15:41:07
LogMessageType:Unknown
LogMessageContent:Before
LogMessageTime:2015-05-17 15:41:08
LogMessageType:Unknown
LogMessageContent:Before
LogMessageTime:2015-05-17 15:41:09
LogMessageType:Unknown
LogMessageContent:Before
LogMessageTime:2015-05-17 15:41:10
LogMessageType:Unknown
LogMessageContent:Before
LogMessageTime:2015-05-17 15:41:12
LogMessageType:Unknown
LogMessageContent:Before
LogMessageTime:2015-05-17 15:41:13
LogMessageType:Unknown
LogMessageContent:Before
LogMessageTime:2015-05-17 15:41:14
LogMessageType:Unknown
LogMessageContent:Before
LogMessageTime:2015-05-17 15:41:15
LogMessageType:Unknown
LogMessageContent:Before
LogMessageTime:2015-05-17 15:41:17
LogMessageType:Unknown
LogMessageContent:Before
LogMessageTime:2015-05-17 15:41:18
LogMessageType:Unknown
LogMessageContent:Before
LogMessageTime:2015-05-17 15:41:19
LogMessageType:Unknown
LogMessageContent:Before
LogMessageTime:2015-05-17 15:41:20
LogMessageType:Unknown
LogMessageContent:Before
LogMessageTime:2015-05-17 15:41:22
LogMessageType:Unknown
LogMessageContent:Before
LogMessageTime:2015-05-17 15:41:23
LogMessageType:Unknown
LogMessageContent:Before
LogMessageTime:2015-05-17 15:41:24
LogMessageType:Unknown
LogMessageContent:Before
LogMessageTime:2015-05-17 15:41:26
LogMessageType:Unknown
LogMessageContent:Before
LogMessageTime:2015-05-17 15:41:27
LogMessageType:Unknown
LogMessageContent:Before
LogMessageTime:2015-05-17 15:41:28
LogMessageType:Unknown
LogMessageContent:Before
LogMessageTime:2015-05-17 15:41:29
LogMessageType:Unknown
LogMessageContent:Before
LogMessageTime:2015-05-17 15:41:30
LogMessageType:Unknown
LogMessageContent:Before
LogMessageTime:2015-05-17 15:41:32
LogMessageType:Unknown
LogMessageContent:Before
LogMessageTime:2015-05-17 15:41:33
LogMessageType:Unknown
LogMessageContent:Before
LogMessageTime:2015-05-17 15:41:34
LogMessageType:Unknown
LogMessageContent:Before
LogMessageTime:2015-05-17 15:41:35
LogMessageType:Unknown
LogMessageContent:Before
LogMessageTime:2015-05-17 15:41:36
LogMessageType:Unknown
LogMessageContent:Before
LogMessageTime:2015-05-17 15:41:38
LogMessageType:Unknown
LogMessageContent:Before
LogMessageTime:2015-05-17 15:41:39
LogMessageType:Unknown
LogMessageContent:Before
LogMessageTime:2015-05-17 15:41:40
LogMessageType:Unknown
LogMessageContent:Before
LogMessageTime:2015-05-17 15:41:41
LogMessageType:Unknown
LogMessageContent:Before
LogMessageTime:2015-05-17 15:41:43
LogMessageType:Unknown
LogMessageContent:Before
LogMessageTime:2015-05-17 15:41:44
LogMessageType:Unknown
LogMessageContent:Before
LogMessageTime:2015-05-17 15:41:45
LogMessageType:Unknown
LogMessageContent:Before
LogMessageTime:2015-05-17 15:41:46
LogMessageType:Unknown
LogMessageContent:Before
LogMessageTime:2015-05-17 15:41:48
LogMessageType:Unknown
LogMessageContent:Before
LogMessageTime:2015-05-17 15:41:49
LogMessageType:Unknown
LogMessageContent:Before
LogMessageTime:2015-05-17 15:41:50
LogMessageType:Unknown
LogMessageContent:Before
LogMessageTime:2015-05-17 15:41:51
LogMessageType:Unknown
LogMessageContent:Before
LogMessageTime:2015-05-17 15:41:52
LogMessageType:Unknown
LogMessageContent:Before
LogMessageTime:2015-05-17 15:41:54
LogMessageType:Unknown
LogMessageContent:Before
LogMessageTime:2015-05-17 15:41:55
LogMessageType:Unknown
LogMessageContent:Before
LogMessageTime:2015-05-17 15:41:56
LogMessageType:Unknown
LogMessageContent:Before
LogMessageTime:2015-05-17 15:41:57
LogMessageType:Unknown
LogMessageContent:Before
LogMessageTime:2015-05-17 15:41:58
LogMessageType:Unknown
LogMessageContent:Before
LogMessageTime:2015-05-17 15:42:00
LogMessageType:Unknown
LogMessageContent:Before
LogMessageTime:2015-05-17 15:42:01
LogMessageType:Unknown
LogMessageContent:Before
LogMessageTime:2015-05-17 15:42:02
LogMessageType:Unknown
LogMessageContent:Before
LogMessageTime:2015-05-17 15:42:03
LogMessageType:Unknown
LogMessageContent:Before
LogMessageTime:2015-05-17 15:42:04
LogMessageType:Unknown
LogMessageContent:Before
LogMessageTime:2015-05-17 15:42:06
LogMessageType:Unknown
LogMessageContent:Before
LogMessageTime:2015-05-17 15:42:07
LogMessageType:Unknown
LogMessageContent:Before
LogMessageTime:2015-05-17 15:42:08
LogMessageType:Unknown
LogMessageContent:Before
LogMessageTime:2015-05-17 15:42:09
LogMessageType:Unknown
LogMessageContent:Before
LogMessageTime:2015-05-17 15:42:10
LogMessageType:Unknown
LogMessageContent:Before
LogMessageTime:2015-05-17 15:42:12
LogMessageType:Unknown
LogMessageContent:Before
LogMessageTime:2015-05-17 15:42:13
LogMessageType:Unknown
LogMessageContent:Before
LogMessageTime:2015-05-17 15:42:14
LogMessageType:Unknown
LogMessageContent:Before
LogMessageTime:2015-05-17 15:42:15
LogMessageType:Unknown
LogMessageContent:Before
LogMessageTime:2015-05-17 15:42:17
LogMessageType:Unknown
LogMessageContent:Before
LogMessageTime:2015-05-17 15:42:18
LogMessageType:Unknown
LogMessageContent:Before
LogMessageTime:2015-05-17 15:42:19
LogMessageType:Unknown
LogMessageContent:Before
LogMessageTime:2015-05-17 15:42:20
LogMessageType:Unknown
LogMessageContent:Before
LogMessageTime:2015-05-17 15:42:22
LogMessageType:Unknown
LogMessageContent:Before
LogMessageTime:2015-05-17 15:42:23
LogMessageType:Unknown
LogMessageContent:Before
LogMessageTime:2015-05-17 15:42:24
LogMessageType:Unknown
LogMessageContent:Before
LogMessageTime:2015-05-17 15:42:26
LogMessageType:Unknown
LogMessageContent:Before
LogMessageTime:2015-05-17 15:42:27
LogMessageType:Unknown
LogMessageContent:Before
LogMessageTime:2015-05-17 15:42:28
LogMessageType:Unknown
LogMessageContent:Before
LogMessageTime:2015-05-17 15:42:29
LogMessageType:Unknown
LogMessageContent:Before
LogMessageTime:2015-05-17 15:42:31
LogMessageType:Unknown
LogMessageContent:Before
LogMessageTime:2015-05-17 15:42:32
LogMessageType:Unknown
LogMessageContent:Before
LogMessageTime:2015-05-17 15:42:33
LogMessageType:Unknown
LogMessageContent:Before
LogMessageTime:2015-05-17 15:42:34
LogMessageType:Unknown
LogMessageContent:Before
LogMessageTime:2015-05-17 15:42:35
LogMessageType:Unknown
LogMessageContent:Before
LogMessageTime:2015-05-17 15:42:37
LogMessageType:Unknown
LogMessageContent:Before
LogMessageTime:2015-05-17 15:42:38
LogMessageType:Unknown
LogMessageContent:Before
LogMessageTime:2015-05-17 15:42:39
LogMessageType:Unknown
LogMessageContent:Before
LogMessageTime:2015-05-17 15:42:40
LogMessageType:Unknown
LogMessageContent:Before
LogMessageTime:2015-05-17 15:42:41
LogMessageType:Unknown
LogMessageContent:Before
LogMessageTime:2015-05-17 15:42:43
LogMessageType:Unknown
LogMessageContent:Before
LogMessageTime:2015-05-17 15:42:44
LogMessageType:Unknown
LogMessageContent:Before
LogMessageTime:2015-05-17 15:42:45
LogMessageType:Unknown
LogMessageContent:Before
LogMessageTime:2015-05-17 15:42:46
LogMessageType:Unknown
LogMessageContent:Before
LogMessageTime:2015-05-17 15:42:47
LogMessageType:Unknown
LogMessageContent:Before
LogMessageTime:2015-05-17 15:42:49
LogMessageType:Unknown
LogMessageContent:Before
LogMessageTime:2015-05-17 15:42:50
LogMessageType:Unknown
LogMessageContent:Before
LogMessageTime:2015-05-17 15:42:51
LogMessageType:Unknown
LogMessageContent:Before
LogMessageTime:2015-05-17 15:42:52
LogMessageType:Unknown
LogMessageContent:Before
LogMessageTime:2015-05-17 15:42:53
LogMessageType:Unknown
LogMessageContent:Before
LogMessageTime:2015-05-17 15:42:55
LogMessageType:Unknown
LogMessageContent:Before
LogMessageTime:2015-05-17 15:42:56
LogMessageType:Unknown
LogMessageContent:Before
LogMessageTime:2015-05-17 15:42:57
LogMessageType:Unknown
LogMessageContent:Before
LogMessageTime:2015-05-17 15:42:58
LogMessageType:Unknown
LogMessageContent:Before
LogMessageTime:2015-05-17 15:43:00
LogMessageType:Unknown
LogMessageContent:Before
LogMessageTime:2015-05-17 15:43:01
LogMessageType:Unknown
LogMessageContent:Before
LogMessageTime:2015-05-17 15:43:02
LogMessageType:Unknown
LogMessageContent:Before
LogMessageTime:2015-05-17 15:43:03
LogMessageType:Unknown
LogMessageContent:Before
LogMessageTime:2015-05-17 15:43:05
LogMessageType:Unknown
LogMessageContent:Before
LogMessageTime:2015-05-17 15:43:06
LogMessageType:Unknown
LogMessageContent:Before
LogMessageTime:2015-05-17 15:43:07
LogMessageType:Unknown
LogMessageContent:Before
LogMessageTime:2015-05-17 15:43:09
LogMessageType:Unknown
LogMessageContent:Before
LogMessageTime:2015-05-17 15:43:10
LogMessageType:Unknown
LogMessageContent:Before
LogMessageTime:2015-05-17 15:43:11
LogMessageType:Unknown
LogMessageContent:Before
LogMessageTime:2015-05-17 15:43:12
LogMessageType:Unknown
LogMessageContent:Before
LogMessageTime:2015-05-17 15:43:13
LogMessageType:Unknown
LogMessageContent:Before
LogMessageTime:2015-05-17 15:43:15
LogMessageType:Unknown
LogMessageContent:Before
LogMessageTime:2015-05-17 15:43:16
LogMessageType:Unknown
LogMessageContent:Before
LogMessageTime:2015-05-17 15:43:17
LogMessageType:Unknown
LogMessageContent:Before
LogMessageTime:2015-05-17 15:43:18
LogMessageType:Unknown
LogMessageContent:Before
LogMessageTime:2015-05-17 15:43:20
LogMessageType:Unknown
LogMessageContent:Before
LogMessageTime:2015-05-17 15:43:21
LogMessageType:Unknown
LogMessageContent:Before
LogMessageTime:2015-05-17 15:43:22
LogMessageType:Unknown
LogMessageContent:Before
LogMessageTime:2015-05-17 15:43:24
LogMessageType:Unknown
LogMessageContent:Before
LogMessageTime:2015-05-17 15:43:25
LogMessageType:Unknown
LogMessageContent:Before
LogMessageTime:2015-05-17 15:43:26
LogMessageType:Unknown
LogMessageContent:Before
LogMessageTime:2015-05-17 15:43:27
LogMessageType:Unknown
LogMessageContent:Before
LogMessageTime:2015-05-17 15:43:28
LogMessageType:Unknown
LogMessageContent:Before
LogMessageTime:2015-05-17 15:43:29
LogMessageType:Unknown
LogMessageContent:Before
LogMessageTime:2015-05-17 15:43:30
LogMessageType:Unknown
LogMessageContent:Before
LogMessageTime:2015-05-17 15:43:32
LogMessageType:Unknown
LogMessageContent:Before
LogMessageTime:2015-05-17 15:43:33
LogMessageType:Unknown
LogMessageContent:Before
LogMessageTime:2015-05-17 15:43:34
LogMessageType:Unknown
LogMessageContent:Before
LogMessageTime:2015-05-17 15:43:35
LogMessageType:Unknown
LogMessageContent:Before
LogMessageTime:2015-05-17 15:43:37
LogMessageType:Unknown
LogMessageContent:Before
LogMessageTime:2015-05-17 15:43:38
LogMessageType:Unknown
LogMessageContent:Before
LogMessageTime:2015-05-17 15:43:39
LogMessageType:Unknown
LogMessageContent:Before
LogMessageTime:2015-05-17 15:43:40
LogMessageType:Unknown
LogMessageContent:Before
LogMessageTime:2015-05-17 15:43:42
LogMessageType:Unknown
LogMessageContent:Before
LogMessageTime:2015-05-17 15:43:43
LogMessageType:Unknown
LogMessageContent:Before
LogMessageTime:2015-05-17 15:43:44
LogMessageType:Unknown
LogMessageContent:Before
LogMessageTime:2015-05-17 15:43:45
LogMessageType:Unknown
LogMessageContent:Before
LogMessageTime:2015-05-17 15:43:46
LogMessageType:Unknown
LogMessageContent:Before
LogMessageTime:2015-05-17 15:43:47
LogMessageType:Unknown
LogMessageContent:Before
LogMessageTime:2015-05-17 15:43:49
LogMessageType:Unknown
LogMessageContent:Before
LogMessageTime:2015-05-17 15:43:50
LogMessageType:Unknown
LogMessageContent:Before
LogMessageTime:2015-05-17 15:43:51
LogMessageType:Unknown
LogMessageContent:Before
LogMessageTime:2015-05-17 15:43:52
LogMessageType:Unknown
LogMessageContent:Before
LogMessageTime:2015-05-17 15:43:54
LogMessageType:Unknown
LogMessageContent:Before
LogMessageTime:2015-05-17 15:43:55
LogMessageType:Unknown
LogMessageContent:Before
LogMessageTime:2015-05-17 15:43:56
LogMessageType:Unknown
LogMessageContent:Before
LogMessageTime:2015-05-17 15:43:57
LogMessageType:Unknown
LogMessageContent:Before
LogMessageTime:2015-05-17 15:43:59
LogMessageType:Unknown
LogMessageContent:Before
LogMessageTime:2015-05-17 15:44:00
LogMessageType:Unknown
LogMessageContent:Before
LogMessageTime:2015-05-17 15:44:01
LogMessageType:Unknown
LogMessageContent:Before
LogMessageTime:2015-05-17 15:44:02
LogMessageType:Unknown
LogMessageContent:Before
LogMessageTime:2015-05-17 15:44:06
LogMessageType:Unknown
LogMessageContent:Before
LogMessageTime:2015-05-17 15:44:07
LogMessageType:Error
LogMessageContent:UploadDataOne调用的目标发生了异常。
LogMessageTime:2015-05-17 15:44:08
LogMessageType:Unknown
LogMessageContent:Before
LogMessageTime:2015-05-17 15:44:08
LogMessageType:Error
LogMessageContent:UploadDataOne调用的目标发生了异常。
LogMessageTime:2015-05-17 15:44:09
LogMessageType:Unknown
LogMessageContent:Before
LogMessageTime:2015-05-17 15:44:10
LogMessageType:Error
LogMessageContent:UploadDataOne调用的目标发生了异常。
LogMessageTime:2015-05-17 15:44:10
LogMessageType:Unknown
LogMessageContent:Before
LogMessageTime:2015-05-17 15:44:11
LogMessageType:Error
LogMessageContent:UploadDataOne调用的目标发生了异常。
LogMessageTime:2015-05-17 15:44:12
LogMessageType:Unknown
LogMessageContent:Before
LogMessageTime:2015-05-17 15:44:12
LogMessageType:Error
LogMessageContent:UploadDataOne调用的目标发生了异常。
LogMessageTime:2015-05-17 15:44:13
LogMessageType:Unknown
LogMessageContent:Before
LogMessageTime:2015-05-17 15:44:13
LogMessageType:Error
LogMessageContent:UploadDataOne调用的目标发生了异常。
LogMessageTime:2015-05-17 15:44:14
LogMessageType:Unknown
LogMessageContent:Before
LogMessageTime:2015-05-17 15:44:14
LogMessageType:Error
LogMessageContent:UploadDataOne调用的目标发生了异常。
LogMessageTime:2015-05-17 15:44:16
LogMessageType:Unknown
LogMessageContent:Before
LogMessageTime:2015-05-17 15:44:16
LogMessageType:Error
LogMessageContent:UploadDataOne调用的目标发生了异常。
LogMessageTime:2015-05-17 15:44:17
LogMessageType:Unknown
LogMessageContent:Before
LogMessageTime:2015-05-17 15:44:17
LogMessageType:Error
LogMessageContent:UploadDataOne调用的目标发生了异常。
LogMessageTime:2015-05-17 15:44:18
LogMessageType:Unknown
LogMessageContent:Before
LogMessageTime:2015-05-17 15:44:18
LogMessageType:Error
LogMessageContent:UploadDataOne调用的目标发生了异常。
LogMessageTime:2015-05-17 15:44:19
LogMessageType:Unknown
LogMessageContent:Before
LogMessageTime:2015-05-17 15:44:19
LogMessageType:Error
LogMessageContent:UploadDataOne调用的目标发生了异常。
LogMessageTime:2015-05-17 15:44:20
LogMessageType:Unknown
LogMessageContent:Before
LogMessageTime:2015-05-17 15:44:20
LogMessageType:Error
LogMessageContent:UploadDataOne调用的目标发生了异常。
LogMessageTime:2015-05-17 15:44:21
LogMessageType:Unknown
LogMessageContent:Before
LogMessageTime:2015-05-17 15:44:22
LogMessageType:Error
LogMessageContent:UploadDataOne调用的目标发生了异常。
LogMessageTime:2015-05-17 15:44:22
LogMessageType:Error
LogMessageContent:UploadDataOne调用的目标发生了异常。
LogMessageTime:2015-05-17 15:44:23
LogMessageType:Unknown
LogMessageContent:Before
LogMessageTime:2015-05-17 15:44:23
LogMessageType:Error
LogMessageContent:UploadDataOne调用的目标发生了异常。
LogMessageTime:2015-05-17 15:44:24
LogMessageType:Unknown
LogMessageContent:Before
LogMessageTime:2015-05-17 15:44:25
LogMessageType:Unknown
LogMessageContent:Before
LogMessageTime:2015-05-17 15:44:26
LogMessageType:Unknown
LogMessageContent:Before
LogMessageTime:2015-05-17 15:44:27
LogMessageType:Unknown
LogMessageContent:Before
LogMessageTime:2015-05-17 15:44:28
LogMessageType:Unknown
LogMessageContent:Before
LogMessageTime:2015-05-17 15:44:30
LogMessageType:Unknown
LogMessageContent:Before
LogMessageTime:2015-05-17 15:44:31
LogMessageType:Unknown
LogMessageContent:Before
LogMessageTime:2015-05-17 15:44:33
LogMessageType:Unknown
LogMessageContent:Before
LogMessageTime:2015-05-17 15:44:35
LogMessageType:Unknown
LogMessageContent:Before
LogMessageTime:2015-05-17 15:44:36
LogMessageType:Unknown
LogMessageContent:Before
LogMessageTime:2015-05-17 15:44:37
LogMessageType:Unknown
LogMessageContent:Before
LogMessageTime:2015-05-17 15:44:39
LogMessageType:Unknown
LogMessageContent:Before
LogMessageTime:2015-05-17 15:44:40
LogMessageType:Unknown
LogMessageContent:Before
LogMessageTime:2015-05-17 15:44:41
LogMessageType:Unknown
LogMessageContent:Before
LogMessageTime:2015-05-17 15:44:42
LogMessageType:Unknown
LogMessageContent:Before
LogMessageTime:2015-05-17 15:44:43
LogMessageType:Unknown
LogMessageContent:Before
LogMessageTime:2015-05-17 15:44:44
LogMessageType:Unknown
LogMessageContent:Before
LogMessageTime:2015-05-17 15:44:46
LogMessageType:Unknown
LogMessageContent:Before
LogMessageTime:2015-05-17 15:44:47
LogMessageType:Unknown
LogMessageContent:Before
LogMessageTime:2015-05-17 15:44:48
LogMessageType:Unknown
LogMessageContent:Before
LogMessageTime:2015-05-17 15:44:49
LogMessageType:Unknown
LogMessageContent:Before
LogMessageTime:2015-05-17 15:44:50
LogMessageType:Unknown
LogMessageContent:Before
LogMessageTime:2015-05-17 15:44:52
LogMessageType:Unknown
LogMessageContent:Before
LogMessageTime:2015-05-17 15:44:53
LogMessageType:Unknown
LogMessageContent:Before
LogMessageTime:2015-05-17 15:44:54
LogMessageType:Unknown
LogMessageContent:Before
LogMessageTime:2015-05-17 15:44:55
LogMessageType:Unknown
LogMessageContent:Before
LogMessageTime:2015-05-17 15:44:56
LogMessageType:Unknown
LogMessageContent:Before
LogMessageTime:2015-05-17 15:44:57
LogMessageType:Unknown
LogMessageContent:Before
LogMessageTime:2015-05-17 15:44:58
LogMessageType:Unknown
LogMessageContent:Before
LogMessageTime:2015-05-17 15:45:00
LogMessageType:Unknown
LogMessageContent:Before
LogMessageTime:2015-05-17 15:45:01
LogMessageType:Unknown
LogMessageContent:Before
LogMessageTime:2015-05-17 15:45:02
LogMessageType:Unknown
LogMessageContent:Before
LogMessageTime:2015-05-17 15:45:03
LogMessageType:Unknown
LogMessageContent:Before
LogMessageTime:2015-05-17 15:45:04
LogMessageType:Unknown
LogMessageContent:Before
LogMessageTime:2015-05-17 15:45:06
LogMessageType:Unknown
LogMessageContent:Before
LogMessageTime:2015-05-17 15:45:07
LogMessageType:Unknown
LogMessageContent:Before
LogMessageTime:2015-05-17 15:45:08
LogMessageType:Unknown
LogMessageContent:Before
LogMessageTime:2015-05-17 15:45:09
LogMessageType:Unknown
LogMessageContent:Before
LogMessageTime:2015-05-17 15:45:10
LogMessageType:Unknown
LogMessageContent:Before
LogMessageTime:2015-05-17 15:45:11
LogMessageType:Unknown
LogMessageContent:Before
LogMessageTime:2015-05-17 15:45:12
LogMessageType:Unknown
LogMessageContent:Before
LogMessageTime:2015-05-17 15:45:13
LogMessageType:Unknown
LogMessageContent:Before
LogMessageTime:2015-05-17 15:45:14
LogMessageType:Unknown
LogMessageContent:Before
LogMessageTime:2015-05-17 15:45:16
LogMessageType:Unknown
LogMessageContent:Before
LogMessageTime:2015-05-17 15:45:17
LogMessageType:Unknown
LogMessageContent:Before
LogMessageTime:2015-05-17 15:45:18
LogMessageType:Unknown
LogMessageContent:Before
LogMessageTime:2015-05-17 15:45:19
LogMessageType:Unknown
LogMessageContent:Before
LogMessageTime:2015-05-17 15:45:20
LogMessageType:Unknown
LogMessageContent:Before
LogMessageTime:2015-05-17 15:45:21
LogMessageType:Unknown
LogMessageContent:Before
LogMessageTime:2015-05-17 15:45:23
LogMessageType:Unknown
LogMessageContent:Before
LogMessageTime:2015-05-17 15:45:24
LogMessageType:Unknown
LogMessageContent:Before
LogMessageTime:2015-05-17 15:45:25
LogMessageType:Unknown
LogMessageContent:Before
LogMessageTime:2015-05-17 15:49:20
LogMessageType:Warning
LogMessageContent:根据考勤卡号获取其他信息时出错！GetOtherInfoByCardNo-->未将对象引用设置到对象的实例。
LogMessageTime:2015-05-17 15:49:42
LogMessageType:Error
LogMessageContent:上传考勤记录失败！
LogMessageTime:2015-05-17 15:49:42
LogMessageType:Unknown
LogMessageContent:Before
LogMessageTime:2015-05-17 15:49:42
LogMessageType:Unknown
LogMessageContent:Before
LogMessageTime:2015-05-17 15:49:42
LogMessageType:Unknown
LogMessageContent:Before
LogMessageTime:2015-05-17 15:49:42
LogMessageType:Unknown
LogMessageContent:Before
LogMessageTime:2015-05-17 15:49:43
LogMessageType:Unknown
LogMessageContent:Before
LogMessageTime:2015-05-17 15:49:44
LogMessageType:Unknown
LogMessageContent:Before
LogMessageTime:2015-05-17 15:49:45
LogMessageType:Unknown
LogMessageContent:Before
LogMessageTime:2015-05-17 15:49:47
LogMessageType:Unknown
LogMessageContent:Before
LogMessageTime:2015-05-17 15:49:48
LogMessageType:Unknown
LogMessageContent:Before
LogMessageTime:2015-05-17 15:49:49
LogMessageType:Unknown
LogMessageContent:Before
LogMessageTime:2015-05-17 15:49:50
LogMessageType:Unknown
LogMessageContent:Before
LogMessageTime:2015-05-17 15:49:51
LogMessageType:Unknown
LogMessageContent:Before
LogMessageTime:2015-05-17 15:49:52
LogMessageType:Unknown
LogMessageContent:Before
LogMessageTime:2015-05-17 15:49:53
LogMessageType:Unknown
LogMessageContent:Before
LogMessageTime:2015-05-17 15:49:55
LogMessageType:Unknown
LogMessageContent:Before
LogMessageTime:2015-05-17 15:49:56
LogMessageType:Unknown
LogMessageContent:Before
LogMessageTime:2015-05-17 15:49:57
LogMessageType:Unknown
LogMessageContent:Before
LogMessageTime:2015-05-17 15:49:58
LogMessageType:Unknown
LogMessageContent:Before
LogMessageTime:2015-05-17 15:49:59
LogMessageType:Unknown
LogMessageContent:Before
LogMessageTime:2015-05-17 15:50:01
LogMessageType:Unknown
LogMessageContent:Before
LogMessageTime:2015-05-17 15:50:02
LogMessageType:Unknown
LogMessageContent:Before
LogMessageTime:2015-05-17 15:50:03
LogMessageType:Unknown
LogMessageContent:Before
LogMessageTime:2015-05-17 15:50:04
LogMessageType:Unknown
LogMessageContent:Before
LogMessageTime:2015-05-17 15:50:05
LogMessageType:Unknown
LogMessageContent:Before
LogMessageTime:2015-05-17 15:50:06
LogMessageType:Unknown
LogMessageContent:Before
LogMessageTime:2015-05-17 15:50:08
LogMessageType:Unknown
LogMessageContent:Before
LogMessageTime:2015-05-17 15:50:09
LogMessageType:Unknown
LogMessageContent:Before
LogMessageTime:2015-05-17 15:50:10
LogMessageType:Unknown
LogMessageContent:Before
LogMessageTime:2015-05-17 15:50:11
LogMessageType:Unknown
LogMessageContent:Before
LogMessageTime:2015-05-17 15:50:12
LogMessageType:Unknown
LogMessageContent:Before
LogMessageTime:2015-05-17 15:50:13
LogMessageType:Unknown
LogMessageContent:Before
LogMessageTime:2015-05-17 15:50:15
LogMessageType:Unknown
LogMessageContent:Before
LogMessageTime:2015-05-17 15:50:16
LogMessageType:Unknown
LogMessageContent:Before
LogMessageTime:2015-05-17 15:50:17
LogMessageType:Unknown
LogMessageContent:Before
LogMessageTime:2015-05-17 15:50:18
LogMessageType:Unknown
LogMessageContent:Before
LogMessageTime:2015-05-17 15:50:19
LogMessageType:Unknown
LogMessageContent:Before
LogMessageTime:2015-05-17 15:50:20
LogMessageType:Unknown
LogMessageContent:Before
LogMessageTime:2015-05-17 15:50:22
LogMessageType:Unknown
LogMessageContent:Before
LogMessageTime:2015-05-17 15:50:23
LogMessageType:Unknown
LogMessageContent:Before
LogMessageTime:2015-05-17 15:50:24
LogMessageType:Unknown
LogMessageContent:Before
LogMessageTime:2015-05-17 15:50:25
LogMessageType:Unknown
LogMessageContent:Before
LogMessageTime:2015-05-17 15:50:26
LogMessageType:Unknown
LogMessageContent:Before
LogMessageTime:2015-05-17 15:50:28
LogMessageType:Unknown
LogMessageContent:Before
LogMessageTime:2015-05-17 15:50:29
LogMessageType:Unknown
LogMessageContent:Before
LogMessageTime:2015-05-17 15:50:30
LogMessageType:Unknown
LogMessageContent:Before
LogMessageTime:2015-05-17 15:50:31
LogMessageType:Unknown
LogMessageContent:Before
LogMessageTime:2015-05-17 15:50:33
LogMessageType:Unknown
LogMessageContent:Before
LogMessageTime:2015-05-17 15:50:35
LogMessageType:Unknown
LogMessageContent:Before
LogMessageTime:2015-05-17 15:50:35
LogMessageType:Unknown
LogMessageContent:Before
LogMessageTime:2015-05-17 15:50:37
LogMessageType:Unknown
LogMessageContent:Before
LogMessageTime:2015-05-17 15:50:38
LogMessageType:Unknown
LogMessageContent:Before
LogMessageTime:2015-05-17 15:50:39
LogMessageType:Unknown
LogMessageContent:Before
LogMessageTime:2015-05-17 15:50:40
LogMessageType:Unknown
LogMessageContent:Before
LogMessageTime:2015-05-17 15:50:42
LogMessageType:Unknown
LogMessageContent:Before
LogMessageTime:2015-05-17 15:50:43
LogMessageType:Unknown
LogMessageContent:Before
LogMessageTime:2015-05-17 15:50:44
LogMessageType:Unknown
LogMessageContent:Before
LogMessageTime:2015-05-17 15:50:45
LogMessageType:Unknown
LogMessageContent:Before
LogMessageTime:2015-05-17 15:50:46
LogMessageType:Unknown
LogMessageContent:Before
LogMessageTime:2015-05-17 15:50:48
LogMessageType:Unknown
LogMessageContent:Before
LogMessageTime:2015-05-17 15:50:49
LogMessageType:Unknown
LogMessageContent:Before
LogMessageTime:2015-05-17 15:50:50
LogMessageType:Unknown
LogMessageContent:Before
LogMessageTime:2015-05-17 15:50:51
LogMessageType:Unknown
LogMessageContent:Before
LogMessageTime:2015-05-17 15:50:53
LogMessageType:Unknown
LogMessageContent:Before
LogMessageTime:2015-05-17 15:50:54
LogMessageType:Unknown
LogMessageContent:Before
LogMessageTime:2015-05-17 15:50:55
LogMessageType:Unknown
LogMessageContent:Before
LogMessageTime:2015-05-17 15:50:56
LogMessageType:Unknown
LogMessageContent:Before
LogMessageTime:2015-05-17 15:50:57
LogMessageType:Unknown
LogMessageContent:Before
LogMessageTime:2015-05-17 15:50:58
LogMessageType:Unknown
LogMessageContent:Before
LogMessageTime:2015-05-17 15:51:00
LogMessageType:Unknown
LogMessageContent:Before
LogMessageTime:2015-05-17 15:51:01
LogMessageType:Unknown
LogMessageContent:Before
LogMessageTime:2015-05-17 15:51:02
LogMessageType:Unknown
LogMessageContent:Before
LogMessageTime:2015-05-17 15:51:03
LogMessageType:Unknown
LogMessageContent:Before
LogMessageTime:2015-05-17 15:51:04
LogMessageType:Unknown
LogMessageContent:Before
LogMessageTime:2015-05-17 15:51:05
LogMessageType:Unknown
LogMessageContent:Before
LogMessageTime:2015-05-17 15:51:07
LogMessageType:Unknown
LogMessageContent:Before
LogMessageTime:2015-05-17 15:51:08
LogMessageType:Unknown
LogMessageContent:Before
LogMessageTime:2015-05-17 15:51:09
LogMessageType:Unknown
LogMessageContent:Before
LogMessageTime:2015-05-17 15:51:10
LogMessageType:Unknown
LogMessageContent:Before
LogMessageTime:2015-05-17 15:51:11
LogMessageType:Unknown
LogMessageContent:Before
LogMessageTime:2015-05-17 15:51:13
LogMessageType:Unknown
LogMessageContent:Before
LogMessageTime:2015-05-17 15:51:14
LogMessageType:Unknown
LogMessageContent:Before
LogMessageTime:2015-05-17 15:51:15
LogMessageType:Unknown
LogMessageContent:Before
LogMessageTime:2015-05-17 15:51:16
LogMessageType:Unknown
LogMessageContent:Before
LogMessageTime:2015-05-17 15:51:18
LogMessageType:Unknown
LogMessageContent:Before
LogMessageTime:2015-05-17 15:51:19
LogMessageType:Unknown
LogMessageContent:Before
LogMessageTime:2015-05-17 15:51:20
LogMessageType:Unknown
LogMessageContent:Before
LogMessageTime:2015-05-17 15:51:21
LogMessageType:Unknown
LogMessageContent:Before
LogMessageTime:2015-05-17 15:51:23
LogMessageType:Unknown
LogMessageContent:Before
LogMessageTime:2015-05-17 15:51:24
LogMessageType:Unknown
LogMessageContent:Before
LogMessageTime:2015-05-17 15:51:25
LogMessageType:Unknown
LogMessageContent:Before
LogMessageTime:2015-05-17 15:51:27
LogMessageType:Unknown
LogMessageContent:Before
LogMessageTime:2015-05-17 15:51:28
LogMessageType:Unknown
LogMessageContent:Before
LogMessageTime:2015-05-17 15:51:29
LogMessageType:Unknown
LogMessageContent:Before
LogMessageTime:2015-05-17 15:51:30
LogMessageType:Unknown
LogMessageContent:Before
LogMessageTime:2015-05-17 15:51:32
LogMessageType:Unknown
LogMessageContent:Before
LogMessageTime:2015-05-17 15:51:33
LogMessageType:Unknown
LogMessageContent:Before
LogMessageTime:2015-05-17 15:51:35
LogMessageType:Unknown
LogMessageContent:Before
LogMessageTime:2015-05-17 15:51:36
LogMessageType:Unknown
LogMessageContent:Before
LogMessageTime:2015-05-17 15:51:37
LogMessageType:Unknown
LogMessageContent:Before
LogMessageTime:2015-05-17 15:51:38
LogMessageType:Unknown
LogMessageContent:Before
LogMessageTime:2015-05-17 15:51:39
LogMessageType:Unknown
LogMessageContent:Before
LogMessageTime:2015-05-17 15:51:41
LogMessageType:Unknown
LogMessageContent:Before
LogMessageTime:2015-05-17 15:51:42
LogMessageType:Unknown
LogMessageContent:Before
LogMessageTime:2015-05-17 15:51:43
LogMessageType:Unknown
LogMessageContent:Before
LogMessageTime:2015-05-17 15:51:44
LogMessageType:Unknown
LogMessageContent:Before
LogMessageTime:2015-05-17 15:51:46
LogMessageType:Unknown
LogMessageContent:Before
LogMessageTime:2015-05-17 15:51:47
LogMessageType:Unknown
LogMessageContent:Before
LogMessageTime:2015-05-17 15:51:48
LogMessageType:Unknown
LogMessageContent:Before
LogMessageTime:2015-05-17 15:51:50
LogMessageType:Unknown
LogMessageContent:Before
LogMessageTime:2015-05-17 15:51:51
LogMessageType:Unknown
LogMessageContent:Before
LogMessageTime:2015-05-17 15:51:52
LogMessageType:Unknown
LogMessageContent:Before
LogMessageTime:2015-05-17 15:51:53
LogMessageType:Unknown
LogMessageContent:Before
LogMessageTime:2015-05-17 15:51:54
LogMessageType:Unknown
LogMessageContent:Before
LogMessageTime:2015-05-17 15:51:56
LogMessageType:Unknown
LogMessageContent:Before
LogMessageTime:2015-05-17 15:51:57
LogMessageType:Unknown
LogMessageContent:Before
LogMessageTime:2015-05-17 15:51:58
LogMessageType:Unknown
LogMessageContent:Before
LogMessageTime:2015-05-17 15:52:00
LogMessageType:Unknown
LogMessageContent:Before
LogMessageTime:2015-05-17 15:52:01
LogMessageType:Unknown
LogMessageContent:Before
LogMessageTime:2015-05-17 15:52:02
LogMessageType:Unknown
LogMessageContent:Before
LogMessageTime:2015-05-17 15:52:03
LogMessageType:Unknown
LogMessageContent:Before
LogMessageTime:2015-05-17 15:52:05
LogMessageType:Unknown
LogMessageContent:Before
LogMessageTime:2015-05-17 15:52:06
LogMessageType:Unknown
LogMessageContent:Before
LogMessageTime:2015-05-17 15:52:07
LogMessageType:Unknown
LogMessageContent:Before
LogMessageTime:2015-05-17 15:52:08
LogMessageType:Unknown
LogMessageContent:Before
LogMessageTime:2015-05-17 15:52:10
LogMessageType:Unknown
LogMessageContent:Before
LogMessageTime:2015-05-17 15:52:11
LogMessageType:Unknown
LogMessageContent:Before
LogMessageTime:2015-05-17 15:52:12
LogMessageType:Unknown
LogMessageContent:Before
LogMessageTime:2015-05-17 15:52:14
LogMessageType:Unknown
LogMessageContent:Before
LogMessageTime:2015-05-17 15:52:15
LogMessageType:Unknown
LogMessageContent:Before
LogMessageTime:2015-05-17 15:52:16
LogMessageType:Unknown
LogMessageContent:Before
LogMessageTime:2015-05-17 15:52:17
LogMessageType:Unknown
LogMessageContent:Before
LogMessageTime:2015-05-17 15:52:18
LogMessageType:Unknown
LogMessageContent:Before
LogMessageTime:2015-05-17 15:52:20
LogMessageType:Unknown
LogMessageContent:Before
LogMessageTime:2015-05-17 15:52:21
LogMessageType:Unknown
LogMessageContent:Before
LogMessageTime:2015-05-17 15:52:22
LogMessageType:Unknown
LogMessageContent:Before
LogMessageTime:2015-05-17 15:52:23
LogMessageType:Unknown
LogMessageContent:Before
LogMessageTime:2015-05-17 15:52:24
LogMessageType:Unknown
LogMessageContent:Before
LogMessageTime:2015-05-17 15:52:26
LogMessageType:Unknown
LogMessageContent:Before
LogMessageTime:2015-05-17 15:52:27
LogMessageType:Unknown
LogMessageContent:Before
LogMessageTime:2015-05-17 15:52:28
LogMessageType:Unknown
LogMessageContent:Before
LogMessageTime:2015-05-17 15:52:29
LogMessageType:Unknown
LogMessageContent:Before
LogMessageTime:2015-05-17 15:52:30
LogMessageType:Unknown
LogMessageContent:Before
LogMessageTime:2015-05-17 15:52:31
LogMessageType:Unknown
LogMessageContent:Before
LogMessageTime:2015-05-17 15:52:33
LogMessageType:Unknown
LogMessageContent:Before
LogMessageTime:2015-05-17 15:52:34
LogMessageType:Unknown
LogMessageContent:Before
LogMessageTime:2015-05-17 15:52:35
LogMessageType:Unknown
LogMessageContent:Before
LogMessageTime:2015-05-17 15:52:37
LogMessageType:Unknown
LogMessageContent:Before
LogMessageTime:2015-05-17 15:52:38
LogMessageType:Unknown
LogMessageContent:Before
LogMessageTime:2015-05-17 15:52:39
LogMessageType:Unknown
LogMessageContent:Before
LogMessageTime:2015-05-17 15:52:41
LogMessageType:Unknown
LogMessageContent:Before
LogMessageTime:2015-05-17 15:52:42
LogMessageType:Unknown
LogMessageContent:Before
LogMessageTime:2015-05-17 15:52:43
LogMessageType:Unknown
LogMessageContent:Before
LogMessageTime:2015-05-17 15:52:45
LogMessageType:Unknown
LogMessageContent:Before
LogMessageTime:2015-05-17 15:52:46
LogMessageType:Unknown
LogMessageContent:Before
LogMessageTime:2015-05-17 15:52:47
LogMessageType:Unknown
LogMessageContent:Before
LogMessageTime:2015-05-17 15:52:48
LogMessageType:Unknown
LogMessageContent:Before
LogMessageTime:2015-05-17 15:52:50
LogMessageType:Unknown
LogMessageContent:Before
LogMessageTime:2015-05-17 15:52:51
LogMessageType:Unknown
LogMessageContent:Before
LogMessageTime:2015-05-17 15:52:52
LogMessageType:Unknown
LogMessageContent:Before
LogMessageTime:2015-05-17 15:52:53
LogMessageType:Unknown
LogMessageContent:Before
LogMessageTime:2015-05-17 15:52:55
LogMessageType:Unknown
LogMessageContent:Before
LogMessageTime:2015-05-17 15:52:56
LogMessageType:Unknown
LogMessageContent:Before
LogMessageTime:2015-05-17 15:52:57
LogMessageType:Unknown
LogMessageContent:Before
LogMessageTime:2015-05-17 15:52:59
LogMessageType:Unknown
LogMessageContent:Before
LogMessageTime:2015-05-17 15:53:00
LogMessageType:Unknown
LogMessageContent:Before
LogMessageTime:2015-05-17 15:53:01
LogMessageType:Unknown
LogMessageContent:Before
LogMessageTime:2015-05-17 15:53:03
LogMessageType:Unknown
LogMessageContent:Before
LogMessageTime:2015-05-17 15:53:04
LogMessageType:Unknown
LogMessageContent:Before
LogMessageTime:2015-05-17 15:53:05
LogMessageType:Unknown
LogMessageContent:Before
LogMessageTime:2015-05-17 15:53:06
LogMessageType:Unknown
LogMessageContent:Before
LogMessageTime:2015-05-17 15:53:08
LogMessageType:Unknown
LogMessageContent:Before
LogMessageTime:2015-05-17 15:53:09
LogMessageType:Unknown
LogMessageContent:Before
LogMessageTime:2015-05-17 15:53:10
LogMessageType:Unknown
LogMessageContent:Before
LogMessageTime:2015-05-17 15:53:12
LogMessageType:Unknown
LogMessageContent:Before
LogMessageTime:2015-05-17 15:53:13
LogMessageType:Unknown
LogMessageContent:Before
LogMessageTime:2015-05-17 15:53:14
LogMessageType:Unknown
LogMessageContent:Before
LogMessageTime:2015-05-17 15:53:15
LogMessageType:Unknown
LogMessageContent:Before
LogMessageTime:2015-05-17 15:53:16
LogMessageType:Unknown
LogMessageContent:Before
LogMessageTime:2015-05-17 15:53:18
LogMessageType:Unknown
LogMessageContent:Before
LogMessageTime:2015-05-17 15:53:19
LogMessageType:Unknown
LogMessageContent:Before
LogMessageTime:2015-05-17 15:53:20
LogMessageType:Unknown
LogMessageContent:Before
LogMessageTime:2015-05-17 15:53:21
LogMessageType:Unknown
LogMessageContent:Before
LogMessageTime:2015-05-17 15:53:22
LogMessageType:Unknown
LogMessageContent:Before
LogMessageTime:2015-05-17 15:53:23
LogMessageType:Unknown
LogMessageContent:Before
LogMessageTime:2015-05-17 15:53:25
LogMessageType:Unknown
LogMessageContent:Before
LogMessageTime:2015-05-17 15:53:26
LogMessageType:Unknown
LogMessageContent:Before
LogMessageTime:2015-05-17 15:53:27
LogMessageType:Unknown
LogMessageContent:Before
LogMessageTime:2015-05-17 15:53:28
LogMessageType:Unknown
LogMessageContent:Before
LogMessageTime:2015-05-17 15:53:30
LogMessageType:Unknown
LogMessageContent:Before
LogMessageTime:2015-05-17 15:53:31
LogMessageType:Unknown
LogMessageContent:Before
LogMessageTime:2015-05-17 15:53:32
LogMessageType:Unknown
LogMessageContent:Before
LogMessageTime:2015-05-17 15:53:33
LogMessageType:Unknown
LogMessageContent:Before
LogMessageTime:2015-05-17 15:53:35
LogMessageType:Unknown
LogMessageContent:Before
LogMessageTime:2015-05-17 15:53:36
LogMessageType:Unknown
LogMessageContent:Before
LogMessageTime:2015-05-17 15:53:37
LogMessageType:Unknown
LogMessageContent:Before
LogMessageTime:2015-05-17 15:53:39
LogMessageType:Unknown
LogMessageContent:Before
LogMessageTime:2015-05-17 15:53:40
LogMessageType:Unknown
LogMessageContent:Before
LogMessageTime:2015-05-17 15:53:42
LogMessageType:Unknown
LogMessageContent:Before
LogMessageTime:2015-05-17 15:53:43
LogMessageType:Unknown
LogMessageContent:Before
LogMessageTime:2015-05-17 15:53:44
LogMessageType:Unknown
LogMessageContent:Before
LogMessageTime:2015-05-17 15:53:45
LogMessageType:Unknown
LogMessageContent:Before
LogMessageTime:2015-05-17 15:53:47
LogMessageType:Unknown
LogMessageContent:Before
LogMessageTime:2015-05-17 15:53:48
LogMessageType:Unknown
LogMessageContent:Before
LogMessageTime:2015-05-17 15:53:49
LogMessageType:Unknown
LogMessageContent:Before
LogMessageTime:2015-05-17 15:53:50
LogMessageType:Unknown
LogMessageContent:Before
LogMessageTime:2015-05-17 15:53:51
LogMessageType:Unknown
LogMessageContent:Before
LogMessageTime:2015-05-17 15:53:53
LogMessageType:Unknown
LogMessageContent:Before
LogMessageTime:2015-05-17 15:53:54
LogMessageType:Unknown
LogMessageContent:Before
LogMessageTime:2015-05-17 15:53:55
LogMessageType:Unknown
LogMessageContent:Before
LogMessageTime:2015-05-17 15:53:56
LogMessageType:Unknown
LogMessageContent:Before
LogMessageTime:2015-05-17 15:53:57
LogMessageType:Unknown
LogMessageContent:Before
LogMessageTime:2015-05-17 15:53:59
LogMessageType:Unknown
LogMessageContent:Before
LogMessageTime:2015-05-17 15:54:00
LogMessageType:Unknown
LogMessageContent:Before
LogMessageTime:2015-05-17 15:54:01
LogMessageType:Unknown
LogMessageContent:Before
LogMessageTime:2015-05-17 15:54:02
LogMessageType:Unknown
LogMessageContent:Before
LogMessageTime:2015-05-17 15:54:03
LogMessageType:Unknown
LogMessageContent:Before
LogMessageTime:2015-05-17 15:54:05
LogMessageType:Unknown
LogMessageContent:Before
LogMessageTime:2015-05-17 15:54:06
LogMessageType:Unknown
LogMessageContent:Before
LogMessageTime:2015-05-17 15:54:07
LogMessageType:Unknown
LogMessageContent:Before
LogMessageTime:2015-05-17 15:54:08
LogMessageType:Unknown
LogMessageContent:Before
LogMessageTime:2015-05-17 15:54:09
LogMessageType:Unknown
LogMessageContent:Before
LogMessageTime:2015-05-17 15:54:11
LogMessageType:Unknown
LogMessageContent:Before
LogMessageTime:2015-05-17 15:54:12
LogMessageType:Unknown
LogMessageContent:Before
LogMessageTime:2015-05-17 15:54:13
LogMessageType:Unknown
LogMessageContent:Before
LogMessageTime:2015-05-17 15:54:14
LogMessageType:Unknown
LogMessageContent:Before
LogMessageTime:2015-05-17 15:54:16
LogMessageType:Unknown
LogMessageContent:Before
LogMessageTime:2015-05-17 15:54:17
LogMessageType:Unknown
LogMessageContent:Before
LogMessageTime:2015-05-17 15:54:18
LogMessageType:Unknown
LogMessageContent:Before
LogMessageTime:2015-05-17 15:54:19
LogMessageType:Unknown
LogMessageContent:Before
LogMessageTime:2015-05-17 15:54:20
LogMessageType:Unknown
LogMessageContent:Before
LogMessageTime:2015-05-17 15:54:22
LogMessageType:Unknown
LogMessageContent:Before
LogMessageTime:2015-05-17 15:54:23
LogMessageType:Unknown
LogMessageContent:Before
LogMessageTime:2015-05-17 15:54:24
LogMessageType:Unknown
LogMessageContent:Before
LogMessageTime:2015-05-17 15:54:25
LogMessageType:Unknown
LogMessageContent:Before
LogMessageTime:2015-05-17 15:54:26
LogMessageType:Unknown
LogMessageContent:Before
LogMessageTime:2015-05-17 15:54:27
LogMessageType:Unknown
LogMessageContent:Before
LogMessageTime:2015-05-17 15:54:28
LogMessageType:Unknown
LogMessageContent:Before
LogMessageTime:2015-05-17 15:54:29
LogMessageType:Unknown
LogMessageContent:Before
LogMessageTime:2015-05-17 15:54:30
LogMessageType:Unknown
LogMessageContent:Before
LogMessageTime:2015-05-17 15:54:32
LogMessageType:Unknown
LogMessageContent:Before
LogMessageTime:2015-05-17 15:54:33
LogMessageType:Unknown
LogMessageContent:Before
LogMessageTime:2015-05-17 15:54:34
LogMessageType:Unknown
LogMessageContent:Before
LogMessageTime:2015-05-17 15:54:35
LogMessageType:Unknown
LogMessageContent:Before
LogMessageTime:2015-05-17 15:54:36
LogMessageType:Unknown
LogMessageContent:Before
LogMessageTime:2015-05-17 15:54:37
LogMessageType:Unknown
LogMessageContent:Before
LogMessageTime:2015-05-17 15:54:38
LogMessageType:Unknown
LogMessageContent:Before
LogMessageTime:2015-05-17 15:54:39
LogMessageType:Unknown
LogMessageContent:Before
LogMessageTime:2015-05-17 15:54:40
LogMessageType:Unknown
LogMessageContent:Before
LogMessageTime:2015-05-17 15:54:42
LogMessageType:Unknown
LogMessageContent:Before
LogMessageTime:2015-05-17 15:54:43
LogMessageType:Unknown
LogMessageContent:Before
LogMessageTime:2015-05-17 15:54:44
LogMessageType:Unknown
LogMessageContent:Before
LogMessageTime:2015-05-17 15:54:45
LogMessageType:Unknown
LogMessageContent:Before
LogMessageTime:2015-05-17 15:54:46
LogMessageType:Unknown
LogMessageContent:Before
LogMessageTime:2015-05-17 15:54:47
LogMessageType:Unknown
LogMessageContent:Before
LogMessageTime:2015-05-17 15:54:48
LogMessageType:Unknown
LogMessageContent:Before
LogMessageTime:2015-05-17 15:54:49
LogMessageType:Unknown
LogMessageContent:Before
LogMessageTime:2015-05-17 15:54:50
LogMessageType:Unknown
LogMessageContent:Before
LogMessageTime:2015-05-17 15:54:51
LogMessageType:Unknown
LogMessageContent:Before
LogMessageTime:2015-05-17 15:54:52
LogMessageType:Unknown
LogMessageContent:Before
LogMessageTime:2015-05-17 15:54:53
LogMessageType:Unknown
LogMessageContent:Before
LogMessageTime:2015-05-17 15:54:55
LogMessageType:Unknown
LogMessageContent:Before
LogMessageTime:2015-05-17 15:54:56
LogMessageType:Unknown
LogMessageContent:Before
LogMessageTime:2015-05-17 15:54:57
LogMessageType:Unknown
LogMessageContent:Before
LogMessageTime:2015-05-17 15:54:58
LogMessageType:Unknown
LogMessageContent:Before
LogMessageTime:2015-05-17 15:54:59
LogMessageType:Unknown
LogMessageContent:Before
LogMessageTime:2015-05-17 15:55:00
LogMessageType:Unknown
LogMessageContent:Before
LogMessageTime:2015-05-17 15:55:01
LogMessageType:Unknown
LogMessageContent:Before
LogMessageTime:2015-05-17 15:55:02
LogMessageType:Unknown
LogMessageContent:Before
LogMessageTime:2015-05-17 15:55:03
LogMessageType:Unknown
LogMessageContent:Before
LogMessageTime:2015-05-17 15:55:04
LogMessageType:Unknown
LogMessageContent:Before
LogMessageTime:2015-05-17 15:55:05
LogMessageType:Unknown
LogMessageContent:Before
LogMessageTime:2015-05-17 15:55:06
LogMessageType:Unknown
LogMessageContent:Before
LogMessageTime:2015-05-17 15:55:07
LogMessageType:Unknown
LogMessageContent:Before
LogMessageTime:2015-05-17 15:55:08
LogMessageType:Unknown
LogMessageContent:Before
LogMessageTime:2015-05-17 15:55:09
LogMessageType:Unknown
LogMessageContent:Before
LogMessageTime:2015-05-17 15:55:10
LogMessageType:Unknown
LogMessageContent:Before
LogMessageTime:2015-05-17 15:55:11
LogMessageType:Unknown
LogMessageContent:Before
LogMessageTime:2015-05-17 15:55:12
LogMessageType:Unknown
LogMessageContent:Before
LogMessageTime:2015-05-17 15:55:14
LogMessageType:Unknown
LogMessageContent:Before
LogMessageTime:2015-05-17 15:55:15
LogMessageType:Unknown
LogMessageContent:Before
LogMessageTime:2015-05-17 15:55:16
LogMessageType:Unknown
LogMessageContent:Before
LogMessageTime:2015-05-17 15:55:17
LogMessageType:Unknown
LogMessageContent:Before
LogMessageTime:2015-05-17 15:55:18
LogMessageType:Unknown
LogMessageContent:Before
LogMessageTime:2015-05-17 15:55:19
LogMessageType:Unknown
LogMessageContent:Before
LogMessageTime:2015-05-17 15:55:20
LogMessageType:Unknown
LogMessageContent:Before
LogMessageTime:2015-05-17 15:55:21
LogMessageType:Unknown
LogMessageContent:Before
LogMessageTime:2015-05-17 15:55:22
LogMessageType:Unknown
LogMessageContent:Before
LogMessageTime:2015-05-17 15:55:23
LogMessageType:Unknown
LogMessageContent:Before
LogMessageTime:2015-05-17 15:55:24
LogMessageType:Unknown
LogMessageContent:Before
LogMessageTime:2015-05-17 15:55:25
LogMessageType:Unknown
LogMessageContent:Before
LogMessageTime:2015-05-17 15:55:26
LogMessageType:Unknown
LogMessageContent:Before
LogMessageTime:2015-05-17 15:55:27
LogMessageType:Unknown
LogMessageContent:Before
LogMessageTime:2015-05-17 15:55:29
LogMessageType:Unknown
LogMessageContent:Before
LogMessageTime:2015-05-17 15:55:30
LogMessageType:Unknown
LogMessageContent:Before
LogMessageTime:2015-05-17 15:55:31
LogMessageType:Unknown
LogMessageContent:Before
LogMessageTime:2015-05-17 15:55:32
LogMessageType:Unknown
LogMessageContent:Before
LogMessageTime:2015-05-17 15:55:33
LogMessageType:Unknown
LogMessageContent:Before
LogMessageTime:2015-05-17 15:55:34
LogMessageType:Unknown
LogMessageContent:Before
LogMessageTime:2015-05-17 15:55:35
LogMessageType:Unknown
LogMessageContent:Before
LogMessageTime:2015-05-17 15:55:36
LogMessageType:Unknown
LogMessageContent:Before
LogMessageTime:2015-05-17 15:55:37
LogMessageType:Unknown
LogMessageContent:Before
LogMessageTime:2015-05-17 15:55:38
LogMessageType:Unknown
LogMessageContent:Before
LogMessageTime:2015-05-17 15:55:39
LogMessageType:Unknown
LogMessageContent:Before
LogMessageTime:2015-05-17 15:55:40
LogMessageType:Unknown
LogMessageContent:Before
LogMessageTime:2015-05-17 15:55:42
LogMessageType:Unknown
LogMessageContent:Before
LogMessageTime:2015-05-17 15:55:43
LogMessageType:Unknown
LogMessageContent:Before
LogMessageTime:2015-05-17 15:55:44
LogMessageType:Unknown
LogMessageContent:Before
LogMessageTime:2015-05-17 15:55:45
LogMessageType:Unknown
LogMessageContent:Before
LogMessageTime:2015-05-17 15:55:46
LogMessageType:Unknown
LogMessageContent:Before
LogMessageTime:2015-05-17 15:55:47
LogMessageType:Unknown
LogMessageContent:Before
LogMessageTime:2015-05-17 15:55:48
LogMessageType:Unknown
LogMessageContent:Before
LogMessageTime:2015-05-17 15:55:49
LogMessageType:Unknown
LogMessageContent:Before
LogMessageTime:2015-05-17 15:55:50
LogMessageType:Unknown
LogMessageContent:Before
LogMessageTime:2015-05-17 15:55:52
LogMessageType:Unknown
LogMessageContent:Before
LogMessageTime:2015-05-17 15:55:53
LogMessageType:Unknown
LogMessageContent:Before
LogMessageTime:2015-05-17 15:55:54
LogMessageType:Unknown
LogMessageContent:Before
LogMessageTime:2015-05-17 15:55:55
LogMessageType:Unknown
LogMessageContent:Before
LogMessageTime:2015-05-17 15:55:56
LogMessageType:Unknown
LogMessageContent:Before
LogMessageTime:2015-05-17 15:55:57
LogMessageType:Unknown
LogMessageContent:Before
LogMessageTime:2015-05-17 15:55:58
LogMessageType:Unknown
LogMessageContent:Before
LogMessageTime:2015-05-17 15:55:59
LogMessageType:Unknown
LogMessageContent:Before
LogMessageTime:2015-05-17 15:56:00
LogMessageType:Unknown
LogMessageContent:Before
LogMessageTime:2015-05-17 15:56:01
LogMessageType:Unknown
LogMessageContent:Before
LogMessageTime:2015-05-17 15:56:02
LogMessageType:Unknown
LogMessageContent:Before
LogMessageTime:2015-05-17 15:56:03
LogMessageType:Unknown
LogMessageContent:Before
LogMessageTime:2015-05-17 15:56:04
LogMessageType:Unknown
LogMessageContent:Before
LogMessageTime:2015-05-17 15:56:05
LogMessageType:Unknown
LogMessageContent:Before
LogMessageTime:2015-05-17 15:56:07
LogMessageType:Unknown
LogMessageContent:Before
LogMessageTime:2015-05-17 15:56:08
LogMessageType:Unknown
LogMessageContent:Before
LogMessageTime:2015-05-17 15:56:09
LogMessageType:Unknown
LogMessageContent:Before
LogMessageTime:2015-05-17 15:56:10
LogMessageType:Unknown
LogMessageContent:Before
LogMessageTime:2015-05-17 15:56:11
LogMessageType:Unknown
LogMessageContent:Before
LogMessageTime:2015-05-17 15:56:12
LogMessageType:Unknown
LogMessageContent:Before
LogMessageTime:2015-05-17 15:56:13
LogMessageType:Unknown
LogMessageContent:Before
LogMessageTime:2015-05-17 15:56:14
LogMessageType:Unknown
LogMessageContent:Before
LogMessageTime:2015-05-17 15:56:15
LogMessageType:Unknown
LogMessageContent:Before
LogMessageTime:2015-05-17 15:56:17
LogMessageType:Unknown
LogMessageContent:Before
LogMessageTime:2015-05-17 15:56:18
LogMessageType:Unknown
LogMessageContent:Before
LogMessageTime:2015-05-17 15:56:19
LogMessageType:Unknown
LogMessageContent:Before
LogMessageTime:2015-05-17 15:56:20
LogMessageType:Unknown
LogMessageContent:Before
LogMessageTime:2015-05-17 15:56:21
LogMessageType:Unknown
LogMessageContent:Before
LogMessageTime:2015-05-17 15:56:22
LogMessageType:Unknown
LogMessageContent:Before
LogMessageTime:2015-05-17 15:56:23
LogMessageType:Unknown
LogMessageContent:Before
LogMessageTime:2015-05-17 15:56:25
LogMessageType:Unknown
LogMessageContent:Before
LogMessageTime:2015-05-17 15:56:26
LogMessageType:Unknown
LogMessageContent:Before
LogMessageTime:2015-05-17 15:56:27
LogMessageType:Unknown
LogMessageContent:Before
LogMessageTime:2015-05-17 15:56:28
LogMessageType:Unknown
LogMessageContent:Before
LogMessageTime:2015-05-17 15:56:29
LogMessageType:Unknown
LogMessageContent:Before
LogMessageTime:2015-05-17 15:56:30
LogMessageType:Unknown
LogMessageContent:Before
LogMessageTime:2015-05-17 15:56:31
LogMessageType:Unknown
LogMessageContent:Before
LogMessageTime:2015-05-17 15:56:32
LogMessageType:Unknown
LogMessageContent:Before
LogMessageTime:2015-05-17 15:56:33
LogMessageType:Unknown
LogMessageContent:Before
LogMessageTime:2015-05-17 15:56:34
LogMessageType:Unknown
LogMessageContent:Before
LogMessageTime:2015-05-17 15:56:35
LogMessageType:Unknown
LogMessageContent:Before
LogMessageTime:2015-05-17 15:56:36
LogMessageType:Unknown
LogMessageContent:Before
LogMessageTime:2015-05-17 15:56:37
LogMessageType:Unknown
LogMessageContent:Before
LogMessageTime:2015-05-17 15:56:38
LogMessageType:Unknown
LogMessageContent:Before
LogMessageTime:2015-05-17 15:56:40
LogMessageType:Unknown
LogMessageContent:Before
LogMessageTime:2015-05-17 15:56:41
LogMessageType:Unknown
LogMessageContent:Before
LogMessageTime:2015-05-17 15:56:43
LogMessageType:Unknown
LogMessageContent:Before
LogMessageTime:2015-05-17 15:56:45
LogMessageType:Unknown
LogMessageContent:Before
LogMessageTime:2015-05-17 15:56:46
LogMessageType:Unknown
LogMessageContent:Before
LogMessageTime:2015-05-17 15:56:48
LogMessageType:Unknown
LogMessageContent:Before
LogMessageTime:2015-05-17 15:56:50
LogMessageType:Unknown
LogMessageContent:Before
LogMessageTime:2015-05-17 15:56:51
LogMessageType:Unknown
LogMessageContent:Before
LogMessageTime:2015-05-17 15:56:52
LogMessageType:Unknown
LogMessageContent:Before
LogMessageTime:2015-05-17 15:56:53
LogMessageType:Unknown
LogMessageContent:Before
LogMessageTime:2015-05-17 15:56:55
LogMessageType:Unknown
LogMessageContent:Before
LogMessageTime:2015-05-17 15:56:56
LogMessageType:Unknown
LogMessageContent:Before
LogMessageTime:2015-05-17 15:56:57
LogMessageType:Unknown
LogMessageContent:Before
LogMessageTime:2015-05-17 15:56:59
LogMessageType:Unknown
LogMessageContent:Before
LogMessageTime:2015-05-17 15:57:00
LogMessageType:Unknown
LogMessageContent:Before
LogMessageTime:2015-05-17 15:57:01
LogMessageType:Unknown
LogMessageContent:Before
LogMessageTime:2015-05-17 15:57:03
LogMessageType:Unknown
LogMessageContent:Before
LogMessageTime:2015-05-17 15:57:04
LogMessageType:Unknown
LogMessageContent:Before
LogMessageTime:2015-05-17 15:57:05
LogMessageType:Unknown
LogMessageContent:Before
LogMessageTime:2015-05-17 15:57:07
LogMessageType:Unknown
LogMessageContent:Before
LogMessageTime:2015-05-17 15:57:08
LogMessageType:Unknown
LogMessageContent:Before
LogMessageTime:2015-05-17 15:57:09
LogMessageType:Unknown
LogMessageContent:Before
LogMessageTime:2015-05-17 15:57:10
LogMessageType:Unknown
LogMessageContent:Before
LogMessageTime:2015-05-17 15:57:12
LogMessageType:Unknown
LogMessageContent:Before
LogMessageTime:2015-05-17 15:57:13
LogMessageType:Unknown
LogMessageContent:Before
LogMessageTime:2015-05-17 15:57:15
LogMessageType:Unknown
LogMessageContent:Before
LogMessageTime:2015-05-17 15:57:16
LogMessageType:Unknown
LogMessageContent:Before
LogMessageTime:2015-05-17 15:57:17
LogMessageType:Unknown
LogMessageContent:Before
LogMessageTime:2015-05-17 15:57:19
LogMessageType:Unknown
LogMessageContent:Before
LogMessageTime:2015-05-17 15:57:20
LogMessageType:Unknown
LogMessageContent:Before
LogMessageTime:2015-05-17 15:57:21
LogMessageType:Unknown
LogMessageContent:Before
LogMessageTime:2015-05-17 15:57:22
LogMessageType:Unknown
LogMessageContent:Before
LogMessageTime:2015-05-17 15:57:24
LogMessageType:Unknown
LogMessageContent:Before
LogMessageTime:2015-05-17 15:57:25
LogMessageType:Unknown
LogMessageContent:Before
LogMessageTime:2015-05-17 15:57:27
LogMessageType:Unknown
LogMessageContent:Before
LogMessageTime:2015-05-17 15:57:28
LogMessageType:Unknown
LogMessageContent:Before
LogMessageTime:2015-05-17 15:57:30
LogMessageType:Unknown
LogMessageContent:Before
LogMessageTime:2015-05-17 15:57:31
LogMessageType:Unknown
LogMessageContent:Before
LogMessageTime:2015-05-17 15:57:32
LogMessageType:Unknown
LogMessageContent:Before
LogMessageTime:2015-05-17 15:57:35
LogMessageType:Unknown
LogMessageContent:Before
LogMessageTime:2015-05-17 15:57:35
LogMessageType:Unknown
LogMessageContent:Before
LogMessageTime:2015-05-17 15:57:37
LogMessageType:Unknown
LogMessageContent:Before
LogMessageTime:2015-05-17 15:57:39
LogMessageType:Unknown
LogMessageContent:Before
LogMessageTime:2015-05-17 15:57:40
LogMessageType:Unknown
LogMessageContent:Before
LogMessageTime:2015-05-17 15:57:41
LogMessageType:Unknown
LogMessageContent:Before
LogMessageTime:2015-05-17 15:57:43
LogMessageType:Unknown
LogMessageContent:Before
LogMessageTime:2015-05-17 15:57:44
LogMessageType:Unknown
LogMessageContent:Before
LogMessageTime:2015-05-17 15:57:45
LogMessageType:Unknown
LogMessageContent:Before
LogMessageTime:2015-05-17 15:57:47
LogMessageType:Unknown
LogMessageContent:Before
LogMessageTime:2015-05-17 15:57:48
LogMessageType:Unknown
LogMessageContent:Before
LogMessageTime:2015-05-17 15:57:49
LogMessageType:Unknown
LogMessageContent:Before
LogMessageTime:2015-05-17 15:57:50
LogMessageType:Unknown
LogMessageContent:Before
LogMessageTime:2015-05-17 15:57:52
LogMessageType:Unknown
LogMessageContent:Before
LogMessageTime:2015-05-17 15:57:53
LogMessageType:Unknown
LogMessageContent:Before
LogMessageTime:2015-05-17 15:57:54
LogMessageType:Unknown
LogMessageContent:Before
LogMessageTime:2015-05-17 15:57:56
LogMessageType:Unknown
LogMessageContent:Before
LogMessageTime:2015-05-17 15:57:57
LogMessageType:Unknown
LogMessageContent:Before
LogMessageTime:2015-05-17 15:57:59
LogMessageType:Unknown
LogMessageContent:Before
LogMessageTime:2015-05-17 15:58:00
LogMessageType:Unknown
LogMessageContent:Before
LogMessageTime:2015-05-17 15:58:01
LogMessageType:Unknown
LogMessageContent:Before
LogMessageTime:2015-05-17 15:58:03
LogMessageType:Unknown
LogMessageContent:Before
LogMessageTime:2015-05-17 15:58:04
LogMessageType:Unknown
LogMessageContent:Before
LogMessageTime:2015-05-17 15:58:06
LogMessageType:Unknown
LogMessageContent:Before
LogMessageTime:2015-05-17 15:58:07
LogMessageType:Unknown
LogMessageContent:Before
LogMessageTime:2015-05-17 15:58:09
LogMessageType:Unknown
LogMessageContent:Before
LogMessageTime:2015-05-17 15:58:10
LogMessageType:Unknown
LogMessageContent:Before
LogMessageTime:2015-05-17 15:58:11
LogMessageType:Unknown
LogMessageContent:Before
LogMessageTime:2015-05-17 15:58:13
LogMessageType:Unknown
LogMessageContent:Before
LogMessageTime:2015-05-17 15:58:14
LogMessageType:Unknown
LogMessageContent:Before
LogMessageTime:2015-05-17 15:58:16
LogMessageType:Unknown
LogMessageContent:Before
LogMessageTime:2015-05-17 15:58:17
LogMessageType:Unknown
LogMessageContent:Before
LogMessageTime:2015-05-17 15:58:18
LogMessageType:Unknown
LogMessageContent:Before
LogMessageTime:2015-05-17 15:58:20
LogMessageType:Unknown
LogMessageContent:Before
LogMessageTime:2015-05-17 15:58:21
LogMessageType:Unknown
LogMessageContent:Before
LogMessageTime:2015-05-17 15:58:22
LogMessageType:Unknown
LogMessageContent:Before
LogMessageTime:2015-05-17 15:58:23
LogMessageType:Unknown
LogMessageContent:Before
LogMessageTime:2015-05-17 15:58:24
LogMessageType:Unknown
LogMessageContent:Before
LogMessageTime:2015-05-17 15:58:25
LogMessageType:Unknown
LogMessageContent:Before
LogMessageTime:2015-05-17 15:58:28
LogMessageType:Unknown
LogMessageContent:Before
LogMessageTime:2015-05-17 15:58:28
LogMessageType:Unknown
LogMessageContent:Before
LogMessageTime:2015-05-17 15:58:30
LogMessageType:Unknown
LogMessageContent:Before
LogMessageTime:2015-05-17 15:58:31
LogMessageType:Unknown
LogMessageContent:Before
LogMessageTime:2015-05-17 15:58:32
LogMessageType:Unknown
LogMessageContent:Before
LogMessageTime:2015-05-17 15:58:34
LogMessageType:Unknown
LogMessageContent:Before
LogMessageTime:2015-05-17 15:58:35
LogMessageType:Unknown
LogMessageContent:Before
LogMessageTime:2015-05-17 15:58:37
LogMessageType:Unknown
LogMessageContent:Before
LogMessageTime:2015-05-17 15:58:38
LogMessageType:Unknown
LogMessageContent:Before
LogMessageTime:2015-05-17 15:58:40
LogMessageType:Unknown
LogMessageContent:Before
LogMessageTime:2015-05-17 15:58:41
LogMessageType:Unknown
LogMessageContent:Before
LogMessageTime:2015-05-17 15:58:42
LogMessageType:Unknown
LogMessageContent:Before
LogMessageTime:2015-05-17 15:58:43
LogMessageType:Unknown
LogMessageContent:Before
LogMessageTime:2015-05-17 15:58:45
LogMessageType:Unknown
LogMessageContent:Before
LogMessageTime:2015-05-17 15:58:46
LogMessageType:Unknown
LogMessageContent:Before
LogMessageTime:2015-05-17 15:58:48
LogMessageType:Unknown
LogMessageContent:Before
LogMessageTime:2015-05-17 15:58:49
LogMessageType:Unknown
LogMessageContent:Before
LogMessageTime:2015-05-17 15:58:50
LogMessageType:Unknown
LogMessageContent:Before
LogMessageTime:2015-05-17 15:58:52
LogMessageType:Unknown
LogMessageContent:Before
LogMessageTime:2015-05-17 15:58:53
LogMessageType:Unknown
LogMessageContent:Before
LogMessageTime:2015-05-17 15:58:55
LogMessageType:Unknown
LogMessageContent:Before
LogMessageTime:2015-05-17 15:58:56
LogMessageType:Unknown
LogMessageContent:Before
LogMessageTime:2015-05-17 15:58:57
LogMessageType:Unknown
LogMessageContent:Before
LogMessageTime:2015-05-17 15:58:59
LogMessageType:Unknown
LogMessageContent:Before
LogMessageTime:2015-05-17 15:59:00
LogMessageType:Unknown
LogMessageContent:Before
LogMessageTime:2015-05-17 15:59:02
LogMessageType:Unknown
LogMessageContent:Before
LogMessageTime:2015-05-17 15:59:02
LogMessageType:Unknown
LogMessageContent:Before
LogMessageTime:2015-05-17 15:59:04
LogMessageType:Unknown
LogMessageContent:Before
LogMessageTime:2015-05-17 15:59:06
LogMessageType:Unknown
LogMessageContent:Before
LogMessageTime:2015-05-17 15:59:07
LogMessageType:Unknown
LogMessageContent:Before
LogMessageTime:2015-05-17 15:59:08
LogMessageType:Unknown
LogMessageContent:Before
LogMessageTime:2015-05-17 15:59:09
LogMessageType:Unknown
LogMessageContent:Before
LogMessageTime:2015-05-17 15:59:10
LogMessageType:Unknown
LogMessageContent:Before
LogMessageTime:2015-05-17 15:59:11
LogMessageType:Unknown
LogMessageContent:Before
LogMessageTime:2015-05-17 15:59:13
LogMessageType:Unknown
LogMessageContent:Before
LogMessageTime:2015-05-17 15:59:15
LogMessageType:Unknown
LogMessageContent:Before
LogMessageTime:2015-05-17 15:59:16
LogMessageType:Unknown
LogMessageContent:Before
LogMessageTime:2015-05-17 15:59:18
LogMessageType:Unknown
LogMessageContent:Before
LogMessageTime:2015-05-17 15:59:19
LogMessageType:Unknown
LogMessageContent:Before
LogMessageTime:2015-05-17 15:59:21
LogMessageType:Unknown
LogMessageContent:Before
LogMessageTime:2015-05-17 15:59:22
LogMessageType:Unknown
LogMessageContent:Before
LogMessageTime:2015-05-17 15:59:23
LogMessageType:Unknown
LogMessageContent:Before
LogMessageTime:2015-05-17 15:59:25
LogMessageType:Unknown
LogMessageContent:Before
LogMessageTime:2015-05-17 15:59:26
LogMessageType:Unknown
LogMessageContent:Before
LogMessageTime:2015-05-17 15:59:28
LogMessageType:Unknown
LogMessageContent:Before
LogMessageTime:2015-05-17 15:59:29
LogMessageType:Unknown
LogMessageContent:Before
LogMessageTime:2015-05-17 15:59:30
LogMessageType:Unknown
LogMessageContent:Before
LogMessageTime:2015-05-17 15:59:32
LogMessageType:Unknown
LogMessageContent:Before
LogMessageTime:2015-05-17 15:59:33
LogMessageType:Unknown
LogMessageContent:Before
LogMessageTime:2015-05-17 15:59:35
LogMessageType:Unknown
LogMessageContent:Before
LogMessageTime:2015-05-17 15:59:36
LogMessageType:Unknown
LogMessageContent:Before
LogMessageTime:2015-05-17 15:59:37
LogMessageType:Unknown
LogMessageContent:Before
LogMessageTime:2015-05-17 15:59:38
LogMessageType:Unknown
LogMessageContent:Before
LogMessageTime:2015-05-17 15:59:40
LogMessageType:Unknown
LogMessageContent:Before
LogMessageTime:2015-05-17 15:59:41
LogMessageType:Unknown
LogMessageContent:Before
LogMessageTime:2015-05-17 15:59:42
LogMessageType:Unknown
LogMessageContent:Before
LogMessageTime:2015-05-17 15:59:43
LogMessageType:Unknown
LogMessageContent:Before
LogMessageTime:2015-05-17 15:59:45
LogMessageType:Unknown
LogMessageContent:Before
LogMessageTime:2015-05-17 15:59:46
LogMessageType:Unknown
LogMessageContent:Before
LogMessageTime:2015-05-17 15:59:47
LogMessageType:Unknown
LogMessageContent:Before
LogMessageTime:2015-05-17 15:59:48
LogMessageType:Unknown
LogMessageContent:Before
LogMessageTime:2015-05-17 15:59:49
LogMessageType:Unknown
LogMessageContent:Before
LogMessageTime:2015-05-17 15:59:51
LogMessageType:Unknown
LogMessageContent:Before
LogMessageTime:2015-05-17 15:59:52
LogMessageType:Unknown
LogMessageContent:Before
LogMessageTime:2015-05-17 15:59:54
LogMessageType:Unknown
LogMessageContent:Before
LogMessageTime:2015-05-17 15:59:55
LogMessageType:Unknown
LogMessageContent:Before
LogMessageTime:2015-05-17 15:59:56
LogMessageType:Unknown
LogMessageContent:Before
LogMessageTime:2015-05-17 15:59:57
LogMessageType:Unknown
LogMessageContent:Before
LogMessageTime:2015-05-17 15:59:58
LogMessageType:Unknown
LogMessageContent:Before
LogMessageTime:2015-05-17 16:00:00
LogMessageType:Unknown
LogMessageContent:Before
LogMessageTime:2015-05-17 16:00:02
LogMessageType:Unknown
LogMessageContent:Before
LogMessageTime:2015-05-17 16:00:03
LogMessageType:Unknown
LogMessageContent:Before
LogMessageTime:2015-05-17 16:00:04
LogMessageType:Unknown
LogMessageContent:Before
LogMessageTime:2015-05-17 16:00:05
LogMessageType:Unknown
LogMessageContent:Before
LogMessageTime:2015-05-17 16:00:07
LogMessageType:Unknown
LogMessageContent:Before
LogMessageTime:2015-05-17 16:00:08
LogMessageType:Unknown
LogMessageContent:Before
LogMessageTime:2015-05-17 16:00:09
LogMessageType:Unknown
LogMessageContent:Before
LogMessageTime:2015-05-17 16:00:10
LogMessageType:Unknown
LogMessageContent:Before
LogMessageTime:2015-05-17 16:00:13
LogMessageType:Unknown
LogMessageContent:Before
LogMessageTime:2015-05-17 16:00:15
LogMessageType:Unknown
LogMessageContent:Before
LogMessageTime:2015-05-17 16:00:16
LogMessageType:Unknown
LogMessageContent:Before
LogMessageTime:2015-05-17 16:00:20
LogMessageType:Unknown
LogMessageContent:Before
LogMessageTime:2015-05-17 16:00:22
LogMessageType:Unknown
LogMessageContent:Before
LogMessageTime:2015-05-17 16:00:23
LogMessageType:Unknown
LogMessageContent:Before
LogMessageTime:2015-05-17 16:00:25
LogMessageType:Unknown
LogMessageContent:Before
LogMessageTime:2015-05-17 16:00:26
LogMessageType:Unknown
LogMessageContent:Before
LogMessageTime:2015-05-17 16:00:27
LogMessageType:Unknown
LogMessageContent:Before
LogMessageTime:2015-05-17 16:00:29
LogMessageType:Unknown
LogMessageContent:Before
LogMessageTime:2015-05-17 16:00:30
LogMessageType:Unknown
LogMessageContent:Before
LogMessageTime:2015-05-17 16:00:31
LogMessageType:Unknown
LogMessageContent:Before
LogMessageTime:2015-05-17 16:00:33
LogMessageType:Unknown
LogMessageContent:Before
LogMessageTime:2015-05-17 16:00:34
LogMessageType:Unknown
LogMessageContent:Before
LogMessageTime:2015-05-17 16:00:35
LogMessageType:Unknown
LogMessageContent:Before
LogMessageTime:2015-05-17 16:00:36
LogMessageType:Unknown
LogMessageContent:Before
LogMessageTime:2015-05-17 16:00:38
LogMessageType:Unknown
LogMessageContent:Before
LogMessageTime:2015-05-17 16:00:39
LogMessageType:Unknown
LogMessageContent:Before
LogMessageTime:2015-05-17 16:00:40
LogMessageType:Unknown
LogMessageContent:Before
LogMessageTime:2015-05-17 16:00:42
LogMessageType:Unknown
LogMessageContent:Before
LogMessageTime:2015-05-17 16:00:43
LogMessageType:Unknown
LogMessageContent:Before
LogMessageTime:2015-05-17 16:00:45
LogMessageType:Unknown
LogMessageContent:Before
LogMessageTime:2015-05-17 16:00:47
LogMessageType:Unknown
LogMessageContent:Before
LogMessageTime:2015-05-17 16:00:48
LogMessageType:Unknown
LogMessageContent:Before
LogMessageTime:2015-05-17 16:00:49
LogMessageType:Unknown
LogMessageContent:Before
LogMessageTime:2015-05-17 16:00:50
LogMessageType:Unknown
LogMessageContent:Before
LogMessageTime:2015-05-17 16:00:52
LogMessageType:Unknown
LogMessageContent:Before
LogMessageTime:2015-05-17 16:00:54
LogMessageType:Unknown
LogMessageContent:Before
LogMessageTime:2015-05-17 16:00:56
LogMessageType:Unknown
LogMessageContent:Before
LogMessageTime:2015-05-17 16:00:58
LogMessageType:Unknown
LogMessageContent:Before
LogMessageTime:2015-05-17 16:00:59
LogMessageType:Unknown
LogMessageContent:Before
LogMessageTime:2015-05-17 16:01:01
LogMessageType:Unknown
LogMessageContent:Before
LogMessageTime:2015-05-17 16:01:03
LogMessageType:Unknown
LogMessageContent:Before
LogMessageTime:2015-05-17 16:01:05
LogMessageType:Unknown
LogMessageContent:Before
LogMessageTime:2015-05-17 16:01:06
LogMessageType:Unknown
LogMessageContent:Before
LogMessageTime:2015-05-17 16:01:08
LogMessageType:Unknown
LogMessageContent:Before
LogMessageTime:2015-05-17 16:01:09
LogMessageType:Unknown
LogMessageContent:Before
LogMessageTime:2015-05-17 16:01:11
LogMessageType:Unknown
LogMessageContent:Before
LogMessageTime:2015-05-17 16:01:13
LogMessageType:Unknown
LogMessageContent:Before
LogMessageTime:2015-05-17 16:01:14
LogMessageType:Unknown
LogMessageContent:Before
LogMessageTime:2015-05-17 16:01:23
LogMessageType:Unknown
LogMessageContent:Before
LogMessageTime:2015-05-17 16:01:25
LogMessageType:Unknown
LogMessageContent:Before
LogMessageTime:2015-05-17 16:01:28
LogMessageType:Unknown
LogMessageContent:Before
LogMessageTime:2015-05-17 16:01:30
LogMessageType:Error
LogMessageContent:UploadDataOne调用的目标发生了异常。
LogMessageTime:2015-05-17 16:01:35
LogMessageType:Error
LogMessageContent:UploadDataOne调用的目标发生了异常。
LogMessageTime:2015-05-17 16:01:36
LogMessageType:Error
LogMessageContent:UploadDataOne调用的目标发生了异常。
LogMessageTime:2015-05-17 16:01:36
LogMessageType:Unknown
LogMessageContent:Before
LogMessageTime:2015-05-17 16:01:40
LogMessageType:Unknown
LogMessageContent:Before
LogMessageTime:2015-05-17 16:01:40
LogMessageType:Unknown
LogMessageContent:Before
LogMessageTime:2015-05-17 16:01:41
LogMessageType:Unknown
LogMessageContent:Before
LogMessageTime:2015-05-17 16:01:42
LogMessageType:Unknown
LogMessageContent:Before
LogMessageTime:2015-05-17 16:01:43
LogMessageType:Unknown
LogMessageContent:Before
LogMessageTime:2015-05-17 16:01:45
LogMessageType:Unknown
LogMessageContent:Before
LogMessageTime:2015-05-17 16:01:46
LogMessageType:Unknown
LogMessageContent:Before
LogMessageTime:2015-05-17 16:01:48
LogMessageType:Unknown
LogMessageContent:Before
LogMessageTime:2015-05-17 16:01:50
LogMessageType:Unknown
LogMessageContent:Before
LogMessageTime:2015-05-17 16:01:52
LogMessageType:Unknown
LogMessageContent:Before
LogMessageTime:2015-05-17 16:01:54
LogMessageType:Unknown
LogMessageContent:Before
LogMessageTime:2015-05-17 16:01:55
LogMessageType:Unknown
LogMessageContent:Before
LogMessageTime:2015-05-17 16:01:57
LogMessageType:Unknown
LogMessageContent:Before
LogMessageTime:2015-05-17 16:01:58
LogMessageType:Unknown
LogMessageContent:Before
LogMessageTime:2015-05-17 16:02:00
LogMessageType:Unknown
LogMessageContent:Before
LogMessageTime:2015-05-17 16:02:02
LogMessageType:Unknown
LogMessageContent:Before
LogMessageTime:2015-05-17 16:02:04
LogMessageType:Unknown
LogMessageContent:Before
LogMessageTime:2015-05-17 16:02:06
LogMessageType:Unknown
LogMessageContent:Before
LogMessageTime:2015-05-17 16:02:08
LogMessageType:Unknown
LogMessageContent:Before
LogMessageTime:2015-05-17 16:02:10
LogMessageType:Unknown
LogMessageContent:Before
LogMessageTime:2015-05-17 16:02:11
LogMessageType:Unknown
LogMessageContent:Before
LogMessageTime:2015-05-17 16:02:12
LogMessageType:Unknown
LogMessageContent:Before
LogMessageTime:2015-05-17 16:02:14
LogMessageType:Unknown
LogMessageContent:Before
LogMessageTime:2015-05-17 16:02:17
LogMessageType:Unknown
LogMessageContent:Before
LogMessageTime:2015-05-17 16:02:18
LogMessageType:Unknown
LogMessageContent:Before
LogMessageTime:2015-05-17 16:02:19
LogMessageType:Unknown
LogMessageContent:Before
LogMessageTime:2015-05-17 16:02:21
LogMessageType:Unknown
LogMessageContent:Before
LogMessageTime:2015-05-17 16:30:20
LogMessageType:Error
LogMessageContent:ggg_webserviceManager16:30
LogMessageTime:2015-05-17 16:30:20
LogMessageType:Warning
LogMessageContent:未连网，请先联网！
LogMessageTime:2015-05-17 16:49:32
LogMessageType:Error
LogMessageContent:ggg_webserviceManager16:49
LogMessageTime:2015-05-17 16:49:32
LogMessageType:Warning
LogMessageContent:未连网，请先联网！
LogMessageTime:2015-05-17 22:02:34
LogMessageType:Error
LogMessageContent:ggg_webserviceManager22:02
LogMessageTime:2015-05-17 22:02:35
LogMessageType:Success
LogMessageContent:上传考勤记录成功！
LogMessageTime:2015-05-17 22:02:35
LogMessageType:Error
LogMessageContent:ggg_InitDevices22:02
LogMessageTime:2015-05-17 22:02:38
LogMessageType:Information
LogMessageContent:3
LogMessageTime:2015-05-17 22:02:38
LogMessageType:Error
LogMessageContent:ggg_InitDevices22:02
LogMessageTime:2015-05-17 22:03:16
LogMessageType:Unknown
LogMessageContent:Before
LogMessageTime:2015-05-17 22:03:46
LogMessageType:Error
LogMessageContent:ggg_webserviceManager22:03
LogMessageTime:2015-05-17 22:03:47
LogMessageType:Success
LogMessageContent:上传考勤记录成功！
LogMessageTime:2015-05-17 22:03:47
LogMessageType:Error
LogMessageContent:ggg_InitDevices22:03
LogMessageTime:2015-05-17 22:03:48
LogMessageType:Information
LogMessageContent:3
LogMessageTime:2015-05-17 22:03:48
LogMessageType:Error
LogMessageContent:ggg_InitDevices22:03
LogMessageTime:2015-05-17 22:04:12
LogMessageType:Unknown
LogMessageContent:Before
LogMessageTime:2015-05-17 22:09:10
LogMessageType:Error
LogMessageContent:ggg_webserviceManager22:09
LogMessageTime:2015-05-17 22:09:12
LogMessageType:Success
LogMessageContent:上传考勤记录成功！
LogMessageTime:2015-05-17 22:09:12
LogMessageType:Error
LogMessageContent:ggg_InitDevices22:09
LogMessageTime:2015-05-17 22:09:13
LogMessageType:Information
LogMessageContent:3
LogMessageTime:2015-05-17 22:09:13
LogMessageType:Error
LogMessageContent:ggg_InitDevices22:09
LogMessageTime:2015-05-17 22:09:39
LogMessageType:Unknown
LogMessageContent:Before
LogMessageTime:2015-05-17 22:10:01
LogMessageType:Error
LogMessageContent:ggg_webserviceManager22:10
LogMessageTime:2015-05-17 22:10:02
LogMessageType:Success
LogMessageContent:上传考勤记录成功！
LogMessageTime:2015-05-17 22:10:02
LogMessageType:Error
LogMessageContent:ggg_InitDevices22:10
LogMessageTime:2015-05-17 22:10:03
LogMessageType:Information
LogMessageContent:3
LogMessageTime:2015-05-17 22:10:03
LogMessageType:Error
LogMessageContent:ggg_InitDevices22:10
LogMessageTime:2015-05-17 22:16:04
LogMessageType:Error
LogMessageContent:ggg_webserviceManager22:16
LogMessageTime:2015-05-17 22:16:06
LogMessageType:Success
LogMessageContent:上传考勤记录成功！
LogMessageTime:2015-05-17 22:16:06
LogMessageType:Error
LogMessageContent:ggg_InitDevices22:16
