LogMessageTime:2015-05-14 23:00:50
LogMessageType:Error
LogMessageContent:ggg_webserviceManager23:00
LogMessageTime:2015-05-14 23:00:56
LogMessageType:Success
LogMessageContent:上传考勤记录成功！
LogMessageTime:2015-05-14 23:01:10
LogMessageType:Error
LogMessageContent:ggg_InitDevices23:01
LogMessageTime:2015-05-14 23:01:12
LogMessageType:Error
LogMessageContent:初始化温度计设备失败！
LogMessageTime:2015-05-14 23:01:12
LogMessageType:Error
LogMessageContent:ggg_InitDevices23:01
LogMessageTime:2015-05-14 23:01:42
LogMessageType:Unknown
LogMessageContent:Before
LogMessageTime:2015-05-14 23:01:42
LogMessageType:Unknown
LogMessageContent:1
LogMessageTime:2015-05-14 23:01:42
LogMessageType:Unknown
LogMessageContent:2
LogMessageTime:2015-05-14 23:01:42
LogMessageType:Unknown
LogMessageContent:3
LogMessageTime:2015-05-14 23:01:42
LogMessageType:Unknown
LogMessageContent:4
LogMessageTime:2015-05-14 23:01:42
LogMessageType:Unknown
LogMessageContent:5
LogMessageTime:2015-05-14 23:01:42
LogMessageType:Unknown
LogMessageContent:6
LogMessageTime:2015-05-14 23:01:42
LogMessageType:Unknown
LogMessageContent:After
LogMessageTime:2015-05-14 23:01:42
LogMessageType:Unknown
LogMessageContent:Before
LogMessageTime:2015-05-14 23:01:43
LogMessageType:Unknown
LogMessageContent:1
LogMessageTime:2015-05-14 23:01:43
LogMessageType:Unknown
LogMessageContent:2
LogMessageTime:2015-05-14 23:01:43
LogMessageType:Unknown
LogMessageContent:3
LogMessageTime:2015-05-14 23:01:43
LogMessageType:Unknown
LogMessageContent:4
LogMessageTime:2015-05-14 23:01:43
LogMessageType:Unknown
LogMessageContent:5
LogMessageTime:2015-05-14 23:01:43
LogMessageType:Unknown
LogMessageContent:6
LogMessageTime:2015-05-14 23:01:43
LogMessageType:Unknown
LogMessageContent:After
LogMessageTime:2015-05-14 23:04:50
LogMessageType:Unknown
LogMessageContent:Before
LogMessageTime:2015-05-14 23:04:50
LogMessageType:Unknown
LogMessageContent:1
LogMessageTime:2015-05-14 23:04:50
LogMessageType:Unknown
LogMessageContent:2
LogMessageTime:2015-05-14 23:04:50
LogMessageType:Unknown
LogMessageContent:3
LogMessageTime:2015-05-14 23:04:50
LogMessageType:Unknown
LogMessageContent:4
LogMessageTime:2015-05-14 23:04:50
LogMessageType:Unknown
LogMessageContent:5
LogMessageTime:2015-05-14 23:04:50
LogMessageType:Unknown
LogMessageContent:6
LogMessageTime:2015-05-14 23:04:50
LogMessageType:Unknown
LogMessageContent:After
LogMessageTime:2015-05-14 23:04:52
LogMessageType:Unknown
LogMessageContent:Before
LogMessageTime:2015-05-14 23:04:52
LogMessageType:Unknown
LogMessageContent:1
LogMessageTime:2015-05-14 23:04:52
LogMessageType:Unknown
LogMessageContent:2
LogMessageTime:2015-05-14 23:04:52
LogMessageType:Unknown
LogMessageContent:3
LogMessageTime:2015-05-14 23:04:52
LogMessageType:Unknown
LogMessageContent:4
LogMessageTime:2015-05-14 23:04:52
LogMessageType:Unknown
LogMessageContent:5
LogMessageTime:2015-05-14 23:04:52
LogMessageType:Unknown
LogMessageContent:6
LogMessageTime:2015-05-14 23:04:52
LogMessageType:Unknown
LogMessageContent:After
LogMessageTime:2015-05-14 23:04:54
LogMessageType:Unknown
LogMessageContent:Before
LogMessageTime:2015-05-14 23:04:54
LogMessageType:Unknown
LogMessageContent:1
LogMessageTime:2015-05-14 23:04:54
LogMessageType:Unknown
LogMessageContent:2
LogMessageTime:2015-05-14 23:04:54
LogMessageType:Unknown
LogMessageContent:3
LogMessageTime:2015-05-14 23:04:54
LogMessageType:Unknown
LogMessageContent:4
LogMessageTime:2015-05-14 23:04:54
LogMessageType:Unknown
LogMessageContent:5
LogMessageTime:2015-05-14 23:04:54
LogMessageType:Unknown
LogMessageContent:6
LogMessageTime:2015-05-14 23:04:54
LogMessageType:Unknown
LogMessageContent:After
LogMessageTime:2015-05-14 23:04:57
LogMessageType:Unknown
LogMessageContent:Before
LogMessageTime:2015-05-14 23:04:57
LogMessageType:Unknown
LogMessageContent:1
LogMessageTime:2015-05-14 23:04:57
LogMessageType:Unknown
LogMessageContent:2
LogMessageTime:2015-05-14 23:04:57
LogMessageType:Unknown
LogMessageContent:3
LogMessageTime:2015-05-14 23:04:57
LogMessageType:Unknown
LogMessageContent:4
LogMessageTime:2015-05-14 23:04:57
LogMessageType:Unknown
LogMessageContent:5
LogMessageTime:2015-05-14 23:04:57
LogMessageType:Unknown
LogMessageContent:6
LogMessageTime:2015-05-14 23:04:57
LogMessageType:Unknown
LogMessageContent:After
LogMessageTime:2015-05-14 23:04:58
LogMessageType:Unknown
LogMessageContent:Before
LogMessageTime:2015-05-14 23:04:58
LogMessageType:Unknown
LogMessageContent:1
LogMessageTime:2015-05-14 23:04:58
LogMessageType:Unknown
LogMessageContent:2
LogMessageTime:2015-05-14 23:04:58
LogMessageType:Unknown
LogMessageContent:3
LogMessageTime:2015-05-14 23:04:58
LogMessageType:Unknown
LogMessageContent:4
LogMessageTime:2015-05-14 23:04:58
LogMessageType:Unknown
LogMessageContent:5
LogMessageTime:2015-05-14 23:04:58
LogMessageType:Unknown
LogMessageContent:6
LogMessageTime:2015-05-14 23:04:58
LogMessageType:Unknown
LogMessageContent:After
LogMessageTime:2015-05-14 23:05:00
LogMessageType:Unknown
LogMessageContent:Before
LogMessageTime:2015-05-14 23:05:00
LogMessageType:Unknown
LogMessageContent:1
LogMessageTime:2015-05-14 23:05:00
LogMessageType:Unknown
LogMessageContent:2
LogMessageTime:2015-05-14 23:05:00
LogMessageType:Unknown
LogMessageContent:3
LogMessageTime:2015-05-14 23:05:00
LogMessageType:Unknown
LogMessageContent:4
LogMessageTime:2015-05-14 23:05:00
LogMessageType:Unknown
LogMessageContent:5
LogMessageTime:2015-05-14 23:05:00
LogMessageType:Unknown
LogMessageContent:6
LogMessageTime:2015-05-14 23:05:00
LogMessageType:Unknown
LogMessageContent:After
LogMessageTime:2015-05-14 23:05:01
LogMessageType:Unknown
LogMessageContent:Before
LogMessageTime:2015-05-14 23:05:01
LogMessageType:Unknown
LogMessageContent:1
LogMessageTime:2015-05-14 23:05:01
LogMessageType:Unknown
LogMessageContent:2
LogMessageTime:2015-05-14 23:05:01
LogMessageType:Unknown
LogMessageContent:3
LogMessageTime:2015-05-14 23:05:01
LogMessageType:Unknown
LogMessageContent:4
LogMessageTime:2015-05-14 23:05:01
LogMessageType:Unknown
LogMessageContent:5
LogMessageTime:2015-05-14 23:05:01
LogMessageType:Unknown
LogMessageContent:6
LogMessageTime:2015-05-14 23:05:01
LogMessageType:Unknown
LogMessageContent:After
LogMessageTime:2015-05-14 23:05:03
LogMessageType:Unknown
LogMessageContent:Before
LogMessageTime:2015-05-14 23:05:03
LogMessageType:Unknown
LogMessageContent:1
LogMessageTime:2015-05-14 23:05:03
LogMessageType:Unknown
LogMessageContent:2
LogMessageTime:2015-05-14 23:05:03
LogMessageType:Unknown
LogMessageContent:3
LogMessageTime:2015-05-14 23:05:03
LogMessageType:Unknown
LogMessageContent:4
LogMessageTime:2015-05-14 23:05:03
LogMessageType:Unknown
LogMessageContent:5
LogMessageTime:2015-05-14 23:05:03
LogMessageType:Unknown
LogMessageContent:6
LogMessageTime:2015-05-14 23:05:03
LogMessageType:Unknown
LogMessageContent:After
LogMessageTime:2015-05-14 23:05:04
LogMessageType:Unknown
LogMessageContent:Before
LogMessageTime:2015-05-14 23:05:04
LogMessageType:Unknown
LogMessageContent:1
LogMessageTime:2015-05-14 23:05:04
LogMessageType:Unknown
LogMessageContent:2
LogMessageTime:2015-05-14 23:05:04
LogMessageType:Unknown
LogMessageContent:3
LogMessageTime:2015-05-14 23:05:04
LogMessageType:Unknown
LogMessageContent:4
LogMessageTime:2015-05-14 23:05:04
LogMessageType:Unknown
LogMessageContent:5
LogMessageTime:2015-05-14 23:05:04
LogMessageType:Unknown
LogMessageContent:6
LogMessageTime:2015-05-14 23:05:04
LogMessageType:Unknown
LogMessageContent:After
LogMessageTime:2015-05-14 23:05:05
LogMessageType:Unknown
LogMessageContent:Before
LogMessageTime:2015-05-14 23:05:05
LogMessageType:Unknown
LogMessageContent:1
LogMessageTime:2015-05-14 23:05:05
LogMessageType:Unknown
LogMessageContent:2
LogMessageTime:2015-05-14 23:05:05
LogMessageType:Unknown
LogMessageContent:3
LogMessageTime:2015-05-14 23:05:05
LogMessageType:Unknown
LogMessageContent:4
LogMessageTime:2015-05-14 23:05:05
LogMessageType:Unknown
LogMessageContent:5
LogMessageTime:2015-05-14 23:05:05
LogMessageType:Unknown
LogMessageContent:6
LogMessageTime:2015-05-14 23:05:05
LogMessageType:Unknown
LogMessageContent:After
LogMessageTime:2015-05-14 23:05:08
LogMessageType:Unknown
LogMessageContent:Before
LogMessageTime:2015-05-14 23:05:08
LogMessageType:Unknown
LogMessageContent:1
LogMessageTime:2015-05-14 23:05:08
LogMessageType:Unknown
LogMessageContent:2
LogMessageTime:2015-05-14 23:05:08
LogMessageType:Unknown
LogMessageContent:3
LogMessageTime:2015-05-14 23:05:08
LogMessageType:Unknown
LogMessageContent:4
LogMessageTime:2015-05-14 23:05:08
LogMessageType:Unknown
LogMessageContent:5
LogMessageTime:2015-05-14 23:05:08
LogMessageType:Unknown
LogMessageContent:6
LogMessageTime:2015-05-14 23:05:08
LogMessageType:Unknown
LogMessageContent:After
LogMessageTime:2015-05-14 23:05:09
LogMessageType:Unknown
LogMessageContent:Before
LogMessageTime:2015-05-14 23:05:09
LogMessageType:Unknown
LogMessageContent:1
LogMessageTime:2015-05-14 23:05:09
LogMessageType:Unknown
LogMessageContent:2
LogMessageTime:2015-05-14 23:05:09
LogMessageType:Unknown
LogMessageContent:3
LogMessageTime:2015-05-14 23:05:09
LogMessageType:Unknown
LogMessageContent:4
LogMessageTime:2015-05-14 23:05:09
LogMessageType:Unknown
LogMessageContent:5
LogMessageTime:2015-05-14 23:05:09
LogMessageType:Unknown
LogMessageContent:6
LogMessageTime:2015-05-14 23:05:09
LogMessageType:Unknown
LogMessageContent:After
LogMessageTime:2015-05-14 23:05:10
LogMessageType:Unknown
LogMessageContent:Before
LogMessageTime:2015-05-14 23:05:10
LogMessageType:Unknown
LogMessageContent:1
LogMessageTime:2015-05-14 23:05:10
LogMessageType:Unknown
LogMessageContent:2
LogMessageTime:2015-05-14 23:05:10
LogMessageType:Unknown
LogMessageContent:3
LogMessageTime:2015-05-14 23:05:10
LogMessageType:Unknown
LogMessageContent:4
LogMessageTime:2015-05-14 23:05:10
LogMessageType:Unknown
LogMessageContent:5
LogMessageTime:2015-05-14 23:05:10
LogMessageType:Unknown
LogMessageContent:6
LogMessageTime:2015-05-14 23:05:10
LogMessageType:Unknown
LogMessageContent:After
LogMessageTime:2015-05-14 23:05:13
LogMessageType:Unknown
LogMessageContent:Before
LogMessageTime:2015-05-14 23:05:13
LogMessageType:Unknown
LogMessageContent:1
LogMessageTime:2015-05-14 23:05:13
LogMessageType:Unknown
LogMessageContent:2
LogMessageTime:2015-05-14 23:05:13
LogMessageType:Unknown
LogMessageContent:3
LogMessageTime:2015-05-14 23:05:13
LogMessageType:Unknown
LogMessageContent:4
LogMessageTime:2015-05-14 23:05:13
LogMessageType:Unknown
LogMessageContent:5
LogMessageTime:2015-05-14 23:05:13
LogMessageType:Unknown
LogMessageContent:6
LogMessageTime:2015-05-14 23:05:13
LogMessageType:Unknown
LogMessageContent:After
LogMessageTime:2015-05-14 23:05:15
LogMessageType:Unknown
LogMessageContent:Before
LogMessageTime:2015-05-14 23:05:15
LogMessageType:Unknown
LogMessageContent:1
LogMessageTime:2015-05-14 23:05:15
LogMessageType:Unknown
LogMessageContent:2
LogMessageTime:2015-05-14 23:05:15
LogMessageType:Unknown
LogMessageContent:3
LogMessageTime:2015-05-14 23:05:15
LogMessageType:Unknown
LogMessageContent:4
LogMessageTime:2015-05-14 23:05:15
LogMessageType:Unknown
LogMessageContent:5
LogMessageTime:2015-05-14 23:05:15
LogMessageType:Unknown
LogMessageContent:6
LogMessageTime:2015-05-14 23:05:15
LogMessageType:Unknown
LogMessageContent:After
LogMessageTime:2015-05-14 23:05:16
LogMessageType:Unknown
LogMessageContent:Before
LogMessageTime:2015-05-14 23:05:16
LogMessageType:Unknown
LogMessageContent:1
LogMessageTime:2015-05-14 23:05:16
LogMessageType:Unknown
LogMessageContent:2
LogMessageTime:2015-05-14 23:05:16
LogMessageType:Unknown
LogMessageContent:3
LogMessageTime:2015-05-14 23:05:16
LogMessageType:Unknown
LogMessageContent:4
LogMessageTime:2015-05-14 23:05:16
LogMessageType:Unknown
LogMessageContent:5
LogMessageTime:2015-05-14 23:05:16
LogMessageType:Unknown
LogMessageContent:6
LogMessageTime:2015-05-14 23:05:16
LogMessageType:Unknown
LogMessageContent:After
LogMessageTime:2015-05-14 23:05:19
LogMessageType:Unknown
LogMessageContent:Before
LogMessageTime:2015-05-14 23:05:19
LogMessageType:Unknown
LogMessageContent:1
LogMessageTime:2015-05-14 23:05:19
LogMessageType:Unknown
LogMessageContent:2
LogMessageTime:2015-05-14 23:05:19
LogMessageType:Unknown
LogMessageContent:3
LogMessageTime:2015-05-14 23:05:19
LogMessageType:Unknown
LogMessageContent:4
LogMessageTime:2015-05-14 23:05:19
LogMessageType:Unknown
LogMessageContent:5
LogMessageTime:2015-05-14 23:05:19
LogMessageType:Unknown
LogMessageContent:6
LogMessageTime:2015-05-14 23:05:19
LogMessageType:Unknown
LogMessageContent:After
LogMessageTime:2015-05-14 23:05:20
LogMessageType:Unknown
LogMessageContent:Before
LogMessageTime:2015-05-14 23:05:20
LogMessageType:Unknown
LogMessageContent:1
LogMessageTime:2015-05-14 23:05:20
LogMessageType:Unknown
LogMessageContent:2
LogMessageTime:2015-05-14 23:05:20
LogMessageType:Unknown
LogMessageContent:3
LogMessageTime:2015-05-14 23:05:20
LogMessageType:Unknown
LogMessageContent:4
LogMessageTime:2015-05-14 23:05:20
LogMessageType:Unknown
LogMessageContent:5
LogMessageTime:2015-05-14 23:05:20
LogMessageType:Unknown
LogMessageContent:6
LogMessageTime:2015-05-14 23:05:20
LogMessageType:Unknown
LogMessageContent:After
LogMessageTime:2015-05-14 23:05:21
LogMessageType:Unknown
LogMessageContent:Before
LogMessageTime:2015-05-14 23:05:21
LogMessageType:Unknown
LogMessageContent:1
LogMessageTime:2015-05-14 23:05:21
LogMessageType:Unknown
LogMessageContent:2
LogMessageTime:2015-05-14 23:05:21
LogMessageType:Unknown
LogMessageContent:3
LogMessageTime:2015-05-14 23:05:21
LogMessageType:Unknown
LogMessageContent:4
LogMessageTime:2015-05-14 23:05:21
LogMessageType:Unknown
LogMessageContent:5
LogMessageTime:2015-05-14 23:05:21
LogMessageType:Unknown
LogMessageContent:6
LogMessageTime:2015-05-14 23:05:21
LogMessageType:Unknown
LogMessageContent:After
LogMessageTime:2015-05-14 23:05:23
LogMessageType:Unknown
LogMessageContent:Before
LogMessageTime:2015-05-14 23:05:23
LogMessageType:Unknown
LogMessageContent:1
LogMessageTime:2015-05-14 23:05:23
LogMessageType:Unknown
LogMessageContent:2
LogMessageTime:2015-05-14 23:05:23
LogMessageType:Unknown
LogMessageContent:3
LogMessageTime:2015-05-14 23:05:23
LogMessageType:Unknown
LogMessageContent:4
LogMessageTime:2015-05-14 23:05:23
LogMessageType:Unknown
LogMessageContent:5
LogMessageTime:2015-05-14 23:05:23
LogMessageType:Unknown
LogMessageContent:6
LogMessageTime:2015-05-14 23:05:23
LogMessageType:Unknown
LogMessageContent:After
LogMessageTime:2015-05-14 23:35:46
LogMessageType:Error
LogMessageContent:ggg_webserviceManager23:35
LogMessageTime:2015-05-14 23:35:48
LogMessageType:Success
LogMessageContent:上传考勤记录成功！
LogMessageTime:2015-05-14 23:35:48
LogMessageType:Error
LogMessageContent:ggg_InitDevices23:35
LogMessageTime:2015-05-14 23:35:48
LogMessageType:Error
LogMessageContent:初始化温度计设备失败！
LogMessageTime:2015-05-14 23:35:48
LogMessageType:Error
LogMessageContent:ggg_InitDevices23:35
LogMessageTime:2015-05-14 23:39:08
LogMessageType:Error
LogMessageContent:ggg_webserviceManager23:39
LogMessageTime:2015-05-14 23:39:09
LogMessageType:Success
LogMessageContent:上传考勤记录成功！
LogMessageTime:2015-05-14 23:39:09
LogMessageType:Error
LogMessageContent:ggg_InitDevices23:39
LogMessageTime:2015-05-14 23:39:10
LogMessageType:Error
LogMessageContent:初始化温度计设备失败！
LogMessageTime:2015-05-14 23:39:10
LogMessageType:Error
LogMessageContent:ggg_InitDevices23:39
LogMessageTime:2015-05-14 23:39:29
LogMessageType:Unknown
LogMessageContent:Before
LogMessageTime:2015-05-14 23:39:29
LogMessageType:Unknown
LogMessageContent:1
LogMessageTime:2015-05-14 23:39:29
LogMessageType:Unknown
LogMessageContent:2
LogMessageTime:2015-05-14 23:39:29
LogMessageType:Unknown
LogMessageContent:3
LogMessageTime:2015-05-14 23:39:29
LogMessageType:Unknown
LogMessageContent:4
LogMessageTime:2015-05-14 23:39:29
LogMessageType:Unknown
LogMessageContent:5
LogMessageTime:2015-05-14 23:39:29
LogMessageType:Unknown
LogMessageContent:6
LogMessageTime:2015-05-14 23:39:29
LogMessageType:Unknown
LogMessageContent:After
LogMessageTime:2015-05-14 23:39:29
LogMessageType:Unknown
LogMessageContent:Before
LogMessageTime:2015-05-14 23:39:29
LogMessageType:Unknown
LogMessageContent:1
LogMessageTime:2015-05-14 23:39:29
LogMessageType:Unknown
LogMessageContent:2
LogMessageTime:2015-05-14 23:39:29
LogMessageType:Unknown
LogMessageContent:3
LogMessageTime:2015-05-14 23:39:29
LogMessageType:Unknown
LogMessageContent:4
LogMessageTime:2015-05-14 23:39:29
LogMessageType:Unknown
LogMessageContent:5
LogMessageTime:2015-05-14 23:39:29
LogMessageType:Unknown
LogMessageContent:6
LogMessageTime:2015-05-14 23:39:29
LogMessageType:Unknown
LogMessageContent:After
LogMessageTime:2015-05-14 23:39:30
LogMessageType:Unknown
LogMessageContent:Before
LogMessageTime:2015-05-14 23:39:31
LogMessageType:Unknown
LogMessageContent:1
LogMessageTime:2015-05-14 23:39:31
LogMessageType:Unknown
LogMessageContent:2
LogMessageTime:2015-05-14 23:39:31
LogMessageType:Unknown
LogMessageContent:3
LogMessageTime:2015-05-14 23:39:31
LogMessageType:Unknown
LogMessageContent:4
LogMessageTime:2015-05-14 23:39:31
LogMessageType:Unknown
LogMessageContent:5
LogMessageTime:2015-05-14 23:39:31
LogMessageType:Unknown
LogMessageContent:6
LogMessageTime:2015-05-14 23:39:31
LogMessageType:Unknown
LogMessageContent:After
LogMessageTime:2015-05-14 23:39:31
LogMessageType:Unknown
LogMessageContent:Before
LogMessageTime:2015-05-14 23:39:31
LogMessageType:Unknown
LogMessageContent:1
LogMessageTime:2015-05-14 23:39:31
LogMessageType:Unknown
LogMessageContent:2
LogMessageTime:2015-05-14 23:39:31
LogMessageType:Unknown
LogMessageContent:3
LogMessageTime:2015-05-14 23:39:31
LogMessageType:Unknown
LogMessageContent:4
LogMessageTime:2015-05-14 23:39:31
LogMessageType:Unknown
LogMessageContent:5
LogMessageTime:2015-05-14 23:39:31
LogMessageType:Unknown
LogMessageContent:6
LogMessageTime:2015-05-14 23:39:31
LogMessageType:Unknown
LogMessageContent:After
LogMessageTime:2015-05-14 23:39:33
LogMessageType:Unknown
LogMessageContent:Before
LogMessageTime:2015-05-14 23:39:33
LogMessageType:Unknown
LogMessageContent:1
LogMessageTime:2015-05-14 23:39:33
LogMessageType:Unknown
LogMessageContent:2
LogMessageTime:2015-05-14 23:39:33
LogMessageType:Unknown
LogMessageContent:3
LogMessageTime:2015-05-14 23:39:33
LogMessageType:Unknown
LogMessageContent:4
LogMessageTime:2015-05-14 23:39:33
LogMessageType:Unknown
LogMessageContent:5
LogMessageTime:2015-05-14 23:39:33
LogMessageType:Unknown
LogMessageContent:6
LogMessageTime:2015-05-14 23:39:33
LogMessageType:Unknown
LogMessageContent:After
LogMessageTime:2015-05-14 23:39:33
LogMessageType:Unknown
LogMessageContent:Before
LogMessageTime:2015-05-14 23:39:33
LogMessageType:Unknown
LogMessageContent:1
LogMessageTime:2015-05-14 23:39:33
LogMessageType:Unknown
LogMessageContent:2
LogMessageTime:2015-05-14 23:39:33
LogMessageType:Unknown
LogMessageContent:3
LogMessageTime:2015-05-14 23:39:33
LogMessageType:Unknown
LogMessageContent:4
LogMessageTime:2015-05-14 23:39:33
LogMessageType:Unknown
LogMessageContent:5
LogMessageTime:2015-05-14 23:39:33
LogMessageType:Unknown
LogMessageContent:6
LogMessageTime:2015-05-14 23:39:33
LogMessageType:Unknown
LogMessageContent:After
LogMessageTime:2015-05-14 23:39:35
LogMessageType:Unknown
LogMessageContent:Before
LogMessageTime:2015-05-14 23:39:35
LogMessageType:Unknown
LogMessageContent:1
LogMessageTime:2015-05-14 23:39:35
LogMessageType:Unknown
LogMessageContent:2
LogMessageTime:2015-05-14 23:39:35
LogMessageType:Unknown
LogMessageContent:3
LogMessageTime:2015-05-14 23:39:35
LogMessageType:Unknown
LogMessageContent:4
LogMessageTime:2015-05-14 23:39:35
LogMessageType:Unknown
LogMessageContent:5
LogMessageTime:2015-05-14 23:39:35
LogMessageType:Unknown
LogMessageContent:6
LogMessageTime:2015-05-14 23:39:35
LogMessageType:Unknown
LogMessageContent:After
LogMessageTime:2015-05-14 23:39:35
LogMessageType:Unknown
LogMessageContent:Before
LogMessageTime:2015-05-14 23:39:35
LogMessageType:Unknown
LogMessageContent:1
LogMessageTime:2015-05-14 23:39:35
LogMessageType:Unknown
LogMessageContent:2
LogMessageTime:2015-05-14 23:39:35
LogMessageType:Unknown
LogMessageContent:3
LogMessageTime:2015-05-14 23:39:35
LogMessageType:Unknown
LogMessageContent:4
LogMessageTime:2015-05-14 23:39:35
LogMessageType:Unknown
LogMessageContent:5
LogMessageTime:2015-05-14 23:39:35
LogMessageType:Unknown
LogMessageContent:6
LogMessageTime:2015-05-14 23:39:35
LogMessageType:Unknown
LogMessageContent:After
LogMessageTime:2015-05-14 23:39:37
LogMessageType:Unknown
LogMessageContent:Before
LogMessageTime:2015-05-14 23:39:37
LogMessageType:Unknown
LogMessageContent:1
LogMessageTime:2015-05-14 23:39:37
LogMessageType:Unknown
LogMessageContent:2
LogMessageTime:2015-05-14 23:39:37
LogMessageType:Unknown
LogMessageContent:3
LogMessageTime:2015-05-14 23:39:37
LogMessageType:Unknown
LogMessageContent:4
LogMessageTime:2015-05-14 23:39:37
LogMessageType:Unknown
LogMessageContent:5
LogMessageTime:2015-05-14 23:39:37
LogMessageType:Unknown
LogMessageContent:6
LogMessageTime:2015-05-14 23:39:37
LogMessageType:Unknown
LogMessageContent:After
LogMessageTime:2015-05-14 23:39:38
LogMessageType:Unknown
LogMessageContent:Before
LogMessageTime:2015-05-14 23:39:38
LogMessageType:Unknown
LogMessageContent:1
LogMessageTime:2015-05-14 23:39:38
LogMessageType:Unknown
LogMessageContent:2
LogMessageTime:2015-05-14 23:39:38
LogMessageType:Unknown
LogMessageContent:3
LogMessageTime:2015-05-14 23:39:38
LogMessageType:Unknown
LogMessageContent:4
LogMessageTime:2015-05-14 23:39:38
LogMessageType:Unknown
LogMessageContent:5
LogMessageTime:2015-05-14 23:39:38
LogMessageType:Unknown
LogMessageContent:6
LogMessageTime:2015-05-14 23:39:38
LogMessageType:Unknown
LogMessageContent:After
LogMessageTime:2015-05-14 23:39:39
LogMessageType:Unknown
LogMessageContent:Before
LogMessageTime:2015-05-14 23:39:39
LogMessageType:Unknown
LogMessageContent:1
LogMessageTime:2015-05-14 23:39:39
LogMessageType:Unknown
LogMessageContent:2
LogMessageTime:2015-05-14 23:39:39
LogMessageType:Unknown
LogMessageContent:3
LogMessageTime:2015-05-14 23:39:39
LogMessageType:Unknown
LogMessageContent:4
LogMessageTime:2015-05-14 23:39:39
LogMessageType:Unknown
LogMessageContent:5
LogMessageTime:2015-05-14 23:39:39
LogMessageType:Unknown
LogMessageContent:6
LogMessageTime:2015-05-14 23:39:39
LogMessageType:Unknown
LogMessageContent:After
LogMessageTime:2015-05-14 23:39:41
LogMessageType:Unknown
LogMessageContent:Before
LogMessageTime:2015-05-14 23:39:41
LogMessageType:Unknown
LogMessageContent:1
LogMessageTime:2015-05-14 23:39:41
LogMessageType:Unknown
LogMessageContent:2
LogMessageTime:2015-05-14 23:39:41
LogMessageType:Unknown
LogMessageContent:3
LogMessageTime:2015-05-14 23:39:41
LogMessageType:Unknown
LogMessageContent:4
LogMessageTime:2015-05-14 23:39:41
LogMessageType:Unknown
LogMessageContent:5
LogMessageTime:2015-05-14 23:39:41
LogMessageType:Unknown
LogMessageContent:6
LogMessageTime:2015-05-14 23:39:41
LogMessageType:Unknown
LogMessageContent:After
LogMessageTime:2015-05-14 23:39:43
LogMessageType:Unknown
LogMessageContent:Before
LogMessageTime:2015-05-14 23:39:43
LogMessageType:Unknown
LogMessageContent:1
LogMessageTime:2015-05-14 23:39:43
LogMessageType:Unknown
LogMessageContent:2
LogMessageTime:2015-05-14 23:39:43
LogMessageType:Unknown
LogMessageContent:3
LogMessageTime:2015-05-14 23:39:43
LogMessageType:Unknown
LogMessageContent:4
LogMessageTime:2015-05-14 23:39:43
LogMessageType:Unknown
LogMessageContent:5
LogMessageTime:2015-05-14 23:39:43
LogMessageType:Unknown
LogMessageContent:6
LogMessageTime:2015-05-14 23:39:43
LogMessageType:Unknown
LogMessageContent:After
LogMessageTime:2015-05-14 23:39:45
LogMessageType:Unknown
LogMessageContent:Before
LogMessageTime:2015-05-14 23:39:45
LogMessageType:Unknown
LogMessageContent:1
LogMessageTime:2015-05-14 23:39:45
LogMessageType:Unknown
LogMessageContent:2
LogMessageTime:2015-05-14 23:39:45
LogMessageType:Unknown
LogMessageContent:3
LogMessageTime:2015-05-14 23:39:45
LogMessageType:Unknown
LogMessageContent:4
LogMessageTime:2015-05-14 23:39:45
LogMessageType:Unknown
LogMessageContent:5
LogMessageTime:2015-05-14 23:39:45
LogMessageType:Unknown
LogMessageContent:6
LogMessageTime:2015-05-14 23:39:45
LogMessageType:Unknown
LogMessageContent:After
LogMessageTime:2015-05-14 23:39:45
LogMessageType:Unknown
LogMessageContent:Before
LogMessageTime:2015-05-14 23:39:45
LogMessageType:Unknown
LogMessageContent:1
LogMessageTime:2015-05-14 23:39:45
LogMessageType:Unknown
LogMessageContent:2
LogMessageTime:2015-05-14 23:39:45
LogMessageType:Unknown
LogMessageContent:3
LogMessageTime:2015-05-14 23:39:45
LogMessageType:Unknown
LogMessageContent:4
LogMessageTime:2015-05-14 23:39:45
LogMessageType:Unknown
LogMessageContent:5
LogMessageTime:2015-05-14 23:39:45
LogMessageType:Unknown
LogMessageContent:6
LogMessageTime:2015-05-14 23:39:45
LogMessageType:Unknown
LogMessageContent:After
LogMessageTime:2015-05-14 23:39:54
LogMessageType:Unknown
LogMessageContent:Before
LogMessageTime:2015-05-14 23:39:54
LogMessageType:Unknown
LogMessageContent:1
LogMessageTime:2015-05-14 23:39:54
LogMessageType:Unknown
LogMessageContent:2
LogMessageTime:2015-05-14 23:39:54
LogMessageType:Unknown
LogMessageContent:3
LogMessageTime:2015-05-14 23:39:54
LogMessageType:Unknown
LogMessageContent:4
LogMessageTime:2015-05-14 23:39:54
LogMessageType:Unknown
LogMessageContent:5
LogMessageTime:2015-05-14 23:39:54
LogMessageType:Unknown
LogMessageContent:6
LogMessageTime:2015-05-14 23:39:54
LogMessageType:Unknown
LogMessageContent:After
LogMessageTime:2015-05-14 23:39:54
LogMessageType:Unknown
LogMessageContent:Before
LogMessageTime:2015-05-14 23:39:54
LogMessageType:Unknown
LogMessageContent:1
LogMessageTime:2015-05-14 23:39:54
LogMessageType:Unknown
LogMessageContent:2
LogMessageTime:2015-05-14 23:39:54
LogMessageType:Unknown
LogMessageContent:3
LogMessageTime:2015-05-14 23:39:54
LogMessageType:Unknown
LogMessageContent:4
LogMessageTime:2015-05-14 23:39:54
LogMessageType:Unknown
LogMessageContent:5
LogMessageTime:2015-05-14 23:39:54
LogMessageType:Unknown
LogMessageContent:6
LogMessageTime:2015-05-14 23:39:54
LogMessageType:Unknown
LogMessageContent:After
LogMessageTime:2015-05-14 23:39:56
LogMessageType:Unknown
LogMessageContent:Before
LogMessageTime:2015-05-14 23:39:57
LogMessageType:Unknown
LogMessageContent:1
LogMessageTime:2015-05-14 23:39:57
LogMessageType:Unknown
LogMessageContent:2
LogMessageTime:2015-05-14 23:39:57
LogMessageType:Unknown
LogMessageContent:3
LogMessageTime:2015-05-14 23:39:57
LogMessageType:Unknown
LogMessageContent:4
LogMessageTime:2015-05-14 23:39:57
LogMessageType:Unknown
LogMessageContent:5
LogMessageTime:2015-05-14 23:39:57
LogMessageType:Unknown
LogMessageContent:6
LogMessageTime:2015-05-14 23:39:57
LogMessageType:Unknown
LogMessageContent:After
LogMessageTime:2015-05-14 23:40:02
LogMessageType:Unknown
LogMessageContent:Before
LogMessageTime:2015-05-14 23:40:02
LogMessageType:Unknown
LogMessageContent:1
LogMessageTime:2015-05-14 23:40:02
LogMessageType:Unknown
LogMessageContent:2
LogMessageTime:2015-05-14 23:40:02
LogMessageType:Unknown
LogMessageContent:3
LogMessageTime:2015-05-14 23:40:02
LogMessageType:Unknown
LogMessageContent:4
LogMessageTime:2015-05-14 23:40:02
LogMessageType:Unknown
LogMessageContent:5
LogMessageTime:2015-05-14 23:40:02
LogMessageType:Unknown
LogMessageContent:6
LogMessageTime:2015-05-14 23:40:02
LogMessageType:Unknown
LogMessageContent:After
LogMessageTime:2015-05-14 23:40:03
LogMessageType:Unknown
LogMessageContent:Before
LogMessageTime:2015-05-14 23:40:03
LogMessageType:Unknown
LogMessageContent:1
LogMessageTime:2015-05-14 23:40:03
LogMessageType:Unknown
LogMessageContent:2
LogMessageTime:2015-05-14 23:40:03
LogMessageType:Unknown
LogMessageContent:3
LogMessageTime:2015-05-14 23:40:03
LogMessageType:Unknown
LogMessageContent:4
LogMessageTime:2015-05-14 23:40:03
LogMessageType:Unknown
LogMessageContent:5
LogMessageTime:2015-05-14 23:40:03
LogMessageType:Unknown
LogMessageContent:6
LogMessageTime:2015-05-14 23:40:03
LogMessageType:Unknown
LogMessageContent:After
LogMessageTime:2015-05-14 23:40:07
LogMessageType:Unknown
LogMessageContent:Before
LogMessageTime:2015-05-14 23:40:08
LogMessageType:Unknown
LogMessageContent:1
LogMessageTime:2015-05-14 23:40:08
LogMessageType:Unknown
LogMessageContent:2
LogMessageTime:2015-05-14 23:40:08
LogMessageType:Unknown
LogMessageContent:3
LogMessageTime:2015-05-14 23:40:08
LogMessageType:Unknown
LogMessageContent:4
LogMessageTime:2015-05-14 23:40:08
LogMessageType:Unknown
LogMessageContent:5
LogMessageTime:2015-05-14 23:40:08
LogMessageType:Unknown
LogMessageContent:6
LogMessageTime:2015-05-14 23:40:08
LogMessageType:Unknown
LogMessageContent:After
LogMessageTime:2015-05-14 23:40:09
LogMessageType:Unknown
LogMessageContent:Before
LogMessageTime:2015-05-14 23:40:09
LogMessageType:Unknown
LogMessageContent:1
LogMessageTime:2015-05-14 23:40:09
LogMessageType:Unknown
LogMessageContent:2
LogMessageTime:2015-05-14 23:40:09
LogMessageType:Unknown
LogMessageContent:3
LogMessageTime:2015-05-14 23:40:09
LogMessageType:Unknown
LogMessageContent:4
LogMessageTime:2015-05-14 23:40:09
LogMessageType:Unknown
LogMessageContent:5
LogMessageTime:2015-05-14 23:40:09
LogMessageType:Unknown
LogMessageContent:6
LogMessageTime:2015-05-14 23:40:09
LogMessageType:Unknown
LogMessageContent:After
LogMessageTime:2015-05-14 23:40:09
LogMessageType:Unknown
LogMessageContent:Before
LogMessageTime:2015-05-14 23:40:09
LogMessageType:Unknown
LogMessageContent:1
LogMessageTime:2015-05-14 23:40:09
LogMessageType:Unknown
LogMessageContent:2
LogMessageTime:2015-05-14 23:40:09
LogMessageType:Unknown
LogMessageContent:3
LogMessageTime:2015-05-14 23:40:09
LogMessageType:Unknown
LogMessageContent:4
LogMessageTime:2015-05-14 23:40:09
LogMessageType:Unknown
LogMessageContent:5
LogMessageTime:2015-05-14 23:40:09
LogMessageType:Unknown
LogMessageContent:6
LogMessageTime:2015-05-14 23:40:09
LogMessageType:Unknown
LogMessageContent:After
LogMessageTime:2015-05-14 23:40:10
LogMessageType:Unknown
LogMessageContent:Before
LogMessageTime:2015-05-14 23:40:10
LogMessageType:Unknown
LogMessageContent:1
LogMessageTime:2015-05-14 23:40:10
LogMessageType:Unknown
LogMessageContent:2
LogMessageTime:2015-05-14 23:40:10
LogMessageType:Unknown
LogMessageContent:3
LogMessageTime:2015-05-14 23:40:10
LogMessageType:Unknown
LogMessageContent:4
LogMessageTime:2015-05-14 23:40:10
LogMessageType:Unknown
LogMessageContent:5
LogMessageTime:2015-05-14 23:40:10
LogMessageType:Unknown
LogMessageContent:6
LogMessageTime:2015-05-14 23:40:10
LogMessageType:Unknown
LogMessageContent:After
LogMessageTime:2015-05-14 23:40:12
LogMessageType:Unknown
LogMessageContent:Before
LogMessageTime:2015-05-14 23:40:12
LogMessageType:Unknown
LogMessageContent:1
LogMessageTime:2015-05-14 23:40:12
LogMessageType:Unknown
LogMessageContent:2
LogMessageTime:2015-05-14 23:40:12
LogMessageType:Unknown
LogMessageContent:3
LogMessageTime:2015-05-14 23:40:12
LogMessageType:Unknown
LogMessageContent:4
LogMessageTime:2015-05-14 23:40:12
LogMessageType:Unknown
LogMessageContent:5
LogMessageTime:2015-05-14 23:40:12
LogMessageType:Unknown
LogMessageContent:6
LogMessageTime:2015-05-14 23:40:12
LogMessageType:Unknown
LogMessageContent:After
LogMessageTime:2015-05-14 23:40:16
LogMessageType:Unknown
LogMessageContent:Before
LogMessageTime:2015-05-14 23:40:16
LogMessageType:Unknown
LogMessageContent:1
LogMessageTime:2015-05-14 23:40:16
LogMessageType:Unknown
LogMessageContent:2
LogMessageTime:2015-05-14 23:40:16
LogMessageType:Unknown
LogMessageContent:3
LogMessageTime:2015-05-14 23:40:16
LogMessageType:Unknown
LogMessageContent:4
LogMessageTime:2015-05-14 23:40:16
LogMessageType:Unknown
LogMessageContent:5
LogMessageTime:2015-05-14 23:40:16
LogMessageType:Unknown
LogMessageContent:6
LogMessageTime:2015-05-14 23:40:16
LogMessageType:Unknown
LogMessageContent:After
LogMessageTime:2015-05-14 23:40:17
LogMessageType:Unknown
LogMessageContent:Before
LogMessageTime:2015-05-14 23:40:17
LogMessageType:Unknown
LogMessageContent:1
LogMessageTime:2015-05-14 23:40:17
LogMessageType:Unknown
LogMessageContent:2
LogMessageTime:2015-05-14 23:40:17
LogMessageType:Unknown
LogMessageContent:3
LogMessageTime:2015-05-14 23:40:17
LogMessageType:Unknown
LogMessageContent:4
LogMessageTime:2015-05-14 23:40:17
LogMessageType:Unknown
LogMessageContent:5
LogMessageTime:2015-05-14 23:40:17
LogMessageType:Unknown
LogMessageContent:6
LogMessageTime:2015-05-14 23:40:17
LogMessageType:Unknown
LogMessageContent:After
LogMessageTime:2015-05-14 23:40:19
LogMessageType:Unknown
LogMessageContent:Before
LogMessageTime:2015-05-14 23:40:19
LogMessageType:Unknown
LogMessageContent:1
LogMessageTime:2015-05-14 23:40:19
LogMessageType:Unknown
LogMessageContent:2
LogMessageTime:2015-05-14 23:40:19
LogMessageType:Unknown
LogMessageContent:3
LogMessageTime:2015-05-14 23:40:19
LogMessageType:Unknown
LogMessageContent:4
LogMessageTime:2015-05-14 23:40:19
LogMessageType:Unknown
LogMessageContent:5
LogMessageTime:2015-05-14 23:40:19
LogMessageType:Unknown
LogMessageContent:6
LogMessageTime:2015-05-14 23:40:19
LogMessageType:Unknown
LogMessageContent:After
LogMessageTime:2015-05-14 23:40:29
LogMessageType:Unknown
LogMessageContent:Before
LogMessageTime:2015-05-14 23:40:29
LogMessageType:Unknown
LogMessageContent:1
LogMessageTime:2015-05-14 23:40:29
LogMessageType:Unknown
LogMessageContent:2
LogMessageTime:2015-05-14 23:40:29
LogMessageType:Unknown
LogMessageContent:3
LogMessageTime:2015-05-14 23:40:29
LogMessageType:Unknown
LogMessageContent:4
LogMessageTime:2015-05-14 23:40:29
LogMessageType:Unknown
LogMessageContent:5
LogMessageTime:2015-05-14 23:40:29
LogMessageType:Unknown
LogMessageContent:6
LogMessageTime:2015-05-14 23:40:29
LogMessageType:Unknown
LogMessageContent:After
LogMessageTime:2015-05-14 23:40:30
LogMessageType:Unknown
LogMessageContent:Before
LogMessageTime:2015-05-14 23:40:30
LogMessageType:Unknown
LogMessageContent:1
LogMessageTime:2015-05-14 23:40:30
LogMessageType:Unknown
LogMessageContent:2
LogMessageTime:2015-05-14 23:40:30
LogMessageType:Unknown
LogMessageContent:3
LogMessageTime:2015-05-14 23:40:30
LogMessageType:Unknown
LogMessageContent:4
LogMessageTime:2015-05-14 23:40:30
LogMessageType:Unknown
LogMessageContent:5
LogMessageTime:2015-05-14 23:40:30
LogMessageType:Unknown
LogMessageContent:6
LogMessageTime:2015-05-14 23:40:30
LogMessageType:Unknown
LogMessageContent:After
LogMessageTime:2015-05-14 23:40:30
LogMessageType:Unknown
LogMessageContent:Before
LogMessageTime:2015-05-14 23:40:30
LogMessageType:Unknown
LogMessageContent:1
LogMessageTime:2015-05-14 23:40:30
LogMessageType:Unknown
LogMessageContent:2
LogMessageTime:2015-05-14 23:40:30
LogMessageType:Unknown
LogMessageContent:3
LogMessageTime:2015-05-14 23:40:30
LogMessageType:Unknown
LogMessageContent:4
LogMessageTime:2015-05-14 23:40:30
LogMessageType:Unknown
LogMessageContent:5
LogMessageTime:2015-05-14 23:40:30
LogMessageType:Unknown
LogMessageContent:6
LogMessageTime:2015-05-14 23:40:30
LogMessageType:Unknown
LogMessageContent:After
LogMessageTime:2015-05-14 23:40:31
LogMessageType:Unknown
LogMessageContent:Before
LogMessageTime:2015-05-14 23:40:31
LogMessageType:Unknown
LogMessageContent:1
LogMessageTime:2015-05-14 23:40:31
LogMessageType:Unknown
LogMessageContent:2
LogMessageTime:2015-05-14 23:40:31
LogMessageType:Unknown
LogMessageContent:3
LogMessageTime:2015-05-14 23:40:31
LogMessageType:Unknown
LogMessageContent:4
LogMessageTime:2015-05-14 23:40:31
LogMessageType:Unknown
LogMessageContent:5
LogMessageTime:2015-05-14 23:40:31
LogMessageType:Unknown
LogMessageContent:6
LogMessageTime:2015-05-14 23:40:31
LogMessageType:Unknown
LogMessageContent:After
LogMessageTime:2015-05-14 23:40:36
LogMessageType:Unknown
LogMessageContent:Before
LogMessageTime:2015-05-14 23:40:36
LogMessageType:Unknown
LogMessageContent:1
LogMessageTime:2015-05-14 23:40:36
LogMessageType:Unknown
LogMessageContent:2
LogMessageTime:2015-05-14 23:40:36
LogMessageType:Unknown
LogMessageContent:3
LogMessageTime:2015-05-14 23:40:36
LogMessageType:Unknown
LogMessageContent:4
LogMessageTime:2015-05-14 23:40:36
LogMessageType:Unknown
LogMessageContent:5
LogMessageTime:2015-05-14 23:40:36
LogMessageType:Unknown
LogMessageContent:6
LogMessageTime:2015-05-14 23:40:36
LogMessageType:Unknown
LogMessageContent:After
LogMessageTime:2015-05-14 23:40:37
LogMessageType:Unknown
LogMessageContent:Before
LogMessageTime:2015-05-14 23:40:37
LogMessageType:Unknown
LogMessageContent:1
LogMessageTime:2015-05-14 23:40:37
LogMessageType:Unknown
LogMessageContent:2
LogMessageTime:2015-05-14 23:40:37
LogMessageType:Unknown
LogMessageContent:3
LogMessageTime:2015-05-14 23:40:37
LogMessageType:Unknown
LogMessageContent:4
LogMessageTime:2015-05-14 23:40:37
LogMessageType:Unknown
LogMessageContent:5
LogMessageTime:2015-05-14 23:40:37
LogMessageType:Unknown
LogMessageContent:6
LogMessageTime:2015-05-14 23:40:37
LogMessageType:Unknown
LogMessageContent:After
LogMessageTime:2015-05-14 23:40:41
LogMessageType:Unknown
LogMessageContent:Before
LogMessageTime:2015-05-14 23:40:41
LogMessageType:Unknown
LogMessageContent:1
LogMessageTime:2015-05-14 23:40:41
LogMessageType:Unknown
LogMessageContent:2
LogMessageTime:2015-05-14 23:40:41
LogMessageType:Unknown
LogMessageContent:3
LogMessageTime:2015-05-14 23:40:41
LogMessageType:Unknown
LogMessageContent:4
LogMessageTime:2015-05-14 23:40:41
LogMessageType:Unknown
LogMessageContent:5
LogMessageTime:2015-05-14 23:40:41
LogMessageType:Unknown
LogMessageContent:6
LogMessageTime:2015-05-14 23:40:41
LogMessageType:Unknown
LogMessageContent:After
LogMessageTime:2015-05-14 23:40:42
LogMessageType:Unknown
LogMessageContent:Before
LogMessageTime:2015-05-14 23:40:43
LogMessageType:Unknown
LogMessageContent:1
LogMessageTime:2015-05-14 23:40:43
LogMessageType:Unknown
LogMessageContent:2
LogMessageTime:2015-05-14 23:40:43
LogMessageType:Unknown
LogMessageContent:3
LogMessageTime:2015-05-14 23:40:43
LogMessageType:Unknown
LogMessageContent:4
LogMessageTime:2015-05-14 23:40:43
LogMessageType:Unknown
LogMessageContent:5
LogMessageTime:2015-05-14 23:40:43
LogMessageType:Unknown
LogMessageContent:6
LogMessageTime:2015-05-14 23:40:43
LogMessageType:Unknown
LogMessageContent:After
LogMessageTime:2015-05-14 23:40:45
LogMessageType:Unknown
LogMessageContent:Before
LogMessageTime:2015-05-14 23:40:45
LogMessageType:Unknown
LogMessageContent:1
LogMessageTime:2015-05-14 23:40:45
LogMessageType:Unknown
LogMessageContent:2
LogMessageTime:2015-05-14 23:40:45
LogMessageType:Unknown
LogMessageContent:3
LogMessageTime:2015-05-14 23:40:45
LogMessageType:Unknown
LogMessageContent:4
LogMessageTime:2015-05-14 23:40:45
LogMessageType:Unknown
LogMessageContent:5
LogMessageTime:2015-05-14 23:40:45
LogMessageType:Unknown
LogMessageContent:6
LogMessageTime:2015-05-14 23:40:45
LogMessageType:Unknown
LogMessageContent:After
LogMessageTime:2015-05-14 23:40:46
LogMessageType:Unknown
LogMessageContent:Before
LogMessageTime:2015-05-14 23:40:47
LogMessageType:Unknown
LogMessageContent:1
LogMessageTime:2015-05-14 23:40:47
LogMessageType:Unknown
LogMessageContent:2
LogMessageTime:2015-05-14 23:40:47
LogMessageType:Unknown
LogMessageContent:3
LogMessageTime:2015-05-14 23:40:47
LogMessageType:Unknown
LogMessageContent:4
LogMessageTime:2015-05-14 23:40:47
LogMessageType:Unknown
LogMessageContent:5
LogMessageTime:2015-05-14 23:40:47
LogMessageType:Unknown
LogMessageContent:6
LogMessageTime:2015-05-14 23:40:47
LogMessageType:Unknown
LogMessageContent:After
LogMessageTime:2015-05-14 23:40:48
LogMessageType:Unknown
LogMessageContent:Before
LogMessageTime:2015-05-14 23:40:48
LogMessageType:Unknown
LogMessageContent:1
LogMessageTime:2015-05-14 23:40:48
LogMessageType:Unknown
LogMessageContent:2
LogMessageTime:2015-05-14 23:40:48
LogMessageType:Unknown
LogMessageContent:3
LogMessageTime:2015-05-14 23:40:48
LogMessageType:Unknown
LogMessageContent:4
LogMessageTime:2015-05-14 23:40:48
LogMessageType:Unknown
LogMessageContent:5
LogMessageTime:2015-05-14 23:40:48
LogMessageType:Unknown
LogMessageContent:6
LogMessageTime:2015-05-14 23:40:48
LogMessageType:Unknown
LogMessageContent:After
LogMessageTime:2015-05-14 23:40:50
LogMessageType:Unknown
LogMessageContent:Before
LogMessageTime:2015-05-14 23:40:50
LogMessageType:Unknown
LogMessageContent:1
LogMessageTime:2015-05-14 23:40:50
LogMessageType:Unknown
LogMessageContent:2
LogMessageTime:2015-05-14 23:40:50
LogMessageType:Unknown
LogMessageContent:3
LogMessageTime:2015-05-14 23:40:50
LogMessageType:Unknown
LogMessageContent:4
LogMessageTime:2015-05-14 23:40:50
LogMessageType:Unknown
LogMessageContent:5
LogMessageTime:2015-05-14 23:40:50
LogMessageType:Unknown
LogMessageContent:6
LogMessageTime:2015-05-14 23:40:50
LogMessageType:Unknown
LogMessageContent:After
LogMessageTime:2015-05-14 23:40:50
LogMessageType:Unknown
LogMessageContent:Before
LogMessageTime:2015-05-14 23:40:50
LogMessageType:Unknown
LogMessageContent:1
LogMessageTime:2015-05-14 23:40:50
LogMessageType:Unknown
LogMessageContent:2
LogMessageTime:2015-05-14 23:40:50
LogMessageType:Unknown
LogMessageContent:3
LogMessageTime:2015-05-14 23:40:50
LogMessageType:Unknown
LogMessageContent:4
LogMessageTime:2015-05-14 23:40:50
LogMessageType:Unknown
LogMessageContent:5
LogMessageTime:2015-05-14 23:40:50
LogMessageType:Unknown
LogMessageContent:6
LogMessageTime:2015-05-14 23:40:50
LogMessageType:Unknown
LogMessageContent:After
LogMessageTime:2015-05-14 23:40:54
LogMessageType:Unknown
LogMessageContent:Before
LogMessageTime:2015-05-14 23:40:54
LogMessageType:Unknown
LogMessageContent:1
LogMessageTime:2015-05-14 23:40:54
LogMessageType:Unknown
LogMessageContent:2
LogMessageTime:2015-05-14 23:40:54
LogMessageType:Unknown
LogMessageContent:3
LogMessageTime:2015-05-14 23:40:54
LogMessageType:Unknown
LogMessageContent:4
LogMessageTime:2015-05-14 23:40:54
LogMessageType:Unknown
LogMessageContent:5
LogMessageTime:2015-05-14 23:40:54
LogMessageType:Unknown
LogMessageContent:6
LogMessageTime:2015-05-14 23:40:54
LogMessageType:Unknown
LogMessageContent:After
LogMessageTime:2015-05-14 23:40:55
LogMessageType:Unknown
LogMessageContent:Before
LogMessageTime:2015-05-14 23:40:56
LogMessageType:Unknown
LogMessageContent:1
LogMessageTime:2015-05-14 23:40:56
LogMessageType:Unknown
LogMessageContent:2
LogMessageTime:2015-05-14 23:40:56
LogMessageType:Unknown
LogMessageContent:3
LogMessageTime:2015-05-14 23:40:56
LogMessageType:Unknown
LogMessageContent:4
LogMessageTime:2015-05-14 23:40:56
LogMessageType:Unknown
LogMessageContent:5
LogMessageTime:2015-05-14 23:40:56
LogMessageType:Unknown
LogMessageContent:6
LogMessageTime:2015-05-14 23:40:56
LogMessageType:Unknown
LogMessageContent:After
LogMessageTime:2015-05-14 23:40:58
LogMessageType:Unknown
LogMessageContent:Before
LogMessageTime:2015-05-14 23:40:58
LogMessageType:Unknown
LogMessageContent:1
LogMessageTime:2015-05-14 23:40:58
LogMessageType:Unknown
LogMessageContent:2
LogMessageTime:2015-05-14 23:40:58
LogMessageType:Unknown
LogMessageContent:3
LogMessageTime:2015-05-14 23:40:58
LogMessageType:Unknown
LogMessageContent:4
LogMessageTime:2015-05-14 23:40:58
LogMessageType:Unknown
LogMessageContent:5
LogMessageTime:2015-05-14 23:40:58
LogMessageType:Unknown
LogMessageContent:6
LogMessageTime:2015-05-14 23:40:58
LogMessageType:Unknown
LogMessageContent:After
LogMessageTime:2015-05-14 23:40:59
LogMessageType:Unknown
LogMessageContent:Before
LogMessageTime:2015-05-14 23:41:00
LogMessageType:Unknown
LogMessageContent:1
LogMessageTime:2015-05-14 23:41:00
LogMessageType:Unknown
LogMessageContent:2
LogMessageTime:2015-05-14 23:41:00
LogMessageType:Unknown
LogMessageContent:3
LogMessageTime:2015-05-14 23:41:00
LogMessageType:Unknown
LogMessageContent:4
LogMessageTime:2015-05-14 23:41:00
LogMessageType:Unknown
LogMessageContent:5
LogMessageTime:2015-05-14 23:41:00
LogMessageType:Unknown
LogMessageContent:6
LogMessageTime:2015-05-14 23:41:00
LogMessageType:Unknown
LogMessageContent:After
LogMessageTime:2015-05-14 23:41:00
LogMessageType:Unknown
LogMessageContent:Before
LogMessageTime:2015-05-14 23:41:00
LogMessageType:Unknown
LogMessageContent:1
LogMessageTime:2015-05-14 23:41:00
LogMessageType:Unknown
LogMessageContent:2
LogMessageTime:2015-05-14 23:41:00
LogMessageType:Unknown
LogMessageContent:3
LogMessageTime:2015-05-14 23:41:00
LogMessageType:Unknown
LogMessageContent:4
LogMessageTime:2015-05-14 23:41:00
LogMessageType:Unknown
LogMessageContent:5
LogMessageTime:2015-05-14 23:41:00
LogMessageType:Unknown
LogMessageContent:6
LogMessageTime:2015-05-14 23:41:00
LogMessageType:Unknown
LogMessageContent:After
LogMessageTime:2015-05-14 23:41:01
LogMessageType:Unknown
LogMessageContent:Before
LogMessageTime:2015-05-14 23:41:01
LogMessageType:Unknown
LogMessageContent:1
LogMessageTime:2015-05-14 23:41:01
LogMessageType:Unknown
LogMessageContent:2
LogMessageTime:2015-05-14 23:41:01
LogMessageType:Unknown
LogMessageContent:3
LogMessageTime:2015-05-14 23:41:01
LogMessageType:Unknown
LogMessageContent:4
LogMessageTime:2015-05-14 23:41:01
LogMessageType:Unknown
LogMessageContent:5
LogMessageTime:2015-05-14 23:41:01
LogMessageType:Unknown
LogMessageContent:6
LogMessageTime:2015-05-14 23:41:01
LogMessageType:Unknown
LogMessageContent:After
LogMessageTime:2015-05-14 23:41:01
LogMessageType:Unknown
LogMessageContent:Before
LogMessageTime:2015-05-14 23:41:01
LogMessageType:Unknown
LogMessageContent:1
LogMessageTime:2015-05-14 23:41:01
LogMessageType:Unknown
LogMessageContent:2
LogMessageTime:2015-05-14 23:41:01
LogMessageType:Unknown
LogMessageContent:3
LogMessageTime:2015-05-14 23:41:01
LogMessageType:Unknown
LogMessageContent:4
LogMessageTime:2015-05-14 23:41:01
LogMessageType:Unknown
LogMessageContent:5
LogMessageTime:2015-05-14 23:41:01
LogMessageType:Unknown
LogMessageContent:6
LogMessageTime:2015-05-14 23:41:01
LogMessageType:Unknown
LogMessageContent:After
LogMessageTime:2015-05-14 23:41:02
LogMessageType:Unknown
LogMessageContent:Before
LogMessageTime:2015-05-14 23:41:02
LogMessageType:Unknown
LogMessageContent:1
LogMessageTime:2015-05-14 23:41:02
LogMessageType:Unknown
LogMessageContent:2
LogMessageTime:2015-05-14 23:41:02
LogMessageType:Unknown
LogMessageContent:3
LogMessageTime:2015-05-14 23:41:02
LogMessageType:Unknown
LogMessageContent:4
LogMessageTime:2015-05-14 23:41:02
LogMessageType:Unknown
LogMessageContent:5
LogMessageTime:2015-05-14 23:41:02
LogMessageType:Unknown
LogMessageContent:6
LogMessageTime:2015-05-14 23:41:02
LogMessageType:Unknown
LogMessageContent:After
LogMessageTime:2015-05-14 23:46:52
LogMessageType:Error
LogMessageContent:ggg_webserviceManager23:46
LogMessageTime:2015-05-14 23:46:54
LogMessageType:Error
LogMessageContent:ggg_InitDevices23:46
LogMessageTime:2015-05-14 23:46:54
LogMessageType:Success
LogMessageContent:上传考勤记录成功！
LogMessageTime:2015-05-14 23:46:55
LogMessageType:Error
LogMessageContent:初始化温度计设备失败！
LogMessageTime:2015-05-14 23:46:55
LogMessageType:Error
LogMessageContent:ggg_InitDevices23:46
LogMessageTime:2015-05-14 23:47:29
LogMessageType:Error
LogMessageContent:ggg_webserviceManager23:47
LogMessageTime:2015-05-14 23:47:30
LogMessageType:Success
LogMessageContent:上传考勤记录成功！
LogMessageTime:2015-05-14 23:47:30
LogMessageType:Error
LogMessageContent:ggg_InitDevices23:47
LogMessageTime:2015-05-14 23:47:31
LogMessageType:Error
LogMessageContent:初始化温度计设备失败！
LogMessageTime:2015-05-14 23:47:31
LogMessageType:Error
LogMessageContent:ggg_InitDevices23:47
LogMessageTime:2015-05-14 23:48:01
LogMessageType:Unknown
LogMessageContent:Before
LogMessageTime:2015-05-14 23:48:01
LogMessageType:Unknown
LogMessageContent:1
LogMessageTime:2015-05-14 23:48:01
LogMessageType:Unknown
LogMessageContent:2
LogMessageTime:2015-05-14 23:48:01
LogMessageType:Unknown
LogMessageContent:3
LogMessageTime:2015-05-14 23:48:01
LogMessageType:Unknown
LogMessageContent:4
LogMessageTime:2015-05-14 23:48:01
LogMessageType:Unknown
LogMessageContent:5
LogMessageTime:2015-05-14 23:48:01
LogMessageType:Unknown
LogMessageContent:6
LogMessageTime:2015-05-14 23:48:01
LogMessageType:Unknown
LogMessageContent:After
LogMessageTime:2015-05-14 23:48:02
LogMessageType:Unknown
LogMessageContent:Before
LogMessageTime:2015-05-14 23:48:02
LogMessageType:Unknown
LogMessageContent:1
LogMessageTime:2015-05-14 23:48:02
LogMessageType:Unknown
LogMessageContent:2
LogMessageTime:2015-05-14 23:48:02
LogMessageType:Unknown
LogMessageContent:3
LogMessageTime:2015-05-14 23:48:02
LogMessageType:Unknown
LogMessageContent:4
LogMessageTime:2015-05-14 23:48:02
LogMessageType:Unknown
LogMessageContent:5
LogMessageTime:2015-05-14 23:48:02
LogMessageType:Unknown
LogMessageContent:6
LogMessageTime:2015-05-14 23:48:02
LogMessageType:Unknown
LogMessageContent:After
LogMessageTime:2015-05-14 23:48:05
LogMessageType:Unknown
LogMessageContent:Before
LogMessageTime:2015-05-14 23:48:05
LogMessageType:Unknown
LogMessageContent:1
LogMessageTime:2015-05-14 23:48:05
LogMessageType:Unknown
LogMessageContent:2
LogMessageTime:2015-05-14 23:48:05
LogMessageType:Unknown
LogMessageContent:3
LogMessageTime:2015-05-14 23:48:05
LogMessageType:Unknown
LogMessageContent:4
LogMessageTime:2015-05-14 23:48:05
LogMessageType:Unknown
LogMessageContent:5
LogMessageTime:2015-05-14 23:48:05
LogMessageType:Unknown
LogMessageContent:6
LogMessageTime:2015-05-14 23:48:05
LogMessageType:Unknown
LogMessageContent:After
LogMessageTime:2015-05-14 23:48:05
LogMessageType:Unknown
LogMessageContent:Before
LogMessageTime:2015-05-14 23:48:05
LogMessageType:Unknown
LogMessageContent:1
LogMessageTime:2015-05-14 23:48:05
LogMessageType:Unknown
LogMessageContent:2
LogMessageTime:2015-05-14 23:48:05
LogMessageType:Unknown
LogMessageContent:3
LogMessageTime:2015-05-14 23:48:05
LogMessageType:Unknown
LogMessageContent:4
LogMessageTime:2015-05-14 23:48:05
LogMessageType:Unknown
LogMessageContent:5
LogMessageTime:2015-05-14 23:48:05
LogMessageType:Unknown
LogMessageContent:6
LogMessageTime:2015-05-14 23:48:05
LogMessageType:Unknown
LogMessageContent:After
LogMessageTime:2015-05-14 23:48:06
LogMessageType:Unknown
LogMessageContent:Before
LogMessageTime:2015-05-14 23:48:06
LogMessageType:Unknown
LogMessageContent:1
LogMessageTime:2015-05-14 23:48:06
LogMessageType:Unknown
LogMessageContent:2
LogMessageTime:2015-05-14 23:48:06
LogMessageType:Unknown
LogMessageContent:3
LogMessageTime:2015-05-14 23:48:06
LogMessageType:Unknown
LogMessageContent:4
LogMessageTime:2015-05-14 23:48:06
LogMessageType:Unknown
LogMessageContent:5
LogMessageTime:2015-05-14 23:48:06
LogMessageType:Unknown
LogMessageContent:6
LogMessageTime:2015-05-14 23:48:06
LogMessageType:Unknown
LogMessageContent:After
LogMessageTime:2015-05-14 23:48:08
LogMessageType:Unknown
LogMessageContent:Before
LogMessageTime:2015-05-14 23:48:08
LogMessageType:Unknown
LogMessageContent:1
LogMessageTime:2015-05-14 23:48:08
LogMessageType:Unknown
LogMessageContent:2
LogMessageTime:2015-05-14 23:48:08
LogMessageType:Unknown
LogMessageContent:3
LogMessageTime:2015-05-14 23:48:08
LogMessageType:Unknown
LogMessageContent:4
LogMessageTime:2015-05-14 23:48:08
LogMessageType:Unknown
LogMessageContent:5
LogMessageTime:2015-05-14 23:48:08
LogMessageType:Unknown
LogMessageContent:6
LogMessageTime:2015-05-14 23:48:08
LogMessageType:Unknown
LogMessageContent:After
LogMessageTime:2015-05-14 23:48:10
LogMessageType:Unknown
LogMessageContent:Before
LogMessageTime:2015-05-14 23:48:10
LogMessageType:Unknown
LogMessageContent:1
LogMessageTime:2015-05-14 23:48:10
LogMessageType:Unknown
LogMessageContent:2
LogMessageTime:2015-05-14 23:48:10
LogMessageType:Unknown
LogMessageContent:3
LogMessageTime:2015-05-14 23:48:10
LogMessageType:Unknown
LogMessageContent:4
LogMessageTime:2015-05-14 23:48:10
LogMessageType:Unknown
LogMessageContent:5
LogMessageTime:2015-05-14 23:48:10
LogMessageType:Unknown
LogMessageContent:6
LogMessageTime:2015-05-14 23:48:10
LogMessageType:Unknown
LogMessageContent:After
LogMessageTime:2015-05-14 23:48:13
LogMessageType:Unknown
LogMessageContent:Before
LogMessageTime:2015-05-14 23:48:13
LogMessageType:Unknown
LogMessageContent:1
LogMessageTime:2015-05-14 23:48:13
LogMessageType:Unknown
LogMessageContent:2
LogMessageTime:2015-05-14 23:48:13
LogMessageType:Unknown
LogMessageContent:3
LogMessageTime:2015-05-14 23:48:13
LogMessageType:Unknown
LogMessageContent:4
LogMessageTime:2015-05-14 23:48:13
LogMessageType:Unknown
LogMessageContent:5
LogMessageTime:2015-05-14 23:48:13
LogMessageType:Unknown
LogMessageContent:6
LogMessageTime:2015-05-14 23:48:13
LogMessageType:Unknown
LogMessageContent:After
LogMessageTime:2015-05-14 23:48:14
LogMessageType:Unknown
LogMessageContent:Before
LogMessageTime:2015-05-14 23:48:14
LogMessageType:Unknown
LogMessageContent:1
LogMessageTime:2015-05-14 23:48:14
LogMessageType:Unknown
LogMessageContent:2
LogMessageTime:2015-05-14 23:48:14
LogMessageType:Unknown
LogMessageContent:3
LogMessageTime:2015-05-14 23:48:14
LogMessageType:Unknown
LogMessageContent:4
LogMessageTime:2015-05-14 23:48:14
LogMessageType:Unknown
LogMessageContent:5
LogMessageTime:2015-05-14 23:48:14
LogMessageType:Unknown
LogMessageContent:6
LogMessageTime:2015-05-14 23:48:14
LogMessageType:Unknown
LogMessageContent:After
LogMessageTime:2015-05-14 23:48:14
LogMessageType:Unknown
LogMessageContent:Before
LogMessageTime:2015-05-14 23:48:14
LogMessageType:Unknown
LogMessageContent:1
LogMessageTime:2015-05-14 23:48:14
LogMessageType:Unknown
LogMessageContent:2
LogMessageTime:2015-05-14 23:48:14
LogMessageType:Unknown
LogMessageContent:3
LogMessageTime:2015-05-14 23:48:14
LogMessageType:Unknown
LogMessageContent:4
LogMessageTime:2015-05-14 23:48:14
LogMessageType:Unknown
LogMessageContent:5
LogMessageTime:2015-05-14 23:48:14
LogMessageType:Unknown
LogMessageContent:6
LogMessageTime:2015-05-14 23:48:14
LogMessageType:Unknown
LogMessageContent:After
LogMessageTime:2015-05-14 23:48:15
LogMessageType:Unknown
LogMessageContent:Before
LogMessageTime:2015-05-14 23:48:16
LogMessageType:Unknown
LogMessageContent:1
LogMessageTime:2015-05-14 23:48:16
LogMessageType:Unknown
LogMessageContent:2
LogMessageTime:2015-05-14 23:48:16
LogMessageType:Unknown
LogMessageContent:3
LogMessageTime:2015-05-14 23:48:16
LogMessageType:Unknown
LogMessageContent:4
LogMessageTime:2015-05-14 23:48:16
LogMessageType:Unknown
LogMessageContent:5
LogMessageTime:2015-05-14 23:48:16
LogMessageType:Unknown
LogMessageContent:6
LogMessageTime:2015-05-14 23:48:16
LogMessageType:Unknown
LogMessageContent:After
LogMessageTime:2015-05-14 23:48:16
LogMessageType:Unknown
LogMessageContent:Before
LogMessageTime:2015-05-14 23:48:16
LogMessageType:Unknown
LogMessageContent:1
LogMessageTime:2015-05-14 23:48:16
LogMessageType:Unknown
LogMessageContent:2
LogMessageTime:2015-05-14 23:48:16
LogMessageType:Unknown
LogMessageContent:3
LogMessageTime:2015-05-14 23:48:16
LogMessageType:Unknown
LogMessageContent:4
LogMessageTime:2015-05-14 23:48:16
LogMessageType:Unknown
LogMessageContent:5
LogMessageTime:2015-05-14 23:48:16
LogMessageType:Unknown
LogMessageContent:6
LogMessageTime:2015-05-14 23:48:16
LogMessageType:Unknown
LogMessageContent:After
LogMessageTime:2015-05-14 23:48:18
LogMessageType:Unknown
LogMessageContent:Before
LogMessageTime:2015-05-14 23:48:18
LogMessageType:Unknown
LogMessageContent:1
LogMessageTime:2015-05-14 23:48:18
LogMessageType:Unknown
LogMessageContent:2
LogMessageTime:2015-05-14 23:48:18
LogMessageType:Unknown
LogMessageContent:3
LogMessageTime:2015-05-14 23:48:18
LogMessageType:Unknown
LogMessageContent:4
LogMessageTime:2015-05-14 23:48:18
LogMessageType:Unknown
LogMessageContent:5
LogMessageTime:2015-05-14 23:48:18
LogMessageType:Unknown
LogMessageContent:6
LogMessageTime:2015-05-14 23:48:18
LogMessageType:Unknown
LogMessageContent:After
LogMessageTime:2015-05-14 23:48:20
LogMessageType:Unknown
LogMessageContent:Before
LogMessageTime:2015-05-14 23:48:20
LogMessageType:Unknown
LogMessageContent:1
LogMessageTime:2015-05-14 23:48:20
LogMessageType:Unknown
LogMessageContent:2
LogMessageTime:2015-05-14 23:48:20
LogMessageType:Unknown
LogMessageContent:3
LogMessageTime:2015-05-14 23:48:20
LogMessageType:Unknown
LogMessageContent:4
LogMessageTime:2015-05-14 23:48:20
LogMessageType:Unknown
LogMessageContent:5
LogMessageTime:2015-05-14 23:48:20
LogMessageType:Unknown
LogMessageContent:6
LogMessageTime:2015-05-14 23:48:20
LogMessageType:Unknown
LogMessageContent:After
LogMessageTime:2015-05-14 23:48:21
LogMessageType:Unknown
LogMessageContent:Before
LogMessageTime:2015-05-14 23:48:22
LogMessageType:Unknown
LogMessageContent:1
LogMessageTime:2015-05-14 23:48:22
LogMessageType:Unknown
LogMessageContent:2
LogMessageTime:2015-05-14 23:48:22
LogMessageType:Unknown
LogMessageContent:3
LogMessageTime:2015-05-14 23:48:22
LogMessageType:Unknown
LogMessageContent:4
LogMessageTime:2015-05-14 23:48:22
LogMessageType:Unknown
LogMessageContent:5
LogMessageTime:2015-05-14 23:48:22
LogMessageType:Unknown
LogMessageContent:6
LogMessageTime:2015-05-14 23:48:22
LogMessageType:Unknown
LogMessageContent:After
LogMessageTime:2015-05-14 23:48:23
LogMessageType:Unknown
LogMessageContent:Before
LogMessageTime:2015-05-14 23:48:23
LogMessageType:Unknown
LogMessageContent:1
LogMessageTime:2015-05-14 23:48:23
LogMessageType:Unknown
LogMessageContent:2
LogMessageTime:2015-05-14 23:48:23
LogMessageType:Unknown
LogMessageContent:3
LogMessageTime:2015-05-14 23:48:23
LogMessageType:Unknown
LogMessageContent:4
LogMessageTime:2015-05-14 23:48:23
LogMessageType:Unknown
LogMessageContent:5
LogMessageTime:2015-05-14 23:48:23
LogMessageType:Unknown
LogMessageContent:6
LogMessageTime:2015-05-14 23:48:23
LogMessageType:Unknown
LogMessageContent:After
LogMessageTime:2015-05-14 23:48:23
LogMessageType:Unknown
LogMessageContent:Before
LogMessageTime:2015-05-14 23:48:23
LogMessageType:Unknown
LogMessageContent:1
LogMessageTime:2015-05-14 23:48:23
LogMessageType:Unknown
LogMessageContent:2
LogMessageTime:2015-05-14 23:48:23
LogMessageType:Unknown
LogMessageContent:3
LogMessageTime:2015-05-14 23:48:23
LogMessageType:Unknown
LogMessageContent:4
LogMessageTime:2015-05-14 23:48:23
LogMessageType:Unknown
LogMessageContent:5
LogMessageTime:2015-05-14 23:48:23
LogMessageType:Unknown
LogMessageContent:6
LogMessageTime:2015-05-14 23:48:23
LogMessageType:Unknown
LogMessageContent:After
LogMessageTime:2015-05-14 23:48:24
LogMessageType:Unknown
LogMessageContent:Before
LogMessageTime:2015-05-14 23:48:24
LogMessageType:Unknown
LogMessageContent:1
LogMessageTime:2015-05-14 23:48:24
LogMessageType:Unknown
LogMessageContent:2
LogMessageTime:2015-05-14 23:48:24
LogMessageType:Unknown
LogMessageContent:3
LogMessageTime:2015-05-14 23:48:24
LogMessageType:Unknown
LogMessageContent:4
LogMessageTime:2015-05-14 23:48:24
LogMessageType:Unknown
LogMessageContent:5
LogMessageTime:2015-05-14 23:48:24
LogMessageType:Unknown
LogMessageContent:6
LogMessageTime:2015-05-14 23:48:24
LogMessageType:Unknown
LogMessageContent:After
LogMessageTime:2015-05-14 23:48:27
LogMessageType:Unknown
LogMessageContent:Before
LogMessageTime:2015-05-14 23:48:27
LogMessageType:Unknown
LogMessageContent:1
LogMessageTime:2015-05-14 23:48:27
LogMessageType:Unknown
LogMessageContent:2
LogMessageTime:2015-05-14 23:48:27
LogMessageType:Unknown
LogMessageContent:3
LogMessageTime:2015-05-14 23:48:27
LogMessageType:Unknown
LogMessageContent:4
LogMessageTime:2015-05-14 23:48:27
LogMessageType:Unknown
LogMessageContent:5
LogMessageTime:2015-05-14 23:48:27
LogMessageType:Unknown
LogMessageContent:6
LogMessageTime:2015-05-14 23:48:27
LogMessageType:Unknown
LogMessageContent:After
LogMessageTime:2015-05-14 23:48:27
LogMessageType:Unknown
LogMessageContent:Before
LogMessageTime:2015-05-14 23:48:27
LogMessageType:Unknown
LogMessageContent:1
LogMessageTime:2015-05-14 23:48:27
LogMessageType:Unknown
LogMessageContent:2
LogMessageTime:2015-05-14 23:48:27
LogMessageType:Unknown
LogMessageContent:3
LogMessageTime:2015-05-14 23:48:27
LogMessageType:Unknown
LogMessageContent:4
LogMessageTime:2015-05-14 23:48:27
LogMessageType:Unknown
LogMessageContent:5
LogMessageTime:2015-05-14 23:48:27
LogMessageType:Unknown
LogMessageContent:6
LogMessageTime:2015-05-14 23:48:27
LogMessageType:Unknown
LogMessageContent:After
LogMessageTime:2015-05-14 23:48:31
LogMessageType:Unknown
LogMessageContent:Before
LogMessageTime:2015-05-14 23:48:31
LogMessageType:Unknown
LogMessageContent:1
LogMessageTime:2015-05-14 23:48:31
LogMessageType:Unknown
LogMessageContent:2
LogMessageTime:2015-05-14 23:48:31
LogMessageType:Unknown
LogMessageContent:3
LogMessageTime:2015-05-14 23:48:31
LogMessageType:Unknown
LogMessageContent:4
LogMessageTime:2015-05-14 23:48:31
LogMessageType:Unknown
LogMessageContent:5
LogMessageTime:2015-05-14 23:48:31
LogMessageType:Unknown
LogMessageContent:6
LogMessageTime:2015-05-14 23:48:31
LogMessageType:Unknown
LogMessageContent:After
LogMessageTime:2015-05-14 23:48:38
LogMessageType:Unknown
LogMessageContent:Before
LogMessageTime:2015-05-14 23:48:39
LogMessageType:Unknown
LogMessageContent:1
LogMessageTime:2015-05-14 23:48:39
LogMessageType:Unknown
LogMessageContent:2
LogMessageTime:2015-05-14 23:48:39
LogMessageType:Unknown
LogMessageContent:3
LogMessageTime:2015-05-14 23:48:39
LogMessageType:Unknown
LogMessageContent:4
LogMessageTime:2015-05-14 23:48:39
LogMessageType:Unknown
LogMessageContent:5
LogMessageTime:2015-05-14 23:48:39
LogMessageType:Unknown
LogMessageContent:6
LogMessageTime:2015-05-14 23:48:39
LogMessageType:Unknown
LogMessageContent:After
LogMessageTime:2015-05-14 23:48:39
LogMessageType:Unknown
LogMessageContent:Before
LogMessageTime:2015-05-14 23:48:40
LogMessageType:Unknown
LogMessageContent:1
LogMessageTime:2015-05-14 23:48:40
LogMessageType:Unknown
LogMessageContent:2
LogMessageTime:2015-05-14 23:48:40
LogMessageType:Unknown
LogMessageContent:3
LogMessageTime:2015-05-14 23:48:40
LogMessageType:Unknown
LogMessageContent:4
LogMessageTime:2015-05-14 23:48:40
LogMessageType:Unknown
LogMessageContent:5
LogMessageTime:2015-05-14 23:48:40
LogMessageType:Unknown
LogMessageContent:6
LogMessageTime:2015-05-14 23:48:40
LogMessageType:Unknown
LogMessageContent:After
LogMessageTime:2015-05-14 23:48:41
LogMessageType:Unknown
LogMessageContent:Before
LogMessageTime:2015-05-14 23:48:41
LogMessageType:Unknown
LogMessageContent:1
LogMessageTime:2015-05-14 23:48:41
LogMessageType:Unknown
LogMessageContent:2
LogMessageTime:2015-05-14 23:48:41
LogMessageType:Unknown
LogMessageContent:3
LogMessageTime:2015-05-14 23:48:41
LogMessageType:Unknown
LogMessageContent:4
LogMessageTime:2015-05-14 23:48:41
LogMessageType:Unknown
LogMessageContent:5
LogMessageTime:2015-05-14 23:48:41
LogMessageType:Unknown
LogMessageContent:6
LogMessageTime:2015-05-14 23:48:41
LogMessageType:Unknown
LogMessageContent:After
LogMessageTime:2015-05-14 23:48:44
LogMessageType:Unknown
LogMessageContent:Before
LogMessageTime:2015-05-14 23:48:44
LogMessageType:Unknown
LogMessageContent:1
LogMessageTime:2015-05-14 23:48:44
LogMessageType:Unknown
LogMessageContent:2
LogMessageTime:2015-05-14 23:48:44
LogMessageType:Unknown
LogMessageContent:3
LogMessageTime:2015-05-14 23:48:44
LogMessageType:Unknown
LogMessageContent:4
LogMessageTime:2015-05-14 23:48:44
LogMessageType:Unknown
LogMessageContent:5
LogMessageTime:2015-05-14 23:48:44
LogMessageType:Unknown
LogMessageContent:6
LogMessageTime:2015-05-14 23:48:44
LogMessageType:Unknown
LogMessageContent:After
LogMessageTime:2015-05-14 23:48:45
LogMessageType:Unknown
LogMessageContent:Before
LogMessageTime:2015-05-14 23:48:45
LogMessageType:Unknown
LogMessageContent:1
LogMessageTime:2015-05-14 23:48:45
LogMessageType:Unknown
LogMessageContent:2
LogMessageTime:2015-05-14 23:48:45
LogMessageType:Unknown
LogMessageContent:3
LogMessageTime:2015-05-14 23:48:45
LogMessageType:Unknown
LogMessageContent:4
LogMessageTime:2015-05-14 23:48:45
LogMessageType:Unknown
LogMessageContent:5
LogMessageTime:2015-05-14 23:48:45
LogMessageType:Unknown
LogMessageContent:6
LogMessageTime:2015-05-14 23:48:45
LogMessageType:Unknown
LogMessageContent:After
LogMessageTime:2015-05-14 23:48:47
LogMessageType:Unknown
LogMessageContent:Before
LogMessageTime:2015-05-14 23:48:47
LogMessageType:Unknown
LogMessageContent:1
LogMessageTime:2015-05-14 23:48:47
LogMessageType:Unknown
LogMessageContent:2
LogMessageTime:2015-05-14 23:48:47
LogMessageType:Unknown
LogMessageContent:3
LogMessageTime:2015-05-14 23:48:47
LogMessageType:Unknown
LogMessageContent:4
LogMessageTime:2015-05-14 23:48:47
LogMessageType:Unknown
LogMessageContent:5
LogMessageTime:2015-05-14 23:48:47
LogMessageType:Unknown
LogMessageContent:6
LogMessageTime:2015-05-14 23:48:47
LogMessageType:Unknown
LogMessageContent:After
LogMessageTime:2015-05-14 23:48:50
LogMessageType:Unknown
LogMessageContent:Before
LogMessageTime:2015-05-14 23:48:50
LogMessageType:Unknown
LogMessageContent:1
LogMessageTime:2015-05-14 23:48:50
LogMessageType:Unknown
LogMessageContent:2
LogMessageTime:2015-05-14 23:48:50
LogMessageType:Unknown
LogMessageContent:3
LogMessageTime:2015-05-14 23:48:50
LogMessageType:Unknown
LogMessageContent:4
LogMessageTime:2015-05-14 23:48:50
LogMessageType:Unknown
LogMessageContent:5
LogMessageTime:2015-05-14 23:48:50
LogMessageType:Unknown
LogMessageContent:6
LogMessageTime:2015-05-14 23:48:50
LogMessageType:Unknown
LogMessageContent:After
LogMessageTime:2015-05-14 23:48:57
LogMessageType:Unknown
LogMessageContent:Before
LogMessageTime:2015-05-14 23:48:57
LogMessageType:Unknown
LogMessageContent:1
LogMessageTime:2015-05-14 23:48:57
LogMessageType:Unknown
LogMessageContent:2
LogMessageTime:2015-05-14 23:48:57
LogMessageType:Unknown
LogMessageContent:3
LogMessageTime:2015-05-14 23:48:57
LogMessageType:Unknown
LogMessageContent:4
LogMessageTime:2015-05-14 23:48:57
LogMessageType:Unknown
LogMessageContent:5
LogMessageTime:2015-05-14 23:48:57
LogMessageType:Unknown
LogMessageContent:6
LogMessageTime:2015-05-14 23:48:57
LogMessageType:Unknown
LogMessageContent:After
LogMessageTime:2015-05-14 23:48:57
LogMessageType:Unknown
LogMessageContent:Before
LogMessageTime:2015-05-14 23:48:57
LogMessageType:Unknown
LogMessageContent:1
LogMessageTime:2015-05-14 23:48:57
LogMessageType:Unknown
LogMessageContent:2
LogMessageTime:2015-05-14 23:48:57
LogMessageType:Unknown
LogMessageContent:3
LogMessageTime:2015-05-14 23:48:57
LogMessageType:Unknown
LogMessageContent:4
LogMessageTime:2015-05-14 23:48:57
LogMessageType:Unknown
LogMessageContent:5
LogMessageTime:2015-05-14 23:48:57
LogMessageType:Unknown
LogMessageContent:6
LogMessageTime:2015-05-14 23:48:57
LogMessageType:Unknown
LogMessageContent:After
LogMessageTime:2015-05-14 23:49:00
LogMessageType:Unknown
LogMessageContent:Before
LogMessageTime:2015-05-14 23:49:00
LogMessageType:Unknown
LogMessageContent:1
LogMessageTime:2015-05-14 23:49:00
LogMessageType:Unknown
LogMessageContent:2
LogMessageTime:2015-05-14 23:49:00
LogMessageType:Unknown
LogMessageContent:3
LogMessageTime:2015-05-14 23:49:00
LogMessageType:Unknown
LogMessageContent:4
LogMessageTime:2015-05-14 23:49:00
LogMessageType:Unknown
LogMessageContent:5
LogMessageTime:2015-05-14 23:49:00
LogMessageType:Unknown
LogMessageContent:6
LogMessageTime:2015-05-14 23:49:00
LogMessageType:Unknown
LogMessageContent:After
LogMessageTime:2015-05-14 23:49:01
LogMessageType:Unknown
LogMessageContent:Before
LogMessageTime:2015-05-14 23:49:01
LogMessageType:Unknown
LogMessageContent:1
LogMessageTime:2015-05-14 23:49:01
LogMessageType:Unknown
LogMessageContent:2
LogMessageTime:2015-05-14 23:49:01
LogMessageType:Unknown
LogMessageContent:3
LogMessageTime:2015-05-14 23:49:01
LogMessageType:Unknown
LogMessageContent:4
LogMessageTime:2015-05-14 23:49:01
LogMessageType:Unknown
LogMessageContent:5
LogMessageTime:2015-05-14 23:49:01
LogMessageType:Unknown
LogMessageContent:6
LogMessageTime:2015-05-14 23:49:01
LogMessageType:Unknown
LogMessageContent:After
LogMessageTime:2015-05-14 23:49:03
LogMessageType:Unknown
LogMessageContent:Before
LogMessageTime:2015-05-14 23:49:04
LogMessageType:Unknown
LogMessageContent:1
LogMessageTime:2015-05-14 23:49:04
LogMessageType:Unknown
LogMessageContent:2
LogMessageTime:2015-05-14 23:49:04
LogMessageType:Unknown
LogMessageContent:3
LogMessageTime:2015-05-14 23:49:04
LogMessageType:Unknown
LogMessageContent:4
LogMessageTime:2015-05-14 23:49:04
LogMessageType:Unknown
LogMessageContent:5
LogMessageTime:2015-05-14 23:49:04
LogMessageType:Unknown
LogMessageContent:6
LogMessageTime:2015-05-14 23:49:04
LogMessageType:Unknown
LogMessageContent:After
LogMessageTime:2015-05-14 23:49:04
LogMessageType:Unknown
LogMessageContent:Before
LogMessageTime:2015-05-14 23:49:04
LogMessageType:Unknown
LogMessageContent:1
LogMessageTime:2015-05-14 23:49:04
LogMessageType:Unknown
LogMessageContent:2
LogMessageTime:2015-05-14 23:49:04
LogMessageType:Unknown
LogMessageContent:3
LogMessageTime:2015-05-14 23:49:04
LogMessageType:Unknown
LogMessageContent:4
LogMessageTime:2015-05-14 23:49:04
LogMessageType:Unknown
LogMessageContent:5
LogMessageTime:2015-05-14 23:49:04
LogMessageType:Unknown
LogMessageContent:6
LogMessageTime:2015-05-14 23:49:04
LogMessageType:Unknown
LogMessageContent:After
LogMessageTime:2015-05-14 23:51:16
LogMessageType:Error
LogMessageContent:ggg_webserviceManager23:51
LogMessageTime:2015-05-14 23:51:16
LogMessageType:Success
LogMessageContent:上传考勤记录成功！
LogMessageTime:2015-05-14 23:51:17
LogMessageType:Error
LogMessageContent:ggg_InitDevices23:51
LogMessageTime:2015-05-14 23:51:18
LogMessageType:Error
LogMessageContent:初始化温度计设备失败！
LogMessageTime:2015-05-14 23:51:18
LogMessageType:Error
LogMessageContent:ggg_InitDevices23:51
LogMessageTime:2015-05-14 23:51:36
LogMessageType:Unknown
LogMessageContent:Before
LogMessageTime:2015-05-14 23:51:37
LogMessageType:Unknown
LogMessageContent:Before
LogMessageTime:2015-05-14 23:51:45
LogMessageType:Unknown
LogMessageContent:Before
LogMessageTime:2015-05-14 23:51:46
LogMessageType:Unknown
LogMessageContent:Before
LogMessageTime:2015-05-14 23:59:19
LogMessageType:Error
LogMessageContent:ggg_webserviceManager23:59
LogMessageTime:2015-05-14 23:59:20
LogMessageType:Success
LogMessageContent:上传考勤记录成功！
LogMessageTime:2015-05-14 23:59:20
LogMessageType:Error
LogMessageContent:ggg_InitDevices23:59
LogMessageTime:2015-05-14 23:59:21
LogMessageType:Error
LogMessageContent:初始化温度计设备失败！
LogMessageTime:2015-05-14 23:59:21
LogMessageType:Error
LogMessageContent:ggg_InitDevices23:59
LogMessageTime:2015-05-14 23:59:53
LogMessageType:Unknown
LogMessageContent:Before
