LogMessageTime:2015-05-24 19:59:53
LogMessageType:Error
LogMessageContent:ggg_webserviceManager19:59
LogMessageTime:2015-05-24 19:59:53
LogMessageType:Warning
LogMessageContent:未连网，请先联网！
LogMessageTime:2015-05-24 19:59:53
LogMessageType:Error
LogMessageContent:ggg_InitDevices19:59
LogMessageTime:2015-05-24 19:59:54
LogMessageType:Error
LogMessageContent:初始化温度计设备失败！
LogMessageTime:2015-05-24 19:59:54
LogMessageType:Error
LogMessageContent:ggg_InitDevices19:59
LogMessageTime:2015-05-24 20:04:31
LogMessageType:Error
LogMessageContent:ggg_webserviceManager20:04
LogMessageTime:2015-05-24 20:04:31
LogMessageType:Warning
LogMessageContent:未连网，请先联网！
LogMessageTime:2015-05-24 20:04:32
LogMessageType:Error
LogMessageContent:ggg_InitDevices20:04
LogMessageTime:2015-05-24 20:04:32
LogMessageType:Error
LogMessageContent:初始化温度计设备失败！
LogMessageTime:2015-05-24 20:04:32
LogMessageType:Error
LogMessageContent:ggg_InitDevices20:04
