LogMessageTime:2015-05-15 0:00:03
LogMessageType:Unknown
LogMessageContent:Before
LogMessageTime:2015-05-15 0:00:09
LogMessageType:Unknown
LogMessageContent:Before
LogMessageTime:2015-05-15 0:00:28
LogMessageType:Unknown
LogMessageContent:Before
LogMessageTime:2015-05-15 0:00:31
LogMessageType:Unknown
LogMessageContent:Before
LogMessageTime:2015-05-15 0:00:32
LogMessageType:Unknown
LogMessageContent:Before
LogMessageTime:2015-05-15 0:00:33
LogMessageType:Unknown
LogMessageContent:Before
LogMessageTime:2015-05-15 0:00:37
LogMessageType:Unknown
LogMessageContent:Before
LogMessageTime:2015-05-15 0:00:39
LogMessageType:Unknown
LogMessageContent:Before
LogMessageTime:2015-05-15 0:00:40
LogMessageType:Unknown
LogMessageContent:Before
LogMessageTime:2015-05-15 0:00:41
LogMessageType:Unknown
LogMessageContent:Before
LogMessageTime:2015-05-15 0:00:42
LogMessageType:Unknown
LogMessageContent:Before
LogMessageTime:2015-05-15 0:00:43
LogMessageType:Unknown
LogMessageContent:Before
LogMessageTime:2015-05-15 0:00:46
LogMessageType:Unknown
LogMessageContent:Before
LogMessageTime:2015-05-15 0:00:47
LogMessageType:Unknown
LogMessageContent:Before
LogMessageTime:2015-05-15 0:00:48
LogMessageType:Unknown
LogMessageContent:Before
LogMessageTime:2015-05-15 0:00:50
LogMessageType:Unknown
LogMessageContent:Before
LogMessageTime:2015-05-15 0:00:52
LogMessageType:Unknown
LogMessageContent:Before
LogMessageTime:2015-05-15 0:00:59
LogMessageType:Unknown
LogMessageContent:Before
LogMessageTime:2015-05-15 0:01:02
LogMessageType:Unknown
LogMessageContent:Before
LogMessageTime:2015-05-15 0:01:11
LogMessageType:Unknown
LogMessageContent:Before
LogMessageTime:2015-05-15 0:01:14
LogMessageType:Unknown
LogMessageContent:Before
LogMessageTime:2015-05-15 0:01:18
LogMessageType:Unknown
LogMessageContent:Before
LogMessageTime:2015-05-15 0:01:19
LogMessageType:Unknown
LogMessageContent:Before
LogMessageTime:2015-05-15 0:01:23
LogMessageType:Unknown
LogMessageContent:Before
LogMessageTime:2015-05-15 0:01:24
LogMessageType:Unknown
LogMessageContent:Before
LogMessageTime:2015-05-15 0:01:25
LogMessageType:Unknown
LogMessageContent:Before
LogMessageTime:2015-05-15 0:01:29
LogMessageType:Unknown
LogMessageContent:Before
LogMessageTime:2015-05-15 0:01:31
LogMessageType:Unknown
LogMessageContent:Before
LogMessageTime:2015-05-15 0:01:31
LogMessageType:Unknown
LogMessageContent:Before
LogMessageTime:2015-05-15 0:01:34
LogMessageType:Unknown
LogMessageContent:Before
LogMessageTime:2015-05-15 0:01:35
LogMessageType:Unknown
LogMessageContent:Before
LogMessageTime:2015-05-15 0:01:38
LogMessageType:Unknown
LogMessageContent:Before
LogMessageTime:2015-05-15 0:01:43
LogMessageType:Unknown
LogMessageContent:Before
LogMessageTime:2015-05-15 0:01:43
LogMessageType:Unknown
LogMessageContent:Before
LogMessageTime:2015-05-15 0:01:45
LogMessageType:Unknown
LogMessageContent:Before
LogMessageTime:2015-05-15 0:01:47
LogMessageType:Unknown
LogMessageContent:Before
LogMessageTime:2015-05-15 0:03:54
LogMessageType:Error
LogMessageContent:ggg_webserviceManager0:03
LogMessageTime:2015-05-15 0:03:55
LogMessageType:Success
LogMessageContent:上传考勤记录成功！
LogMessageTime:2015-05-15 0:03:59
LogMessageType:Error
LogMessageContent:ggg_InitDevices0:03
LogMessageTime:2015-05-15 0:04:00
LogMessageType:Error
LogMessageContent:初始化温度计设备失败！
LogMessageTime:2015-05-15 0:04:00
LogMessageType:Error
LogMessageContent:ggg_InitDevices0:04
LogMessageTime:2015-05-15 0:04:17
LogMessageType:Unknown
LogMessageContent:Before
LogMessageTime:2015-05-15 0:04:18
LogMessageType:Unknown
LogMessageContent:Before
LogMessageTime:2015-05-15 0:04:19
LogMessageType:Unknown
LogMessageContent:Before
LogMessageTime:2015-05-15 0:04:19
LogMessageType:Unknown
LogMessageContent:Before
LogMessageTime:2015-05-15 0:04:22
LogMessageType:Unknown
LogMessageContent:Before
LogMessageTime:2015-05-15 0:04:23
LogMessageType:Unknown
LogMessageContent:Before
LogMessageTime:2015-05-15 0:04:24
LogMessageType:Unknown
LogMessageContent:Before
LogMessageTime:2015-05-15 0:04:24
LogMessageType:Unknown
LogMessageContent:Before
LogMessageTime:2015-05-15 0:04:25
LogMessageType:Unknown
LogMessageContent:Before
LogMessageTime:2015-05-15 0:04:27
LogMessageType:Unknown
LogMessageContent:Before
LogMessageTime:2015-05-15 0:04:27
LogMessageType:Unknown
LogMessageContent:Before
LogMessageTime:2015-05-15 0:04:29
LogMessageType:Unknown
LogMessageContent:Before
LogMessageTime:2015-05-15 0:04:30
LogMessageType:Unknown
LogMessageContent:Before
LogMessageTime:2015-05-15 0:04:32
LogMessageType:Unknown
LogMessageContent:Before
LogMessageTime:2015-05-15 0:04:34
LogMessageType:Unknown
LogMessageContent:Before
LogMessageTime:2015-05-15 0:04:36
LogMessageType:Unknown
LogMessageContent:Before
LogMessageTime:2015-05-15 0:04:38
LogMessageType:Unknown
LogMessageContent:Before
LogMessageTime:2015-05-15 0:04:40
LogMessageType:Unknown
LogMessageContent:Before
LogMessageTime:2015-05-15 0:04:40
LogMessageType:Unknown
LogMessageContent:Before
LogMessageTime:2015-05-15 0:04:43
LogMessageType:Unknown
LogMessageContent:Before
LogMessageTime:2015-05-15 0:04:45
LogMessageType:Unknown
LogMessageContent:Before
LogMessageTime:2015-05-15 0:04:46
LogMessageType:Unknown
LogMessageContent:Before
LogMessageTime:2015-05-15 0:04:47
LogMessageType:Unknown
LogMessageContent:Before
LogMessageTime:2015-05-15 0:04:52
LogMessageType:Unknown
LogMessageContent:Before
LogMessageTime:2015-05-15 0:04:59
LogMessageType:Unknown
LogMessageContent:Before
LogMessageTime:2015-05-15 0:05:00
LogMessageType:Unknown
LogMessageContent:Before
LogMessageTime:2015-05-15 0:05:01
LogMessageType:Unknown
LogMessageContent:Before
LogMessageTime:2015-05-15 0:05:06
LogMessageType:Unknown
LogMessageContent:Before
LogMessageTime:2015-05-15 0:05:09
LogMessageType:Unknown
LogMessageContent:Before
LogMessageTime:2015-05-15 0:05:13
LogMessageType:Unknown
LogMessageContent:Before
LogMessageTime:2015-05-15 0:05:14
LogMessageType:Unknown
LogMessageContent:Before
LogMessageTime:2015-05-15 0:05:14
LogMessageType:Unknown
LogMessageContent:Before
LogMessageTime:2015-05-15 0:06:05
LogMessageType:Error
LogMessageContent:ggg_webserviceManager0:06
LogMessageTime:2015-05-15 0:06:07
LogMessageType:Success
LogMessageContent:上传考勤记录成功！
LogMessageTime:2015-05-15 0:06:07
LogMessageType:Error
LogMessageContent:ggg_InitDevices0:06
LogMessageTime:2015-05-15 0:06:08
LogMessageType:Error
LogMessageContent:初始化温度计设备失败！
LogMessageTime:2015-05-15 0:06:08
LogMessageType:Error
LogMessageContent:ggg_InitDevices0:06
LogMessageTime:2015-05-15 0:06:35
LogMessageType:Unknown
LogMessageContent:Before
LogMessageTime:2015-05-15 0:06:37
LogMessageType:Unknown
LogMessageContent:Before
LogMessageTime:2015-05-15 0:06:37
LogMessageType:Unknown
LogMessageContent:Before
LogMessageTime:2015-05-15 0:06:38
LogMessageType:Unknown
LogMessageContent:Before
LogMessageTime:2015-05-15 0:06:38
LogMessageType:Unknown
LogMessageContent:Before
LogMessageTime:2015-05-15 0:06:40
LogMessageType:Unknown
LogMessageContent:Before
LogMessageTime:2015-05-15 0:06:42
LogMessageType:Unknown
LogMessageContent:Before
LogMessageTime:2015-05-15 0:10:42
LogMessageType:Error
LogMessageContent:ggg_webserviceManager0:10
LogMessageTime:2015-05-15 0:10:43
LogMessageType:Success
LogMessageContent:上传考勤记录成功！
LogMessageTime:2015-05-15 0:10:43
LogMessageType:Error
LogMessageContent:ggg_InitDevices0:10
LogMessageTime:2015-05-15 0:10:44
LogMessageType:Error
LogMessageContent:初始化温度计设备失败！
LogMessageTime:2015-05-15 0:10:44
LogMessageType:Error
LogMessageContent:ggg_InitDevices0:10
LogMessageTime:2015-05-15 0:12:35
LogMessageType:Error
LogMessageContent:ggg_webserviceManager0:12
LogMessageTime:2015-05-15 0:12:36
LogMessageType:Success
LogMessageContent:上传考勤记录成功！
LogMessageTime:2015-05-15 0:12:36
LogMessageType:Error
LogMessageContent:ggg_InitDevices0:12
LogMessageTime:2015-05-15 0:12:36
LogMessageType:Error
LogMessageContent:初始化温度计设备失败！
LogMessageTime:2015-05-15 0:12:36
LogMessageType:Error
LogMessageContent:ggg_InitDevices0:12
LogMessageTime:2015-05-15 0:12:47
LogMessageType:Unknown
LogMessageContent:Before
LogMessageTime:2015-05-15 0:12:48
LogMessageType:Unknown
LogMessageContent:Before
LogMessageTime:2015-05-15 0:12:49
LogMessageType:Unknown
LogMessageContent:Before
LogMessageTime:2015-05-15 0:12:50
LogMessageType:Unknown
LogMessageContent:Before
LogMessageTime:2015-05-15 0:12:51
LogMessageType:Unknown
LogMessageContent:Before
LogMessageTime:2015-05-15 0:12:52
LogMessageType:Unknown
LogMessageContent:Before
LogMessageTime:2015-05-15 0:12:53
LogMessageType:Unknown
LogMessageContent:Before
LogMessageTime:2015-05-15 0:12:53
LogMessageType:Unknown
LogMessageContent:Before
LogMessageTime:2015-05-15 0:12:54
LogMessageType:Unknown
LogMessageContent:Before
LogMessageTime:2015-05-15 0:12:55
LogMessageType:Unknown
LogMessageContent:Before
LogMessageTime:2015-05-15 0:12:56
LogMessageType:Unknown
LogMessageContent:Before
LogMessageTime:2015-05-15 0:12:57
LogMessageType:Unknown
LogMessageContent:Before
LogMessageTime:2015-05-15 0:12:58
LogMessageType:Unknown
LogMessageContent:Before
LogMessageTime:2015-05-15 0:12:58
LogMessageType:Unknown
LogMessageContent:Before
LogMessageTime:2015-05-15 0:12:59
LogMessageType:Unknown
LogMessageContent:Before
LogMessageTime:2015-05-15 0:13:00
LogMessageType:Unknown
LogMessageContent:Before
LogMessageTime:2015-05-15 0:13:04
LogMessageType:Unknown
LogMessageContent:Before
LogMessageTime:2015-05-15 0:13:05
LogMessageType:Unknown
LogMessageContent:Before
LogMessageTime:2015-05-15 0:13:06
LogMessageType:Unknown
LogMessageContent:Before
LogMessageTime:2015-05-15 0:13:08
LogMessageType:Unknown
LogMessageContent:Before
LogMessageTime:2015-05-15 0:13:08
LogMessageType:Unknown
LogMessageContent:Before
LogMessageTime:2015-05-15 0:13:09
LogMessageType:Unknown
LogMessageContent:Before
LogMessageTime:2015-05-15 0:13:11
LogMessageType:Unknown
LogMessageContent:Before
LogMessageTime:2015-05-15 0:13:12
LogMessageType:Unknown
LogMessageContent:Before
LogMessageTime:2015-05-15 0:13:13
LogMessageType:Unknown
LogMessageContent:Before
LogMessageTime:2015-05-15 0:13:14
LogMessageType:Unknown
LogMessageContent:Before
LogMessageTime:2015-05-15 0:13:15
LogMessageType:Unknown
LogMessageContent:Before
LogMessageTime:2015-05-15 0:13:16
LogMessageType:Unknown
LogMessageContent:Before
LogMessageTime:2015-05-15 0:13:17
LogMessageType:Unknown
LogMessageContent:Before
LogMessageTime:2015-05-15 0:13:18
LogMessageType:Unknown
LogMessageContent:Before
LogMessageTime:2015-05-15 0:13:19
LogMessageType:Unknown
LogMessageContent:Before
LogMessageTime:2015-05-15 0:13:20
LogMessageType:Unknown
LogMessageContent:Before
LogMessageTime:2015-05-15 0:13:21
LogMessageType:Unknown
LogMessageContent:Before
LogMessageTime:2015-05-15 0:13:22
LogMessageType:Unknown
LogMessageContent:Before
LogMessageTime:2015-05-15 0:13:24
LogMessageType:Unknown
LogMessageContent:Before
LogMessageTime:2015-05-15 0:13:25
LogMessageType:Unknown
LogMessageContent:Before
LogMessageTime:2015-05-15 0:13:26
LogMessageType:Unknown
LogMessageContent:Before
LogMessageTime:2015-05-15 0:13:28
LogMessageType:Unknown
LogMessageContent:Before
LogMessageTime:2015-05-15 0:13:28
LogMessageType:Unknown
LogMessageContent:Before
LogMessageTime:2015-05-15 0:13:29
LogMessageType:Unknown
LogMessageContent:Before
LogMessageTime:2015-05-15 0:13:30
LogMessageType:Unknown
LogMessageContent:Before
LogMessageTime:2015-05-15 0:13:31
LogMessageType:Unknown
LogMessageContent:Before
LogMessageTime:2015-05-15 0:13:32
LogMessageType:Unknown
LogMessageContent:Before
LogMessageTime:2015-05-15 0:13:33
LogMessageType:Unknown
LogMessageContent:Before
LogMessageTime:2015-05-15 0:13:34
LogMessageType:Unknown
LogMessageContent:Before
LogMessageTime:2015-05-15 0:13:37
LogMessageType:Unknown
LogMessageContent:Before
LogMessageTime:2015-05-15 0:13:38
LogMessageType:Unknown
LogMessageContent:Before
LogMessageTime:2015-05-15 0:13:40
LogMessageType:Unknown
LogMessageContent:Before
LogMessageTime:2015-05-15 0:13:40
LogMessageType:Unknown
LogMessageContent:Before
LogMessageTime:2015-05-15 0:13:41
LogMessageType:Unknown
LogMessageContent:Before
LogMessageTime:2015-05-15 0:13:41
LogMessageType:Unknown
LogMessageContent:Before
LogMessageTime:2015-05-15 0:13:41
LogMessageType:Unknown
LogMessageContent:Before
LogMessageTime:2015-05-15 0:13:42
LogMessageType:Unknown
LogMessageContent:Before
LogMessageTime:2015-05-15 0:13:42
LogMessageType:Unknown
LogMessageContent:Before
LogMessageTime:2015-05-15 0:13:43
LogMessageType:Unknown
LogMessageContent:Before
LogMessageTime:2015-05-15 0:13:44
LogMessageType:Unknown
LogMessageContent:Before
LogMessageTime:2015-05-15 0:13:45
LogMessageType:Unknown
LogMessageContent:Before
LogMessageTime:2015-05-15 0:13:45
LogMessageType:Unknown
LogMessageContent:Before
LogMessageTime:2015-05-15 0:13:46
LogMessageType:Unknown
LogMessageContent:Before
LogMessageTime:2015-05-15 0:13:48
LogMessageType:Unknown
LogMessageContent:Before
LogMessageTime:2015-05-15 0:13:49
LogMessageType:Unknown
LogMessageContent:Before
LogMessageTime:2015-05-15 0:13:50
LogMessageType:Unknown
LogMessageContent:Before
LogMessageTime:2015-05-15 0:13:50
LogMessageType:Unknown
LogMessageContent:Before
LogMessageTime:2015-05-15 0:13:50
LogMessageType:Unknown
LogMessageContent:Before
LogMessageTime:2015-05-15 0:14:01
LogMessageType:Unknown
LogMessageContent:Before
LogMessageTime:2015-05-15 0:14:02
LogMessageType:Unknown
LogMessageContent:Before
LogMessageTime:2015-05-15 0:14:03
LogMessageType:Unknown
LogMessageContent:Before
LogMessageTime:2015-05-15 0:14:04
LogMessageType:Unknown
LogMessageContent:Before
LogMessageTime:2015-05-15 0:14:05
LogMessageType:Unknown
LogMessageContent:Before
LogMessageTime:2015-05-15 0:14:07
LogMessageType:Unknown
LogMessageContent:Before
LogMessageTime:2015-05-15 0:14:09
LogMessageType:Unknown
LogMessageContent:Before
LogMessageTime:2015-05-15 0:14:10
LogMessageType:Unknown
LogMessageContent:Before
LogMessageTime:2015-05-15 0:18:33
LogMessageType:Error
LogMessageContent:ggg_webserviceManager0:18
LogMessageTime:2015-05-15 0:18:35
LogMessageType:Success
LogMessageContent:上传考勤记录成功！
LogMessageTime:2015-05-15 0:18:35
LogMessageType:Error
LogMessageContent:ggg_InitDevices0:18
LogMessageTime:2015-05-15 0:18:36
LogMessageType:Error
LogMessageContent:初始化温度计设备失败！
LogMessageTime:2015-05-15 0:18:36
LogMessageType:Error
LogMessageContent:ggg_InitDevices0:18
LogMessageTime:2015-05-15 0:19:35
LogMessageType:Unknown
LogMessageContent:Before
LogMessageTime:2015-05-15 0:19:36
LogMessageType:Unknown
LogMessageContent:Before
LogMessageTime:2015-05-15 0:20:17
LogMessageType:Error
LogMessageContent:ggg_webserviceManager0:20
LogMessageTime:2015-05-15 0:20:17
LogMessageType:Error
LogMessageContent:ggg_InitDevices0:20
LogMessageTime:2015-05-15 0:20:17
LogMessageType:Success
LogMessageContent:上传考勤记录成功！
LogMessageTime:2015-05-15 0:20:18
LogMessageType:Error
LogMessageContent:初始化温度计设备失败！
LogMessageTime:2015-05-15 0:20:18
LogMessageType:Error
LogMessageContent:ggg_InitDevices0:20
LogMessageTime:2015-05-15 0:20:39
LogMessageType:Unknown
LogMessageContent:Before
LogMessageTime:2015-05-15 0:20:40
LogMessageType:Unknown
LogMessageContent:Before
LogMessageTime:2015-05-15 0:20:41
LogMessageType:Unknown
LogMessageContent:Before
LogMessageTime:2015-05-15 0:20:43
LogMessageType:Unknown
LogMessageContent:Before
LogMessageTime:2015-05-15 0:20:44
LogMessageType:Unknown
LogMessageContent:Before
LogMessageTime:2015-05-15 0:20:46
LogMessageType:Unknown
LogMessageContent:Before
LogMessageTime:2015-05-15 0:20:47
LogMessageType:Unknown
LogMessageContent:Before
LogMessageTime:2015-05-15 0:20:49
LogMessageType:Unknown
LogMessageContent:Before
LogMessageTime:2015-05-15 0:20:50
LogMessageType:Unknown
LogMessageContent:Before
LogMessageTime:2015-05-15 0:20:51
LogMessageType:Unknown
LogMessageContent:Before
LogMessageTime:2015-05-15 0:20:52
LogMessageType:Unknown
LogMessageContent:Before
LogMessageTime:2015-05-15 0:20:53
LogMessageType:Unknown
LogMessageContent:Before
LogMessageTime:2015-05-15 0:20:55
LogMessageType:Unknown
LogMessageContent:Before
LogMessageTime:2015-05-15 0:20:56
LogMessageType:Unknown
LogMessageContent:Before
LogMessageTime:2015-05-15 0:20:57
LogMessageType:Unknown
LogMessageContent:Before
LogMessageTime:2015-05-15 0:20:58
LogMessageType:Unknown
LogMessageContent:Before
LogMessageTime:2015-05-15 0:21:00
LogMessageType:Unknown
LogMessageContent:Before
LogMessageTime:2015-05-15 0:21:01
LogMessageType:Unknown
LogMessageContent:Before
LogMessageTime:2015-05-15 0:21:02
LogMessageType:Unknown
LogMessageContent:Before
LogMessageTime:2015-05-15 0:21:03
LogMessageType:Unknown
LogMessageContent:Before
LogMessageTime:2015-05-15 0:21:04
LogMessageType:Unknown
LogMessageContent:Before
LogMessageTime:2015-05-15 0:21:05
LogMessageType:Unknown
LogMessageContent:Before
LogMessageTime:2015-05-15 0:21:06
LogMessageType:Unknown
LogMessageContent:Before
LogMessageTime:2015-05-15 0:21:08
LogMessageType:Unknown
LogMessageContent:Before
LogMessageTime:2015-05-15 0:21:09
LogMessageType:Unknown
LogMessageContent:Before
LogMessageTime:2015-05-15 0:21:10
LogMessageType:Unknown
LogMessageContent:Before
LogMessageTime:2015-05-15 0:21:12
LogMessageType:Unknown
LogMessageContent:Before
LogMessageTime:2015-05-15 0:21:13
LogMessageType:Unknown
LogMessageContent:Before
LogMessageTime:2015-05-15 0:21:19
LogMessageType:Unknown
LogMessageContent:Before
LogMessageTime:2015-05-15 0:21:20
LogMessageType:Unknown
LogMessageContent:Before
LogMessageTime:2015-05-15 0:21:22
LogMessageType:Unknown
LogMessageContent:Before
LogMessageTime:2015-05-15 0:21:23
LogMessageType:Unknown
LogMessageContent:Before
LogMessageTime:2015-05-15 0:21:30
LogMessageType:Unknown
LogMessageContent:Before
LogMessageTime:2015-05-15 0:21:31
LogMessageType:Unknown
LogMessageContent:Before
LogMessageTime:2015-05-15 0:21:33
LogMessageType:Unknown
LogMessageContent:Before
LogMessageTime:2015-05-15 0:21:37
LogMessageType:Unknown
LogMessageContent:Before
LogMessageTime:2015-05-15 0:21:39
LogMessageType:Unknown
LogMessageContent:Before
LogMessageTime:2015-05-15 0:21:41
LogMessageType:Unknown
LogMessageContent:Before
LogMessageTime:2015-05-15 0:21:42
LogMessageType:Unknown
LogMessageContent:Before
LogMessageTime:2015-05-15 0:21:43
LogMessageType:Unknown
LogMessageContent:Before
LogMessageTime:2015-05-15 0:21:44
LogMessageType:Unknown
LogMessageContent:Before
LogMessageTime:2015-05-15 0:21:45
LogMessageType:Unknown
LogMessageContent:Before
LogMessageTime:2015-05-15 0:21:46
LogMessageType:Unknown
LogMessageContent:Before
LogMessageTime:2015-05-15 0:21:48
LogMessageType:Unknown
LogMessageContent:Before
LogMessageTime:2015-05-15 0:21:50
LogMessageType:Unknown
LogMessageContent:Before
LogMessageTime:2015-05-15 0:21:51
LogMessageType:Unknown
LogMessageContent:Before
LogMessageTime:2015-05-15 0:21:52
LogMessageType:Unknown
LogMessageContent:Before
LogMessageTime:2015-05-15 0:21:52
LogMessageType:Unknown
LogMessageContent:Before
LogMessageTime:2015-05-15 0:21:53
LogMessageType:Unknown
LogMessageContent:Before
LogMessageTime:2015-05-15 0:21:54
LogMessageType:Unknown
LogMessageContent:Before
LogMessageTime:2015-05-15 0:21:55
LogMessageType:Unknown
LogMessageContent:Before
LogMessageTime:2015-05-15 0:21:57
LogMessageType:Unknown
LogMessageContent:Before
LogMessageTime:2015-05-15 0:21:57
LogMessageType:Unknown
LogMessageContent:Before
LogMessageTime:2015-05-15 0:21:57
LogMessageType:Unknown
LogMessageContent:Before
LogMessageTime:2015-05-15 0:22:00
LogMessageType:Unknown
LogMessageContent:Before
LogMessageTime:2015-05-15 0:22:01
LogMessageType:Unknown
LogMessageContent:Before
LogMessageTime:2015-05-15 0:25:07
LogMessageType:Error
LogMessageContent:ggg_webserviceManager0:25
LogMessageTime:2015-05-15 0:25:08
LogMessageType:Success
LogMessageContent:上传考勤记录成功！
LogMessageTime:2015-05-15 0:25:09
LogMessageType:Error
LogMessageContent:ggg_InitDevices0:25
LogMessageTime:2015-05-15 0:25:09
LogMessageType:Error
LogMessageContent:初始化温度计设备失败！
LogMessageTime:2015-05-15 0:25:09
LogMessageType:Error
LogMessageContent:ggg_InitDevices0:25
LogMessageTime:2015-05-15 0:25:25
LogMessageType:Unknown
LogMessageContent:Before
LogMessageTime:2015-05-15 0:25:34
LogMessageType:Unknown
LogMessageContent:Before
LogMessageTime:2015-05-15 0:25:35
LogMessageType:Unknown
LogMessageContent:Before
LogMessageTime:2015-05-15 0:25:36
LogMessageType:Unknown
LogMessageContent:Before
LogMessageTime:2015-05-15 0:25:37
LogMessageType:Unknown
LogMessageContent:Before
LogMessageTime:2015-05-15 0:25:38
LogMessageType:Unknown
LogMessageContent:Before
LogMessageTime:2015-05-15 0:25:40
LogMessageType:Unknown
LogMessageContent:Before
LogMessageTime:2015-05-15 0:25:41
LogMessageType:Unknown
LogMessageContent:Before
LogMessageTime:2015-05-15 0:25:42
LogMessageType:Unknown
LogMessageContent:Before
LogMessageTime:2015-05-15 0:25:44
LogMessageType:Unknown
LogMessageContent:Before
LogMessageTime:2015-05-15 0:25:45
LogMessageType:Unknown
LogMessageContent:Before
LogMessageTime:2015-05-15 0:28:05
LogMessageType:Unknown
LogMessageContent:Before
LogMessageTime:2015-05-15 0:30:18
LogMessageType:Unknown
LogMessageContent:Before
LogMessageTime:2015-05-15 0:30:22
LogMessageType:Unknown
LogMessageContent:Before
LogMessageTime:2015-05-15 0:30:22
LogMessageType:Unknown
LogMessageContent:Before
LogMessageTime:2015-05-15 0:30:27
LogMessageType:Unknown
LogMessageContent:Before
LogMessageTime:2015-05-15 0:30:28
LogMessageType:Unknown
LogMessageContent:Before
LogMessageTime:2015-05-15 0:30:28
LogMessageType:Unknown
LogMessageContent:Before
LogMessageTime:2015-05-15 0:30:29
LogMessageType:Unknown
LogMessageContent:Before
LogMessageTime:2015-05-15 0:30:29
LogMessageType:Unknown
LogMessageContent:Before
LogMessageTime:2015-05-15 0:30:29
LogMessageType:Unknown
LogMessageContent:Before
LogMessageTime:2015-05-15 0:30:30
LogMessageType:Unknown
LogMessageContent:Before
LogMessageTime:2015-05-15 0:30:30
LogMessageType:Unknown
LogMessageContent:Before
LogMessageTime:2015-05-15 0:30:31
LogMessageType:Unknown
LogMessageContent:Before
LogMessageTime:2015-05-15 0:30:31
LogMessageType:Unknown
LogMessageContent:Before
LogMessageTime:2015-05-15 0:30:31
LogMessageType:Unknown
LogMessageContent:Before
LogMessageTime:2015-05-15 0:30:32
LogMessageType:Unknown
LogMessageContent:Before
LogMessageTime:2015-05-15 0:30:32
LogMessageType:Unknown
LogMessageContent:Before
LogMessageTime:2015-05-15 0:30:33
LogMessageType:Unknown
LogMessageContent:Before
LogMessageTime:2015-05-15 0:30:33
LogMessageType:Unknown
LogMessageContent:Before
LogMessageTime:2015-05-15 0:30:33
LogMessageType:Unknown
LogMessageContent:Before
LogMessageTime:2015-05-15 0:30:34
LogMessageType:Unknown
LogMessageContent:Before
LogMessageTime:2015-05-15 0:30:34
LogMessageType:Unknown
LogMessageContent:Before
LogMessageTime:2015-05-15 0:30:35
LogMessageType:Unknown
LogMessageContent:Before
LogMessageTime:2015-05-15 0:30:35
LogMessageType:Unknown
LogMessageContent:Before
LogMessageTime:2015-05-15 0:30:35
LogMessageType:Unknown
LogMessageContent:Before
LogMessageTime:2015-05-15 0:30:36
LogMessageType:Unknown
LogMessageContent:Before
LogMessageTime:2015-05-15 0:30:36
LogMessageType:Unknown
LogMessageContent:Before
LogMessageTime:2015-05-15 0:30:36
LogMessageType:Unknown
LogMessageContent:Before
LogMessageTime:2015-05-15 0:30:37
LogMessageType:Unknown
LogMessageContent:Before
LogMessageTime:2015-05-15 0:30:37
LogMessageType:Unknown
LogMessageContent:Before
LogMessageTime:2015-05-15 0:30:38
LogMessageType:Unknown
LogMessageContent:Before
LogMessageTime:2015-05-15 0:30:38
LogMessageType:Unknown
LogMessageContent:Before
LogMessageTime:2015-05-15 0:30:39
LogMessageType:Unknown
LogMessageContent:Before
LogMessageTime:2015-05-15 0:30:39
LogMessageType:Unknown
LogMessageContent:Before
LogMessageTime:2015-05-15 0:30:40
LogMessageType:Unknown
LogMessageContent:Before
LogMessageTime:2015-05-15 0:30:40
LogMessageType:Unknown
LogMessageContent:Before
LogMessageTime:2015-05-15 0:30:40
LogMessageType:Unknown
LogMessageContent:Before
LogMessageTime:2015-05-15 0:30:41
LogMessageType:Unknown
LogMessageContent:Before
LogMessageTime:2015-05-15 0:30:41
LogMessageType:Unknown
LogMessageContent:Before
LogMessageTime:2015-05-15 0:30:41
LogMessageType:Unknown
LogMessageContent:Before
LogMessageTime:2015-05-15 0:30:42
LogMessageType:Unknown
LogMessageContent:Before
LogMessageTime:2015-05-15 0:30:42
LogMessageType:Unknown
LogMessageContent:Before
LogMessageTime:2015-05-15 0:30:43
LogMessageType:Unknown
LogMessageContent:Before
LogMessageTime:2015-05-15 0:30:43
LogMessageType:Unknown
LogMessageContent:Before
LogMessageTime:2015-05-15 0:30:43
LogMessageType:Unknown
LogMessageContent:Before
LogMessageTime:2015-05-15 0:30:44
LogMessageType:Unknown
LogMessageContent:Before
LogMessageTime:2015-05-15 0:30:44
LogMessageType:Unknown
LogMessageContent:Before
LogMessageTime:2015-05-15 0:30:44
LogMessageType:Unknown
LogMessageContent:Before
LogMessageTime:2015-05-15 0:30:45
LogMessageType:Unknown
LogMessageContent:Before
LogMessageTime:2015-05-15 0:30:45
LogMessageType:Unknown
LogMessageContent:Before
LogMessageTime:2015-05-15 0:30:45
LogMessageType:Unknown
LogMessageContent:Before
LogMessageTime:2015-05-15 0:30:46
LogMessageType:Unknown
LogMessageContent:Before
LogMessageTime:2015-05-15 0:30:46
LogMessageType:Unknown
LogMessageContent:Before
LogMessageTime:2015-05-15 0:30:46
LogMessageType:Unknown
LogMessageContent:Before
LogMessageTime:2015-05-15 0:30:47
LogMessageType:Unknown
LogMessageContent:Before
LogMessageTime:2015-05-15 0:30:47
LogMessageType:Unknown
LogMessageContent:Before
LogMessageTime:2015-05-15 0:30:47
LogMessageType:Unknown
LogMessageContent:Before
LogMessageTime:2015-05-15 0:30:48
LogMessageType:Unknown
LogMessageContent:Before
LogMessageTime:2015-05-15 0:30:48
LogMessageType:Unknown
LogMessageContent:Before
LogMessageTime:2015-05-15 0:30:48
LogMessageType:Unknown
LogMessageContent:Before
LogMessageTime:2015-05-15 0:30:49
LogMessageType:Unknown
LogMessageContent:Before
LogMessageTime:2015-05-15 0:30:49
LogMessageType:Unknown
LogMessageContent:Before
LogMessageTime:2015-05-15 0:30:49
LogMessageType:Unknown
LogMessageContent:Before
LogMessageTime:2015-05-15 0:30:50
LogMessageType:Unknown
LogMessageContent:Before
LogMessageTime:2015-05-15 0:30:50
LogMessageType:Unknown
LogMessageContent:Before
LogMessageTime:2015-05-15 0:30:50
LogMessageType:Unknown
LogMessageContent:Before
LogMessageTime:2015-05-15 0:30:51
LogMessageType:Unknown
LogMessageContent:Before
LogMessageTime:2015-05-15 0:30:51
LogMessageType:Unknown
LogMessageContent:Before
LogMessageTime:2015-05-15 0:30:51
LogMessageType:Unknown
LogMessageContent:Before
LogMessageTime:2015-05-15 0:30:52
LogMessageType:Unknown
LogMessageContent:Before
LogMessageTime:2015-05-15 0:30:52
LogMessageType:Unknown
LogMessageContent:Before
LogMessageTime:2015-05-15 0:30:54
LogMessageType:Unknown
LogMessageContent:Before
LogMessageTime:2015-05-15 0:30:55
LogMessageType:Unknown
LogMessageContent:Before
LogMessageTime:2015-05-15 0:30:55
LogMessageType:Unknown
LogMessageContent:Before
LogMessageTime:2015-05-15 0:30:56
LogMessageType:Unknown
LogMessageContent:Before
LogMessageTime:2015-05-15 0:30:57
LogMessageType:Unknown
LogMessageContent:Before
LogMessageTime:2015-05-15 0:30:57
LogMessageType:Unknown
LogMessageContent:Before
LogMessageTime:2015-05-15 0:30:58
LogMessageType:Unknown
LogMessageContent:Before
LogMessageTime:2015-05-15 0:30:59
LogMessageType:Unknown
LogMessageContent:Before
LogMessageTime:2015-05-15 0:30:59
LogMessageType:Unknown
LogMessageContent:Before
LogMessageTime:2015-05-15 0:31:00
LogMessageType:Unknown
LogMessageContent:Before
LogMessageTime:2015-05-15 0:31:00
LogMessageType:Unknown
LogMessageContent:Before
LogMessageTime:2015-05-15 0:31:01
LogMessageType:Unknown
LogMessageContent:Before
LogMessageTime:2015-05-15 0:31:01
LogMessageType:Unknown
LogMessageContent:Before
LogMessageTime:2015-05-15 0:31:02
LogMessageType:Unknown
LogMessageContent:Before
LogMessageTime:2015-05-15 0:31:03
LogMessageType:Unknown
LogMessageContent:Before
LogMessageTime:2015-05-15 0:31:03
LogMessageType:Unknown
LogMessageContent:Before
LogMessageTime:2015-05-15 0:31:03
LogMessageType:Unknown
LogMessageContent:Before
LogMessageTime:2015-05-15 0:31:04
LogMessageType:Warning
LogMessageContent:根据考勤卡号获取其他信息时出错！GetOtherInfoByCardNo-->Too many connections
LogMessageTime:2015-05-15 0:31:05
LogMessageType:Warning
LogMessageContent:根据考勤卡号获取其他信息时出错！GetOtherInfoByCardNo-->Too many connections
LogMessageTime:2015-05-15 0:31:05
LogMessageType:Warning
LogMessageContent:根据考勤卡号获取其他信息时出错！GetOtherInfoByCardNo-->Too many connections
LogMessageTime:2015-05-15 0:31:06
LogMessageType:Warning
LogMessageContent:根据考勤卡号获取其他信息时出错！GetOtherInfoByCardNo-->Too many connections
LogMessageTime:2015-05-15 0:31:06
LogMessageType:Warning
LogMessageContent:根据考勤卡号获取其他信息时出错！GetOtherInfoByCardNo-->Too many connections
LogMessageTime:2015-05-15 0:31:07
LogMessageType:Warning
LogMessageContent:根据考勤卡号获取其他信息时出错！GetOtherInfoByCardNo-->Too many connections
LogMessageTime:2015-05-15 0:31:08
LogMessageType:Warning
LogMessageContent:根据考勤卡号获取其他信息时出错！GetOtherInfoByCardNo-->Too many connections
LogMessageTime:2015-05-15 0:31:09
LogMessageType:Warning
LogMessageContent:根据考勤卡号获取其他信息时出错！GetOtherInfoByCardNo-->Too many connections
LogMessageTime:2015-05-15 0:31:10
LogMessageType:Warning
LogMessageContent:根据考勤卡号获取其他信息时出错！GetOtherInfoByCardNo-->Too many connections
LogMessageTime:2015-05-15 0:31:11
LogMessageType:Warning
LogMessageContent:根据考勤卡号获取其他信息时出错！GetOtherInfoByCardNo-->Too many connections
LogMessageTime:2015-05-15 0:31:12
LogMessageType:Warning
LogMessageContent:根据考勤卡号获取其他信息时出错！GetOtherInfoByCardNo-->Too many connections
LogMessageTime:2015-05-15 0:31:13
LogMessageType:Warning
LogMessageContent:根据考勤卡号获取其他信息时出错！GetOtherInfoByCardNo-->Too many connections
LogMessageTime:2015-05-15 0:31:18
LogMessageType:Warning
LogMessageContent:根据考勤卡号获取其他信息时出错！GetOtherInfoByCardNo-->Too many connections
LogMessageTime:2015-05-15 0:33:14
LogMessageType:Warning
LogMessageContent:根据考勤卡号获取其他信息时出错！GetOtherInfoByCardNo-->Too many connections
LogMessageTime:2015-05-15 0:37:02
LogMessageType:Warning
LogMessageContent:根据考勤卡号获取其他信息时出错！GetOtherInfoByCardNo-->Too many connections
LogMessageTime:2015-05-15 0:39:02
LogMessageType:Error
LogMessageContent:ggg_webserviceManager0:39
LogMessageTime:2015-05-15 0:39:03
LogMessageType:Success
LogMessageContent:上传考勤记录成功！
LogMessageTime:2015-05-15 0:39:03
LogMessageType:Error
LogMessageContent:ggg_InitDevices0:39
LogMessageTime:2015-05-15 0:39:03
LogMessageType:Error
LogMessageContent:初始化温度计设备失败！
LogMessageTime:2015-05-15 0:39:03
LogMessageType:Error
LogMessageContent:ggg_InitDevices0:39
LogMessageTime:2015-05-15 0:39:25
LogMessageType:Unknown
LogMessageContent:Before
LogMessageTime:2015-05-15 0:39:37
LogMessageType:Unknown
LogMessageContent:Before
LogMessageTime:2015-05-15 0:39:38
LogMessageType:Unknown
LogMessageContent:Before
LogMessageTime:2015-05-15 0:39:39
LogMessageType:Unknown
LogMessageContent:Before
LogMessageTime:2015-05-15 0:39:40
LogMessageType:Unknown
LogMessageContent:Before
LogMessageTime:2015-05-15 0:39:41
LogMessageType:Unknown
LogMessageContent:Before
LogMessageTime:2015-05-15 0:39:43
LogMessageType:Unknown
LogMessageContent:Before
LogMessageTime:2015-05-15 0:39:43
LogMessageType:Unknown
LogMessageContent:Before
LogMessageTime:2015-05-15 0:39:44
LogMessageType:Unknown
LogMessageContent:Before
LogMessageTime:2015-05-15 0:39:44
LogMessageType:Unknown
LogMessageContent:Before
LogMessageTime:2015-05-15 0:39:45
LogMessageType:Unknown
LogMessageContent:Before
LogMessageTime:2015-05-15 0:39:45
LogMessageType:Unknown
LogMessageContent:Before
LogMessageTime:2015-05-15 0:39:46
LogMessageType:Unknown
LogMessageContent:Before
LogMessageTime:2015-05-15 0:39:46
LogMessageType:Unknown
LogMessageContent:Before
LogMessageTime:2015-05-15 0:39:47
LogMessageType:Unknown
LogMessageContent:Before
LogMessageTime:2015-05-15 0:39:48
LogMessageType:Unknown
LogMessageContent:Before
LogMessageTime:2015-05-15 0:39:48
LogMessageType:Unknown
LogMessageContent:Before
LogMessageTime:2015-05-15 0:39:49
LogMessageType:Unknown
LogMessageContent:Before
LogMessageTime:2015-05-15 0:39:49
LogMessageType:Unknown
LogMessageContent:Before
LogMessageTime:2015-05-15 0:39:50
LogMessageType:Unknown
LogMessageContent:Before
LogMessageTime:2015-05-15 0:39:50
LogMessageType:Unknown
LogMessageContent:Before
LogMessageTime:2015-05-15 0:39:51
LogMessageType:Unknown
LogMessageContent:Before
LogMessageTime:2015-05-15 0:39:51
LogMessageType:Unknown
LogMessageContent:Before
LogMessageTime:2015-05-15 0:39:52
LogMessageType:Unknown
LogMessageContent:Before
LogMessageTime:2015-05-15 0:39:52
LogMessageType:Unknown
LogMessageContent:Before
LogMessageTime:2015-05-15 0:39:53
LogMessageType:Unknown
LogMessageContent:Before
LogMessageTime:2015-05-15 0:39:53
LogMessageType:Unknown
LogMessageContent:Before
LogMessageTime:2015-05-15 0:39:54
LogMessageType:Unknown
LogMessageContent:Before
LogMessageTime:2015-05-15 0:39:54
LogMessageType:Unknown
LogMessageContent:Before
LogMessageTime:2015-05-15 0:39:55
LogMessageType:Unknown
LogMessageContent:Before
LogMessageTime:2015-05-15 0:39:55
LogMessageType:Unknown
LogMessageContent:Before
LogMessageTime:2015-05-15 0:39:56
LogMessageType:Unknown
LogMessageContent:Before
LogMessageTime:2015-05-15 0:39:56
LogMessageType:Unknown
LogMessageContent:Before
LogMessageTime:2015-05-15 0:39:56
LogMessageType:Unknown
LogMessageContent:Before
LogMessageTime:2015-05-15 0:39:58
LogMessageType:Unknown
LogMessageContent:Before
LogMessageTime:2015-05-15 0:39:58
LogMessageType:Unknown
LogMessageContent:Before
LogMessageTime:2015-05-15 0:39:58
LogMessageType:Unknown
LogMessageContent:Before
LogMessageTime:2015-05-15 0:39:59
LogMessageType:Unknown
LogMessageContent:Before
LogMessageTime:2015-05-15 0:39:59
LogMessageType:Unknown
LogMessageContent:Before
LogMessageTime:2015-05-15 0:40:00
LogMessageType:Unknown
LogMessageContent:Before
LogMessageTime:2015-05-15 0:40:00
LogMessageType:Unknown
LogMessageContent:Before
LogMessageTime:2015-05-15 0:40:01
LogMessageType:Unknown
LogMessageContent:Before
LogMessageTime:2015-05-15 0:40:01
LogMessageType:Unknown
LogMessageContent:Before
LogMessageTime:2015-05-15 0:40:02
LogMessageType:Unknown
LogMessageContent:Before
LogMessageTime:2015-05-15 0:40:02
LogMessageType:Unknown
LogMessageContent:Before
LogMessageTime:2015-05-15 0:40:02
LogMessageType:Unknown
LogMessageContent:Before
LogMessageTime:2015-05-15 0:40:03
LogMessageType:Unknown
LogMessageContent:Before
LogMessageTime:2015-05-15 0:40:03
LogMessageType:Unknown
LogMessageContent:Before
LogMessageTime:2015-05-15 0:40:04
LogMessageType:Unknown
LogMessageContent:Before
LogMessageTime:2015-05-15 0:40:04
LogMessageType:Unknown
LogMessageContent:Before
LogMessageTime:2015-05-15 0:40:04
LogMessageType:Unknown
LogMessageContent:Before
LogMessageTime:2015-05-15 0:40:05
LogMessageType:Unknown
LogMessageContent:Before
LogMessageTime:2015-05-15 0:40:22
LogMessageType:Unknown
LogMessageContent:Before
LogMessageTime:2015-05-15 0:40:34
LogMessageType:Unknown
LogMessageContent:Before
LogMessageTime:2015-05-15 0:40:41
LogMessageType:Unknown
LogMessageContent:Before
LogMessageTime:2015-05-15 0:40:42
LogMessageType:Unknown
LogMessageContent:Before
LogMessageTime:2015-05-15 0:40:42
LogMessageType:Unknown
LogMessageContent:Before
LogMessageTime:2015-05-15 0:40:43
LogMessageType:Unknown
LogMessageContent:Before
LogMessageTime:2015-05-15 0:40:43
LogMessageType:Unknown
LogMessageContent:Before
LogMessageTime:2015-05-15 0:40:44
LogMessageType:Unknown
LogMessageContent:Before
LogMessageTime:2015-05-15 0:40:44
LogMessageType:Unknown
LogMessageContent:Before
LogMessageTime:2015-05-15 0:40:45
LogMessageType:Unknown
LogMessageContent:Before
LogMessageTime:2015-05-15 0:40:45
LogMessageType:Unknown
LogMessageContent:Before
LogMessageTime:2015-05-15 0:40:46
LogMessageType:Unknown
LogMessageContent:Before
LogMessageTime:2015-05-15 0:40:46
LogMessageType:Unknown
LogMessageContent:Before
LogMessageTime:2015-05-15 0:40:47
LogMessageType:Unknown
LogMessageContent:Before
LogMessageTime:2015-05-15 0:40:47
LogMessageType:Unknown
LogMessageContent:Before
LogMessageTime:2015-05-15 0:40:48
LogMessageType:Unknown
LogMessageContent:Before
LogMessageTime:2015-05-15 0:40:48
LogMessageType:Unknown
LogMessageContent:Before
LogMessageTime:2015-05-15 0:40:49
LogMessageType:Unknown
LogMessageContent:Before
LogMessageTime:2015-05-15 0:40:49
LogMessageType:Unknown
LogMessageContent:Before
LogMessageTime:2015-05-15 0:40:50
LogMessageType:Unknown
LogMessageContent:Before
LogMessageTime:2015-05-15 0:40:50
LogMessageType:Unknown
LogMessageContent:Before
LogMessageTime:2015-05-15 0:40:51
LogMessageType:Unknown
LogMessageContent:Before
LogMessageTime:2015-05-15 0:40:51
LogMessageType:Unknown
LogMessageContent:Before
LogMessageTime:2015-05-15 0:40:52
LogMessageType:Unknown
LogMessageContent:Before
LogMessageTime:2015-05-15 0:40:53
LogMessageType:Unknown
LogMessageContent:Before
LogMessageTime:2015-05-15 0:40:53
LogMessageType:Unknown
LogMessageContent:Before
LogMessageTime:2015-05-15 0:40:53
LogMessageType:Unknown
LogMessageContent:Before
LogMessageTime:2015-05-15 0:40:54
LogMessageType:Unknown
LogMessageContent:Before
LogMessageTime:2015-05-15 0:40:54
LogMessageType:Unknown
LogMessageContent:Before
LogMessageTime:2015-05-15 0:40:55
LogMessageType:Unknown
LogMessageContent:Before
LogMessageTime:2015-05-15 0:40:55
LogMessageType:Unknown
LogMessageContent:Before
LogMessageTime:2015-05-15 0:40:56
LogMessageType:Unknown
LogMessageContent:Before
LogMessageTime:2015-05-15 0:40:57
LogMessageType:Unknown
LogMessageContent:Before
LogMessageTime:2015-05-15 0:40:57
LogMessageType:Unknown
LogMessageContent:Before
LogMessageTime:2015-05-15 0:40:58
LogMessageType:Unknown
LogMessageContent:Before
LogMessageTime:2015-05-15 0:40:58
LogMessageType:Unknown
LogMessageContent:Before
LogMessageTime:2015-05-15 0:40:58
LogMessageType:Unknown
LogMessageContent:Before
LogMessageTime:2015-05-15 0:40:59
LogMessageType:Unknown
LogMessageContent:Before
LogMessageTime:2015-05-15 0:40:59
LogMessageType:Unknown
LogMessageContent:Before
LogMessageTime:2015-05-15 0:41:00
LogMessageType:Unknown
LogMessageContent:Before
LogMessageTime:2015-05-15 0:41:01
LogMessageType:Unknown
LogMessageContent:Before
LogMessageTime:2015-05-15 0:41:01
LogMessageType:Unknown
LogMessageContent:Before
LogMessageTime:2015-05-15 0:41:02
LogMessageType:Unknown
LogMessageContent:Before
LogMessageTime:2015-05-15 0:41:03
LogMessageType:Unknown
LogMessageContent:Before
LogMessageTime:2015-05-15 0:41:05
LogMessageType:Unknown
LogMessageContent:Before
LogMessageTime:2015-05-15 0:41:06
LogMessageType:Unknown
LogMessageContent:Before
LogMessageTime:2015-05-15 0:41:07
LogMessageType:Unknown
LogMessageContent:Before
LogMessageTime:2015-05-15 0:43:04
LogMessageType:Error
LogMessageContent:ggg_webserviceManager0:43
LogMessageTime:2015-05-15 0:43:05
LogMessageType:Success
LogMessageContent:上传考勤记录成功！
LogMessageTime:2015-05-15 0:43:06
LogMessageType:Error
LogMessageContent:ggg_InitDevices0:43
LogMessageTime:2015-05-15 0:43:06
LogMessageType:Error
LogMessageContent:初始化温度计设备失败！
LogMessageTime:2015-05-15 0:43:06
LogMessageType:Error
LogMessageContent:ggg_InitDevices0:43
LogMessageTime:2015-05-15 0:43:15
LogMessageType:Unknown
LogMessageContent:Before
LogMessageTime:2015-05-15 0:49:10
LogMessageType:Error
LogMessageContent:ggg_webserviceManager0:49
LogMessageTime:2015-05-15 0:49:11
LogMessageType:Success
LogMessageContent:上传考勤记录成功！
LogMessageTime:2015-05-15 0:49:12
LogMessageType:Error
LogMessageContent:ggg_InitDevices0:49
LogMessageTime:2015-05-15 0:49:12
LogMessageType:Error
LogMessageContent:初始化温度计设备失败！
LogMessageTime:2015-05-15 0:49:12
LogMessageType:Error
LogMessageContent:ggg_InitDevices0:49
LogMessageTime:2015-05-15 0:49:19
LogMessageType:Unknown
LogMessageContent:Before
LogMessageTime:2015-05-15 0:50:11
LogMessageType:Error
LogMessageContent:ggg_webserviceManager0:50
LogMessageTime:2015-05-15 0:50:11
LogMessageType:Success
LogMessageContent:上传考勤记录成功！
LogMessageTime:2015-05-15 0:50:12
LogMessageType:Error
LogMessageContent:ggg_InitDevices0:50
LogMessageTime:2015-05-15 0:50:12
LogMessageType:Error
LogMessageContent:初始化温度计设备失败！
LogMessageTime:2015-05-15 0:50:12
LogMessageType:Error
LogMessageContent:ggg_InitDevices0:50
LogMessageTime:2015-05-15 0:50:15
LogMessageType:Unknown
LogMessageContent:Before
LogMessageTime:2015-05-15 0:50:16
LogMessageType:Unknown
LogMessageContent:Before
LogMessageTime:2015-05-15 0:50:25
LogMessageType:Unknown
LogMessageContent:Before
LogMessageTime:2015-05-15 0:50:26
LogMessageType:Unknown
LogMessageContent:Before
LogMessageTime:2015-05-15 0:50:26
LogMessageType:Unknown
LogMessageContent:Before
LogMessageTime:2015-05-15 0:50:26
LogMessageType:Unknown
LogMessageContent:Before
LogMessageTime:2015-05-15 0:50:27
LogMessageType:Unknown
LogMessageContent:Before
LogMessageTime:2015-05-15 0:50:27
LogMessageType:Unknown
LogMessageContent:Before
LogMessageTime:2015-05-15 0:50:28
LogMessageType:Unknown
LogMessageContent:Before
LogMessageTime:2015-05-15 0:50:28
LogMessageType:Unknown
LogMessageContent:Before
LogMessageTime:2015-05-15 0:50:29
LogMessageType:Unknown
LogMessageContent:Before
LogMessageTime:2015-05-15 0:50:29
LogMessageType:Unknown
LogMessageContent:Before
LogMessageTime:2015-05-15 0:50:30
LogMessageType:Unknown
LogMessageContent:Before
LogMessageTime:2015-05-15 0:50:30
LogMessageType:Unknown
LogMessageContent:Before
LogMessageTime:2015-05-15 0:50:31
LogMessageType:Unknown
LogMessageContent:Before
LogMessageTime:2015-05-15 0:50:31
LogMessageType:Unknown
LogMessageContent:Before
LogMessageTime:2015-05-15 0:50:32
LogMessageType:Unknown
LogMessageContent:Before
LogMessageTime:2015-05-15 0:50:32
LogMessageType:Unknown
LogMessageContent:Before
LogMessageTime:2015-05-15 0:50:33
LogMessageType:Unknown
LogMessageContent:Before
LogMessageTime:2015-05-15 0:50:33
LogMessageType:Unknown
LogMessageContent:Before
LogMessageTime:2015-05-15 0:50:34
LogMessageType:Unknown
LogMessageContent:Before
LogMessageTime:2015-05-15 0:50:34
LogMessageType:Unknown
LogMessageContent:Before
LogMessageTime:2015-05-15 0:50:35
LogMessageType:Unknown
LogMessageContent:Before
LogMessageTime:2015-05-15 0:50:35
LogMessageType:Unknown
LogMessageContent:Before
LogMessageTime:2015-05-15 0:50:36
LogMessageType:Unknown
LogMessageContent:Before
LogMessageTime:2015-05-15 0:50:36
LogMessageType:Unknown
LogMessageContent:Before
LogMessageTime:2015-05-15 0:50:37
LogMessageType:Unknown
LogMessageContent:Before
LogMessageTime:2015-05-15 0:50:37
LogMessageType:Unknown
LogMessageContent:Before
LogMessageTime:2015-05-15 0:50:38
LogMessageType:Unknown
LogMessageContent:Before
LogMessageTime:2015-05-15 0:50:39
LogMessageType:Unknown
LogMessageContent:Before
LogMessageTime:2015-05-15 0:50:39
LogMessageType:Unknown
LogMessageContent:Before
LogMessageTime:2015-05-15 0:50:40
LogMessageType:Unknown
LogMessageContent:Before
LogMessageTime:2015-05-15 0:50:40
LogMessageType:Unknown
LogMessageContent:Before
LogMessageTime:2015-05-15 0:50:41
LogMessageType:Unknown
LogMessageContent:Before
LogMessageTime:2015-05-15 0:50:41
LogMessageType:Unknown
LogMessageContent:Before
LogMessageTime:2015-05-15 0:50:42
LogMessageType:Unknown
LogMessageContent:Before
LogMessageTime:2015-05-15 0:50:43
LogMessageType:Unknown
LogMessageContent:Before
LogMessageTime:2015-05-15 0:50:43
LogMessageType:Unknown
LogMessageContent:Before
LogMessageTime:2015-05-15 0:50:44
LogMessageType:Unknown
LogMessageContent:Before
LogMessageTime:2015-05-15 0:50:44
LogMessageType:Unknown
LogMessageContent:Before
LogMessageTime:2015-05-15 0:50:45
LogMessageType:Unknown
LogMessageContent:Before
LogMessageTime:2015-05-15 0:50:45
LogMessageType:Unknown
LogMessageContent:Before
LogMessageTime:2015-05-15 0:50:46
LogMessageType:Unknown
LogMessageContent:Before
LogMessageTime:2015-05-15 0:50:46
LogMessageType:Unknown
LogMessageContent:Before
LogMessageTime:2015-05-15 0:50:47
LogMessageType:Unknown
LogMessageContent:Before
LogMessageTime:2015-05-15 0:50:47
LogMessageType:Unknown
LogMessageContent:Before
LogMessageTime:2015-05-15 0:50:48
LogMessageType:Unknown
LogMessageContent:Before
LogMessageTime:2015-05-15 0:50:48
LogMessageType:Unknown
LogMessageContent:Before
LogMessageTime:2015-05-15 0:50:49
LogMessageType:Unknown
LogMessageContent:Before
LogMessageTime:2015-05-15 0:50:49
LogMessageType:Unknown
LogMessageContent:Before
LogMessageTime:2015-05-15 0:50:50
LogMessageType:Unknown
LogMessageContent:Before
LogMessageTime:2015-05-15 0:50:51
LogMessageType:Unknown
LogMessageContent:Before
LogMessageTime:2015-05-15 0:50:51
LogMessageType:Unknown
LogMessageContent:Before
LogMessageTime:2015-05-15 0:50:52
LogMessageType:Unknown
LogMessageContent:Before
LogMessageTime:2015-05-15 0:50:52
LogMessageType:Unknown
LogMessageContent:Before
LogMessageTime:2015-05-15 0:50:53
LogMessageType:Unknown
LogMessageContent:Before
LogMessageTime:2015-05-15 0:50:53
LogMessageType:Unknown
LogMessageContent:Before
LogMessageTime:2015-05-15 0:50:54
LogMessageType:Unknown
LogMessageContent:Before
LogMessageTime:2015-05-15 0:50:54
LogMessageType:Unknown
LogMessageContent:Before
LogMessageTime:2015-05-15 0:50:55
LogMessageType:Unknown
LogMessageContent:Before
LogMessageTime:2015-05-15 0:50:56
LogMessageType:Unknown
LogMessageContent:Before
LogMessageTime:2015-05-15 0:50:57
LogMessageType:Unknown
LogMessageContent:Before
LogMessageTime:2015-05-15 0:50:57
LogMessageType:Unknown
LogMessageContent:Before
LogMessageTime:2015-05-15 0:50:58
LogMessageType:Unknown
LogMessageContent:Before
LogMessageTime:2015-05-15 0:50:59
LogMessageType:Unknown
LogMessageContent:Before
LogMessageTime:2015-05-15 1:10:20
LogMessageType:Error
LogMessageContent:ggg_webserviceManager1:10
LogMessageTime:2015-05-15 1:10:22
LogMessageType:Success
LogMessageContent:上传考勤记录成功！
LogMessageTime:2015-05-15 1:10:22
LogMessageType:Error
LogMessageContent:ggg_InitDevices1:10
LogMessageTime:2015-05-15 1:10:23
LogMessageType:Error
LogMessageContent:初始化温度计设备失败！
LogMessageTime:2015-05-15 1:10:23
LogMessageType:Error
LogMessageContent:ggg_InitDevices1:10
LogMessageTime:2015-05-15 1:10:33
LogMessageType:Unknown
LogMessageContent:Before
LogMessageTime:2015-05-15 1:10:59
LogMessageType:Unknown
LogMessageContent:Before
LogMessageTime:2015-05-15 1:13:15
LogMessageType:Unknown
LogMessageContent:Before
LogMessageTime:2015-05-15 1:13:25
LogMessageType:Unknown
LogMessageContent:Before
LogMessageTime:2015-05-15 1:13:26
LogMessageType:Unknown
LogMessageContent:Before
LogMessageTime:2015-05-15 1:13:27
LogMessageType:Unknown
LogMessageContent:Before
LogMessageTime:2015-05-15 1:13:28
LogMessageType:Unknown
LogMessageContent:Before
LogMessageTime:2015-05-15 1:13:29
LogMessageType:Unknown
LogMessageContent:Before
LogMessageTime:2015-05-15 1:13:30
LogMessageType:Unknown
LogMessageContent:Before
LogMessageTime:2015-05-15 1:13:30
LogMessageType:Unknown
LogMessageContent:Before
LogMessageTime:2015-05-15 1:13:31
LogMessageType:Unknown
LogMessageContent:Before
LogMessageTime:2015-05-15 1:13:32
LogMessageType:Unknown
LogMessageContent:Before
LogMessageTime:2015-05-15 1:13:33
LogMessageType:Unknown
LogMessageContent:Before
LogMessageTime:2015-05-15 1:13:34
LogMessageType:Unknown
LogMessageContent:Before
LogMessageTime:2015-05-15 1:13:34
LogMessageType:Unknown
LogMessageContent:Before
LogMessageTime:2015-05-15 1:13:35
LogMessageType:Unknown
LogMessageContent:Before
LogMessageTime:2015-05-15 1:13:36
LogMessageType:Unknown
LogMessageContent:Before
LogMessageTime:2015-05-15 1:13:37
LogMessageType:Unknown
LogMessageContent:Before
LogMessageTime:2015-05-15 1:13:42
LogMessageType:Unknown
LogMessageContent:Before
LogMessageTime:2015-05-15 1:13:50
LogMessageType:Unknown
LogMessageContent:Before
LogMessageTime:2015-05-15 1:13:51
LogMessageType:Unknown
LogMessageContent:Before
LogMessageTime:2015-05-15 1:13:52
LogMessageType:Unknown
LogMessageContent:Before
LogMessageTime:2015-05-15 1:13:52
LogMessageType:Unknown
LogMessageContent:Before
LogMessageTime:2015-05-15 1:13:54
LogMessageType:Unknown
LogMessageContent:Before
LogMessageTime:2015-05-15 1:13:55
LogMessageType:Unknown
LogMessageContent:Before
LogMessageTime:2015-05-15 1:13:56
LogMessageType:Unknown
LogMessageContent:Before
LogMessageTime:2015-05-15 1:13:58
LogMessageType:Unknown
LogMessageContent:Before
LogMessageTime:2015-05-15 1:13:59
LogMessageType:Unknown
LogMessageContent:Before
LogMessageTime:2015-05-15 1:14:00
LogMessageType:Unknown
LogMessageContent:Before
LogMessageTime:2015-05-15 1:14:01
LogMessageType:Unknown
LogMessageContent:Before
LogMessageTime:2015-05-15 1:14:02
LogMessageType:Unknown
LogMessageContent:Before
LogMessageTime:2015-05-15 1:14:03
LogMessageType:Unknown
LogMessageContent:Before
LogMessageTime:2015-05-15 1:14:04
LogMessageType:Unknown
LogMessageContent:Before
LogMessageTime:2015-05-15 1:14:05
LogMessageType:Unknown
LogMessageContent:Before
LogMessageTime:2015-05-15 1:14:06
LogMessageType:Unknown
LogMessageContent:Before
LogMessageTime:2015-05-15 1:14:07
LogMessageType:Unknown
LogMessageContent:Before
LogMessageTime:2015-05-15 1:14:09
LogMessageType:Unknown
LogMessageContent:Before
LogMessageTime:2015-05-15 1:14:10
LogMessageType:Unknown
LogMessageContent:Before
LogMessageTime:2015-05-15 1:14:11
LogMessageType:Unknown
LogMessageContent:Before
LogMessageTime:2015-05-15 1:14:12
LogMessageType:Unknown
LogMessageContent:Before
LogMessageTime:2015-05-15 1:14:13
LogMessageType:Unknown
LogMessageContent:Before
LogMessageTime:2015-05-15 1:14:15
LogMessageType:Unknown
LogMessageContent:Before
LogMessageTime:2015-05-15 1:14:16
LogMessageType:Unknown
LogMessageContent:Before
LogMessageTime:2015-05-15 1:14:17
LogMessageType:Unknown
LogMessageContent:Before
LogMessageTime:2015-05-15 1:14:18
LogMessageType:Unknown
LogMessageContent:Before
LogMessageTime:2015-05-15 1:14:19
LogMessageType:Unknown
LogMessageContent:Before
LogMessageTime:2015-05-15 1:14:20
LogMessageType:Unknown
LogMessageContent:Before
LogMessageTime:2015-05-15 1:14:21
LogMessageType:Unknown
LogMessageContent:Before
LogMessageTime:2015-05-15 1:14:22
LogMessageType:Unknown
LogMessageContent:Before
LogMessageTime:2015-05-15 1:14:23
LogMessageType:Unknown
LogMessageContent:Before
LogMessageTime:2015-05-15 1:14:24
LogMessageType:Unknown
LogMessageContent:Before
LogMessageTime:2015-05-15 1:14:25
LogMessageType:Unknown
LogMessageContent:Before
LogMessageTime:2015-05-15 1:14:26
LogMessageType:Unknown
LogMessageContent:Before
LogMessageTime:2015-05-15 1:14:27
LogMessageType:Unknown
LogMessageContent:Before
LogMessageTime:2015-05-15 1:14:28
LogMessageType:Unknown
LogMessageContent:Before
LogMessageTime:2015-05-15 1:14:29
LogMessageType:Unknown
LogMessageContent:Before
LogMessageTime:2015-05-15 1:14:31
LogMessageType:Unknown
LogMessageContent:Before
LogMessageTime:2015-05-15 1:14:33
LogMessageType:Unknown
LogMessageContent:Before
LogMessageTime:2015-05-15 1:14:33
LogMessageType:Unknown
LogMessageContent:Before
LogMessageTime:2015-05-15 1:14:34
LogMessageType:Unknown
LogMessageContent:Before
LogMessageTime:2015-05-15 1:14:35
LogMessageType:Unknown
LogMessageContent:Before
LogMessageTime:2015-05-15 1:14:36
LogMessageType:Unknown
LogMessageContent:Before
LogMessageTime:2015-05-15 1:37:02
LogMessageType:Error
LogMessageContent:ggg_webserviceManager1:37
LogMessageTime:2015-05-15 1:37:03
LogMessageType:Success
LogMessageContent:上传考勤记录成功！
LogMessageTime:2015-05-15 1:37:03
LogMessageType:Error
LogMessageContent:ggg_InitDevices1:37
LogMessageTime:2015-05-15 1:37:04
LogMessageType:Error
LogMessageContent:初始化温度计设备失败！
LogMessageTime:2015-05-15 1:37:04
LogMessageType:Error
LogMessageContent:ggg_InitDevices1:37
LogMessageTime:2015-05-15 2:13:56
LogMessageType:Error
LogMessageContent:ggg_webserviceManager2:13
LogMessageTime:2015-05-15 2:13:58
LogMessageType:Success
LogMessageContent:上传考勤记录成功！
LogMessageTime:2015-05-15 2:13:58
LogMessageType:Error
LogMessageContent:ggg_InitDevices2:13
LogMessageTime:2015-05-15 2:13:59
LogMessageType:Error
LogMessageContent:初始化温度计设备失败！
LogMessageTime:2015-05-15 2:13:59
LogMessageType:Error
LogMessageContent:ggg_InitDevices2:13
LogMessageTime:2015-05-15 2:14:12
LogMessageType:Unknown
LogMessageContent:Before
LogMessageTime:2015-05-15 2:14:14
LogMessageType:Unknown
LogMessageContent:Before
LogMessageTime:2015-05-15 2:14:16
LogMessageType:Unknown
LogMessageContent:Before
LogMessageTime:2015-05-15 2:14:16
LogMessageType:Unknown
LogMessageContent:Before
LogMessageTime:2015-05-15 2:14:17
LogMessageType:Unknown
LogMessageContent:Before
LogMessageTime:2015-05-15 2:14:18
LogMessageType:Unknown
LogMessageContent:Before
LogMessageTime:2015-05-15 2:14:19
LogMessageType:Unknown
LogMessageContent:Before
LogMessageTime:2015-05-15 2:14:19
LogMessageType:Unknown
LogMessageContent:Before
LogMessageTime:2015-05-15 2:14:54
LogMessageType:Error
LogMessageContent:ggg_webserviceManager2:14
LogMessageTime:2015-05-15 2:14:56
LogMessageType:Success
LogMessageContent:上传考勤记录成功！
LogMessageTime:2015-05-15 2:14:56
LogMessageType:Error
LogMessageContent:ggg_InitDevices2:14
LogMessageTime:2015-05-15 2:14:57
LogMessageType:Error
LogMessageContent:初始化温度计设备失败！
LogMessageTime:2015-05-15 2:14:57
LogMessageType:Error
LogMessageContent:ggg_InitDevices2:14
LogMessageTime:2015-05-15 2:14:59
LogMessageType:Unknown
LogMessageContent:Before
LogMessageTime:2015-05-15 2:15:01
LogMessageType:Unknown
LogMessageContent:Before
LogMessageTime:2015-05-15 2:15:02
LogMessageType:Unknown
LogMessageContent:Before
LogMessageTime:2015-05-15 2:15:02
LogMessageType:Unknown
LogMessageContent:Before
LogMessageTime:2015-05-15 2:15:03
LogMessageType:Unknown
LogMessageContent:Before
LogMessageTime:2015-05-15 2:15:04
LogMessageType:Unknown
LogMessageContent:Before
LogMessageTime:2015-05-15 2:15:05
LogMessageType:Unknown
LogMessageContent:Before
LogMessageTime:2015-05-15 2:15:06
LogMessageType:Unknown
LogMessageContent:Before
LogMessageTime:2015-05-15 2:15:17
LogMessageType:Unknown
LogMessageContent:Before
LogMessageTime:2015-05-15 2:15:18
LogMessageType:Unknown
LogMessageContent:Before
LogMessageTime:2015-05-15 2:15:19
LogMessageType:Unknown
LogMessageContent:Before
LogMessageTime:2015-05-15 2:15:20
LogMessageType:Unknown
LogMessageContent:Before
LogMessageTime:2015-05-15 2:15:27
LogMessageType:Unknown
LogMessageContent:Before
LogMessageTime:2015-05-15 2:15:29
LogMessageType:Unknown
LogMessageContent:Before
LogMessageTime:2015-05-15 2:15:32
LogMessageType:Unknown
LogMessageContent:Before
LogMessageTime:2015-05-15 2:15:35
LogMessageType:Unknown
LogMessageContent:Before
LogMessageTime:2015-05-15 2:15:37
LogMessageType:Unknown
LogMessageContent:Before
LogMessageTime:2015-05-15 2:15:39
LogMessageType:Unknown
LogMessageContent:Before
LogMessageTime:2015-05-15 2:15:43
LogMessageType:Unknown
LogMessageContent:Before
LogMessageTime:2015-05-15 2:15:45
LogMessageType:Unknown
LogMessageContent:Before
LogMessageTime:2015-05-15 2:15:50
LogMessageType:Unknown
LogMessageContent:Before
LogMessageTime:2015-05-15 2:15:52
LogMessageType:Unknown
LogMessageContent:Before
LogMessageTime:2015-05-15 2:15:53
LogMessageType:Unknown
LogMessageContent:Before
LogMessageTime:2015-05-15 2:15:54
LogMessageType:Unknown
LogMessageContent:Before
LogMessageTime:2015-05-15 2:15:55
LogMessageType:Unknown
LogMessageContent:Before
LogMessageTime:2015-05-15 2:15:55
LogMessageType:Unknown
LogMessageContent:Before
LogMessageTime:2015-05-15 2:16:07
LogMessageType:Unknown
LogMessageContent:Before
LogMessageTime:2015-05-15 2:16:11
LogMessageType:Unknown
LogMessageContent:Before
LogMessageTime:2015-05-15 2:16:13
LogMessageType:Unknown
LogMessageContent:Before
LogMessageTime:2015-05-15 2:16:15
LogMessageType:Unknown
LogMessageContent:Before
LogMessageTime:2015-05-15 2:16:17
LogMessageType:Unknown
LogMessageContent:Before
LogMessageTime:2015-05-15 2:16:24
LogMessageType:Unknown
LogMessageContent:Before
LogMessageTime:2015-05-15 2:16:25
LogMessageType:Unknown
LogMessageContent:Before
LogMessageTime:2015-05-15 2:16:26
LogMessageType:Unknown
LogMessageContent:Before
LogMessageTime:2015-05-15 2:16:28
LogMessageType:Unknown
LogMessageContent:Before
LogMessageTime:2015-05-15 2:16:31
LogMessageType:Unknown
LogMessageContent:Before
LogMessageTime:2015-05-15 2:16:33
LogMessageType:Unknown
LogMessageContent:Before
LogMessageTime:2015-05-15 2:16:35
LogMessageType:Unknown
LogMessageContent:Before
LogMessageTime:2015-05-15 2:16:38
LogMessageType:Unknown
LogMessageContent:Before
LogMessageTime:2015-05-15 2:16:39
LogMessageType:Unknown
LogMessageContent:Before
LogMessageTime:2015-05-15 2:16:41
LogMessageType:Unknown
LogMessageContent:Before
LogMessageTime:2015-05-15 2:16:42
LogMessageType:Unknown
LogMessageContent:Before
LogMessageTime:2015-05-15 2:16:43
LogMessageType:Unknown
LogMessageContent:Before
LogMessageTime:2015-05-15 2:16:45
LogMessageType:Unknown
LogMessageContent:Before
LogMessageTime:2015-05-15 2:16:49
LogMessageType:Unknown
LogMessageContent:Before
LogMessageTime:2015-05-15 2:16:52
LogMessageType:Unknown
LogMessageContent:Before
LogMessageTime:2015-05-15 2:16:55
LogMessageType:Unknown
LogMessageContent:Before
LogMessageTime:2015-05-15 2:16:56
LogMessageType:Unknown
LogMessageContent:Before
LogMessageTime:2015-05-15 2:16:59
LogMessageType:Unknown
LogMessageContent:Before
LogMessageTime:2015-05-15 2:17:00
LogMessageType:Unknown
LogMessageContent:Before
LogMessageTime:2015-05-15 2:17:03
LogMessageType:Unknown
LogMessageContent:Before
LogMessageTime:2015-05-15 2:17:06
LogMessageType:Unknown
LogMessageContent:Before
LogMessageTime:2015-05-15 2:17:07
LogMessageType:Unknown
LogMessageContent:Before
LogMessageTime:2015-05-15 2:17:08
LogMessageType:Unknown
LogMessageContent:Before
LogMessageTime:2015-05-15 2:17:09
LogMessageType:Unknown
LogMessageContent:Before
LogMessageTime:2015-05-15 2:17:09
LogMessageType:Unknown
LogMessageContent:Before
LogMessageTime:2015-05-15 2:17:10
LogMessageType:Unknown
LogMessageContent:Before
LogMessageTime:2015-05-15 2:17:12
LogMessageType:Unknown
LogMessageContent:Before
LogMessageTime:2015-05-15 2:17:14
LogMessageType:Unknown
LogMessageContent:Before
LogMessageTime:2015-05-15 2:17:15
LogMessageType:Unknown
LogMessageContent:Before
LogMessageTime:2015-05-15 2:17:17
LogMessageType:Unknown
LogMessageContent:Before
LogMessageTime:2015-05-15 2:17:17
LogMessageType:Unknown
LogMessageContent:Before
LogMessageTime:2015-05-15 2:17:20
LogMessageType:Unknown
LogMessageContent:Before
LogMessageTime:2015-05-15 2:17:20
LogMessageType:Unknown
LogMessageContent:Before
LogMessageTime:2015-05-15 2:17:26
LogMessageType:Unknown
LogMessageContent:Before
LogMessageTime:2015-05-15 2:17:27
LogMessageType:Unknown
LogMessageContent:Before
LogMessageTime:2015-05-15 2:17:27
LogMessageType:Unknown
LogMessageContent:Before
LogMessageTime:2015-05-15 2:17:28
LogMessageType:Unknown
LogMessageContent:Before
LogMessageTime:2015-05-15 2:17:28
LogMessageType:Unknown
LogMessageContent:Before
LogMessageTime:2015-05-15 2:17:29
LogMessageType:Unknown
LogMessageContent:Before
LogMessageTime:2015-05-15 2:17:32
LogMessageType:Unknown
LogMessageContent:Before
LogMessageTime:2015-05-15 2:17:33
LogMessageType:Unknown
LogMessageContent:Before
LogMessageTime:2015-05-15 2:17:36
LogMessageType:Unknown
LogMessageContent:Before
LogMessageTime:2015-05-15 2:17:38
LogMessageType:Unknown
LogMessageContent:Before
LogMessageTime:2015-05-15 2:17:40
LogMessageType:Unknown
LogMessageContent:Before
LogMessageTime:2015-05-15 2:17:43
LogMessageType:Unknown
LogMessageContent:Before
LogMessageTime:2015-05-15 2:17:45
LogMessageType:Unknown
LogMessageContent:Before
LogMessageTime:2015-05-15 2:17:47
LogMessageType:Unknown
LogMessageContent:Before
LogMessageTime:2015-05-15 2:17:47
LogMessageType:Unknown
LogMessageContent:Before
LogMessageTime:2015-05-15 2:17:52
LogMessageType:Unknown
LogMessageContent:Before
LogMessageTime:2015-05-15 2:17:53
LogMessageType:Unknown
LogMessageContent:Before
LogMessageTime:2015-05-15 2:17:58
LogMessageType:Unknown
LogMessageContent:Before
LogMessageTime:2015-05-15 2:18:00
LogMessageType:Unknown
LogMessageContent:Before
LogMessageTime:2015-05-15 2:18:01
LogMessageType:Unknown
LogMessageContent:Before
LogMessageTime:2015-05-15 2:18:03
LogMessageType:Unknown
LogMessageContent:Before
LogMessageTime:2015-05-15 2:18:07
LogMessageType:Unknown
LogMessageContent:Before
LogMessageTime:2015-05-15 2:18:11
LogMessageType:Unknown
LogMessageContent:Before
LogMessageTime:2015-05-15 2:18:24
LogMessageType:Unknown
LogMessageContent:Before
LogMessageTime:2015-05-15 2:18:41
LogMessageType:Unknown
LogMessageContent:Before
LogMessageTime:2015-05-15 2:18:45
LogMessageType:Unknown
LogMessageContent:Before
LogMessageTime:2015-05-15 2:18:46
LogMessageType:Unknown
LogMessageContent:Before
LogMessageTime:2015-05-15 2:18:46
LogMessageType:Unknown
LogMessageContent:Before
LogMessageTime:2015-05-15 2:18:50
LogMessageType:Unknown
LogMessageContent:Before
LogMessageTime:2015-05-15 2:18:52
LogMessageType:Unknown
LogMessageContent:Before
LogMessageTime:2015-05-15 2:18:55
LogMessageType:Unknown
LogMessageContent:Before
LogMessageTime:2015-05-15 2:19:08
LogMessageType:Unknown
LogMessageContent:Before
LogMessageTime:2015-05-15 2:19:10
LogMessageType:Unknown
LogMessageContent:Before
LogMessageTime:2015-05-15 2:19:13
LogMessageType:Unknown
LogMessageContent:Before
LogMessageTime:2015-05-15 2:19:17
LogMessageType:Unknown
LogMessageContent:Before
LogMessageTime:2015-05-15 2:19:18
LogMessageType:Unknown
LogMessageContent:Before
LogMessageTime:2015-05-15 2:19:21
LogMessageType:Unknown
LogMessageContent:Before
LogMessageTime:2015-05-15 2:19:22
LogMessageType:Unknown
LogMessageContent:Before
LogMessageTime:2015-05-15 2:19:28
LogMessageType:Unknown
LogMessageContent:Before
LogMessageTime:2015-05-15 2:19:41
LogMessageType:Unknown
LogMessageContent:Before
LogMessageTime:2015-05-15 2:19:49
LogMessageType:Unknown
LogMessageContent:Before
LogMessageTime:2015-05-15 2:19:50
LogMessageType:Unknown
LogMessageContent:Before
LogMessageTime:2015-05-15 10:05:38
LogMessageType:Success
LogMessageContent:上传考勤记录成功！
LogMessageTime:2015-05-15 18:48:56
LogMessageType:Success
LogMessageContent:上传考勤记录成功！
LogMessageTime:2015-05-15 22:55:33
LogMessageType:Success
LogMessageContent:上传考勤记录成功！
